"calor-total-porta-rfile"
"Time Step" "calor-total-porta etc.."
("Time Step" "calor-total-porta" "flow-time")
0 255.8988420702491 0
1 0 0.1
2 0 0.2
3 0 0.3
4 0 0.4
5 0 0.5
6 0 0.6000000000000001
7 0 0.7000000000000001
8 0 0.8
9 0 0.9
10 0 1
11 0 1.1
12 0 1.2
13 0 1.3
14 0 1.4
15 0 1.5
16 0 1.6
17 0 1.7
18 0 1.8
19 0 1.9
20 0 2
21 0 2.1
22 0 2.2
23 0 2.3
24 0 2.4
25 0 2.5
26 0 2.6
27 0 2.7
28 0 2.8
29 0 2.9
30 0 3
31 0 3.1
32 0 3.2
33 0 3.3
34 0 3.4
35 0 3.5
36 0 3.6
37 0 3.7
38 0 3.8
39 0 3.9
40 0 4
41 0 4.100000000000001
42 0 4.2
43 0 4.3
44 0 4.4
45 0 4.5
46 0 4.600000000000001
47 0 4.7
48 0 4.800000000000001
49 0 4.9
50 0 5
51 0 5.100000000000001
52 0 5.2
53 0 5.300000000000001
54 0 5.4
55 0 5.5
56 0 5.600000000000001
57 0 5.7
58 0 5.800000000000001
59 0 5.9
60 0 6
61 0 6.100000000000001
62 0 6.2
63 0 6.300000000000001
64 0 6.4
65 0 6.5
66 0 6.600000000000001
67 0 6.7
68 0 6.800000000000001
69 0 6.9
70 0 7
71 0 7.100000000000001
72 0 7.2
73 0 7.300000000000001
74 0 7.4
75 0 7.5
76 0 7.600000000000001
77 0 7.7
78 0 7.800000000000001
79 0 7.9
80 0 8
81 0 8.1
82 0 8.200000000000001
83 0 8.300000000000001
84 0 8.4
85 0 8.5
86 0 8.6
87 0 8.700000000000001
88 0 8.800000000000001
89 0 8.9
90 0 9
91 0 9.1
92 0 9.200000000000001
93 0 9.300000000000001
94 0 9.4
95 0 9.5
96 0 9.600000000000001
97 0 9.700000000000001
98 0 9.800000000000001
99 0 9.9
100 0 10
101 0 10.1
102 0 10.2
103 0 10.3
104 0 10.4
105 0 10.5
106 0 10.6
107 0 10.7
108 0 10.8
109 0 10.9
110 0 11
111 0 11.1
112 0 11.2
113 0 11.3
114 0 11.4
115 0 11.5
116 0 11.6
117 0 11.7
118 0 11.8
119 0 11.9
120 0 12
121 0 12.1
122 0 12.2
123 0 12.3
124 0 12.4
125 0 12.5
126 0 12.6
127 0 12.7
128 0 12.8
129 0 12.9
130 0 13
131 0 13.1
132 0 13.2
133 0 13.3
134 0 13.4
135 0 13.5
136 0 13.6
137 0 13.7
138 0 13.8
139 0 13.9
140 0 14
141 0 14.1
142 0 14.2
143 0 14.3
144 0 14.4
145 0 14.5
146 0 14.6
147 0 14.7
148 0 14.8
149 0 14.9
150 0 15
151 0 15.1
152 0 15.2
153 0 15.3
154 0 15.4
155 0 15.5
156 0 15.6
157 0 15.7
158 0 15.8
159 0 15.9
160 0 16
161 0 16.1
162 0 16.2
163 0 16.3
164 0 16.4
165 0 16.5
166 0 16.6
167 0 16.7
168 0 16.8
169 0 16.9
170 0 17
171 0 17.1
172 0 17.2
173 0 17.3
174 0 17.4
175 0 17.5
176 0 17.6
177 0 17.7
178 0 17.8
179 0 17.9
180 0 18
181 0 18.1
182 0 18.2
183 0 18.3
184 0 18.4
185 0 18.5
186 0 18.6
187 0 18.7
188 0 18.8
189 0 18.9
190 0 19
191 0 19.1
192 0 19.2
193 0 19.3
194 0 19.4
195 0 19.5
196 0 19.6
197 0 19.7
198 0 19.8
199 0 19.9
200 0 20
201 0 20.1
202 0 20.2
203 0 20.3
204 0 20.4
205 0 20.5
206 0 20.6
207 0 20.7
208 0 20.8
209 0 20.9
210 0 21
211 0 21.1
212 0 21.2
213 0 21.3
214 0 21.4
215 0 21.5
216 0 21.6
217 0 21.7
218 0 21.8
219 0 21.9
220 0 22
221 0 22.1
222 0 22.2
223 0 22.3
224 0 22.4
225 0 22.5
226 0 22.6
227 0 22.7
228 0 22.8
229 0 22.9
230 0 23
231 0 23.1
232 0 23.2
233 0 23.3
234 0 23.4
235 0 23.5
236 0 23.6
237 0 23.7
238 0 23.8
239 0 23.9
240 0 24
241 0 24.1
242 0 24.2
243 0 24.3
244 0 24.4
245 0 24.5
246 0 24.6
247 0 24.7
248 0 24.8
249 0 24.9
250 0 25
251 0 25.1
252 0 25.2
253 0 25.3
254 0 25.4
255 0 25.5
256 0 25.6
257 0 25.7
258 0 25.8
259 0 25.9
260 0 26
261 0 26.1
262 0 26.2
263 0 26.3
264 0 26.4
265 0 26.5
266 0 26.6
267 0 26.7
268 0 26.8
269 0 26.9
270 0 27
271 0 27.1
272 0 27.2
273 0 27.3
274 0 27.4
275 0 27.5
276 0 27.6
277 0 27.7
278 0 27.8
279 0 27.9
280 0 28
281 0 28.1
282 0 28.2
283 0 28.3
284 0 28.4
285 0 28.5
286 0 28.6
287 0 28.7
288 0 28.8
289 0 28.9
290 0 29
291 0 29.1
292 0 29.2
293 0 29.3
294 0 29.4
295 0 29.5
296 0 29.6
297 0 29.7
298 0 29.8
299 0 29.9
300 0 30
301 0 30.1
302 0 30.2
303 0 30.3
304 0 30.4
305 0 30.5
306 0 30.6
307 0 30.7
308 0 30.8
309 0 30.9
310 0 31
311 0 31.1
312 0 31.2
313 0 31.3
314 0 31.4
315 0 31.5
316 0 31.6
317 0 31.7
318 0 31.8
319 0 31.9
320 0 32
321 0 32.1
322 0 32.2
323 0 32.3
324 0 32.4
325 0 32.5
326 0 32.6
327 0 32.7
328 0 32.8
329 0 32.9
330 0 33
331 0 33.1
332 0 33.2
333 0 33.3
334 0 33.4
335 0 33.5
336 0 33.6
337 0 33.7
338 0 33.8
339 0 33.9
340 0 34
341 0 34.1
342 0 34.2
343 0 34.3
344 0 34.4
345 0 34.5
346 0 34.6
347 0 34.7
348 0 34.8
349 0 34.9
350 0 35
351 0 35.1
352 0 35.2
353 0 35.3
354 0 35.4
355 0 35.5
356 0 35.6
357 0 35.7
358 0 35.8
359 0 35.9
360 0 36
361 0 36.1
362 0 36.2
363 0 36.3
364 0 36.4
365 0 36.5
366 0 36.6
367 0 36.7
368 0 36.8
369 0 36.9
370 0 37
371 0 37.1
372 0 37.2
373 0 37.3
374 0 37.4
375 0 37.5
376 0 37.6
377 0 37.7
378 0 37.8
379 0 37.9
380 0 38
381 0 38.1
382 0 38.2
383 0 38.3
384 0 38.40000000000001
385 0 38.5
386 0 38.6
387 0 38.7
388 0 38.8
389 0 38.90000000000001
390 0 39
391 0 39.1
392 0 39.2
393 0 39.3
394 0 39.40000000000001
395 0 39.5
396 0 39.6
397 0 39.7
398 0 39.8
399 0 39.90000000000001
400 0 40
401 0 40.1
402 0 40.2
403 0 40.3
404 0 40.40000000000001
405 0 40.5
406 0 40.6
407 0 40.7
408 0 40.8
409 0 40.90000000000001
410 0 41
411 0 41.1
412 0 41.2
413 0 41.3
414 0 41.40000000000001
415 0 41.5
416 0 41.6
417 0 41.7
418 0 41.8
419 0 41.90000000000001
420 0 42
421 0 42.1
422 0 42.2
423 0 42.3
424 0 42.40000000000001
425 0 42.5
426 0 42.6
427 0 42.7
428 0 42.8
429 0 42.90000000000001
430 0 43
431 0 43.1
432 0 43.2
433 0 43.3
434 0 43.40000000000001
435 0 43.5
436 0 43.6
437 0 43.7
438 0 43.8
439 0 43.90000000000001
440 0 44
441 0 44.1
442 0 44.2
443 0 44.3
444 0 44.40000000000001
445 0 44.5
446 0 44.6
447 0 44.7
448 0 44.8
449 0 44.90000000000001
450 0 45
451 0 45.1
452 0 45.2
453 0 45.3
454 0 45.40000000000001
455 0 45.5
456 0 45.6
457 0 45.7
458 0 45.8
459 0 45.90000000000001
460 0 46
461 0 46.1
462 0 46.2
463 0 46.3
464 0 46.40000000000001
465 0 46.5
466 0 46.6
467 0 46.7
468 0 46.8
469 0 46.90000000000001
470 0 47
471 0 47.1
472 0 47.2
473 0 47.3
474 0 47.40000000000001
475 0 47.5
476 0 47.6
477 0 47.7
478 0 47.8
479 0 47.90000000000001
480 0 48
481 0 48.1
482 0 48.2
483 0 48.3
484 0 48.40000000000001
485 0 48.5
486 0 48.6
487 0 48.7
488 0 48.8
489 0 48.90000000000001
490 0 49
491 0 49.1
492 0 49.2
493 0 49.3
494 0 49.40000000000001
495 0 49.5
496 0 49.6
497 0 49.7
498 0 49.8
499 0 49.90000000000001
500 0 50
501 66710.07546618636 50.01
502 73449.64050020982 50.02
503 79226.30242230451 50.03
504 87924.86685173679 50.04
505 104939.1226254035 50.05
506 122238.6151953996 50.06
507 139638.7796912986 50.07
508 156917.730538725 50.08
509 173983.1400867744 50.09
510 190712.6656229165 50.1
511 206956.6275098998 50.11
512 222612.0557751398 50.12
513 232270.2312695727 50.13
514 233586.7302461568 50.14
515 231919.5784816887 50.15
516 231514.7031967407 50.16
517 229360.6896089949 50.17
518 228389.7159270191 50.18
519 225939.3601355249 50.19
520 225066.1686175749 50.2
521 224730.7246837085 50.21
522 224249.582631128 50.22
523 223510.6034475426 50.23
524 222501.4879095076 50.24
525 221228.3715614925 50.25
526 219696.2061222215 50.26
527 217910.5411341732 50.27
528 215882.6543669883 50.28
529 213620.5160522216 50.29
530 211131.5017596398 50.3
531 208425.0130160642 50.31
532 205495.1902826312 50.32
533 202357.19178352 50.33
534 198878.2748672465 50.34
535 195660.1849258745 50.35
536 191609.6636829451 50.36
537 187780.9666342567 50.37
538 183701.9962935933 50.38
539 174318.9171935776 50.39
540 165103.0777376212 50.4
541 156779.4135496584 50.41
542 148092.7862614614 50.42
543 139023.6632686565 50.43
544 129259.9177731482 50.44
545 119723.2281221787 50.45
546 108677.3658007422 50.46
547 99420.02856189638 50.47
548 89004.59789879588 50.48
549 80780.41386592865 50.49
550 72499.74180983519 50.5
551 65248.52138173767 50.51
552 56340.56569109178 50.52
553 48093.47430470888 50.53
554 40526.3196970416 50.54
555 31795.6458582103 50.55
556 26647.76615603637 50.56
557 22320.37625901451 50.57
558 17742.67333715662 50.58
559 12855.31248581062 50.59
560 8558.435934174689 50.6
561 6049.507143263822 50.61
562 4221.840460599083 50.62
563 3035.004089900646 50.63
564 2333.540295143032 50.64
565 2037.291616013862 50.65
566 1843.956461385831 50.66
567 1735.360391238674 50.67
568 1535.054457802297 50.68
569 1504.062048558073 50.69
570 1614.617318270975 50.7
571 1692.156503070079 50.71
572 1938.830727086894 50.72
573 2180.151057735092 50.73
574 2422.932993766691 50.74
575 3008.326666910682 50.75
576 3795.293823886702 50.76
577 4825.353154596317 50.77
578 6256.987744440956 50.78
579 7853.714010856562 50.79
580 10098.29108675825 50.8
581 12792.89133821887 50.81
582 15890.62016641156 50.82
583 19929.31951991106 50.83
584 24588.31376490997 50.84
585 30188.66723706101 50.85
586 36721.64431199116 50.86
587 44083.90532790964 50.87
588 51704.84339812567 50.88
589 59727.92567752893 50.89
590 67253.99746377865 50.9
591 74432.65447246659 50.91
592 80693.99118569471 50.92
593 85435.03254132501 50.93
594 90548.77678255591 50.94
595 94556.14666340909 50.95
596 97128.98288254946 50.96
597 98649.43935032481 50.97
598 99122.57139822879 50.98
599 98714.92313505374 50.99
600 97204.45155627039 51
601 93177.6895927685 51.01
602 88550.40115054633 51.02
603 82779.00304895369 51.03
604 76414.20646606093 51.04
605 69622.29897800575 51.05
606 62768.06075413901 51.06
607 55664.34385355827 51.07
608 49137.03684888587 51.08
609 42745.20304209332 51.09
610 36419.22361095234 51.1
611 30416.7317460052 51.11
612 24465.40813047879 51.12
613 19029.82394251015 51.13
614 14667.94854981468 51.14
615 10923.64363812564 51.15
616 8152.888302583115 51.16
617 5871.613314592836 51.17
618 4100.423982158076 51.18
619 2756.785503682879 51.19
620 1726.147587218054 51.2
621 912.8950876158136 51.21
622 304.64573439198 51.22
623 -133.8343187413236 51.23
624 -467.4436790050898 51.24
625 -743.970733818608 51.25
626 -964.6259813182403 51.26
627 -1114.353616121052 51.27
628 -1193.205599028809 51.28
629 -1174.156694317769 51.29
630 -1100.913992770249 51.3
631 -924.2864733507654 51.31
632 -611.2482170619639 51.32
633 -219.2919692945978 51.33
634 339.7391405831002 51.34
635 1245.255411129346 51.35
636 2280.588423951946 51.36
637 3606.656280668991 51.37
638 5304.641620325551 51.38
639 7358.00138617735 51.39
640 9807.761867291447 51.4
641 12737.53386089916 51.41
642 16181.97036648445 51.42
643 19914.57161491974 51.43
644 24167.1047366341 51.44
645 28914.38637961918 51.45
646 33506.51025403155 51.46
647 38357.37603169079 51.47
648 42791.68669698638 51.48
649 46658.59568828224 51.49
650 49638.01968834778 51.5
651 51245.3546023883 51.51
652 51582.87086312933 51.52
653 50478.94362034678 51.53
654 48256.52962296321 51.54
655 44962.43800782516 51.55
656 41301.25548913555 51.56
657 37045.79372042774 51.57
658 32413.25759531076 51.58
659 27948.5725104794 51.59
660 23564.08401484667 51.6
661 19263.75068036098 51.61
662 15409.24598146056 51.62
663 11839.9270232113 51.63
664 8986.539126086642 51.64
665 6424.337237939647 51.65
666 4222.17705247149 51.66
667 2419.095173512535 51.67
668 916.9626007288094 51.68
669 -198.3877472251832 51.69
670 -1151.423514444015 51.7
671 -1822.477438913117 51.71
672 -2416.672740628795 51.72
673 -2807.557062715953 51.73
674 -3126.69889011897 51.74
675 -3325.958618727908 51.75
676 -3463.088328582284 51.76
677 -3634.774081783559 51.77
678 -3768.507930878949 51.78
679 -3863.139509536176 51.79
680 -3887.890031671044 51.8
681 -3952.835093078403 51.81
682 -3926.519958789114 51.82
683 -3825.231955263483 51.83
684 -3624.341172656396 51.84
685 -3255.352422027951 51.85
686 -2840.132757325805 51.86
687 -2223.307453708642 51.87
688 -1389.40719331696 51.88
689 -349.0489980767751 51.89
690 967.8692964572807 51.9
691 2801.445881520741 51.91
692 4725.618991672794 51.92
693 7053.824678599802 51.93
694 9700.248008706534 51.94
695 12614.32757337696 51.95
696 15826.31297234692 51.96
697 19143.05997929826 51.97
698 22473.51593640152 51.98
699 25622.05342668628 51.99
700 28388.46756109111 52
701 30506.47333019259 52.01
702 31732.82019310895 52.02
703 32038.24844442417 52.03
704 31587.14570608831 52.04
705 30346.91907543902 52.05
706 28421.36265513013 52.06
707 25969.27639141002 52.07
708 23480.00089230082 52.08
709 20535.00971599252 52.09
710 17634.78686397013 52.1
711 14854.00789601356 52.11
712 11946.94092993246 52.12
713 9392.309613942576 52.13
714 7136.629955840219 52.14
715 5136.281834452264 52.15
716 3330.452788608706 52.16
717 1869.279667107262 52.17
718 565.0493982958955 52.18
719 -549.7424815687652 52.19
720 -1338.570997492143 52.2
721 -2061.80564792352 52.21
722 -2587.878464581758 52.22
723 -3026.469260164422 52.23
724 -3379.089152245022 52.24
725 -3653.581746566409 52.25
726 -3886.477565419882 52.26
727 -4085.384853611543 52.27
728 -4254.968610256526 52.28
729 -4419.938083753759 52.29
730 -4562.153647554053 52.3
731 -4716.273428462566 52.31
732 -4841.790751702514 52.32
733 -5039.311509793512 52.33
734 -5201.732355208942 52.34
735 -5358.738138268997 52.35
736 -5519.531120567721 52.36
737 -5650.753644590312 52.37
738 -5772.399868611557 52.38
739 -5865.494801707341 52.39
740 -5897.415640107805 52.4
741 -5854.756526138727 52.41
742 -5695.775057389861 52.42
743 -5391.013560933744 52.43
744 -4853.350090267746 52.44
745 -4164.473156076604 52.45
746 -3160.682846189628 52.46
747 -1887.135365021739 52.47
748 -310.0568179548358 52.48
749 1608.214963662238 52.49
750 3820.618698698956 52.5
751 6302.779411779381 52.51
752 8927.741394058787 52.52
753 11647.6218607764 52.53
754 14270.5781335783 52.54
755 16589.39011445299 52.55
756 18383.11151026333 52.56
757 19578.297380939 52.57
758 20058.74197261359 52.58
759 19970.01048425659 52.59
760 19300.70053474215 52.6
761 18260.44661725507 52.61
762 16909.22906181408 52.62
763 15238.40495732621 52.63
764 13471.76164698896 52.64
765 11584.00892492649 52.65
766 9673.360764033914 52.66
767 7841.484723536947 52.67
768 6119.144862170059 52.68
769 4506.413834022667 52.69
770 3187.27160924365 52.7
771 1971.070641967536 52.71
772 926.3695783997969 52.72
773 36.90651611123354 52.73
774 -713.7671083463745 52.74
775 -1349.370270815511 52.75
776 -1836.595211418941 52.76
777 -2239.378776060382 52.77
778 -2566.702831639673 52.78
779 -2805.556832959129 52.79
780 -3004.805524343718 52.8
781 -3170.239281646573 52.81
782 -3304.385329563801 52.82
783 -3431.385774708384 52.83
784 -3554.400582797874 52.84
785 -3667.891356225171 52.85
786 -3796.477657125136 52.86
787 -3935.177537003852 52.87
788 -4074.634530531084 52.88
789 -4226.695892833022 52.89
790 -4408.355607043031 52.9
791 -4608.822454158842 52.91
792 -4836.36496037387 52.92
793 -5085.317814996301 52.93
794 -5347.130724258123 52.94
795 -5632.034320538195 52.95
796 -5933.864292305525 52.96
797 -6234.969758538974 52.97
798 -6541.55443321614 52.98
799 -6818.682138831623 52.99
800 -7034.66555953513 53
801 -7157.647398428815 53.01
802 -7216.959267697361 53.02
803 -7111.865429650796 53.03
804 -6806.332825152447 53.04
805 -6321.869880036026 53.05
806 -5595.210599669002 53.06
807 -4606.884187838301 53.07
808 -3352.825849452337 53.08
809 -1862.036726687407 53.09
810 -165.347003012501 53.1
811 1659.103375599349 53.11
812 3524.232457367251 53.12
813 5279.753300477954 53.13
814 6795.1975786459 53.14
815 7986.395707500676 53.15
816 8822.344673345164 53.16
817 9289.699272089834 53.17
818 9346.410390906467 53.18
819 9262.943909861271 53.19
820 8815.839421944671 53.2
821 8255.679463418497 53.21
822 7540.807246243289 53.22
823 6718.745535777152 53.23
824 5794.517613096581 53.24
825 4928.135588004069 53.25
826 4050.824117488879 53.26
827 3226.863708699265 53.27
828 2482.377607035319 53.28
829 1785.210716200317 53.29
830 1177.893988967945 53.3
831 638.1780988422264 53.31
832 179.2933255731432 53.32
833 -232.8926818592913 53.33
834 -570.1897558922831 53.34
835 -849.1623306177929 53.35
836 -1077.826720946984 53.36
837 -1268.652732598589 53.37
838 -1423.098222253299 53.38
839 -1545.497219796551 53.39
840 -1654.954793308492 53.4
841 -1753.98539546012 53.41
842 -1841.575357687836 53.42
843 -1932.679686030932 53.43
844 -2027.282356956837 53.44
845 -2120.810619816011 53.45
846 -2225.776957653392 53.46
847 -2330.7190177887 53.47
848 -2449.068778361716 53.48
849 -2576.703647077721 53.49
850 -2717.14140414315 53.5
851 -2861.842654814179 53.51
852 -3017.683835754172 53.52
853 -3181.065889771467 53.53
854 -3341.93442037406 53.54
855 -3505.089537037841 53.55
856 -3657.686237838917 53.56
857 -3795.833459100247 53.57
858 -3900.494106015883 53.58
859 -3961.921849390233 53.59
860 -3961.595968310405 53.6
861 -3888.549741056516 53.61
862 -3703.324009892955 53.62
863 -3391.594196928374 53.63
864 -2939.616773703306 53.64
865 -2326.109063979238 53.65
866 -1559.339014625638 53.66
867 -628.9097958001103 53.67
868 438.9841420737296 53.68
869 1604.96381940181 53.69
870 2817.465461731967 53.7
871 3988.670740669585 53.71
872 5029.92406555381 53.72
873 5876.994017412013 53.73
874 6492.457679764334 53.74
875 6873.283449528146 53.75
876 7061.297375554032 53.76
877 7046.753543955007 53.77
878 6871.572302215456 53.78
879 6572.593756417427 53.79
880 6153.377234442471 53.8
881 5645.100853482702 53.81
882 5109.6197840516 53.82
883 4543.633177765847 53.83
884 3964.121643031503 53.84
885 3421.095983003586 53.85
886 2907.816357091701 53.86
887 2416.152645159539 53.87
888 1971.881508105742 53.88
889 1564.728637569913 53.89
890 1200.995661527413 53.9
891 878.6646543603807 53.91
892 588.991706985707 53.92
893 348.222015477321 53.93
894 137.4591071512157 53.94
895 -42.3885753509505 53.95
896 -192.0769436272745 53.96
897 -317.0461773634705 53.97
898 -417.2954785802115 53.98
899 -497.6230318609799 53.99
900 -571.0814561838273 54
901 -639.3064476615042 54.01
902 -701.8133623551769 54.02
903 -763.4860017402211 54.03
904 -820.7437817441798 54.04
905 -879.6656584798986 54.05
906 -938.354369197241 54.06
907 -998.7330929699835 54.07
908 -1051.930962074131 54.08
909 -1104.97935701388 54.09
910 -1151.779825550417 54.1
911 -1189.970464847444 54.11
912 -1221.462920808559 54.12
913 -1244.632699850041 54.13
914 -1247.941705140645 54.14
915 -1231.784071895151 54.15
916 -1187.497861599836 54.16
917 -1116.149442265079 54.17
918 -1004.00088571529 54.18
919 -846.4923658306084 54.19
920 -623.1687607568505 54.2
921 -343.8889233903861 54.21
922 8.48492881253685 54.22
923 446.2386905766871 54.23
924 961.397697399998 54.24
925 1557.07556839862 54.25
926 2215.474330206574 54.26
927 2920.173606567427 54.27
928 3632.248638382369 54.28
929 4304.619812566647 54.29
930 4890.663925987331 54.3
931 5343.205807235077 54.31
932 5673.713272985232 54.32
933 5859.720539362414 54.33
934 5922.517671811159 54.34
935 5875.409743177855 54.35
936 5721.072117422489 54.36
937 5477.739864383551 54.37
938 5177.934717017766 54.38
939 4826.345476690106 54.39
940 4446.471712363905 54.4
941 4049.007635744855 54.41
942 3658.583370414691 54.42
943 3272.920666163453 54.43
944 2900.334871527223 54.44
945 2551.497325783222 54.45
946 2225.383244859751 54.46
947 1927.667101029834 54.47
948 1654.716231981928 54.48
949 1404.87230044415 54.49
950 1179.47695312873 54.5
951 977.2152000418619 54.51
952 799.3534075840208 54.52
953 638.6647355583736 54.53
954 506.1293969502387 54.54
955 403.7661532576404 54.55
956 324.9406060765973 54.56
957 258.3535778933738 54.57
958 213.9645214372374 54.58
959 164.3865020216477 54.59
960 121.5834759744353 54.6
961 84.30966992858185 54.61
962 54.20389557540044 54.62
963 29.62903906797671 54.63
964 11.00792202591355 54.64
965 0.9525184945502865 54.65
966 -0.4495556329682202 54.66
967 4.667891367034223 54.67
968 19.49893528749565 54.68
969 44.35085499318907 54.69
970 80.55332175322016 54.7
971 134.0053415449083 54.71
972 202.766287813087 54.72
973 290.4666463132897 54.73
974 398.8524288417734 54.74
975 535.0679678575799 54.75
976 697.2498837876033 54.76
977 887.1415717613992 54.77
978 1111.323991529245 54.78
979 1371.518235430154 54.79
980 1666.381432707105 54.8
981 2003.989686849406 54.81
982 2371.03893692188 54.82
983 2766.550204804327 54.83
984 3174.902773345586 54.84
985 3575.566867529008 54.85
986 3936.278744311439 54.86
987 4244.251906195698 54.87
988 4469.327209765977 54.88
989 4618.522919356823 54.89
990 4680.204149451053 54.9
991 4672.749648677625 54.91
992 4591.657638316517 54.92
993 4456.580349727486 54.93
994 4272.760129630696 54.94
995 4054.66965035778 54.95
996 3811.420454769824 54.96
997 3553.987663475945 54.97
998 3291.680169167978 54.98
999 3027.036646543261 54.99
1000 2767.117424550818 55
1001 2518.372929062641 55.01
1002 2284.54010942405 55.02
1003 2062.355627543607 55.03
1004 1853.001291802002 55.04
1005 1656.95502480601 55.05
1006 1475.135679159012 55.06
1007 1311.367846051014 55.07
1008 1162.862681824612 55.08
1009 1032.65691289882 55.09
1010 915.9740022714195 55.1
1011 826.9775503742455 55.11
1012 756.2634219891058 55.12
1013 699.0694291542288 55.13
1014 657.56944222806 55.14
1015 619.4539183998604 55.15
1016 588.3813755655128 55.16
1017 562.2018832624868 55.17
1018 542.7990693558207 55.18
1019 530.1724854800159 55.19
1020 524.3315220322278 55.2
1021 526.4574043410518 55.21
1022 538.6860784813821 55.22
1023 555.8994837909105 55.23
1024 581.6557720397633 55.24
1025 618.782157128371 55.25
1026 665.8386114220255 55.26
1027 724.0553839263811 55.27
1028 793.6856400061746 55.28
1029 876.1507847204143 55.29
1030 973.960402205225 55.3
1031 1090.022160926693 55.31
1032 1226.48318307122 55.32
1033 1378.884014987148 55.33
1034 1550.764686451101 55.34
1035 1748.443867737012 55.35
1036 1958.298991160549 55.36
1037 2184.835873178125 55.37
1038 2421.682637519198 55.38
1039 2658.415994380855 55.39
1040 2886.552414759401 55.4
1041 3091.948322616697 55.41
1042 3261.856101756117 55.42
1043 3384.624660528949 55.43
1044 3457.450552320422 55.44
1045 3480.797838776392 55.45
1046 3470.37876360273 55.46
1047 3414.923278302323 55.47
1048 3323.519874936695 55.48
1049 3204.734645959443 55.49
1050 3063.595823016081 55.5
1051 2911.730725302096 55.51
1052 2747.312498595054 55.52
1053 2578.318592468704 55.53
1054 2407.814584878278 55.54
1055 2237.573446840002 55.55
1056 2073.976964643293 55.56
1057 1913.354479421192 55.57
1058 1759.398446832758 55.58
1059 1613.723129166743 55.59
1060 1477.847279040057 55.6
1061 1349.741069618808 55.61
1062 1235.364900614233 55.62
1063 1133.30186598228 55.63
1064 1046.82007687355 55.64
1065 976.5703461150509 55.65
1066 919.6041655663379 55.66
1067 869.8254304517725 55.67
1068 828.7662225524334 55.68
1069 795.2358551675846 55.69
1070 768.0260883762422 55.7
1071 746.4517794950766 55.71
1072 732.381190811163 55.72
1073 723.7383245918254 55.73
1074 720.8119516927038 55.74
1075 726.5098068054012 55.75
1076 736.3274232482333 55.76
1077 751.9064919309961 55.77
1078 773.1083123703449 55.78
1079 800.9874882813524 55.79
1080 837.5024111614134 55.8
1081 884.2669787728747 55.81
1082 943.7494874252413 55.82
1083 1013.001714283898 55.83
1084 1096.071985557729 55.84
1085 1191.500022879803 55.85
1086 1298.376803517433 55.86
1087 1420.043267311432 55.87
1088 1550.155166995947 55.88
1089 1688.460650684453 55.89
1090 1835.984780558365 55.9
1091 1982.089683584855 55.91
1092 2126.437808131862 55.92
1093 2259.948072885386 55.93
1094 2375.08306789648 55.94
1095 2464.507304983598 55.95
1096 2525.601875845787 55.96
1097 2561.628242234028 55.97
1098 2567.722289872301 55.98
1099 2547.074941858351 55.99
1100 2500.565113609496 56
1101 2442.873179914814 56.01
1102 2365.537342422657 56.02
1103 2273.520434269899 56.03
1104 2172.435484052592 56.04
1105 2067.432047628068 56.05
1106 1956.45841363048 56.06
1107 1841.049586208624 56.07
1108 1730.971326320454 56.08
1109 1621.046704693787 56.09
1110 1513.777354438685 56.1
1111 1409.903093929518 56.11
1112 1309.650069863803 56.12
1113 1217.347512587661 56.13
1114 1132.908512305061 56.14
1115 1058.345785904107 56.15
1116 995.5070855956877 56.16
1117 943.0125742240285 56.17
1118 897.0187290222311 56.18
1119 858.7771522454004 56.19
1120 826.5689644902709 56.2
1121 799.8566104183242 56.21
1122 778.9557781204308 56.22
1123 761.8002856681368 56.23
1124 749.4829652503838 56.24
1125 741.5865932537642 56.25
1126 741.361761592254 56.26
1127 740.6761793740227 56.27
1128 747.7293267845635 56.28
1129 760.9580820712813 56.29
1130 782.3301282515914 56.3
1131 812.5674482010518 56.31
1132 849.6626683024349 56.32
1133 894.7553669056248 56.33
1134 949.3406788570171 56.34
1135 1015.025022137166 56.35
1136 1084.276839734262 56.36
1137 1163.449398727982 56.37
1138 1251.402205113952 56.38
1139 1345.964705671264 56.39
1140 1441.60358765436 56.4
1141 1541.226824952126 56.41
1142 1631.89323133697 56.42
1143 1713.740016512287 56.43
1144 1791.336467419486 56.44
1145 1852.997453825215 56.45
1146 1895.803985349624 56.46
1147 1918.977438554101 56.47
1148 1924.697811607429 56.48
1149 1916.946787797036 56.49
1150 1893.008968968688 56.5
1151 1855.411176759947 56.51
1152 1805.178461338806 56.52
1153 1747.154539783932 56.53
1154 1682.507220321376 56.54
1155 1611.809888883756 56.55
1156 1537.326607700325 56.56
1157 1461.136115279612 56.57
1158 1380.550305517505 56.58
1159 1307.564940381705 56.59
1160 1236.183208203003 56.6
1161 1162.684603423113 56.61
1162 1091.778247313386 56.62
1163 1027.364998044402 56.63
1164 970.2283514990855 56.64
1165 920.2571319894694 56.65
1166 877.04178422014 56.66
1167 838.8941506579671 56.67
1168 806.1815675349419 56.68
1169 777.7887116770437 56.69
1170 753.4675040891648 56.7
1171 733.7935278673341 56.71
1172 721.8653152014087 56.72
1173 708.3321425056854 56.73
1174 700.2705568074025 56.74
1175 696.9084981319655 56.75
1176 698.3909730707035 56.76
1177 707.6900686040469 56.77
1178 722.4947458984097 56.78
1179 743.7565926531589 56.79
1180 772.1477206318735 56.8
1181 807.4390334444624 56.81
1182 848.878984589143 56.82
1183 898.3773992531148 56.83
1184 951.8575592238196 56.84
1185 1011.019427377375 56.85
1186 1074.411857093726 56.86
1187 1139.063876892762 56.87
1188 1209.971999775079 56.88
1189 1276.448831987203 56.89
1190 1340.001548645906 56.9
1191 1392.027222866423 56.91
1192 1442.117867117558 56.92
1193 1479.103778229152 56.93
1194 1503.807628706186 56.94
1195 1516.1015515584 56.95
1196 1515.020581446195 56.96
1197 1501.231991730807 56.97
1198 1482.05019552184 56.98
1199 1451.527258836345 56.99
1200 1413.846299298967 57
1201 1370.684233878174 57.01
1202 1323.538457346004 57.02
1203 1273.038941098723 57.03
1204 1219.9082926794 57.04
1205 1165.674665342349 57.05
1206 1110.424898627735 57.06
1207 1056.692881721745 57.07
1208 1003.359910091499 57.08
1209 949.0220318347189 57.09
1210 906.1107811077718 57.1
1211 866.1770793470919 57.11
1212 829.7030158477496 57.12
1213 801.3393955145475 57.13
1214 769.6170419626794 57.14
1215 743.3578868297263 57.15
1216 722.4876134633696 57.16
1217 705.1013121889666 57.17
1218 691.4788085359701 57.18
1219 682.2190369611936 57.19
1220 676.9139675030167 57.2
1221 675.3565418170735 57.21
1222 677.705276505739 57.22
1223 683.7565153773166 57.23
1224 694.7374732589639 57.24
1225 711.087082381599 57.25
1226 732.6131589925104 57.26
1227 762.2900898543977 57.27
1228 792.6306439063941 57.28
1229 828.8169240222246 57.29
1230 869.2882486350461 57.3
1231 915.9448360580363 57.31
1232 960.9180670897928 57.32
1233 1007.684940385052 57.33
1234 1065.280892530891 57.34
1235 1105.874689485574 57.35
1236 1142.261528432585 57.36
1237 1175.009248387236 57.37
1238 1192.197908466916 57.38
1239 1214.098670773293 57.39
1240 1226.230979482195 57.4
1241 1228.629407643739 57.41
1242 1220.150831086058 57.42
1243 1209.540863172584 57.43
1244 1191.200454507274 57.44
1245 1162.912427481771 57.45
1246 1135.746073335828 57.46
1247 1103.832409106435 57.47
1248 1068.322114606478 57.48
1249 1031.262603462426 57.49
1250 992.4119291543122 57.5
1251 953.2579510295344 57.51
1252 914.503439533039 57.52
1253 877.8195818266462 57.53
1254 842.9285391463955 57.54
1255 810.1365714137427 57.55
1256 780.0804489105095 57.56
1257 752.7716185317117 57.57
1258 728.6507761817037 57.58
1259 707.394186287038 57.59
1260 689.6058991874902 57.6
1261 675.6993808670688 57.61
1262 665.3090273448718 57.62
1263 661.5298591631536 57.63
1264 655.1730461119926 57.64
1265 653.3266833250755 57.65
1266 656.080696869464 57.66
1267 663.1877941525703 57.67
1268 682.1226527260777 57.68
1269 698.5394771812506 57.69
1270 718.0057575266385 57.7
1271 740.4503797963317 57.71
1272 765.8196125372988 57.72
1273 797.7679751249415 57.73
1274 826.96920976601 57.74
1275 858.4682503588058 57.75
1276 896.0014581312179 57.76
1277 924.9302223073315 57.77
1278 954.1116773150045 57.78
1279 981.6295862591867 57.79
1280 1005.650188867006 57.8
1281 1024.830722475639 57.81
1282 1034.048658031513 57.82
1283 1044.118480980303 57.83
1284 1047.833345540894 57.84
1285 1044.438385383629 57.85
1286 1035.311100032331 57.86
1287 1020.230464827525 57.87
1288 998.6097243871523 57.88
1289 970.8173631588909 57.89
1290 948.3947697698949 57.9
1291 922.7296815406434 57.91
1292 895.8807976106575 57.92
1293 868.5593333693467 57.93
1294 839.164620921016 57.94
1295 812.1363834691964 57.95
1296 785.2732595892946 57.96
1297 759.9483969480607 57.97
1298 736.3951562119087 57.98
1299 714.876851980426 57.99
1300 695.1762518285783 58
1301 677.9667171964229 58.01
1302 663.1501831475304 58.02
1303 660.986835001187 58.03
1304 654.360948360928 58.04
1305 648.9081206740622 58.05
1306 646.1956952897274 58.06
1307 646.3279450438986 58.07
1308 649.4517389205031 58.08
1309 655.310546185356 58.09
1310 663.9725366375014 58.1
1311 680.143443656973 58.11
1312 703.6523732710724 58.12
1313 713.2277793028254 58.13
1314 731.6063102186522 58.14
1315 753.1153867867131 58.15
1316 775.8453459665237 58.16
1317 812.1868284742743 58.17
1318 836.3372589533391 58.18
1319 858.5747471513358 58.19
1320 878.7831643313533 58.2
1321 896.5697126770541 58.21
1322 911.1748984089166 58.22
1323 922.0218048951226 58.23
1324 929.0475126444804 58.24
1325 931.798704375757 58.25
1326 930.5266897311119 58.26
1327 925.1457068850627 58.27
1328 916.2418944761805 58.28
1329 901.653144124284 58.29
1330 883.6048086662373 58.3
1331 870.4862410271929 58.31
1332 850.7561549153746 58.32
1333 828.8864541687774 58.33
1334 809.958538450162 58.34
1335 786.2817635319767 58.35
1336 765.3963621632988 58.36
1337 745.0629544274736 58.37
1338 726.3965676634012 58.38
1339 713.0336895923897 58.39
1340 697.4226745428789 58.4
1341 683.5705770587358 58.41
1342 672.5991934627668 58.42
1343 663.7899192786402 58.43
1344 661.8200631083002 58.44
1345 654.3464941354073 58.45
1346 655.6610085834475 58.46
1347 652.4191858908976 58.47
1348 658.1844386126787 58.48
1349 662.4997000951049 58.49
1350 671.8368227107188 58.5
1351 679.8244942058586 58.51
1352 690.9055560855583 58.52
1353 703.9244835235472 58.53
1354 718.3550442899627 58.54
1355 733.8616832369496 58.55
1356 749.860929168081 58.56
1357 765.950488000412 58.57
1358 781.7333031844422 58.58
1359 796.8391262648278 58.59
1360 810.8099853589914 58.6
1361 823.3365975954314 58.61
1362 833.4577665827428 58.62
1363 840.9816093703289 58.63
1364 845.6411425146161 58.64
1365 847.7717370473717 58.65
1366 848.8517244337461 58.66
1367 847.1761931907539 58.67
1368 840.9458322976018 58.68
1369 832.202442567879 58.69
1370 821.1434489914236 58.7
1371 808.361177328552 58.71
1372 794.888442078432 58.72
1373 780.4514295146322 58.73
1374 765.652264120682 58.74
1375 751.1180132324941 58.75
1376 736.9305932666019 58.76
1377 723.1990694226465 58.77
1378 710.4723994715968 58.78
1379 698.9835719140243 58.79
1380 688.4906626392905 58.8
1381 679.3295113597936 58.81
1382 671.7247190031624 58.82
1383 665.9875458309286 58.83
1384 661.6809777298533 58.84
1385 659.2504781110366 58.85
1386 659.0370021926312 58.86
1387 660.6819101468932 58.87
1388 664.0555404856999 58.88
1389 668.9578302300413 58.89
1390 675.3927315734087 58.9
1391 682.8112317267456 58.91
1392 695.1007900091557 58.92
1393 703.1829467087157 58.93
1394 717.9879816163974 58.94
1395 726.0105123373958 58.95
1396 735.8657646958274 58.96
1397 746.5704189404961 58.97
1398 757.0708609461205 58.98
1399 766.5984938459851 58.99
1400 774.8923717402101 59
1401 781.4919985284145 59.01
1402 786.2058720072422 59.02
1403 789.0259856122302 59.03
1404 789.9299775214306 59.04
1405 788.7393545942994 59.05
1406 785.4846414168175 59.06
1407 780.3992045488301 59.07
1408 773.7757248823652 59.08
1409 765.8781453784164 59.09
1410 752.2722767774327 59.1
1411 744.5924852973582 59.11
1412 735.6770592146737 59.12
1413 725.7174688731059 59.13
1414 715.2409300801553 59.14
1415 704.936155347921 59.15
1416 695.0305725846514 59.16
1417 692.949447696843 59.17
1418 683.6952226559952 59.18
1419 680.2898266932228 59.19
1420 671.5310036809904 59.2
1421 664.4579289618616 59.21
1422 659.1338168794482 59.22
1423 666.6908172695983 59.23
1424 668.8182183647581 59.24
1425 668.6701412088571 59.25
1426 669.9501589886324 59.26
1427 672.7054139537544 59.27
1428 687.2579627956273 59.28
1429 698.2327742350689 59.29
1430 705.1581271877413 59.3
1431 718.0624521337352 59.31
1432 725.053045569085 59.32
1433 732.1572334805622 59.33
1434 739.7365172651124 59.34
1435 746.9931374750776 59.35
1436 754.628432400722 59.36
1437 762.2907589722024 59.37
1438 768.5858963834291 59.38
1439 773.3401263384632 59.39
1440 777.1142440983519 59.4
1441 779.4295924737216 59.41
1442 780.0568604040634 59.42
1443 779.9406912195076 59.43
1444 778.5877621058057 59.44
1445 775.843854576737 59.45
1446 770.5631726704394 59.46
1447 765.5670430877386 59.47
1448 759.6330933683813 59.48
1449 753.4542337725489 59.49
1450 746.6173357789534 59.5
1451 739.3174166970812 59.51
1452 727.7267974260343 59.52
1453 720.8685965052189 59.53
1454 714.7315710774892 59.54
1455 708.180347013006 59.55
1456 702.9805887027517 59.56
1457 697.4000856390996 59.57
1458 692.6820142913745 59.58
1459 689.5489841511925 59.59
1460 686.7076596581356 59.6
1461 689.8699760243826 59.61
1462 689.3688882240516 59.62
1463 694.3593700878165 59.63
1464 694.3998115842878 59.64
1465 695.1996653896485 59.65
1466 696.7352950804593 59.66
1467 700.3672892345326 59.67
1468 704.3593696712121 59.68
1469 708.3325975023836 59.69
1470 713.5566335691373 59.7
1471 717.8951282514403 59.71
1472 723.2522108963054 59.72
1473 728.22486731859 59.73
1474 733.2596300088926 59.74
1475 737.8026255895988 59.75
1476 741.8155886044871 59.76
1477 745.1116838628379 59.77
1478 747.5555578002995 59.78
1479 749.1585257542692 59.79
1480 750.2212712560906 59.8
1481 749.8628789429864 59.81
1482 748.3148003948419 59.82
1483 745.8722177539317 59.83
1484 742.8705235862622 59.84
1485 739.0556544701598 59.85
1486 735.3169642605302 59.86
1487 730.0212356718989 59.87
1488 716.0475704833234 59.88
1489 719.3364950846826 59.89
1490 714.44397334281 59.9
1491 709.3995433124825 59.91
1492 704.3083107458348 59.92
1493 699.6218364887801 59.93
1494 694.4668068670029 59.94
1495 691.4542290488897 59.95
1496 687.282872513105 59.96
1497 684.126536397094 59.97
1498 681.7890641905459 59.98
1499 679.3659686227278 59.99
1500 677.9957043407975 60
