"frac-mass-o2-rfile"
"Time Step" "frac-mass-o2 etc.."
("Time Step" "frac-mass-o2" "flow-time")
0 0.2277147953170228 0
1 0.2265917818364669 0.1
2 0.2252266309905814 0.2
3 0.2241359671430396 0.3
4 0.2232437720710651 0.4
5 0.2221784040390947 0.5
6 0.2208106423512959 0.6000000000000001
7 0.2193024472646533 0.7000000000000001
8 0.217804615832896 0.8
9 0.2163497762882237 0.9
10 0.2148999317462235 1
11 0.2134078501750053 1.1
12 0.2118564208598001 1.2
13 0.2102654467740721 1.3
14 0.20875042394548 1.4
15 0.2071724808231552 1.5
16 0.2056128529859177 1.6
17 0.2040631820103262 1.7
18 0.2025375752742334 1.8
19 0.2009980890297406 1.9
20 0.1994861638371044 2
21 0.197967495592715 2.1
22 0.1964934711426206 2.2
23 0.1950272278064337 2.3
24 0.1935855805811852 2.4
25 0.1921637338963045 2.5
26 0.1907635213981648 2.6
27 0.1893842991556521 2.7
28 0.1880188318720162 2.8
29 0.1866702585992708 2.9
30 0.1853353834793086 3
31 0.1840106655796501 3.1
32 0.1827151746417652 3.2
33 0.1814228150895114 3.3
34 0.1801308425520667 3.4
35 0.1788394132754641 3.5
36 0.1775468828053386 3.6
37 0.1762500729066737 3.7
38 0.174931168775968 3.8
39 0.1736261719895672 3.9
40 0.1722988401212528 4
41 0.1709680393022678 4.100000000000001
42 0.169631627899818 4.2
43 0.16829247247569 4.3
44 0.1669514422583596 4.4
45 0.1656049019306241 4.5
46 0.1642555839544573 4.600000000000001
47 0.1629033163004892 4.7
48 0.1615484336567338 4.800000000000001
49 0.1601902962589861 4.9
50 0.1588289430261835 5
51 0.1574641026102169 5.100000000000001
52 0.1560962637312602 5.2
53 0.1547253450730466 5.300000000000001
54 0.1533515840104201 5.4
55 0.1519750252821968 5.5
56 0.1505959331049179 5.600000000000001
57 0.149214673520299 5.7
58 0.1478315457036143 5.800000000000001
59 0.1464469981747769 5.9
60 0.145061382214637 6
61 0.1436753788776869 6.100000000000001
62 0.1422892216251884 6.2
63 0.1409032384168276 6.300000000000001
64 0.1395177853504114 6.4
65 0.1381334399673093 6.5
66 0.1367504470447575 6.600000000000001
67 0.1353716304017116 6.7
68 0.1339942839830391 6.800000000000001
69 0.132619135717599 6.9
70 0.1312460489270778 7
71 0.1298754851255788 7.100000000000001
72 0.1285071458912735 7.2
73 0.1271413305702828 7.300000000000001
74 0.1257782599389842 7.4
75 0.1244174962051107 7.5
76 0.1230594571658015 7.600000000000001
77 0.1217024186559237 7.7
78 0.1203483147501706 7.800000000000001
79 0.1189985773844898 7.9
80 0.117650123410277 8
81 0.1163043585285533 8.1
82 0.1149619862760386 8.200000000000001
83 0.113622059307676 8.300000000000001
84 0.1122852297572238 8.4
85 0.1109510306263136 8.5
86 0.109683780165629 8.6
87 0.108429102790689 8.700000000000001
88 0.107100435358111 8.800000000000001
89 0.1058531608177798 8.9
90 0.1046141891219975 9
91 0.1032882729675727 9.1
92 0.1020339986734339 9.200000000000001
93 0.1007850475655902 9.300000000000001
94 0.09953559877263891 9.4
95 0.09829103688009017 9.5
96 0.0969667624432459 9.600000000000001
97 0.09573533026320717 9.700000000000001
98 0.09449325313460684 9.800000000000001
99 0.0932504483219241 9.9
100 0.09195429804365728 10
101 0.0907305088166127 10.1
102 0.08940986816855086 10.2
103 0.0881753077226982 10.3
104 0.08685658893911619 10.4
105 0.08565910314297742 10.5
106 0.08434133544326378 10.6
107 0.08312837763795429 10.7
108 0.08181179830227396 10.8
109 0.08060114516651895 10.9
110 0.0792866646572831 11
111 0.07807922226158352 11.1
112 0.07676607021068509 11.2
113 0.07556366056245939 11.3
114 0.07425237088759729 11.4
115 0.07297150970725681 11.5
116 0.07166266073073627 11.6
117 0.07046657345554465 11.7
118 0.06919420646579472 11.8
119 0.06792263216333108 11.9
120 0.06665677715438617 12
121 0.06547748405739526 12.1
122 0.06421559479381718 12.2
123 0.06295993643387252 12.3
124 0.06170276767535719 12.4
125 0.06045167432497023 12.5
126 0.05921173865205387 12.6
127 0.05796497713171176 12.7
128 0.05673087061958583 12.8
129 0.05548994720280285 12.9
130 0.05425185075357461 13
131 0.05303503995961507 13.1
132 0.0517460936411784 13.2
133 0.05052913383775062 13.3
134 0.04924340942550785 13.4
135 0.04801908289299549 13.5
136 0.04673668595602048 13.6
137 0.04555183471842094 13.7
138 0.04427367390500864 13.8
139 0.04309908290055543 13.9
140 0.04182599957780644 14
141 0.04065951175071066 14.1
142 0.03939337734743922 14.2
143 0.03823891594701514 14.3
144 0.03697775565818487 14.4
145 0.03583983324192791 14.5
146 0.03458677980027244 14.6
147 0.03340602363648762 14.7
148 0.03216430703270766 14.8
149 0.03099704082891983 14.9
150 0.02976455152768724 15
151 0.02863055763829024 15.1
152 0.02740841090966298 15.2
153 0.02629629917945259 15.3
154 0.02508746601417096 15.4
155 0.02398592433294114 15.5
156 0.02279401072861849 15.6
157 0.02173814598773681 15.7
158 0.02057563531965136 15.8
159 0.01954201949198702 15.9
160 0.01836646991223016 16
161 0.01735534976617654 16.1
162 0.0162138130947509 16.2
163 0.01524562999855426 16.3
164 0.01414600354851483 16.4
165 0.01323028685774099 16.5
166 0.01216957758167579 16.6
167 0.01131642278517388 16.7
168 0.01032770721763324 16.8
169 0.009553894523613304 16.9
170 0.008655021190250856 17
171 0.007943442078416723 17.1
172 0.007138206713698885 17.2
173 0.006506032643237091 17.3
174 0.005811743953241312 17.4
175 0.005271321969374126 17.5
176 0.004770165747912505 17.6
177 0.004193515700190018 17.7
178 0.003761332340080662 17.8
179 0.003363472238803081 17.9
180 0.002864543283312911 18
181 0.002512947115533506 18.1
182 0.002190272913441124 18.2
183 0.001737895139843036 18.3
184 0.00144709983312281 18.4
185 0.00118790099640049 18.5
186 0.0008069593477185612 18.6
187 0.0006038789961675776 18.7
188 0.0003178965010040532 18.8
189 0.0002084686871595977 18.9
190 1.60352392883638e-05 19
191 4.866859332887453e-08 19.1
192 1.726209937595431e-10 19.2
193 6.758636533336254e-13 19.3
194 2.829765784831587e-15 19.4
195 1.243338318358978e-17 19.5
196 5.661976363659706e-20 19.6
197 2.666298418692609e-22 19.7
198 1.330853310761232e-24 19.8
199 7.904831927129564e-27 19.9
200 1.12714822410997e-28 20
201 5.982385493161298e-30 20.1
202 7.73141234470331e-31 20.2
203 3.175083520078695e-31 20.3
204 2.118625280156963e-31 20.4
205 2.083616977833519e-31 20.5
206 2.049941124559066e-31 20.6
207 2.01734889248135e-31 20.7
208 1.985812507963358e-31 20.8
209 1.955218506789505e-31 20.9
210 1.925564481101158e-31 21
211 1.896755517095543e-31 21.1
212 1.868797658215102e-31 21.2
213 1.841605201376636e-31 21.3
214 1.815189441254336e-31 21.4
215 1.789471097286354e-31 21.5
216 1.764465372537258e-31 21.6
217 1.740098133271034e-31 21.7
218 1.716387341685314e-31 21.8
219 1.693263132328647e-31 21.9
220 1.670745820645063e-31 22
221 1.648769098618796e-31 22.1
222 1.627355250533272e-31 22.2
223 1.606440946895766e-31 22.3
224 1.58604994148496e-31 22.4
225 1.566121567537088e-31 22.5
226 1.546680860749517e-31 22.6
227 1.527669624086561e-31 22.7
228 1.509113795290582e-31 22.8
229 1.490957275889621e-31 22.9
230 1.473226924937122e-31 23
231 1.455868526140555e-31 23.1
232 1.438909622266748e-31 23.2
233 1.422297726222188e-31 23.3
234 1.406060932901024e-31 23.4
235 1.390148402120755e-31 23.5
236 1.374588693125555e-31 23.6
237 1.359332374972886e-31 23.7
238 1.344408418206922e-31 23.8
239 1.329768743462988e-31 23.9
240 1.315442593834555e-31 24
241 1.301383157391206e-31 24.1
242 1.287619910479626e-31 24.2
243 1.274107205437582e-31 24.3
244 1.260874696846792e-31 24.4
245 1.247877788367642e-31 24.5
246 1.235146267415539e-31 24.6
247 1.222636555515278e-31 24.7
248 1.210378530487823e-31 24.8
249 1.19832955540673e-31 24.9
250 1.186519550266818e-31 25
251 1.174906764336861e-31 25.1
252 1.163521107242456e-31 25.2
253 1.152321669977e-31 25.3
254 1.141338370218815e-31 25.4
255 1.130531068676564e-31 25.5
256 1.119929643886543e-31 25.6
257 1.109494698390178e-31 25.7
258 1.099256038131733e-31 25.8
259 1.089174973449759e-31 25.9
260 1.079281229095443e-31 26
261 1.069536789653842e-31 26.1
262 1.059971279965743e-31 26.2
263 1.050547327745001e-31 26.3
264 1.041294421226141e-31 26.4
265 1.032175804339791e-31 26.5
266 1.023220855716047e-31 26.6
267 1.01439338868066e-31 26.7
268 1.005722647303962e-31 26.8
269 9.971730033639598e-32 26.9
270 9.887735364864842e-32 27
271 9.804891637966602e-32 27.1
272 9.723488216291846e-32 27.2
273 9.643179364611349e-32 27.3
274 9.564252825741414e-32 27.4
275 9.486367759651231e-32 27.5
276 9.409810095581484e-32 27.6
277 9.334243888278538e-32 27.7
278 9.259953414676872e-32 27.8
279 9.186607195354612e-32 27.9
280 9.114487828163168e-32 28
281 9.043268202219241e-32 28.1
282 8.973229050910035e-32 28.2
283 8.904047554362298e-32 28.3
284 8.83600275384221e-32 28.4
285 8.768775939151404e-32 28.5
286 8.702644235870123e-32 28.6
287 8.637292981988262e-32 28.7
288 8.572997342103546e-32 28.8
289 8.509446519555535e-32 28.9
290 8.446913941207232e-32 29
291 8.385092528096698e-32 29.1
292 8.324253809158051e-32 29.2
293 8.264094256472064e-32 29.3
294 8.204883486898481e-32 29.4
295 8.146321566636606e-32 29.5
296 8.088676328033543e-32 29.6
297 8.0316512129171e-32 29.7
298 7.975512136192679e-32 29.8
299 7.919965874618041e-32 29.9
300 7.8652764095651e-32 30
301 7.811153811350948e-32 30.1
302 7.757860224250885e-32 30.2
303 7.705108816163837e-32 30.3
304 7.653159878953426e-32 30.4
305 7.601729700017319e-32 30.5
306 7.551076614862426e-32 30.6
307 7.500919890124089e-32 30.7
308 7.451516111952503e-32 30.8
309 7.402587466769176e-32 30.9
310 7.354388662426631e-32 31
311 7.306644719319654e-32 31.1
312 7.25960847606095e-32 31.2
313 7.213007756470325e-32 31.3
314 7.167093674131013e-32 31.4
315 7.12159672074199e-32 31.5
316 7.076766162281921e-32 31.6
317 7.032335179148683e-32 31.7
318 6.988551217772746e-32 31.8
319 6.94515003223338e-32 31.9
320 6.902377367128723e-32 32
321 6.859971484295774e-32 32.1
322 6.818176373957351e-32 32.2
323 6.776732755599564e-32 32.3
324 6.735882819511034e-32 32.4
325 6.695369741746758e-32 32.5
326 6.655434087743239e-32 32.6
327 6.615821342765699e-32 32.7
328 6.576770330855822e-32 32.8
329 6.538028865806915e-32 32.9
330 6.499834062826597e-32 33
331 6.461936021760235e-32 33.1
332 6.424570223284675e-32 33.2
333 6.387488975144136e-32 33.3
334 6.350926106598706e-32 33.4
335 6.314636104863897e-32 33.5
336 6.278851102508129e-32 33.6
337 6.243327741197522e-32 33.7
338 6.208296577557395e-32 33.8
339 6.173516334058576e-32 33.9
340 6.139215962143079e-32 34
341 6.105156246924375e-32 34.1
342 6.071564522676834e-32 34.2
343 6.038203583731046e-32 34.3
344 6.005299237746227e-32 34.4
345 5.972616246279571e-32 34.5
346 5.940378847399611e-32 34.6
347 5.908353764083624e-32 34.7
348 5.876763647370441e-32 34.8
349 5.845377130373777e-32 34.9
350 5.814415396234749e-32 35
351 5.78364892625691e-32 35.1
352 5.753297402334676e-32 35.2
353 5.723133139934845e-32 35.3
354 5.69337429801619e-32 35.4
355 5.663795019835405e-32 35.5
356 5.634612034928713e-32 35.6
357 5.605601247334211e-32 35.7
358 5.576977915326131e-32 35.8
359 5.548519700998719e-32 35.9
360 5.520440370500689e-32 36
361 5.492519330448886e-32 36.1
362 5.464968967865051e-32 36.2
363 5.437570358380749e-32 36.3
364 5.41053447776475e-32 36.4
365 5.38364404903563e-32 36.5
366 5.357108621057118e-32 36.6
367 5.330712574177179e-32 36.7
368 5.304664125608653e-32 36.8
369 5.278749244885986e-32 36.9
370 5.253174782770567e-32 37
371 5.227728288001258e-32 37.1
372 5.202615223503144e-32 37.2
373 5.177624719464922e-32 37.3
374 5.15296094289272e-32 37.4
375 5.128414544390325e-32 37.5
376 5.104188366001207e-32 37.6
377 5.080074554855174e-32 37.7
378 5.056274627882333e-32 37.8
379 5.03258225599259e-32 37.9
380 5.009197688760736e-32 38
381 4.98591603442571e-32 38.1
382 4.962936267127107e-32 38.2
383 4.940054948312908e-32 38.3
384 4.917469752587882e-32 38.40000000000001
385 4.894978866436822e-32 38.5
386 4.872778875103751e-32 38.6
387 4.850669068811213e-32 38.7
388 4.828844484859456e-32 38.8
389 4.807105988149829e-32 38.90000000000001
390 4.785647439922628e-32 39
391 4.764271085628294e-32 39.1
392 4.743169610470518e-32 39.2
393 4.722146608808016e-32 39.3
394 4.701393540951334e-32 39.40000000000001
395 4.680715339149459e-32 39.5
396 4.660302279095633e-32 39.6
397 4.639960600703627e-32 39.7
398 4.619879439175038e-32 39.8
399 4.599866306249074e-32 39.90000000000001
400 4.580109186147814e-32 40
401 4.560416865300854e-32 40.1
402 4.540976438911488e-32 40.2
403 4.52159781774297e-32 40.3
404 4.502466646012183e-32 40.40000000000001
405 4.483394221153503e-32 40.5
406 4.464565058035286e-32 40.6
407 4.445791680030557e-32 40.7
408 4.427257489666161e-32 40.8
409 4.408776240773773e-32 40.90000000000001
410 4.390530278124275e-32 41
411 4.372334527225701e-32 41.1
412 4.354370254700626e-32 41.2
413 4.336453572407328e-32 41.3
414 4.318764639641992e-32 41.40000000000001
415 4.301120740162088e-32 41.5
416 4.283700999369917e-32 41.6
417 4.266323839990745e-32 41.7
418 4.249167331552687e-32 41.8
419 4.232051028297175e-32 41.90000000000001
420 4.215151930353503e-32 42
421 4.198290719186089e-32 42.1
422 4.181643394354649e-32 42.2
423 4.165031736552946e-32 42.3
424 4.148630719198346e-32 42.40000000000001
425 4.132263212664391e-32 42.5
426 4.11610316473263e-32 42.6
427 4.099974533280334e-32 42.7
428 4.084050287422375e-32 42.8
429 4.068155446679372e-32 42.90000000000001
430 4.052461992964328e-32 43
431 4.036795995112918e-32 43.1
432 4.021328429786151e-32 43.2
433 4.005886420123032e-32 43.3
434 3.990639997298589e-32 43.40000000000001
435 3.975417302573477e-32 43.5
436 3.960387412059246e-32 43.6
437 3.9453794712491e-32 43.7
438 3.930561592015826e-32 43.8
439 3.915763939404673e-32 43.90000000000001
440 3.901153714046889e-32 44
441 3.886562050512598e-32 44.1
442 3.872155217381298e-32 44.2
443 3.857765344793441e-32 44.3
444 3.843557753482e-32 44.40000000000001
445 3.829365549157921e-32 44.5
446 3.815353165878633e-32 44.6
447 3.801354660532497e-32 44.7
448 3.787533563334615e-32 44.8
449 3.773724876406696e-32 44.90000000000001
450 3.760091229090891e-32 45
451 3.746468559517018e-32 45.1
452 3.733018631665618e-32 45.2
453 3.719578310239761e-32 45.3
454 3.70630848316617e-32 45.40000000000001
455 3.693046928380272e-32 45.5
456 3.67995365205812e-32 45.6
457 3.666867341948223e-32 45.7
458 3.653947172312237e-32 45.8
459 3.641032727520055e-32 45.90000000000001
460 3.628282319949146e-32 46
461 3.615536421964128e-32 46.1
462 3.602952487535853e-32 46.2
463 3.590371873404963e-32 46.3
464 3.577951222220795e-32 46.40000000000001
465 3.565532747427312e-32 46.5
466 3.55327227091722e-32 46.6
467 3.541012860775562e-32 46.7
468 3.528909506621197e-32 46.8
469 3.516806131190379e-32 46.90000000000001
470 3.504856943872826e-32 47
471 3.492906694263554e-32 47.1
472 3.481108787045855e-32 47.2
473 3.469308802357447e-32 47.3
474 3.457659340990274e-32 47.40000000000001
475 3.446006812380348e-32 47.5
476 3.43450305479267e-32 47.6
477 3.422995276795779e-32 47.7
478 3.411634544285925e-32 47.8
479 3.400268869896856e-32 47.90000000000001
480 3.389048528321102e-32 48
481 3.377822342064365e-32 48.1
482 3.366739842165183e-32 48.2
483 3.355650628047637e-32 48.3
484 3.344703478957136e-32 48.40000000000001
485 3.333748773581117e-32 48.5
486 3.322934527788671e-32 48.6
487 3.31211189689938e-32 48.7
488 3.301428172375586e-32 48.8
489 3.290735274466176e-32 48.90000000000001
490 3.280179757163631e-32 49
491 3.269614294825576e-32 49.1
492 3.259184702546408e-32 49.2
493 3.248744404738381e-32 49.3
494 3.238438516882582e-32 49.40000000000001
495 3.228121201416814e-32 49.5
496 3.217936862835333e-32 49.6
497 3.207740390929255e-32 49.7
498 3.197675467803504e-32 49.8
499 3.187597726223164e-32 49.90000000000001
500 3.177650160079943e-32 50
501 2.204006980681551e-17 50.01
502 5.661857693430772e-19 50.02
503 1.799446783324964e-20 50.03
504 6.638324634124382e-22 50.04
505 2.730319190853594e-23 50.05
506 1.266348804603292e-24 50.06
507 6.160551537920078e-26 50.07
508 3.140457030230558e-27 50.08
509 1.68507885476952e-28 50.09
510 1.004923568492306e-29 50.1
511 1.156250152595285e-30 50.11
512 4.432508402772176e-31 50.12
513 3.007660329779084e-31 50.13
514 2.658449808044644e-31 50.14
515 2.536950805638794e-31 50.15
516 2.333462439709034e-31 50.16
517 2.241178856669716e-31 50.17
518 2.082605564708152e-31 50.18
519 2.009300855406675e-31 50.19
520 1.854128708587265e-31 50.2
521 1.698340226326435e-31 50.21
522 1.565655692188579e-31 50.22
523 1.451309542481128e-31 50.23
524 1.351749250158222e-31 50.24
525 1.264295183026064e-31 50.25
526 1.186884989681727e-31 50.26
527 1.117905389787566e-31 50.27
528 1.056073870053054e-31 50.28
529 1.000361632418022e-31 50.29
530 9.499218717627455e-32 50.3
531 9.040547591205232e-32 50.31
532 8.621783254644166e-32 50.32
533 8.238043852462551e-32 50.33
534 7.836347410872141e-32 50.34
535 7.560849218328461e-32 50.35
536 7.218243177617397e-32 50.36
537 6.941360944902996e-32 50.37
538 6.684056378917741e-32 50.38
539 8.070519994232238e-08 50.39
540 2.686063625340831e-07 50.4
541 6.414012998021327e-07 50.41
542 9.999957049072943e-07 50.42
543 1.463213864388878e-06 50.43
544 2.459496251799483e-06 50.44
545 5.920831887326703e-06 50.45
546 1.463804595271053e-05 50.46
547 2.827381521134101e-05 50.47
548 5.065357723742642e-05 50.48
549 8.924413369592495e-05 50.49
550 0.0001560060228221358 50.5
551 0.0002424362369249788 50.51
552 0.0003568314412468768 50.52
553 0.0005007366996398943 50.53
554 0.0006891037597393616 50.54
555 0.0009407952982389805 50.55
556 0.001264022929633681 50.56
557 0.001691325368446767 50.57
558 0.002271828039942555 50.58
559 0.003132185166897942 50.59
560 0.00439117376268946 50.6
561 0.005924246472618223 50.61
562 0.007672717418668275 50.62
563 0.009630810888694325 50.63
564 0.01173653008765018 50.64
565 0.0139511648835615 50.65
566 0.0162408233559037 50.66
567 0.01858779099000955 50.67
568 0.02089748584359116 50.68
569 0.02306475437331655 50.69
570 0.02498823365857086 50.7
571 0.02652451155847174 50.71
572 0.0276610051387456 50.72
573 0.02845007296740081 50.73
574 0.02891111808654235 50.74
575 0.02908095814227094 50.75
576 0.02897313375129713 50.76
577 0.02858391399673576 50.77
578 0.02790230437502755 50.78
579 0.02691515689637334 50.79
580 0.02560750074105142 50.8
581 0.02398019257790793 50.81
582 0.02204951087521063 50.82
583 0.01984515923853005 50.83
584 0.01741536189267872 50.84
585 0.01481924250538799 50.85
586 0.01213992857239144 50.86
587 0.009492221170111234 50.87
588 0.006990901283004158 50.88
589 0.004827050743137959 50.89
590 0.003130288390284118 50.9
591 0.001969375563004841 50.91
592 0.001329727194759758 50.92
593 0.001042179274643633 50.93
594 0.0008899542832359314 50.94
595 0.0008029167091075007 50.95
596 0.0007534016472291173 50.96
597 0.0007251719651914688 50.97
598 0.0007128659614841219 50.98
599 0.000712716396616246 50.99
600 0.0007240472912609141 51
601 0.0007710827217244785 51.01
602 0.0008387935473753467 51.02
603 0.0009268417452746562 51.03
604 0.00103770760879035 51.04
605 0.001173599763926511 51.05
606 0.001339501052246927 51.06
607 0.001544315131637636 51.07
608 0.001792267329861952 51.08
609 0.00209249997652118 51.09
610 0.002462875466183654 51.1
611 0.002944538201102128 51.11
612 0.003614475565142716 51.12
613 0.004516620924300375 51.13
614 0.005633084682513979 51.14
615 0.006972463600541258 51.15
616 0.008510454349303039 51.16
617 0.01024894541163497 51.17
618 0.01221744420370978 51.18
619 0.01445902626593873 51.19
620 0.01696833813631812 51.2
621 0.01972793776496781 51.21
622 0.02269401557655654 51.22
623 0.02566971634546083 51.23
624 0.02841344168183862 51.24
625 0.03085815883550839 51.25
626 0.03299434867970604 51.26
627 0.03483048366938266 51.27
628 0.03637017726662325 51.28
629 0.03763613968341629 51.29
630 0.03859953050446781 51.3
631 0.03927583293648415 51.31
632 0.03967497604939626 51.32
633 0.03979029456950728 51.33
634 0.03961437790750916 51.34
635 0.03916909494835879 51.35
636 0.03843414250074442 51.36
637 0.03743898957840598 51.37
638 0.03614628850093617 51.38
639 0.03459607492998721 51.39
640 0.03279631342809197 51.4
641 0.03074187830505537 51.41
642 0.02848488786043281 51.42
643 0.02607789853450433 51.43
644 0.0235453284046857 51.44
645 0.02095705683157744 51.45
646 0.01836770864084461 51.46
647 0.01583847073170028 51.47
648 0.01344348587222044 51.48
649 0.01124875776084528 51.49
650 0.009327857703320229 51.5
651 0.007740730687052064 51.51
652 0.006511473963504615 51.52
653 0.005608344122215631 51.53
654 0.005028476272017722 51.54
655 0.00478183999415047 51.55
656 0.004843533472252395 51.56
657 0.005145913659798021 51.57
658 0.005644207431204903 51.58
659 0.006332233904320717 51.59
660 0.007206737512316885 51.6
661 0.008292990196491932 51.61
662 0.009618373417678822 51.62
663 0.01121794324303358 51.63
664 0.01312023894419519 51.64
665 0.01538710293733489 51.65
666 0.01807521073184019 51.66
667 0.02106750663694739 51.67
668 0.0242499464586253 51.68
669 0.02751153488281857 51.69
670 0.03078485553928923 51.7
671 0.03405527562244211 51.71
672 0.03727759449759754 51.72
673 0.04039834845383895 51.73
674 0.04335697698736703 51.74
675 0.04612464637715174 51.75
676 0.04867795123280643 51.76
677 0.05100294266126393 51.77
678 0.05311233491800841 51.78
679 0.05500733942111775 51.79
680 0.05667312075773542 51.8
681 0.0580913319977515 51.81
682 0.05926062663022599 51.82
683 0.06018563616986342 51.83
684 0.06085188509741631 51.84
685 0.06130037467443162 51.85
686 0.06152922160583987 51.86
687 0.06152994325589962 51.87
688 0.06127198608199191 51.88
689 0.06077084146461945 51.89
690 0.06001732468789044 51.9
691 0.05898603350734703 51.91
692 0.05765333069707444 51.92
693 0.05605205926709012 51.93
694 0.05419366580055319 51.94
695 0.05211523297925571 51.95
696 0.04985954278775678 51.96
697 0.04747496143535077 51.97
698 0.04501298967326509 51.98
699 0.04252563788686153 51.99
700 0.04006376195167229 52
701 0.03770086675962348 52.01
702 0.03550410048557152 52.02
703 0.03352278972449128 52.03
704 0.03177431414723503 52.04
705 0.03026834862303395 52.05
706 0.02902625013501589 52.06
707 0.02803820468064429 52.07
708 0.02734838404928817 52.08
709 0.02696807005126438 52.09
710 0.02693381283917907 52.1
711 0.02724010644652633 52.11
712 0.02792113837921979 52.12
713 0.02899158404405513 52.13
714 0.03047118236096898 52.14
715 0.03233607591567689 52.15
716 0.03455303009569027 52.16
717 0.0371165044847459 52.17
718 0.0400106249476067 52.18
719 0.04318353973781905 52.19
720 0.04658640891235337 52.2
721 0.05018656343172201 52.21
722 0.05392434003057552 52.22
723 0.05775901300296379 52.23
724 0.06163509546333309 52.24
725 0.06549126092363595 52.25
726 0.06927175241725989 52.26
727 0.07291194744384756 52.27
728 0.0763580093939055 52.28
729 0.07957686038222767 52.29
730 0.08254596305967656 52.3
731 0.08525483280788454 52.31
732 0.08769768357762048 52.32
733 0.08987543278508284 52.33
734 0.09178959326719484 52.34
735 0.09343831606145024 52.35
736 0.09482263832165033 52.36
737 0.09594355318614847 52.37
738 0.09680214320099917 52.38
739 0.0973987785692475 52.39
740 0.09773757847831586 52.4
741 0.09781534882353676 52.41
742 0.09763916153797474 52.42
743 0.09720587497390695 52.43
744 0.09652289567514977 52.44
745 0.09559710933752112 52.45
746 0.09443759246063216 52.46
747 0.09305698623048558 52.47
748 0.09147232073575576 52.48
749 0.08970645615274019 52.49
750 0.08778778886432173 52.5
751 0.08574199831655752 52.51
752 0.0836040540170354 52.52
753 0.08140607970405403 52.53
754 0.0791882751891694 52.54
755 0.07700420153341368 52.55
756 0.07491480394708491 52.56
757 0.07296346241050004 52.57
758 0.07117823311745079 52.58
759 0.06957437689583543 52.59
760 0.06816429501174012 52.6
761 0.06696274553594346 52.61
762 0.06598869027387978 52.62
763 0.06526436751589348 52.63
764 0.06481119559249832 52.64
765 0.06464907591320451 52.65
766 0.06479598961314922 52.66
767 0.06526255128463183 52.67
768 0.06605819170385123 52.68
769 0.06718520083892131 52.69
770 0.06863864168366372 52.7
771 0.07041047815813645 52.71
772 0.07248406259159894 52.72
773 0.07484339750827806 52.73
774 0.07746997062179006 52.74
775 0.08034081305130515 52.75
776 0.08343037465136824 52.76
777 0.08671060001673575 52.77
778 0.09014679126152511 52.78
779 0.09370749277113363 52.79
780 0.0973527829704164 52.8
781 0.1010293397820919 52.81
782 0.1046751261918756 52.82
783 0.108230959350784 52.83
784 0.1116409491752937 52.84
785 0.1148724737810786 52.85
786 0.1179130676963051 52.86
787 0.1207568456714035 52.87
788 0.123401639089656 52.88
789 0.1258461525039946 52.89
790 0.1280894090449161 52.9
791 0.1301307392212318 52.91
792 0.1319706071465772 52.92
793 0.1336095718717246 52.93
794 0.1350489047601198 52.94
795 0.1362900160568061 52.95
796 0.1373338844377598 52.96
797 0.1381823412155695 52.97
798 0.1388369623554611 52.98
799 0.139299397322988 52.99
800 0.1395711154355978 53
801 0.1396542982803378 53.01
802 0.1395526541145083 53.02
803 0.1392713913342833 53.03
804 0.1388184925276514 53.04
805 0.1382030145079345 53.05
806 0.1374365674555394 53.06
807 0.1365347189128081 53.07
808 0.1355139775519187 53.08
809 0.1343925871165496 53.09
810 0.1331918280252799 53.1
811 0.1319366215146413 53.11
812 0.1306584127288278 53.12
813 0.1293974242883562 53.13
814 0.128191409931867 53.14
815 0.127062442339726 53.15
816 0.1260219854644881 53.16
817 0.125078122465497 53.17
818 0.1242400984825932 53.18
819 0.1235206501215807 53.19
820 0.1229317193502946 53.2
821 0.1224863124668919 53.21
822 0.1221926905156003 53.22
823 0.1220654388126953 53.23
824 0.1221122092704675 53.24
825 0.1223446673417119 53.25
826 0.122765915125051 53.26
827 0.1233765106121186 53.27
828 0.1241753726540087 53.28
829 0.1251619743774792 53.29
830 0.1263274946180056 53.3
831 0.1276676678415074 53.31
832 0.1291697059886552 53.32
833 0.1308232286290411 53.33
834 0.1326101226091698 53.34
835 0.1345150469392752 53.35
836 0.1365165502828596 53.36
837 0.1385888995029756 53.37
838 0.1407026129544006 53.38
839 0.1428249890529952 53.39
840 0.1449227855093955 53.4
841 0.1469636797532295 53.41
842 0.1489194843633849 53.42
843 0.1507748579562049 53.43
844 0.1525225604684506 53.44
845 0.1541590907852991 53.45
846 0.1556822824435826 53.46
847 0.1570904617604755 53.47
848 0.158382199821827 53.48
849 0.1595566385422347 53.49
850 0.1606131213897501 53.5
851 0.1615515257803343 53.51
852 0.1623725940736006 53.52
853 0.1630775358718842 53.53
854 0.16366737769047 53.54
855 0.1641436418759309 53.55
856 0.1645076521451004 53.56
857 0.1647607551128437 53.57
858 0.1649043093273113 53.58
859 0.1649390871140504 53.59
860 0.164866563523913 53.6
861 0.1646891008034754 53.61
862 0.1644096748878791 53.62
863 0.1640327512685635 53.63
864 0.1635643662114039 53.64
865 0.1630121579488273 53.65
866 0.1623859703305686 53.66
867 0.161696245118377 53.67
868 0.1609552183332854 53.68
869 0.1601778976144876 53.69
870 0.1593844160968905 53.7
871 0.1586005548830898 53.71
872 0.1578485835416526 53.72
873 0.1571416980849079 53.73
874 0.1564867778645049 53.74
875 0.1558881457619317 53.75
876 0.1553501779384584 53.76
877 0.1548781019792931 53.77
878 0.1544789931894119 53.78
879 0.1541600954560105 53.79
880 0.1539287287781566 53.8
881 0.1537920337082153 53.81
882 0.153756647595082 53.82
883 0.1538282054585235 53.83
884 0.1540113407910661 53.84
885 0.1543080020872727 53.85
886 0.154719728281448 53.86
887 0.1552444894908961 53.87
888 0.1558815408039128 53.88
889 0.1566278737075724 53.89
890 0.1574796365775656 53.9
891 0.1584310013426894 53.91
892 0.1594745318936252 53.92
893 0.1606004543143682 53.93
894 0.1617971426005428 53.94
895 0.1630498341895547 53.95
896 0.1643412231919959 53.96
897 0.1656508250299425 53.97
898 0.1669569673819763 53.98
899 0.1682372423518603 53.99
900 0.1694719512670285 54
901 0.1706498740103358 54.01
902 0.1717645281973466 54.02
903 0.1728120251129522 54.03
904 0.1737897346700569 54.04
905 0.1746956515012338 54.05
906 0.1755276201946699 54.06
907 0.176284502056763 54.07
908 0.1769654468300596 54.08
909 0.1775702364905606 54.09
910 0.1780994430540204 54.1
911 0.1785539285470214 54.11
912 0.1789344824749257 54.12
913 0.1792420807176221 54.13
914 0.1794780813593066 54.14
915 0.1796435094178613 54.15
916 0.1797392652900384 54.16
917 0.1797666190714601 54.17
918 0.1797268524335744 54.18
919 0.1796213864406291 54.19
920 0.1794521211518996 54.2
921 0.1792212356660682 54.21
922 0.1789316445486878 54.22
923 0.1785873384720102 54.23
924 0.1781936036191449 54.24
925 0.1777571229870135 54.25
926 0.1772853564881992 54.26
927 0.1767882303533012 54.27
928 0.1762794902471184 54.28
929 0.1757759892831088 54.29
930 0.1752910850614917 54.3
931 0.1748324859438302 54.31
932 0.1744043321135703 54.32
933 0.1740099024113311 54.33
934 0.1736522991002491 54.34
935 0.1733355697947383 54.35
936 0.173064439229851 54.36
937 0.1728432442414277 54.37
938 0.1726772492504929 54.38
939 0.1725711210412715 54.39
940 0.1725290705640827 54.4
941 0.1725550401543419 54.41
942 0.1726520889254877 54.42
943 0.1728220755546879 54.43
944 0.1730662929177658 54.44
945 0.17338514691291 54.45
946 0.1737779179992504 54.46
947 0.1742431615942859 54.47
948 0.1747784890792475 54.48
949 0.1753803510713191 54.49
950 0.1760439750815261 54.5
951 0.1767631063230582 54.51
952 0.1775296108897514 54.52
953 0.1783339051236745 54.53
954 0.1791641986223974 54.54
955 0.1800059791288029 54.55
956 0.1808436198700351 54.56
957 0.1816627015732449 54.57
958 0.1824522806863675 54.58
959 0.1832061075868365 54.59
960 0.1839199429102219 54.6
961 0.1845905323429558 54.61
962 0.1852150701103876 54.62
963 0.1857913574174491 54.63
964 0.1863175865252765 54.64
965 0.1867925602966875 54.65
966 0.1872157573800731 54.66
967 0.1875868981557543 54.67
968 0.187905841761721 54.68
969 0.1881729951783309 54.69
970 0.1883891631605905 54.7
971 0.1885551376662257 54.71
972 0.1886715982944537 54.72
973 0.1887392936833104 54.73
974 0.1887592503443519 54.74
975 0.188732267382717 54.75
976 0.1886594627044082 54.76
977 0.188542213315407 54.77
978 0.1883820429978494 54.78
979 0.1881807607531847 54.79
980 0.1879408164197565 54.8
981 0.1876654155764544 54.81
982 0.1873587538359813 54.82
983 0.1870266114636168 54.83
984 0.1866764925769812 54.84
985 0.1863189636316909 54.85
986 0.1859647915371235 54.86
987 0.1856219739055109 54.87
988 0.1852953891210206 54.88
989 0.1849883781539902 54.89
990 0.1847042685676082 54.9
991 0.1844462424938222 54.91
992 0.1842177336976935 54.92
993 0.1840222170238909 54.93
994 0.183863126659657 54.94
995 0.1837439221450723 54.95
996 0.1836677954916495 54.96
997 0.1836377018304087 54.97
998 0.1836563036029623 54.98
999 0.1837255791728385 54.99
1000 0.1838467334651106 55
1001 0.1840206832230305 55.01
1002 0.1842475455603204 55.02
1003 0.1845270911305028 55.03
1004 0.1848577650844942 55.04
1005 0.1852374708565776 55.05
1006 0.1856627622310105 55.06
1007 0.1861297714388393 55.07
1008 0.18663331356381 55.08
1009 0.1871670420067326 55.09
1010 0.187722794985548 55.1
1011 0.1882903861726441 55.11
1012 0.18885877765179 55.12
1013 0.1894177399575804 55.13
1014 0.1899596728984833 55.14
1015 0.1904790314810063 55.15
1016 0.190972222955667 55.16
1017 0.1914363846767766 55.17
1018 0.1918690389243205 55.18
1019 0.1922679414795422 55.19
1020 0.1926315925793009 55.2
1021 0.1929584327650752 55.21
1022 0.1932474495887556 55.22
1023 0.1934981629695117 55.23
1024 0.193710462867357 55.24
1025 0.1938843600476635 55.25
1026 0.1940200783402653 55.26
1027 0.194118160065113 55.27
1028 0.1941789725811925 55.28
1029 0.1942030703701824 55.29
1030 0.1941912302674847 55.3
1031 0.1941441941739993 55.31
1032 0.1940629925052438 55.32
1033 0.1939487681612634 55.33
1034 0.193802953238 55.34
1035 0.1936275335321339 55.35
1036 0.1934248910318577 55.36
1037 0.193198308778753 55.37
1038 0.1929521440896431 55.38
1039 0.192692546449374 55.39
1040 0.1924273712888354 55.4
1041 0.1921638888032004 55.41
1042 0.1919076407734897 55.42
1043 0.1916626249894414 55.43
1044 0.1914319022607715 55.44
1045 0.1912183975754727 55.45
1046 0.1910250168791379 55.46
1047 0.1908549350403794 55.47
1048 0.1907108427125387 55.48
1049 0.1905952627905609 55.49
1050 0.1905107355799939 55.5
1051 0.1904595808494687 55.51
1052 0.1904439973286072 55.52
1053 0.1904654149769334 55.53
1054 0.1905251738005514 55.54
1055 0.1906240617388842 55.55
1056 0.190762228802213 55.56
1057 0.190939545329734 55.57
1058 0.1911553787349763 55.58
1059 0.1914081148733515 55.59
1060 0.1916955396140324 55.6
1061 0.1920147706903963 55.61
1062 0.1923620560645609 55.62
1063 0.1927325356711373 55.63
1064 0.1931197922206441 55.64
1065 0.1935164511796414 55.65
1066 0.1939147930275089 55.66
1067 0.1943076290544749 55.67
1068 0.1946892871842845 55.68
1069 0.1950557218449472 55.69
1070 0.1954038730983514 55.7
1071 0.1957312656293516 55.71
1072 0.1960355915522905 55.72
1073 0.1963148688982528 55.73
1074 0.1965675940180097 55.74
1075 0.1967926036276268 55.75
1076 0.1969890165164459 55.76
1077 0.19715624349019 55.77
1078 0.1972939473367571 55.78
1079 0.1974019840469709 55.79
1080 0.1974805161909756 55.8
1081 0.1975297404562784 55.81
1082 0.1975500485988929 55.82
1083 0.197542015261001 55.83
1084 0.1975061883914032 55.84
1085 0.1974434272813132 55.85
1086 0.1973548288881501 55.86
1087 0.1972417530559074 55.87
1088 0.1971058983836557 55.88
1089 0.1969494453217374 55.89
1090 0.1967753907521407 55.9
1091 0.1965878634096651 55.91
1092 0.1963921482178926 55.92
1093 0.1961941001817191 55.93
1094 0.1959984628382807 55.94
1095 0.1958091451697925 55.95
1096 0.1956292083647223 55.96
1097 0.1954613918876134 55.97
1098 0.1953084640805649 55.98
1099 0.1951729427615873 55.99
1100 0.1950569730721512 56
1101 0.1949626945688061 56.01
1102 0.1948920749169532 56.02
1103 0.1948470541374881 56.03
1104 0.1948291575414084 56.04
1105 0.1948396481011393 56.05
1106 0.1948794842561484 56.06
1107 0.1949490396371412 56.07
1108 0.1950483700738238 56.08
1109 0.1951772629477475 56.09
1110 0.1953348974524493 56.1
1111 0.1955198133776658 56.11
1112 0.1957303838528978 56.12
1113 0.1959640656764664 56.13
1114 0.1962174713735634 56.14
1115 0.1964862092141058 56.15
1116 0.1967652610977636 56.16
1117 0.197048838280583 56.17
1118 0.1973314244306789 56.18
1119 0.1976085019902125 56.19
1120 0.1978764311776949 56.2
1121 0.1981321616101607 56.21
1122 0.19837342288001 56.22
1123 0.1985981843795533 56.23
1124 0.1988047574259463 56.24
1125 0.1989915571405538 56.25
1126 0.1991573406766422 56.26
1127 0.1993012940611032 56.27
1128 0.1994227607919963 56.28
1129 0.1995212545536466 56.29
1130 0.1995965380096839 56.3
1131 0.1996486112080926 56.31
1132 0.1996776034090772 56.32
1133 0.1996839222813187 56.33
1134 0.1996679638257604 56.34
1135 0.1996302984963869 56.35
1136 0.1995718074508703 56.36
1137 0.199493578224388 56.37
1138 0.1993970821763107 56.38
1139 0.1992842393416678 56.39
1140 0.199157542461698 56.4
1141 0.1990202029535639 56.41
1142 0.1988762157622989 56.42
1143 0.1987297905925263 56.43
1144 0.1985847550021631 56.44
1145 0.1984443370487419 56.45
1146 0.1983112928064462 56.46
1147 0.1981880609479467 56.47
1148 0.1980768607381562 56.48
1149 0.1979796299711414 56.49
1150 0.1978982747342712 56.5
1151 0.1978344794204035 56.51
1152 0.1977897415020623 56.52
1153 0.1977653601857498 56.53
1154 0.1977623671661414 56.54
1155 0.1977815091351456 56.55
1156 0.1978232004816062 56.56
1157 0.1978875452707178 56.57
1158 0.1979742675403813 56.58
1159 0.1980827805886364 56.59
1160 0.1982120936102806 56.6
1161 0.1983607552511523 56.61
1162 0.1985266452792115 56.62
1163 0.1987071378419718 56.63
1164 0.1988989522543713 56.64
1165 0.1990981847890144 56.65
1166 0.1993005649428232 56.66
1167 0.1995022088560859 56.67
1168 0.1996998778953078 56.68
1169 0.1998908101485726 56.69
1170 0.2000726855963191 56.7
1171 0.2002435939203443 56.71
1172 0.2004018261504502 56.72
1173 0.2005458922418957 56.73
1174 0.2006745714788901 56.74
1175 0.2007868453628034 56.75
1176 0.2008819344777728 56.76
1177 0.2009593709085659 56.77
1178 0.2010188308851968 56.78
1179 0.201060162483817 56.79
1180 0.2010833996011122 56.8
1181 0.2010887343788929 56.81
1182 0.2010765439608469 56.82
1183 0.2010473989795145 56.83
1184 0.2010020632647003 56.84
1185 0.2009416289010017 56.85
1186 0.2008674475748417 56.86
1187 0.2007813370320375 56.87
1188 0.2006855394805807 56.88
1189 0.2005829102006204 56.89
1190 0.2004765942533663 56.9
1191 0.2003697296167846 56.91
1192 0.2002650393285882 56.92
1193 0.2001649335744206 56.93
1194 0.2000715406733319 56.94
1195 0.1999867478577862 56.95
1196 0.1999123019264142 56.96
1197 0.1998497782340122 56.97
1198 0.1998005220520644 56.98
1199 0.1997657464565375 56.99
1200 0.1997464449324502 57
1201 0.199743447971617 57.01
1202 0.1997571914911971 57.02
1203 0.1997879308992234 57.03
1204 0.1998356563444083 57.04
1205 0.1999000580862313 57.05
1206 0.1999805675510446 57.06
1207 0.2000761810930237 57.07
1208 0.2001855556364308 57.08
1209 0.2003068988922895 57.09
1210 0.2004380033515621 57.1
1211 0.2005761060382384 57.11
1212 0.2007181981363513 57.12
1213 0.2008613348742427 57.13
1214 0.2010028790820207 57.14
1215 0.2011405246207807 57.15
1216 0.2012722842195153 57.16
1217 0.2013964502740452 57.17
1218 0.2015115695222733 57.18
1219 0.2016163545171042 57.19
1220 0.2017097066342201 57.2
1221 0.20179070892636 57.21
1222 0.201858655776665 57.22
1223 0.2019130161359482 57.23
1224 0.2019534678928105 57.24
1225 0.2019798939114199 57.25
1226 0.2019923173477962 57.26
1227 0.2019909701116298 57.27
1228 0.2019762625211496 57.28
1229 0.2019487545100585 57.29
1230 0.2019092626153401 57.3
1231 0.2018588802410677 57.31
1232 0.2017989775526744 57.32
1233 0.2017312981008975 57.33
1234 0.2016579630460925 57.34
1235 0.2015813074880447 57.35
1236 0.2015035861974468 57.36
1237 0.2014270199197995 57.37
1238 0.201353635294765 57.38
1239 0.2012851939692719 57.39
1240 0.2012231930250654 57.4
1241 0.2011690703773594 57.41
1242 0.2011240932016992 57.42
1243 0.201089393384027 57.43
1244 0.2010657619057494 57.44
1245 0.2010539701244725 57.45
1246 0.2010545044120824 57.46
1247 0.2010676302722588 57.47
1248 0.2010933863579041 57.48
1249 0.201131662230208 57.49
1250 0.2011821164687889 57.5
1251 0.2012440273422853 57.51
1252 0.2013164160204227 57.52
1253 0.201398045839547 57.53
1254 0.201487286597203 57.54
1255 0.2015821482007343 57.55
1256 0.2016805190708131 57.56
1257 0.2017803848169949 57.57
1258 0.2018796950927723 57.58
1259 0.2019765900452023 57.59
1260 0.2020694773442159 57.6
1261 0.2021569676807622 57.61
1262 0.2022378444305545 57.62
1263 0.2023110493497559 57.63
1264 0.2023756711102248 57.64
1265 0.2024309893857102 57.65
1266 0.2024763962777256 57.66
1267 0.2025114908232364 57.67
1268 0.2025360768107192 57.68
1269 0.2025501083952091 57.69
1270 0.202553646201263 57.7
1271 0.202546937120069 57.71
1272 0.2025304145058102 57.72
1273 0.2025046844766812 57.73
1274 0.2024705940093342 57.74
1275 0.2024291899510696 57.75
1276 0.2023817800649508 57.76
1277 0.2023299113295196 57.77
1278 0.2022752589338775 57.78
1279 0.2022195727587506 57.79
1280 0.2021645415610268 57.8
1281 0.2021116980734837 57.81
1282 0.2020624410920298 57.82
1283 0.2020179945794547 57.83
1284 0.2019794835745387 57.84
1285 0.2019478770872833 57.85
1286 0.2019239521016239 57.86
1287 0.2019083461048772 57.87
1288 0.2019015403550544 57.88
1289 0.2019038415053294 57.89
1290 0.2019154351816293 57.9
1291 0.2019362728492659 57.91
1292 0.201966115839997 57.92
1293 0.2020044911602033 57.93
1294 0.202050727705674 57.94
1295 0.2021039427626411 57.95
1296 0.2021629954585719 57.96
1297 0.2022264697366623 57.97
1298 0.2022929222060837 57.98
1299 0.2023608232797969 57.99
1300 0.2024288642704242 58
1301 0.2024955531467955 58.01
1302 0.2025596463623713 58.02
1303 0.2026200502145224 58.03
1304 0.202675812558472 58.04
1305 0.2027260658164668 58.05
1306 0.2027700874658655 58.06
1307 0.2028072618896627 58.07
1308 0.2028371070484886 58.08
1309 0.2028593089874977 58.09
1310 0.2028736939756945 58.1
1311 0.2028802368100727 58.11
1312 0.202879067602928 58.12
1313 0.2028704429262556 58.13
1314 0.2028547651857247 58.14
1315 0.2028326036319875 58.15
1316 0.2028047097538882 58.16
1317 0.2027720231806374 58.17
1318 0.2027356623178103 58.18
1319 0.202696764018686 58.19
1320 0.2026565675902102 58.2
1321 0.2026162916338486 58.21
1322 0.2025770871881665 58.22
1323 0.2025400469294841 58.23
1324 0.2025061438832029 58.24
1325 0.2024762551338539 58.25
1326 0.2024511372888859 58.26
1327 0.2024314333624678 58.27
1328 0.2024176666828058 58.28
1329 0.2024101957479519 58.29
1330 0.2024092757424618 58.3
1331 0.2024149734332384 58.31
1332 0.2024272230042745 58.32
1333 0.2024458241314775 58.33
1334 0.2024703838717431 58.34
1335 0.2025003728669973 58.35
1336 0.202535090808252 58.36
1337 0.2025736797248251 58.37
1338 0.2026151218952887 58.38
1339 0.2026584123924835 58.39
1340 0.2027025145528599 58.4
1341 0.2027464111135461 58.41
1342 0.202789139434529 58.42
1343 0.202829805209684 58.43
1344 0.2028676246000311 58.44
1345 0.2029018997179983 58.45
1346 0.2029320010979546 58.46
1347 0.2029574266250543 58.47
1348 0.2029777995692867 58.48
1349 0.2029928220452455 58.49
1350 0.2030022656428167 58.5
1351 0.203006050570874 58.51
1352 0.2030043684632752 58.52
1353 0.2029973354548554 58.53
1354 0.2029852403616748 58.54
1355 0.2029685046655723 58.55
1356 0.2029476670300912 58.56
1357 0.202923384234444 58.57
1358 0.2028964111366771 58.58
1359 0.2028675828080887 58.59
1360 0.2028377767436236 58.6
1361 0.2028078746294952 58.61
1362 0.2027787165457354 58.62
1363 0.2027511334529719 58.63
1364 0.2027258157994081 58.64
1365 0.2027034007572502 58.65
1366 0.2026844439015625 58.66
1367 0.2026694255331791 58.67
1368 0.2026587043181294 58.68
1369 0.2026525084329752 58.69
1370 0.2026509590506206 58.7
1371 0.2026540753222286 58.71
1372 0.2026617628134144 58.72
1373 0.2026738045307862 58.73
1374 0.202689993028537 58.74
1375 0.2027096527518331 58.75
1376 0.2027323019064474 58.76
1377 0.2027573264311578 58.77
1378 0.2027840510895424 58.78
1379 0.2028117659047049 58.79
1380 0.202839755361686 58.8
1381 0.202867319640216 58.81
1382 0.2028937856410339 58.82
1383 0.2029185116828956 58.83
1384 0.2029409639765478 58.84
1385 0.2029606585859672 58.85
1386 0.2029771860329338 58.86
1387 0.2029902149689066 58.87
1388 0.2029995226332939 58.88
1389 0.2030049530819946 58.89
1390 0.2030064497159373 58.9
1391 0.2030040457462017 58.91
1392 0.2029978391239283 58.92
1393 0.2029880778463681 58.93
1394 0.2029750589906555 58.94
1395 0.2029591641105844 58.95
1396 0.2029408583188012 58.96
1397 0.2029206718050253 58.97
1398 0.202899182618669 58.98
1399 0.2028769870173233 58.99
1400 0.2028547009922132 59
1401 0.2028329025074501 59.01
1402 0.2028121599643722 59.02
1403 0.202792985224412 59.03
1404 0.2027758369525283 59.04
1405 0.2027611045842944 59.05
1406 0.2027491167295513 59.06
1407 0.2027401216571877 59.07
1408 0.2027342671194655 59.08
1409 0.2027316255912004 59.09
1410 0.2027321930094687 59.1
1411 0.202735865456503 59.11
1412 0.2027424628318323 59.12
1413 0.202751723742167 59.13
1414 0.2027633078365797 59.14
1415 0.2027768215563994 59.15
1416 0.2027918131357537 59.16
1417 0.2028078282195443 59.17
1418 0.2028243757777151 59.18
1419 0.2028409514884214 59.19
1420 0.2028570565418983 59.2
1421 0.2028722154698629 59.21
1422 0.2028859980848362 59.22
1423 0.2028980268883074 59.23
1424 0.202908030646507 59.24
1425 0.2029157391192916 59.25
1426 0.2029209210535186 59.26
1427 0.2029234325540497 59.27
1428 0.2029232203222783 59.28
1429 0.2029203247602983 59.29
1430 0.2029147967682916 59.3
1431 0.202906757483765 59.31
1432 0.202896409252656 59.32
1433 0.2028839875169883 59.33
1434 0.2028697997851711 59.34
1435 0.2028542118525985 59.35
1436 0.2028376164048182 59.36
1437 0.202820361886727 59.37
1438 0.2028029037797474 59.38
1439 0.20278568664368 59.39
1440 0.2027691030322191 59.4
1441 0.2027535167712142 59.41
1442 0.2027392844157676 59.42
1443 0.2027266823358491 59.43
1444 0.2027159550264768 59.44
1445 0.2027072880334796 59.45
1446 0.2027008072704694 59.46
1447 0.2026965891425677 59.47
1448 0.2026946366254612 59.48
1449 0.2026948997542535 59.49
1450 0.202697252545291 59.5
1451 0.2027015240631513 59.51
1452 0.2027074724506956 59.52
1453 0.2027148280980001 59.53
1454 0.2027232976407197 59.54
1455 0.2027325502831979 59.55
1456 0.2027422372958978 59.56
1457 0.2027520193672886 59.57
1458 0.2027615529253842 59.58
1459 0.2027705087545949 59.59
1460 0.2027785751734326 59.6
1461 0.2027854910580779 59.61
1462 0.2027910619192731 59.62
1463 0.2027950810634424 59.63
1464 0.2027974077059911 59.64
1465 0.2027979240327221 59.65
1466 0.202796570419363 59.66
1467 0.2027933500124116 59.67
1468 0.2027882952080232 59.68
1469 0.2027814894922196 59.69
1470 0.2027730929321123 59.7
1471 0.2027632794787303 59.71
1472 0.202752244245558 59.72
1473 0.2027402450624801 59.73
1474 0.2027275437137633 59.74
1475 0.2027144279748085 59.75
1476 0.202701188646339 59.76
1477 0.2026881505619213 59.77
1478 0.2026755269544193 59.78
1479 0.2026636002150945 59.79
1480 0.2026525941788636 59.8
1481 0.202642718922446 59.81
1482 0.2026341316654269 59.82
1483 0.202626958385504 59.83
1484 0.2026212806528301 59.84
1485 0.2026171309796731 59.85
1486 0.2026145016874041 59.86
1487 0.2026133569127078 59.87
1488 0.202613583956622 59.88
1489 0.2026150735151808 59.89
1490 0.2026176511641823 59.9
1491 0.202621131932918 59.91
1492 0.202625300880409 59.92
1493 0.2026299249569367 59.93
1494 0.202634757710741 59.94
1495 0.2026395590362758 59.95
1496 0.2026440978615062 59.96
1497 0.202648150137793 59.97
1498 0.2026515066691301 59.98
1499 0.2026539806533711 59.99
1500 0.2026554051294423 60
