"frac-mass-n2-rfile"
"Time Step" "frac-mass-n2 etc.."
("Time Step" "frac-mass-n2" "flow-time")
0 0.7695477184520818 0
1 0.7693254534654991 0.1
2 0.7690907122731129 0.2
3 0.7689237627538462 0.3
4 0.7687802144987592 0.4
5 0.7686058250071047 0.5
6 0.7683695075754341 0.6000000000000001
7 0.7681014616269851 0.7000000000000001
8 0.7678335230672265 0.8
9 0.7675711831069447 0.9
10 0.7673075342963879 1
11 0.7670335907250054 1.1
12 0.7667473699148017 1.2
13 0.7664533509611179 1.3
14 0.7661560099092561 1.4
15 0.7658679670562401 1.5
16 0.7655841781856793 1.6
17 0.7653032951552395 1.7
18 0.7650126663478273 1.8
19 0.7647360124380321 1.9
20 0.7644313147544091 2
21 0.7641600760461361 2.1
22 0.7640012573250339 2.2
23 0.763741064178002 2.3
24 0.7634760205634797 2.4
25 0.763215314643545 2.5
26 0.7629618589390357 2.6
27 0.7627176903252464 2.7
28 0.7624965416000067 2.8
29 0.7622815547896326 2.9
30 0.7620482422513535 3
31 0.7618225130884421 3.1
32 0.7615775565861587 3.2
33 0.7613630893590211 3.3
34 0.7611195867746252 3.4
35 0.7609074177041638 3.5
36 0.7606699636732098 3.6
37 0.7604512464657583 3.7
38 0.7602262109653399 3.8
39 0.7600007326944707 3.9
40 0.7597741565644024 4
41 0.7595409470739439 4.100000000000001
42 0.7593084078954608 4.2
43 0.7590735657119546 4.3
44 0.7588360318387551 4.4
45 0.7585966894203078 4.5
46 0.7583550193109416 4.600000000000001
47 0.758110920377003 4.7
48 0.7578674228224409 4.800000000000001
49 0.7576205059416307 4.9
50 0.7573707066679934 5
51 0.7571198391751113 5.100000000000001
52 0.7568677439938362 5.2
53 0.7566146438791915 5.300000000000001
54 0.7563609569774407 5.4
55 0.7561069788421545 5.5
56 0.7558525168314409 5.600000000000001
57 0.7555975751300914 5.7
58 0.7553423133003726 5.800000000000001
59 0.755086562529141 5.9
60 0.7548303866038545 6
61 0.7545732990716156 6.100000000000001
62 0.754315568929369 6.2
63 0.7540570673588867 6.300000000000001
64 0.7537980730854861 6.4
65 0.7535380953301558 6.5
66 0.7532773066771267 6.600000000000001
67 0.7530182103717116 6.7
68 0.7527590294948657 6.800000000000001
69 0.7524998939137642 6.9
70 0.7522410536904535 7
71 0.7519823290467404 7.100000000000001
72 0.7517239698536894 7.2
73 0.7514658691004676 7.300000000000001
74 0.7512086078302609 7.4
75 0.7509523960876311 7.5
76 0.7506969949843679 7.600000000000001
77 0.7504396259463064 7.7
78 0.7501838366783135 7.800000000000001
79 0.749931583420846 7.9
80 0.7496790192605801 8
81 0.7494282175952035 8.1
82 0.7491784763678263 8.200000000000001
83 0.7489308395031097 8.300000000000001
84 0.7486844699670617 8.4
85 0.7484398164716096 8.5
86 0.7481409162468541 8.6
87 0.747887172248061 8.700000000000001
88 0.7476422449176922 8.800000000000001
89 0.7473225532717657 8.9
90 0.7469995420471478 9
91 0.7467558846119731 9.1
92 0.746441082727611 9.200000000000001
93 0.7461307288032213 9.300000000000001
94 0.7458210039097412 9.4
95 0.7455075934951482 9.5
96 0.7452736853684363 9.600000000000001
97 0.7449500993068443 9.700000000000001
98 0.7446353441232781 9.800000000000001
99 0.7443221712673944 9.9
100 0.744061857306221 10
101 0.7437311407260357 10.1
102 0.7434974344627164 10.2
103 0.7431799376819916 10.3
104 0.7429449709687395 10.4
105 0.7425907200688829 10.5
106 0.7423567806717312 10.6
107 0.7420199868634419 10.7
108 0.7417859783756314 10.8
109 0.7414474757918686 10.9
110 0.7412118512745343 11
111 0.7408717448152435 11.1
112 0.7406366542117157 11.2
113 0.740292385084557 11.3
114 0.7400567857390991 11.4
115 0.7397913905910937 11.5
116 0.739557359396827 11.6
117 0.7392102082446074 11.7
118 0.7389129411446137 11.8
119 0.7386413172297783 11.9
120 0.7383706016941409 12
121 0.7380094102296347 12.1
122 0.7377014283725584 12.2
123 0.7375369332777649 12.3
124 0.7372626469724105 12.4
125 0.736980089125421 12.5
126 0.7366951953714959 12.6
127 0.7364117922272525 12.7
128 0.7361247277016093 12.8
129 0.7358372781798104 12.9
130 0.7355564109835382 13
131 0.7352490895310135 13.1
132 0.7350229098976305 13.2
133 0.7347189171149575 13.3
134 0.734457710608667 13.4
135 0.7341617491404533 13.5
136 0.7339336129763862 13.6
137 0.7335994067051551 13.7
138 0.7333708148915393 13.8
139 0.7330303723606574 13.9
140 0.7328019879545444 14
141 0.7324586913192892 14.1
142 0.7322257212281176 14.2
143 0.7318748387290365 14.3
144 0.7316446041672476 14.4
145 0.7312855608565082 14.5
146 0.7310580285963415 14.6
147 0.7307517832551094 14.7
148 0.7304783651735995 14.8
149 0.7301653131674265 14.9
150 0.7299166677598127 15
151 0.7295838529052121 15.1
152 0.7293038166577431 15.2
153 0.7289580373026244 15.3
154 0.7286753919848875 15.4
155 0.7283317174263735 15.5
156 0.7280452272988165 15.6
157 0.7276713067954127 15.7
158 0.7273249112082282 15.8
159 0.7269395587900996 15.9
160 0.726664119246775 16
161 0.7262800490081082 16.1
162 0.7259990342656415 16.2
163 0.7256146200937867 16.3
164 0.7253200515565209 16.4
165 0.7249082607493338 16.5
166 0.7246241595004247 16.6
167 0.7241959956276937 16.7
168 0.7238973753091741 16.8
169 0.7234620041111652 16.9
170 0.723158280944906 17
171 0.7227526565403138 17.1
172 0.7224586512803662 17.2
173 0.7220784395689352 17.3
174 0.7217850073130372 17.4
175 0.7213905718955861 17.5
176 0.7210246828512779 17.6
177 0.7207495476335848 17.7
178 0.7203885265151501 17.8
179 0.7200507757029049 17.9
180 0.719822436703633 18
181 0.7194835930535697 18.1
182 0.7191656510663244 18.2
183 0.7189301676983241 18.3
184 0.718593151112299 18.4
185 0.7182697260938222 18.5
186 0.7180281352829393 18.6
187 0.7176975257507877 18.7
188 0.717483965570741 18.8
189 0.7172602897603139 18.9
190 0.7170276268449738 19
191 0.7167961804849786 19.1
192 0.7165647692931322 19.2
193 0.7163334121870222 19.3
194 0.7161022256202365 19.4
195 0.7158708156204575 19.5
196 0.7156393758725695 19.6
197 0.7154079818731721 19.7
198 0.7151762989227338 19.8
199 0.714943947254804 19.9
200 0.714710551858155 20
201 0.7144761515326032 20.1
202 0.7142410540234055 20.2
203 0.7140056744166448 20.3
204 0.7137703379556818 20.4
205 0.7135530308471979 20.5
206 0.71333572051876 20.6
207 0.7131016881786989 20.7
208 0.712886944099562 20.8
209 0.7126538694961227 20.9
210 0.7124398124368887 21
211 0.7122261895725306 21.1
212 0.7120128701764435 21.2
213 0.7117997819101161 21.3
214 0.7115866449266677 21.4
215 0.7113739484901903 21.5
216 0.7111600120431928 21.6
217 0.710946386855735 21.7
218 0.710733715852144 21.8
219 0.7105206774134416 21.9
220 0.7103085622590143 22
221 0.7100961626000795 22.1
222 0.7098829172448352 22.2
223 0.7096703239370654 22.3
224 0.709458465739897 22.4
225 0.7092465931095526 22.5
226 0.7090342614474379 22.6
227 0.7088215722765685 22.7
228 0.7086092976346821 22.8
229 0.7083970243056914 22.9
230 0.7081847475797047 23
231 0.7079728341840867 23.1
232 0.7077604432138473 23.2
233 0.7075492017923619 23.3
234 0.7073368674362149 23.4
235 0.7071250113456411 23.5
236 0.706914165295393 23.6
237 0.7067031045811253 23.7
238 0.7064922077286105 23.8
239 0.7062804843908881 23.9
240 0.7060690383630207 24
241 0.7058583921523315 24.1
242 0.7056475994748415 24.2
243 0.7054364881159435 24.3
244 0.705226356445498 24.4
245 0.7050160924141216 24.5
246 0.7048060926911949 24.6
247 0.7045951898127168 24.7
248 0.7043851550131915 24.8
249 0.7041756034304866 24.9
250 0.7039646578000203 25
251 0.7037549921652582 25.1
252 0.7035455612905509 25.2
253 0.7033354401453696 25.3
254 0.7031259856655996 25.4
255 0.7029165991355125 25.5
256 0.702706701387191 25.6
257 0.702496658473732 25.7
258 0.7022863375273305 25.8
259 0.702076862675271 25.9
260 0.7018683230181886 26
261 0.7016598317258118 26.1
262 0.7014499799005356 26.2
263 0.7012408322641919 26.3
264 0.7010313373905359 26.4
265 0.7008223814334057 26.5
266 0.7006142911652145 26.6
267 0.7004052462429421 26.7
268 0.7001974948867268 26.8
269 0.699989603292717 26.9
270 0.6997818562502582 27
271 0.6995743267655321 27.1
272 0.6993667743719547 27.2
273 0.6991586562279767 27.3
274 0.6989507208438254 27.4
275 0.69874281781762 27.5
276 0.698534752528715 27.6
277 0.6983266852498461 27.7
278 0.6981188861647898 27.8
279 0.6979117172620587 27.9
280 0.6977051822069619 28
281 0.6974987757032794 28.1
282 0.6972921133827914 28.2
283 0.697085589101259 28.3
284 0.6968786055062726 28.4
285 0.6966724652700013 28.5
286 0.6964657879540078 28.6
287 0.6962586370380189 28.7
288 0.6960517817397867 28.8
289 0.6958459345032186 28.9
290 0.6956393765380149 29
291 0.6954330101567008 29.1
292 0.6952276354150517 29.2
293 0.6950223158295418 29.3
294 0.6948172787207433 29.4
295 0.6946112694506088 29.5
296 0.6944056693151254 29.6
297 0.6941993473816355 29.7
298 0.6939935669153264 29.8
299 0.6937881082832391 29.9
300 0.693582461646142 30
301 0.6933771629787899 30.1
302 0.6931717266842614 30.2
303 0.6929663890857201 30.3
304 0.6927606750571318 30.4
305 0.692555172896526 30.5
306 0.6923499512317137 30.6
307 0.6921448141104969 30.7
308 0.6919396473688992 30.8
309 0.6917345990059127 30.9
310 0.6915300632223479 31
311 0.6913252365976584 31.1
312 0.691121914598316 31.2
313 0.6909173604944653 31.3
314 0.6907133809249476 31.4
315 0.6905090785260456 31.5
316 0.6903046549014681 31.6
317 0.6901002361226863 31.7
318 0.6898965705167728 31.8
319 0.6896929861640281 31.9
320 0.6894892800371289 32
321 0.6892859326787231 32.1
322 0.689082049830253 32.2
323 0.6888786810772199 32.3
324 0.6886756591574071 32.4
325 0.688472351944899 32.5
326 0.68826943649745 32.6
327 0.6880664330725468 32.7
328 0.687863718430847 32.8
329 0.6876609474357063 32.9
330 0.6874579077624942 33
331 0.6872554375715645 33.1
332 0.687053693178181 33.2
333 0.6868508505920382 33.3
334 0.6866484519912069 33.4
335 0.6864460579936928 33.5
336 0.6862440880553485 33.6
337 0.6860419851950466 33.7
338 0.6858403094711779 33.8
339 0.6856393137991966 33.9
340 0.6854378398433524 34
341 0.685236108227295 34.1
342 0.6850348423496651 34.2
343 0.6848333569092429 34.3
344 0.6846331310608016 34.4
345 0.6844327018470937 34.5
346 0.6842314004015427 34.6
347 0.6840302370991981 34.7
348 0.6838287959508458 34.8
349 0.683627688769743 34.9
350 0.6834269152342002 35
351 0.6832259795922482 35.1
352 0.6830262300316964 35.2
353 0.6828253281519395 35.3
354 0.6826257907541151 35.4
355 0.6824251283890346 35.5
356 0.6822250450430801 35.6
357 0.6820245305186352 35.7
358 0.6818244934136446 35.8
359 0.6816247625820807 35.9
360 0.6814248746618138 36
361 0.6812252013801676 36.1
362 0.6810256962018387 36.2
363 0.6808259860637479 36.3
364 0.6806267445639081 36.4
365 0.6804278436945254 36.5
366 0.6802288191471064 36.6
367 0.6800293837086244 36.7
368 0.6798304420751264 36.8
369 0.6796312095805371 36.9
370 0.6794324462251874 37
371 0.6792336386006239 37.1
372 0.6790346659611369 37.2
373 0.6788361897709687 37.3
374 0.6786376585460148 37.4
375 0.6784392726625259 37.5
376 0.6782421491350124 37.6
377 0.6780443398044859 37.7
378 0.6778457706401345 37.8
379 0.6776473717643409 37.9
380 0.6774501695910637 38
381 0.6772526240322132 38.1
382 0.6770549532866665 38.2
383 0.6768575589806427 38.3
384 0.6766601570257403 38.40000000000001
385 0.6764630718143075 38.5
386 0.6762659559371782 38.6
387 0.6760698304731848 38.7
388 0.6758738721664335 38.8
389 0.6756767885131637 38.90000000000001
390 0.6754800926860248 39
391 0.6752833327028902 39.1
392 0.6750864526865553 39.2
393 0.6748910019796175 39.3
394 0.6746953066017455 39.40000000000001
395 0.6744992101528787 39.5
396 0.674303112107282 39.6
397 0.6741070086929511 39.7
398 0.6739112474204505 39.8
399 0.6737150614679482 39.90000000000001
400 0.6735186090183094 40
401 0.673322341635063 40.1
402 0.6731264159670011 40.2
403 0.6729308613240867 40.3
404 0.6727353023573595 40.40000000000001
405 0.6725400674229474 40.5
406 0.6723443801580383 40.6
407 0.6721493840604985 40.7
408 0.6719544852510033 40.8
409 0.6717592491190155 40.90000000000001
410 0.6715643717071393 41
411 0.6713695966154789 41.1
412 0.6711747306564175 41.2
413 0.6709796052443486 41.3
414 0.670785101495239 41.40000000000001
415 0.6705907450513904 41.5
416 0.6703959958178142 41.6
417 0.6702011701426902 41.7
418 0.6700064803189492 41.8
419 0.6698123843046577 41.90000000000001
420 0.6696181425968302 42
421 0.6694237481414934 42.1
422 0.6692297680384508 42.2
423 0.6690360630905114 42.3
424 0.6688421976034913 42.40000000000001
425 0.6686481369384185 42.5
426 0.6684547168511228 42.6
427 0.6682615268468369 42.7
428 0.6680682793345982 42.8
429 0.6678754591569388 42.90000000000001
430 0.667682231709087 43
431 0.6674891105577083 43.1
432 0.6672960833967597 43.2
433 0.6671030721558339 43.3
434 0.6669098304630016 43.40000000000001
435 0.666716986422218 43.5
436 0.6665251544846788 43.6
437 0.6663325884316597 43.7
438 0.6661399023140043 43.8
439 0.6659470871864768 43.90000000000001
440 0.6657547164964656 44
441 0.6655626038113198 44.1
442 0.6653702855763501 44.2
443 0.6651779737305258 44.3
444 0.664985851117562 44.40000000000001
445 0.6647938876581163 44.5
446 0.6646021435368423 44.6
447 0.6644107272176054 44.7
448 0.6642189089912665 44.8
449 0.6640274537720102 44.90000000000001
450 0.6638363456668437 45
451 0.6636452490172072 45.1
452 0.6634543362283978 45.2
453 0.6632634654475147 45.3
454 0.6630726438017006 45.40000000000001
455 0.6628815831930914 45.5
456 0.6626916482439343 45.6
457 0.662500859895617 45.7
458 0.6623101496475671 45.8
459 0.6621197163470706 45.90000000000001
460 0.661928804499839 46
461 0.6617381450027671 46.1
462 0.661547718163031 46.2
463 0.6613578516250099 46.3
464 0.6611677954480695 46.40000000000001
465 0.6609774574274397 46.5
466 0.6607873916845831 46.6
467 0.6605977055085309 46.7
468 0.6604077911649425 46.8
469 0.660218140753661 46.90000000000001
470 0.6600282439197372 47
471 0.6598391327600466 47.1
472 0.6596495081302766 47.2
473 0.6594603928684735 47.3
474 0.6592709841540467 47.40000000000001
475 0.6590817692479889 47.5
476 0.658893655763062 47.6
477 0.6587045455347574 47.7
478 0.658515975044464 47.8
479 0.658327681683035 47.90000000000001
480 0.6581387395974821 48
481 0.6579500845575472 48.1
482 0.6577619528566714 48.2
483 0.6575739585824721 48.3
484 0.6573857613891372 48.40000000000001
485 0.657197266661714 48.5
486 0.6570087599263963 48.6
487 0.6568209279584616 48.7
488 0.6566330916422606 48.8
489 0.6564454695754333 48.90000000000001
490 0.6562579261226995 49
491 0.6560700701151048 49.1
492 0.6558826982838597 49.2
493 0.6556953473556714 49.3
494 0.6555078089187641 49.40000000000001
495 0.6553204631795551 49.5
496 0.6551334819558094 49.6
497 0.6549464100334723 49.7
498 0.6547592244046883 49.8
499 0.6545723559580844 49.90000000000001
500 0.6543858215946107 50
501 0.6543657144683015 50.01
502 0.654345366467214 50.02
503 0.6543247800762196 50.03
504 0.6543038933376141 50.04
505 0.6542825319276843 50.05
506 0.6542606300372131 50.06
507 0.654238156491177 50.07
508 0.6542151729329713 50.08
509 0.6541915930748132 50.09
510 0.6541674980158103 50.1
511 0.6541428794271746 50.11
512 0.6541177113098208 50.12
513 0.65409208773441 50.13
514 0.6540661362327916 50.14
515 0.6540397191801951 50.15
516 0.6540128695297963 50.16
517 0.6539854891744296 50.17
518 0.6539575884638863 50.18
519 0.6539290526646663 50.19
520 0.6538999119586242 50.2
521 0.6538699587657851 50.21
522 0.6538392039892286 50.22
523 0.6538076033878152 50.23
524 0.6537750872549448 50.24
525 0.6537416376002155 50.25
526 0.6537072068563852 50.26
527 0.6536717437193121 50.27
528 0.6536351926076686 50.28
529 0.6535974956262405 50.29
530 0.6535585896114402 50.3
531 0.6535184083076395 50.31
532 0.6534768778559026 50.32
533 0.6534339308898069 50.33
534 0.6533895063292114 50.34
535 0.6533436759668568 50.35
536 0.6532961596602042 50.36
537 0.6532469449213072 50.37
538 0.6531959916334261 50.38
539 0.6531421494431846 50.39
540 0.6530862787926531 50.4
541 0.6530260785616483 50.41
542 0.6529781940871544 50.42
543 0.6529387175725843 50.43
544 0.6529146082937409 50.44
545 0.6529161596442796 50.45
546 0.6529404440155541 50.46
547 0.6530044763106454 50.47
548 0.6531283313117413 50.48
549 0.6533244279169631 50.49
550 0.653610029964137 50.5
551 0.6539876030692312 50.51
552 0.6544681241475805 50.52
553 0.6550620367734067 50.53
554 0.6558156726720118 50.54
555 0.6567441856709066 50.55
556 0.6578988220894803 50.56
557 0.6593195647779188 50.57
558 0.6610225810375974 50.58
559 0.6630199630363484 50.59
560 0.6652878297734374 50.6
561 0.6677798714907136 50.61
562 0.6704736180813049 50.62
563 0.6732878397829622 50.63
564 0.67614086835023 50.64
565 0.6789751382371555 50.65
566 0.6817203411303236 50.66
567 0.6842747391062601 50.67
568 0.6866092236492632 50.68
569 0.6886846109938075 50.69
570 0.6905310270408875 50.7
571 0.6921910709980297 50.71
572 0.6936993315398537 50.72
573 0.6950720557227765 50.73
574 0.696349857133421 50.74
575 0.6975256961856776 50.75
576 0.6986007001025315 50.76
577 0.6995380427688881 50.77
578 0.700325480314461 50.78
579 0.7009400573083239 50.79
580 0.7013756478790087 50.8
581 0.7016243854021939 50.81
582 0.7016745084020936 50.82
583 0.7015417132666303 50.83
584 0.7012185377518639 50.84
585 0.7007237401402551 50.85
586 0.7000796494206547 50.86
587 0.6992990427349416 50.87
588 0.6984148526693609 50.88
589 0.6974368744848795 50.89
590 0.6964047021802998 50.9
591 0.6953570378978019 50.91
592 0.6943183695343842 50.92
593 0.6933155577494219 50.93
594 0.6923809333530434 50.94
595 0.6915461782228964 50.95
596 0.6908048554638148 50.96
597 0.6901503495175664 50.97
598 0.6895694360688429 50.98
599 0.6890535388418543 50.99
600 0.688595545986622 51
601 0.6882267007739923 51.01
602 0.6879268346535385 51.02
603 0.6876953840500816 51.03
604 0.6875322991154246 51.04
605 0.6874467508376685 51.05
606 0.6874355157766786 51.06
607 0.6874991141591424 51.07
608 0.6876511647400142 51.08
609 0.6879012300643836 51.09
610 0.6882664209983868 51.1
611 0.6887613559839898 51.11
612 0.68940166131516 51.12
613 0.6902079750040299 51.13
614 0.6911815714599395 51.14
615 0.6923171947079255 51.15
616 0.6936049489409762 51.16
617 0.6950497749604472 51.17
618 0.6966075030827483 51.18
619 0.6982384898692071 51.19
620 0.6999343856798711 51.2
621 0.7016262959596858 51.21
622 0.7032683861717621 51.22
623 0.70483957445842 51.23
624 0.7063310753614171 51.24
625 0.7077535578222869 51.25
626 0.709102656103301 51.26
627 0.7103852001475356 51.27
628 0.7115899739346279 51.28
629 0.7126804665560036 51.29
630 0.7136986554641462 51.3
631 0.7145928420166255 51.31
632 0.7153848498330615 51.32
633 0.7160554468104038 51.33
634 0.7166178767786466 51.34
635 0.7170531454186952 51.35
636 0.7173811835083391 51.36
637 0.7175716441312894 51.37
638 0.7176633406049228 51.38
639 0.7176278337883134 51.39
640 0.7174710376802427 51.4
641 0.7172245521162753 51.41
642 0.716883022362504 51.42
643 0.7164339424709122 51.43
644 0.7159101873717392 51.44
645 0.7153126233868133 51.45
646 0.7146391664996845 51.46
647 0.7139309878504801 51.47
648 0.7131828758456907 51.48
649 0.712428019719568 51.49
650 0.7116823164235008 51.5
651 0.7109631129481945 51.51
652 0.7102931688251748 51.52
653 0.7096923179031868 51.53
654 0.7091847562211693 51.54
655 0.7087658822891427 51.55
656 0.7084547261808096 51.56
657 0.7082712801116254 51.57
658 0.7081760388334509 51.58
659 0.7082022483679158 51.59
660 0.7083756874249281 51.6
661 0.7086741412050589 51.61
662 0.7091377485833233 51.62
663 0.7097452100570406 51.63
664 0.7104870430989836 51.64
665 0.7113572445518873 51.65
666 0.7123360799681716 51.66
667 0.7134116181180936 51.67
668 0.7145118368730695 51.68
669 0.7156596228854541 51.69
670 0.716875279557277 51.7
671 0.718121714330732 51.71
672 0.719369640602794 51.72
673 0.7205956903616336 51.73
674 0.7217961992549394 51.74
675 0.7229496639954798 51.75
676 0.7240414249971103 51.76
677 0.7250566199469922 51.77
678 0.7259932806395991 51.78
679 0.7268476934109835 51.79
680 0.7276195822931901 51.8
681 0.7283100562575067 51.81
682 0.7289216601343076 51.82
683 0.7294543329800692 51.83
684 0.7299272612929303 51.84
685 0.7302962403821294 51.85
686 0.7305880882178573 51.86
687 0.730796118793509 51.87
688 0.7309402754110822 51.88
689 0.7310012304095296 51.89
690 0.7309781719071142 51.9
691 0.7308473074859196 51.91
692 0.7306590823977924 51.92
693 0.7303721845271013 51.93
694 0.7300193387550007 51.94
695 0.729606720427477 51.95
696 0.7291446375137802 51.96
697 0.7286441660788817 51.97
698 0.7281176215578887 51.98
699 0.7275770767778093 51.99
700 0.7270351857330567 52
701 0.7265078874928588 52.01
702 0.7260140735670596 52.02
703 0.7255669946484239 52.03
704 0.7251711137358977 52.04
705 0.7248426001303967 52.05
706 0.7245755461484258 52.06
707 0.7243564316513921 52.07
708 0.7242084760032804 52.08
709 0.7241376627440672 52.09
710 0.7241348362465877 52.1
711 0.7242499552721421 52.11
712 0.7244368480754833 52.12
713 0.7247178241259664 52.13
714 0.7250671298435423 52.14
715 0.7255273090671096 52.15
716 0.7260865990666979 52.16
717 0.7267484739976682 52.17
718 0.7274412737222055 52.18
719 0.7282144204942453 52.19
720 0.7290517945275452 52.2
721 0.7299579220793478 52.21
722 0.7308868893728935 52.22
723 0.7318408399153316 52.23
724 0.7328038790989667 52.24
725 0.7337651209312871 52.25
726 0.7347080008725934 52.26
727 0.7356176443734094 52.27
728 0.7364831293978229 52.28
729 0.73729654546409 52.29
730 0.7380548244769787 52.3
731 0.7387562513710861 52.31
732 0.7394015381356845 52.32
733 0.7399892090587246 52.33
734 0.7405165332171383 52.34
735 0.7409869118455562 52.35
736 0.7414008518645119 52.36
737 0.7417586981783317 52.37
738 0.7420594457589403 52.38
739 0.7423001646294035 52.39
740 0.74248129608233 52.4
741 0.7426082975643938 52.41
742 0.7426743205287883 52.42
743 0.742687128715089 52.43
744 0.7426444497390574 52.44
745 0.7425477211341913 52.45
746 0.7423988702259448 52.46
747 0.7422004751313823 52.47
748 0.7419560422480023 52.48
749 0.7416711059934677 52.49
750 0.7413485997689232 52.5
751 0.7409981282836203 52.51
752 0.7406251353225429 52.52
753 0.7402359958730089 52.53
754 0.7398389765759297 52.54
755 0.7394451111473015 52.55
756 0.7390670925823222 52.56
757 0.7387143874660274 52.57
758 0.7383961752018096 52.58
759 0.7381099089806591 52.59
760 0.7378617745736865 52.6
761 0.7376551478334417 52.61
762 0.7374941001101467 52.62
763 0.7373832980961313 52.63
764 0.7373269427215016 52.64
765 0.7373295051439908 52.65
766 0.7373959934582111 52.66
767 0.7375247613710025 52.67
768 0.7377217866976421 52.68
769 0.7379901256048951 52.69
770 0.7383128742702909 52.7
771 0.7386965612218503 52.71
772 0.7391399936511166 52.72
773 0.739639308594617 52.73
774 0.7401902046706811 52.74
775 0.7407876146293995 52.75
776 0.7414263789346683 52.76
777 0.7420997108335956 52.77
778 0.7427974764407189 52.78
779 0.7435166999896299 52.79
780 0.7442448834932308 52.8
781 0.7449733491654504 52.81
782 0.7456911744401766 52.82
783 0.7463874591829461 52.83
784 0.7470536118371441 52.84
785 0.7476845864211896 52.85
786 0.7482783456917912 52.86
787 0.7488336914827574 52.87
788 0.7493502599514831 52.88
789 0.7498277658858369 52.89
790 0.7502662079986396 52.9
791 0.7506653768329724 52.91
792 0.7510254918063275 52.92
793 0.7513463702564054 52.93
794 0.7516284014802126 52.94
795 0.7518719554102391 52.95
796 0.7520772720608618 52.96
797 0.7522446965987188 52.97
798 0.7523744364367222 52.98
799 0.7524668613805853 52.99
800 0.7525222688028171 53
801 0.7525412095305219 53.01
802 0.7525242630731663 53.02
803 0.7524724730953872 53.03
804 0.7523873799087735 53.04
805 0.7522706888829163 53.05
806 0.7521248195915081 53.06
807 0.7519526259565531 53.07
808 0.7517572523048264 53.08
809 0.751542110181057 53.09
810 0.7513115543166873 53.1
811 0.7510703968043709 53.11
812 0.7508245002205943 53.12
813 0.7505817388565083 53.13
814 0.7503494534060979 53.14
815 0.7501319329605984 53.15
816 0.749931532597965 53.16
817 0.7497498672292985 53.17
818 0.749591813412728 53.18
819 0.7494559955215602 53.19
820 0.7493447181388017 53.2
821 0.7492580640652249 53.21
822 0.749204190216995 53.22
823 0.7491829265524409 53.23
824 0.7491979566276884 53.24
825 0.7492458175522487 53.25
826 0.7493282144850636 53.26
827 0.7494484405470134 53.27
828 0.7496091987898237 53.28
829 0.7498050633618041 53.29
830 0.7500364084978156 53.3
831 0.7502957171230941 53.31
832 0.7505880137578428 53.32
833 0.75090980657102 53.33
834 0.7512579097184545 53.34
835 0.7516289793416031 53.35
836 0.7520174605257278 53.36
837 0.7524194863389682 53.37
838 0.7528292635865231 53.38
839 0.7532405267595252 53.39
840 0.7536468898429076 53.4
841 0.7540421197574074 53.41
842 0.7544207870826496 53.42
843 0.7547800031485274 53.43
844 0.7551183984007116 53.44
845 0.7554352724161074 53.45
846 0.7557303690247298 53.46
847 0.7560032148042249 53.47
848 0.7562536218800227 53.48
849 0.7564813513255609 53.49
850 0.7566863463544394 53.5
851 0.7568686142925691 53.51
852 0.7570283128380723 53.52
853 0.757165688956031 53.53
854 0.7572809337119617 53.54
855 0.7573743174364856 53.55
856 0.7574461084412654 53.56
857 0.7574965945251625 53.57
858 0.7575259716686503 53.58
859 0.7575345295830318 53.59
860 0.7575224485785624 53.6
861 0.7574902256476059 53.61
862 0.757438447396699 53.62
863 0.7573679513938217 53.63
864 0.7572798681353269 53.64
865 0.7571757104860871 53.65
866 0.7570572996634848 53.66
867 0.7569266435503558 53.67
868 0.7567860918733278 53.68
869 0.7566385156178416 53.69
870 0.7564877946993132 53.7
871 0.7563387929492339 53.71
872 0.7561958069708453 53.72
873 0.7560613747789487 53.73
874 0.7559369308807089 53.74
875 0.7558233797358789 53.75
876 0.7557215024407659 53.76
877 0.7556322847841637 53.77
878 0.7555571511779454 53.78
879 0.7554978900935021 53.79
880 0.7554558611660639 53.8
881 0.7554329439628793 53.81
882 0.755431182430739 53.82
883 0.7554499880123886 53.83
884 0.7554895612000199 53.84
885 0.7555494107207745 53.85
886 0.7556325100504979 53.86
887 0.7557364716972267 53.87
888 0.755863697725821 53.88
889 0.7560101729594081 53.89
890 0.7561753335303962 53.9
891 0.7563594545817948 53.91
892 0.7565611043730019 53.92
893 0.7567783640987698 53.93
894 0.7570090358378775 53.94
895 0.7572503022407611 53.95
896 0.7574987380572218 53.96
897 0.7577505556176823 53.97
898 0.7580014927452516 53.98
899 0.7582473716633845 53.99
900 0.7584844552707732 54
901 0.7587105988643208 54.01
902 0.7589244915604563 54.02
903 0.75912548043465 54.03
904 0.7593131105261781 54.04
905 0.7594869482050707 54.05
906 0.7596466665637202 54.06
907 0.7597920176420835 54.07
908 0.7599229519223828 54.08
909 0.7600393863756483 54.09
910 0.7601414747590138 54.1
911 0.7602293258176694 54.11
912 0.7603030920099112 54.12
913 0.7603629723900424 54.13
914 0.7604092056252159 54.14
915 0.7604419767588764 54.15
916 0.7604614923428251 54.16
917 0.7604680395381394 54.17
918 0.760461849712344 54.18
919 0.7604431863515919 54.19
920 0.7604124586917276 54.2
921 0.7603700214372253 54.21
922 0.7603164507359991 54.22
923 0.7602525079385499 54.23
924 0.7601791685382698 54.24
925 0.7600976938444232 54.25
926 0.7600094515127143 54.26
927 0.7599163537543776 54.27
928 0.759821026965518 54.28
929 0.7597267125267695 54.29
930 0.7596359406361062 54.3
931 0.7595500636684394 54.31
932 0.7594699646411943 54.32
933 0.7593963967276748 54.33
934 0.7593298772825653 54.34
935 0.7592712187534905 54.35
936 0.7592211522781872 54.36
937 0.7591806231752176 54.37
938 0.7591506608911303 54.38
939 0.7591321325587131 54.39
940 0.7591258681365518 54.4
941 0.7591325528309378 54.41
942 0.7591528317391152 54.42
943 0.7591870143399027 54.43
944 0.7592353006306387 54.44
945 0.75929761191153 54.45
946 0.7593738744870547 54.46
947 0.7594638875646254 54.47
948 0.7595670937348163 54.48
949 0.7596828348115665 54.49
950 0.7598102177239185 54.5
951 0.7599479930949604 54.51
952 0.7600946395504042 54.52
953 0.7602484053307255 54.53
954 0.7604069731217969 54.54
955 0.7605674472558943 54.55
956 0.7607269422177176 54.56
957 0.7608829501751846 54.57
958 0.7610332856278554 54.58
959 0.7611767835232184 54.59
960 0.7613126483748136 54.6
961 0.7614402807138368 54.61
962 0.7615592289471734 54.62
963 0.7616690437063535 54.63
964 0.7617693904331366 54.64
965 0.7618600263186251 54.65
966 0.761940904126492 54.66
967 0.7620119404392318 54.67
968 0.7620731381608128 54.68
969 0.7621245682513463 54.69
970 0.762166365771007 54.7
971 0.762198715509869 54.71
972 0.7622217642348539 54.72
973 0.7622356647860971 54.73
974 0.7622405062255859 54.74
975 0.7622365350837802 54.75
976 0.7622240284018402 54.76
977 0.7622031503645611 54.77
978 0.7621742135684318 54.78
979 0.7621375517633446 54.79
980 0.7620936096513921 54.8
981 0.762042988284107 54.81
982 0.7619864905672511 54.82
983 0.7619252072494916 54.83
984 0.7618605114532684 54.84
985 0.7617943502096437 54.85
986 0.7617287921790086 54.86
987 0.7616654309192491 54.87
988 0.7616051777218612 54.88
989 0.7615486423866771 54.89
990 0.7614963953391397 54.9
991 0.7614491314907081 54.91
992 0.7614074387359071 54.92
993 0.7613719424533493 54.93
994 0.7613432617127363 54.94
995 0.7613221695126491 54.95
996 0.7613092862058659 54.96
997 0.7613050745061773 54.97
998 0.7613099368290874 54.98
999 0.7613243297313544 54.99
1000 0.7613484700029186 55
1001 0.7613825732996077 55.01
1002 0.7614266195693347 55.02
1003 0.761480491601992 55.03
1004 0.7615439538968555 55.04
1005 0.7616166663298767 55.05
1006 0.7616977859997258 55.06
1007 0.7617865828843401 55.07
1008 0.761882215038482 55.08
1009 0.7619834819424017 55.09
1010 0.7620887480084592 55.1
1011 0.7621961688355527 55.11
1012 0.7623036993356589 55.12
1013 0.7624094322629679 55.13
1014 0.7625119354627867 55.14
1015 0.7626101059223819 55.15
1016 0.7627033486228993 55.16
1017 0.7627911288969016 55.17
1018 0.7628729673103776 55.18
1019 0.762948465568361 55.19
1020 0.7630173825740963 55.2
1021 0.7630794424286163 55.21
1022 0.7631344030429443 55.22
1023 0.763182176763374 55.23
1024 0.7632227705007806 55.24
1025 0.7632561631389986 55.25
1026 0.763282420671613 55.26
1027 0.7633016644945005 55.27
1028 0.7633138965647833 55.28
1029 0.7633192422973488 55.29
1030 0.7633178912372366 55.3
1031 0.7633100069902081 55.31
1032 0.7632957434968707 55.32
1033 0.7632752424620053 55.33
1034 0.7632489591525733 55.34
1035 0.7632171603110333 55.35
1036 0.7631802149778114 55.36
1037 0.7631388284182279 55.37
1038 0.7630937838004279 55.38
1039 0.7630462349679921 55.39
1040 0.7629976987660929 55.4
1041 0.7629495367184315 55.41
1042 0.7629026884893171 55.42
1043 0.7628578704211654 55.43
1044 0.762815709386039 55.44
1045 0.7627767195783118 55.45
1046 0.7627414510204135 55.46
1047 0.7627104716451351 55.47
1048 0.7626843166251325 55.48
1049 0.7626635515292762 55.49
1050 0.7626487118659464 55.5
1051 0.7626401545283177 55.51
1052 0.7626381857556893 55.52
1053 0.7626431716373631 55.53
1054 0.762655256907373 55.54
1055 0.7626745750459951 55.55
1056 0.7627011729433458 55.56
1057 0.7627351342943401 55.57
1058 0.762776357601549 55.58
1059 0.7628244230700395 55.59
1060 0.7628789144729297 55.6
1061 0.7629393938725897 55.61
1062 0.7630050971598679 55.62
1063 0.7630750523936003 55.63
1064 0.7631480599768116 55.64
1065 0.7632227585398247 55.65
1066 0.7632977128941045 55.66
1067 0.7633716263779635 55.67
1068 0.7634434526869064 55.68
1069 0.7635124147872506 55.69
1070 0.7635779067196367 55.7
1071 0.7636395163044428 55.71
1072 0.7636968249042358 55.72
1073 0.7637494511329869 55.73
1074 0.7637971575588915 55.74
1075 0.7638397367924622 55.75
1076 0.7638770068482079 55.76
1077 0.7639088717233957 55.77
1078 0.7639352137032976 55.78
1079 0.7639560408262815 55.79
1080 0.7639713719356932 55.8
1081 0.7639812312533757 55.81
1082 0.7639856959249789 55.82
1083 0.7639849204787074 55.83
1084 0.7639789927589421 55.84
1085 0.7639680598382701 55.85
1086 0.7639523184739968 55.86
1087 0.7639320172884312 55.87
1088 0.7639074902595158 55.88
1089 0.7638791445402492 55.89
1090 0.7638475311567827 55.9
1091 0.7638134081379211 55.91
1092 0.7637777449454649 55.92
1093 0.7637416151173164 55.93
1094 0.7637059101075233 55.94
1095 0.7636713616598849 55.95
1096 0.7636385596455738 55.96
1097 0.7636080194033333 55.97
1098 0.7635802649221388 55.98
1099 0.7635557529282926 55.99
1100 0.7635348751730195 56
1101 0.7635180204051095 56.01
1102 0.763505618254299 56.02
1103 0.7634979602901159 56.03
1104 0.763495302510298 56.04
1105 0.7634979316241336 56.05
1106 0.763505980844401 56.06
1107 0.7635194988486991 56.07
1108 0.7635385379046785 56.08
1109 0.7635630923143026 56.09
1110 0.7635929503032556 56.1
1111 0.763627838452929 56.11
1112 0.7636674779876045 56.12
1113 0.7637113525860922 56.13
1114 0.7637588580094068 56.14
1115 0.7638091589729801 56.15
1116 0.7638613517434573 56.16
1117 0.7639143756611401 56.17
1118 0.7639672232127277 56.18
1119 0.7640190242522226 56.19
1120 0.7640691319218721 56.2
1121 0.7641169516763353 56.21
1122 0.7641621115555516 56.22
1123 0.7642042025567548 56.23
1124 0.7642429185063094 56.24
1125 0.7642779578617491 56.25
1126 0.764309026085681 56.26
1127 0.7643360363540391 56.27
1128 0.7643589284139475 56.28
1129 0.7643775941141959 56.29
1130 0.764391965295893 56.3
1131 0.7644020386986636 56.31
1132 0.7644078635439453 56.32
1133 0.7644094805060332 56.33
1134 0.7644069916924595 56.34
1135 0.7644004731952695 56.35
1136 0.7643900923631524 56.36
1137 0.7643760715982233 56.37
1138 0.7643586942742133 56.38
1139 0.7643383084973838 56.39
1140 0.7643153650722969 56.4
1141 0.7642904505882797 56.41
1142 0.7642642979258216 56.42
1143 0.7642376679625942 56.43
1144 0.7642113024653047 56.44
1145 0.7641857838130267 56.45
1146 0.7641616397624942 56.46
1147 0.7641392976080342 56.47
1148 0.7641191485883142 56.48
1149 0.7641015743149133 56.49
1150 0.7640869317923622 56.5
1151 0.7640755431335795 56.51
1152 0.7640676833365934 56.52
1153 0.764063580162672 56.53
1154 0.7640634292285595 56.54
1155 0.7640673653638335 56.55
1156 0.7640754574582018 56.56
1157 0.764087714159592 56.57
1158 0.764104090348662 56.58
1159 0.7641244916890202 56.59
1160 0.7641487229599825 56.6
1161 0.7641764490656519 56.61
1162 0.7642073182786453 56.62
1163 0.7642409925466069 56.63
1164 0.7642768191748803 56.64
1165 0.7643140107701023 56.65
1166 0.7643517598336851 56.66
1167 0.7643893623396734 56.67
1168 0.764426232301337 56.68
1169 0.7644618835598105 56.69
1170 0.7644958437142475 56.7
1171 0.7645277319652701 56.71
1172 0.7645572403087931 56.72
1173 0.7645841177965166 56.73
1174 0.7646081345020376 56.74
1175 0.7646291351767953 56.75
1176 0.7646469696543877 56.76
1177 0.76466155004137 56.77
1178 0.764672810154814 56.78
1179 0.7646807318558229 56.79
1180 0.7646853154842611 56.8
1181 0.7646865860897383 56.81
1182 0.7646846167689615 56.82
1183 0.7646795196690223 56.83
1184 0.7646714400771681 56.84
1185 0.7646605867981099 56.85
1186 0.7646472000195237 56.86
1187 0.7646316183064964 56.87
1188 0.7646142483563534 56.88
1189 0.7645956218913128 56.89
1190 0.7645763090102261 56.9
1191 0.7645568836686665 56.91
1192 0.764537860402882 56.92
1193 0.7645196841918319 56.93
1194 0.7645027420254201 56.94
1195 0.7644873980466388 56.95
1196 0.7644739676412424 56.96
1197 0.7644627351799803 56.97
1198 0.7644539560899684 56.98
1199 0.7644478705575085 56.99
1200 0.7644446872115505 57
1201 0.7644445190395613 57.01
1202 0.7644474165551107 57.02
1203 0.7644534217666835 57.03
1204 0.7644625166967486 57.04
1205 0.7644746798208641 57.05
1206 0.7644897982965664 57.06
1207 0.7645076811122939 57.07
1208 0.7645280768384638 57.08
1209 0.7645506658535469 57.09
1210 0.7645750100984021 57.1
1211 0.7646006291508877 57.11
1212 0.7646269624259503 57.12
1213 0.764653479884658 57.13
1214 0.7646796978999195 57.14
1215 0.7647051824092664 57.15
1216 0.7647295690948926 57.16
1217 0.7647525645073805 57.17
1218 0.7647739493873701 57.18
1219 0.7647934587369786 57.19
1220 0.7648108647061339 57.2
1221 0.7648260078580222 57.21
1222 0.7648387440455841 57.22
1223 0.7648489650966099 57.23
1224 0.7648566238884082 57.24
1225 0.7648616969993369 57.25
1226 0.7648641893532966 57.26
1227 0.7648641460149138 57.27
1228 0.7648616472780191 57.28
1229 0.7648567867601008 57.29
1230 0.7648497182830664 57.3
1231 0.7648406412948227 57.31
1232 0.7648298049046809 57.32
1233 0.7648175365639842 57.33
1234 0.764804234614748 57.34
1235 0.7647903087129999 57.35
1236 0.7647761649596377 57.36
1237 0.7647622169365168 57.37
1238 0.7647488690024183 57.38
1239 0.7647364093732281 57.39
1240 0.764725127010962 57.4
1241 0.7647152888012122 57.41
1242 0.764707134249158 57.42
1243 0.7647008591717805 57.43
1244 0.7646966391630678 57.44
1245 0.7646945971965852 57.45
1246 0.7646948305002443 57.46
1247 0.7646973776553913 57.47
1248 0.7647022434900314 57.48
1249 0.7647094220088572 57.49
1250 0.7647188342100846 57.5
1251 0.7647303554311218 57.51
1252 0.764743796943075 57.52
1253 0.7647589427874225 57.53
1254 0.7647754993596864 57.54
1255 0.764793098966709 57.55
1256 0.7648113569535196 57.56
1257 0.7648299187590478 57.57
1258 0.7648483728566241 57.58
1259 0.7648663814573947 57.59
1260 0.7648836490636182 57.6
1261 0.7648999185293289 57.61
1262 0.7649149670364691 57.62
1263 0.7649286060395072 57.63
1264 0.7649406594475385 57.64
1265 0.7649509830364285 57.65
1266 0.7649594503607865 57.66
1267 0.76496605676089 57.67
1268 0.7649707504849899 57.68
1269 0.7649735064593007 57.69
1270 0.7649743302740271 57.7
1271 0.7649732700107185 57.71
1272 0.7649704035109177 57.72
1273 0.7649658410474406 57.73
1274 0.7649597393635506 57.74
1275 0.7649522835854574 57.75
1276 0.764943715342564 57.76
1277 0.7649343180059441 57.77
1278 0.7649244036794753 57.78
1279 0.7649142866121285 57.79
1280 0.7649042921349957 57.8
1281 0.7648946964851135 57.81
1282 0.7648857550777957 57.82
1283 0.7648776942152932 57.83
1284 0.764870722590519 57.84
1285 0.7648650193435362 57.85
1286 0.764860736071704 57.86
1287 0.7648579940463258 57.87
1288 0.7648568735321198 57.88
1289 0.7648574399490013 57.89
1290 0.7648597344310256 57.9
1291 0.7648637430921039 57.91
1292 0.7648693965649841 57.92
1293 0.7648766142802211 57.93
1294 0.7648852735955551 57.94
1295 0.7648952136879409 57.95
1296 0.7649062056140339 57.96
1297 0.7649179881339385 57.97
1298 0.7649303272124675 57.98
1299 0.7649426725257596 57.99
1300 0.7649549390443744 58
1301 0.7649671040119288 58.01
1302 0.7649788829101364 58.02
1303 0.7649900238755788 58.03
1304 0.765000328669515 58.04
1305 0.7650096378318773 58.05
1306 0.7650178030475391 58.06
1307 0.7650247185716127 58.07
1308 0.7650302904908587 58.08
1309 0.7650345058081456 58.09
1310 0.7650373012267127 58.1
1311 0.7650386398987618 58.11
1312 0.7650385248308974 58.12
1313 0.7650369695817095 58.13
1314 0.7650341466025645 58.14
1315 0.7650301309598913 58.15
1316 0.7650250608402044 58.16
1317 0.7650191135236943 58.17
1318 0.7650124890405722 58.18
1319 0.7650053912748986 58.19
1320 0.764998049509567 58.2
1321 0.764990685724434 58.21
1322 0.7649835205329309 58.22
1323 0.764976750552565 58.23
1324 0.7649705585447105 58.24
1325 0.7649651087913211 58.25
1326 0.7649605440562807 58.26
1327 0.7649569842986559 58.27
1328 0.7649545583536943 58.28
1329 0.7649533671398611 58.29
1330 0.7649534778218032 58.3
1331 0.764954716007334 58.31
1332 0.7649571171585069 58.32
1333 0.7649606767545495 58.33
1334 0.7649653331244537 58.34
1335 0.7649709964450653 58.35
1336 0.7649775321371254 58.36
1337 0.7649847843838168 58.37
1338 0.7649925609177001 58.38
1339 0.7650007020819687 58.39
1340 0.7650089809623734 58.4
1341 0.7650171952630335 58.41
1342 0.7650251752485961 58.42
1343 0.7650327572361828 58.43
1344 0.7650397992175572 58.44
1345 0.7650461873559636 58.45
1346 0.7650517936268514 58.46
1347 0.7650565191951393 58.47
1348 0.7650602879232803 58.48
1349 0.7650630545517549 58.49
1350 0.7650647875477211 58.5
1351 0.7650654316909593 58.51
1352 0.7650649022765683 58.52
1353 0.7650635389631751 58.53
1354 0.765061308737792 58.54
1355 0.7650582597223735 58.55
1356 0.7650544755296045 58.56
1357 0.7650500711831466 58.57
1358 0.7650451807861599 58.58
1359 0.765039960033324 58.59
1360 0.7650345655793047 58.6
1361 0.7650291573265762 58.61
1362 0.7650238897300902 58.62
1363 0.7650189191161291 58.63
1364 0.7650143535875586 58.64
1365 0.7650103126733881 58.65
1366 0.7650068963266203 58.66
1367 0.7650041909707771 58.67
1368 0.7650022602083993 58.68
1369 0.7650011599793469 58.69
1370 0.7650009108605687 58.7
1371 0.7650015110959 58.71
1372 0.7650029447204467 58.72
1373 0.7650053032676463 58.73
1374 0.7650086168545805 58.74
1375 0.7650124033795567 58.75
1376 0.7650166641032876 58.76
1377 0.7650213370569769 58.77
1378 0.7650263032757332 58.78
1379 0.7650314397536622 58.79
1380 0.7650366222439652 58.8
1381 0.7650417143878723 58.81
1382 0.7650466060066003 58.82
1383 0.7650511822672358 58.83
1384 0.7650553483817149 58.84
1385 0.7650590128360512 58.85
1386 0.7650620948810841 58.86
1387 0.7650645361520851 58.87
1388 0.7650662951727282 58.88
1389 0.7650673459324266 58.89
1390 0.7650676794704786 58.9
1391 0.7650672999732652 58.91
1392 0.7650662259925385 58.92
1393 0.7650644981854174 58.93
1394 0.7650621729194627 58.94
1395 0.7650593192688191 58.95
1396 0.7650560275109796 58.96
1397 0.7650523957601124 58.97
1398 0.7650485147956623 58.98
1399 0.7650445019096235 58.99
1400 0.7650404701716089 59
1401 0.7650365309749221 59.01
1402 0.7650327848354349 59.02
1403 0.7650293240943451 59.03
1404 0.7650262338460694 59.04
1405 0.7650235871588678 59.05
1406 0.765021441758049 59.06
1407 0.7650198437709045 59.07
1408 0.7650188202689003 59.08
1409 0.7650183767278675 59.09
1410 0.7650185162130566 59.1
1411 0.7650192250190487 59.11
1412 0.7650204661816365 59.12
1413 0.765022197491652 59.13
1414 0.765024358092213 59.14
1415 0.7650268722047401 59.15
1416 0.765029655594807 59.16
1417 0.7650326263861196 59.17
1418 0.7650356950982907 59.18
1419 0.7650387771613975 59.19
1420 0.7650417759934375 59.2
1421 0.7650446124999296 59.21
1422 0.7650471972619929 59.22
1423 0.7650494634775704 59.23
1424 0.765051360327161 59.24
1425 0.7650528356683685 59.25
1426 0.7650538487031462 59.26
1427 0.7650543760594171 59.27
1428 0.7650544020914652 59.28
1429 0.7650539413924331 59.29
1430 0.7650529982022669 59.3
1431 0.7650515915273054 59.31
1432 0.7650497658790637 59.32
1433 0.7650475575106764 59.33
1434 0.765045020244599 59.34
1435 0.7650421987432938 59.35
1436 0.7650391560893359 59.36
1437 0.7650360262707275 59.37
1438 0.7650328741277272 59.38
1439 0.7650297696235511 59.39
1440 0.7650267943977958 59.4
1441 0.7650240588055274 59.41
1442 0.7650215675012374 59.42
1443 0.7650193380519162 59.43
1444 0.7650174389760314 59.44
1445 0.7650159123606749 59.45
1446 0.7650147819901431 59.46
1447 0.7650140661970247 59.47
1448 0.7650137644845101 59.48
1449 0.7650138732190612 59.49
1450 0.7650143612331208 59.5
1451 0.765015197419107 59.51
1452 0.7650163370127044 59.52
1453 0.765017736187346 59.53
1454 0.7650193365270518 59.54
1455 0.765021080912112 59.55
1456 0.7650229063416786 59.56
1457 0.7650247538282908 59.57
1458 0.7650265520247979 59.58
1459 0.7650282487124531 59.59
1460 0.7650297835453355 59.6
1461 0.7650311127593974 59.61
1462 0.765032188864591 59.62
1463 0.7650329767904236 59.63
1464 0.7650334492226843 59.64
1465 0.7650335904686308 59.65
1466 0.7650333928077334 59.66
1467 0.7650328512212051 59.67
1468 0.7650319688450714 59.68
1469 0.7650307631243367 59.69
1470 0.7650292736030949 59.7
1471 0.7650275231259043 59.71
1472 0.7650255580211898 59.72
1473 0.7650234172630102 59.73
1474 0.7650211597560193 59.74
1475 0.7650188335301499 59.75
1476 0.7650165733916209 59.76
1477 0.7650142808737922 59.77
1478 0.765012016479044 59.78
1479 0.7650098670185858 59.79
1480 0.7650078872634124 59.8
1481 0.7650061135593167 59.81
1482 0.7650045875009818 59.82
1483 0.7650033142348708 59.83
1484 0.7650023122966437 59.84
1485 0.7650015894734497 59.85
1486 0.7650011426359183 59.86
1487 0.7650009671076499 59.87
1488 0.7650010371839419 59.88
1489 0.7650013377350711 59.89
1490 0.7650018382867351 59.9
1491 0.7650025028230899 59.91
1492 0.7650032919480182 59.92
1493 0.7650041619885178 59.93
1494 0.7650050662558624 59.94
1495 0.7650059625213834 59.95
1496 0.765006809738772 59.96
1497 0.7650075654226897 59.97
1498 0.7650081922947014 59.98
1499 0.7650086576387485 59.99
1500 0.7650089291431839 60
