"frac-mass-co2-rfile"
"Time Step" "frac-mass-co2 etc.."
("Time Step" "frac-mass-co2" "flow-time")
0 0.001476290580771644 0
1 0.002204786402318274 0.1
2 0.003081122026726939 0.2
3 0.003784414998412197 0.3
4 0.004365669480368975 0.4
5 0.005054364675039006 0.5
6 0.00593990663487918 0.6000000000000001
7 0.006918033659404388 0.7000000000000001
8 0.007889845710622068 0.8
9 0.008834796878162611 0.9
10 0.009777475223777549 1
11 0.0107486077027238 1.1
12 0.01175865139420936 1.2
13 0.01279427790919207 1.3
14 0.01379010871766436 1.4
15 0.01481494926354521 1.5
16 0.01582778748555999 1.6
17 0.01683392613755607 1.7
18 0.01783218688429523 1.8
19 0.01883058841211224 1.9
20 0.01982923410915037 2
21 0.02081339662790582 2.1
22 0.02171110088469461 2.2
23 0.02266051097845005 2.3
24 0.0235990428664106 2.4
25 0.02452430275317818 2.5
26 0.02543375760355607 2.6
27 0.02632661730565435 2.7
28 0.02719940902369543 2.8
29 0.02805958882281136 2.9
30 0.02892234840184805 3
31 0.02977543457485617 3.1
32 0.03062299330810442 3.2
33 0.03145209543738621 3.3
34 0.0322969834607608 3.4
35 0.03312426423745793 3.5
36 0.03396609386026755 3.6
37 0.03479960178240493 3.7
38 0.03564915834803572 3.8
39 0.03649117158066049 3.9
40 0.03734598241622043 4
41 0.03820627432410823 4.100000000000001
42 0.0390692263471396 4.2
43 0.03993491010874145 4.3
44 0.04080306725710755 4.4
45 0.04167520321514939 4.5
46 0.04255011879858753 4.600000000000001
47 0.04342795976957388 4.7
48 0.04430688669780465 4.800000000000001
49 0.04518945857412806 4.9
50 0.04607536539204737 5
51 0.04696376628522276 5.100000000000001
52 0.0478544785733366 5.2
53 0.04874742771467516 5.300000000000001
54 0.04964225726206585 5.4
55 0.05053878235045978 5.5
56 0.05143696487311102 5.600000000000001
57 0.0523366004882508 5.7
58 0.05323744028070931 5.800000000000001
59 0.05413932520983857 5.9
60 0.05504202818656146 6
61 0.05594544171846553 6.100000000000001
62 0.05684928870366596 6.2
63 0.05775345859912057 6.300000000000001
64 0.05865760298041 6.4
65 0.05956167098802165 6.5
66 0.06046543454837051 6.600000000000001
67 0.06136596972220491 6.7
68 0.06226573788150474 6.800000000000001
69 0.06316426821120298 6.9
70 0.06406149685111151 7
71 0.06495727134716912 7.100000000000001
72 0.0658516193149437 7.2
73 0.06674443617506685 7.300000000000001
74 0.067635284589896 7.4
75 0.06852429056215661 7.5
76 0.0694113576289095 7.600000000000001
77 0.07029896066708223 7.7
78 0.07118408874149816 7.800000000000001
79 0.07206488736631361 7.9
80 0.07294516414181321 8
81 0.07382300220688816 8.1
82 0.0746984079261602 8.200000000000001
83 0.07557133071766131 8.300000000000001
84 0.07644186522397782 8.4
85 0.07731002045490508 8.5
86 0.07817114315138987 8.6
87 0.07903145094244918 8.700000000000001
88 0.07989767304111693 8.800000000000001
89 0.08075742116936349 8.9
90 0.08161624388822696 9
91 0.08247945396321116 9.1
92 0.08334230305936374 9.200000000000001
93 0.08419965572570033 9.300000000000001
94 0.0850569830256091 9.4
95 0.08591359064238951 9.5
96 0.08677036515588205 9.600000000000001
97 0.08762520347545159 9.700000000000001
98 0.0884811604636441 9.800000000000001
99 0.08933662734053917 9.9
100 0.09019242413225659 10
101 0.09104710497607507 10.1
102 0.09190174595404627 10.2
103 0.09275508797688752 10.3
104 0.09360936124276716 10.4
105 0.09446252257469719 10.5
106 0.09531570605068351 10.6
107 0.09616777656303306 10.7
108 0.09702033430472697 10.8
109 0.09787207506252529 10.9
110 0.09872435905009291 11
111 0.09957522676906985 11.1
112 0.1004264796937755 11.2
113 0.1012768546648741 11.3
114 0.1021273559140321 11.4
115 0.1029774947665337 11.5
116 0.1038257862432158 11.6
117 0.1046742641020471 11.7
118 0.1055372993279912 11.8
119 0.1063857698753675 11.9
120 0.107230571818483 12
121 0.1080775395069383 12.1
122 0.1089406805516478 12.2
123 0.1097214943677423 12.3
124 0.1105634717861058 12.4
125 0.111406679011618 12.5
126 0.112245001587925 12.6
127 0.113086294317208 12.7
128 0.1139225921904587 12.8
129 0.114762895718447 12.9
130 0.1155979648165703 13
131 0.1164359361650972 13.1
132 0.1172688899980816 13.2
133 0.1181051021173242 13.3
134 0.1189555911579112 13.4
135 0.1197914318550803 13.5
136 0.1206218410066358 13.6
137 0.1214570030960888 13.7
138 0.1222853286276873 13.8
139 0.1231182772694565 13.9
140 0.1239436848816255 14
141 0.1247737401725139 14.1
142 0.1255978320915169 14.2
143 0.1264254441426006 14.3
144 0.127245287879338 14.4
145 0.1280682901765179 14.5
146 0.1288821730650379 14.6
147 0.1296996935262857 14.7
148 0.1305325936678898 14.8
149 0.1313465092563832 14.9
150 0.13214865071253 15
151 0.1329550693077576 15.1
152 0.1337809256628074 15.2
153 0.1345825570683103 15.3
154 0.1354024504377193 15.4
155 0.1361970229811779 15.5
156 0.1370096126506043 15.6
157 0.1377956544382692 15.7
158 0.1386248812514594 15.8
159 0.1394049910935385 15.9
160 0.1402022236072269 16
161 0.1409692088747942 16.1
162 0.1417506775741209 16.2
163 0.1424942034623787 16.3
164 0.1432598317770684 16.4
165 0.1439888293013732 16.5
166 0.1447268393673174 16.6
167 0.1454310252936012 16.7
168 0.1461368404602148 16.8
169 0.1468012891638592 16.9
170 0.1474594908424859 17
171 0.1480730850075505 17.1
172 0.1486721022948842 17.2
173 0.1492275746559031 17.3
174 0.1497640373135138 17.4
175 0.150275344778486 17.5
176 0.1507494308824571 17.6
177 0.1512056336377214 17.7
178 0.1516363633824686 17.8
179 0.1520358995473249 17.9
180 0.1524120255008143 18
181 0.1527785443581877 18.1
182 0.153121544329318 18.2
183 0.1534665520391649 18.3
184 0.1537928724797768 18.4
185 0.154097945422929 18.5
186 0.1543948994565498 18.6
187 0.1546598854689243 18.7
188 0.1548864299531371 18.8
189 0.1550415014229365 18.9
190 0.1551380529113837 19
191 0.1550987655003026 19.1
192 0.1550485897494432 19.2
193 0.1549984528423399 19.3
194 0.1549483644178159 19.4
195 0.154898287997626 19.5
196 0.1548481906282242 19.6
197 0.1547981009126441 19.7
198 0.1547479629149491 19.8
199 0.1546976841704051 19.9
200 0.1546471813254514 20
201 0.1545964450808809 20.1
202 0.1545455615655915 20.2
203 0.1544946215945707 20.3
204 0.15444369517639 20.4
205 0.1543966748770304 20.5
206 0.1543496539938161 20.6
207 0.1542990142106933 20.7
208 0.1542525484332256 20.8
209 0.1542021159998731 20.9
210 0.1541557989341391 21
211 0.1541095755861014 21.1
212 0.1540634181260968 21.2
213 0.1540172758523418 21.3
214 0.1539711908528947 21.4
215 0.1539251686930613 21.5
216 0.1538788781554071 21.6
217 0.1538326545574976 21.7
218 0.1537866376228908 21.8
219 0.153740540842283 21.9
220 0.1536946441070055 22
221 0.153648685509656 22.1
222 0.1536025442132131 22.2
223 0.1535565437124183 22.3
224 0.1535107025571646 22.4
225 0.153464858004092 22.5
226 0.1534189143992771 22.6
227 0.1533728931638779 22.7
228 0.1533269619110859 22.8
229 0.15328103065067 22.9
230 0.1532350989564888 23
231 0.1531892455713915 23.1
232 0.1531432891494242 23.2
233 0.1530975811753597 23.3
234 0.1530516369970213 23.4
235 0.1530057960383428 23.5
236 0.1529601738867907 23.6
237 0.1529145050403184 23.7
238 0.152868880453473 23.8
239 0.1528230696522589 23.9
240 0.1527773183616143 24
241 0.1527317395576449 24.1
242 0.1526861291131708 24.2
243 0.1526404493566088 24.3
244 0.1525949818148012 24.4
245 0.1525494853598896 24.5
246 0.1525040463396444 24.6
247 0.1524584116532973 24.7
248 0.152412965034553 24.8
249 0.1523676227331439 24.9
250 0.1523219790238149 25
251 0.1522766120359823 25.1
252 0.1522312961098389 25.2
253 0.1521858305595716 25.3
254 0.1521405095406947 25.4
255 0.1520952029267001 25.5
256 0.1520497859849602 25.6
257 0.1520043373458786 25.7
258 0.1519588288430235 25.8
259 0.1519135031252756 25.9
260 0.1518683800458818 26
261 0.1518232671420901 26.1
262 0.1517778601394159 26.2
263 0.1517326052209964 26.3
264 0.1516872754635983 26.4
265 0.1516420620063927 26.5
266 0.1515970361921372 26.6
267 0.1515518034940469 26.7
268 0.1515068510023635 26.8
269 0.1514618678552631 26.9
270 0.1514169162962899 27
271 0.151372011498488 27.1
272 0.1513271020451642 27.2
273 0.1512820698867945 27.3
274 0.1512370775545664 27.4
275 0.1511920919438889 27.5
276 0.1511470715131125 27.6
277 0.1511020503470765 27.7
278 0.1510570875338133 27.8
279 0.1510122607480779 27.9
280 0.1509675714418051 28
281 0.1509229096296676 28.1
282 0.1508781927805353 28.2
283 0.15083350548633 28.3
284 0.1507887191043946 28.4
285 0.1507441149155762 28.5
286 0.1506993948055783 28.6
287 0.150654571930125 28.7
288 0.1506098133167603 28.8
289 0.1505652725134621 28.9
290 0.1505205782428324 29
291 0.1504759251012729 29.1
292 0.1504314868732469 29.2
293 0.1503870602299764 29.3
294 0.1503426950463307 29.4
295 0.1502981191836191 29.5
296 0.150253632145355 29.6
297 0.1502089886519578 29.7
298 0.1501644625803257 29.8
299 0.1501200058881339 29.9
300 0.1500755087723404 30
301 0.1500310866958154 30.1
302 0.1499866350939644 30.2
303 0.1499422045942168 30.3
304 0.1498976928917805 30.4
305 0.1498532267873531 30.5
306 0.1498088216125357 30.6
307 0.149764434501389 30.7
308 0.1497200412059854 30.8
309 0.1496756733091418 30.9
310 0.14963141652678 31
311 0.149587096606949 31.1
312 0.1495431024503232 31.2
313 0.1494988415114402 31.3
314 0.1494547050653278 31.4
315 0.1494104985753563 31.5
316 0.14936626606663 31.6
317 0.1493220343786462 31.7
318 0.1492779658968391 31.8
319 0.1492339147584829 31.9
320 0.1491898375141716 32
321 0.1491458376620668 32.1
322 0.1491017221696982 32.2
323 0.1490577176950115 32.3
324 0.1490137884859787 32.4
325 0.1489697973178572 32.5
326 0.1489258911563437 32.6
327 0.1488819657169033 32.7
328 0.1488381030085519 32.8
329 0.148794227858737 32.9
330 0.1487502948241725 33
331 0.1487064847585636 33.1
332 0.1486628320011874 33.2
333 0.1486189413591881 33.3
334 0.1485751470319503 33.4
335 0.1485313534597986 33.5
336 0.1484876518840132 33.6
337 0.1484439213089831 33.7
338 0.1484002833964377 33.8
339 0.1483567923847099 33.9
340 0.1483131981358475 34
341 0.1482695478850931 34.1
342 0.1482259986585745 34.2
343 0.1481824016677647 34.3
344 0.1481390774904873 34.4
345 0.1480957090383978 34.5
346 0.1480521521127861 34.6
347 0.1480086248282118 34.7
348 0.1479650376769978 34.8
349 0.1479215225352447 34.9
350 0.1478780798373356 35
351 0.1478346018163283 35.1
352 0.1477913806877314 35.2
353 0.1477479099683119 35.3
354 0.1477047347494483 35.4
355 0.1476613158515767 35.5
356 0.1476180224994187 35.6
357 0.1475746355859585 35.7
358 0.1475313522398032 35.8
359 0.147488134893887 35.9
360 0.1474448838406129 36
361 0.1474016789392836 36.1
362 0.1473585107065721 36.2
363 0.1473152978230009 36.3
364 0.1472721866488058 36.4
365 0.1472291488684799 36.5
366 0.1471860846422893 36.6
367 0.1471429311948492 36.7
368 0.1470998849068607 36.8
369 0.1470567753783686 36.9
370 0.1470137676468496 37
371 0.1469707500616516 37.1
372 0.1469276970486126 37.2
373 0.1468847511777108 37.3
374 0.1468417936779124 37.4
375 0.1467988673477034 37.5
376 0.1467562144527012 37.6
377 0.1467134128627423 37.7
378 0.1466704471640748 37.8
379 0.1466275179963275 37.9
380 0.1465848481021179 38
381 0.1465421035716049 38.1
382 0.1464993322767589 38.2
383 0.1464566204776627 38.3
384 0.1464139073452693 38.40000000000001
385 0.1463712624330724 38.5
386 0.1463286111809841 38.6
387 0.146286173946675 38.7
388 0.1462437731644201 38.8
389 0.1462011286155818 38.90000000000001
390 0.1461585682253455 39
391 0.1461159937259864 39.1
392 0.1460733934832494 39.2
393 0.1460311022700231 39.3
394 0.1459887583713935 39.40000000000001
395 0.1459463274214126 39.5
396 0.1459038963973402 39.6
397 0.1458614639304752 39.7
398 0.1458191057867067 39.8
399 0.145776655452162 39.90000000000001
400 0.1457341477645376 40
401 0.1456916798028684 40.1
402 0.14564928610402 40.2
403 0.1456069723590755 40.3
404 0.1455646580042314 40.40000000000001
405 0.1455224134422196 40.5
406 0.1454800713187718 40.6
407 0.1454378784376904 40.7
408 0.1453957069173041 40.8
409 0.1453534621029857 40.90000000000001
410 0.145311295211997 41
411 0.1452691501592104 41.1
412 0.1452269857393201 41.2
413 0.1451847648863242 41.3
414 0.1451426788406849 41.40000000000001
415 0.1451006243737055 41.5
416 0.1450584852133065 41.6
417 0.1450163292151731 41.7
418 0.144974202906378 41.8
419 0.144932204789154 41.90000000000001
420 0.1448901754514323 42
421 0.1448481127535566 42.1
422 0.1448061400213886 42.2
423 0.1447642265095417 42.3
424 0.1447222785864264 42.40000000000001
425 0.144680288093001 42.5
426 0.144638436556606 42.6
427 0.1445966344508607 42.7
428 0.1445548202535284 42.8
429 0.1445130661585191 42.90000000000001
430 0.1444712547058404 43
431 0.1444294667107776 43.1
432 0.1443876998022508 43.2
433 0.1443459362131882 43.3
434 0.1443041231858274 43.40000000000001
435 0.1442623959235173 43.5
436 0.1442208879791128 43.6
437 0.1441792209075098 43.7
438 0.1441375281260878 43.8
439 0.1440958071899202 43.90000000000001
440 0.1440541826408446 44
441 0.1440126137199386 44.1
442 0.1439710005061116 44.2
443 0.1439293885063437 44.3
444 0.1438878176201941 44.40000000000001
445 0.1438462810045638 44.5
446 0.1438047920200595 44.6
447 0.143763373791823 44.7
448 0.1437218687715307 44.8
449 0.143680442131333 44.90000000000001
450 0.1436390907626973 45
451 0.1435977417174203 45.1
452 0.1435564326022401 45.2
453 0.1435151324378242 45.3
454 0.1434738430345356 45.40000000000001
455 0.1434325018043348 45.5
456 0.1433914042609413 45.6
457 0.1433501219448789 45.7
458 0.1433088566295717 45.8
459 0.1432676511455939 45.90000000000001
460 0.1432263422060929 46
461 0.1431850877823253 46.1
462 0.1431438837799585 46.2
463 0.1431028009387214 46.3
464 0.1430616771413567 46.40000000000001
465 0.1430204922781078 46.5
466 0.1429793664180389 46.6
467 0.1429383225939782 46.7
468 0.1428972294941952 46.8
469 0.1428561934087535 46.90000000000001
470 0.1428151040962677 47
471 0.1427741846875895 47.1
472 0.1427331542765083 47.2
473 0.1426922339793205 47.3
474 0.1426512502931383 47.40000000000001
475 0.1426103084346608 47.5
476 0.1425696050143598 47.6
477 0.1425286858051293 47.7
478 0.1424878834896024 47.8
479 0.1424471410349019 47.90000000000001
480 0.1424062583114687 48
481 0.1423654375976264 48.1
482 0.1423247302201745 48.2
483 0.1422840524902493 48.3
484 0.1422433309290256 48.40000000000001
485 0.1422025449252203 48.5
486 0.1421617563783876 48.6
487 0.1421211137887088 48.7
488 0.1420804702944425 48.8
489 0.1420398731352295 48.90000000000001
490 0.1419992929973903 49
491 0.1419586452280007 49.1
492 0.1419181022193087 49.2
493 0.1418775637436425 49.3
494 0.1418369846790098 49.40000000000001
495 0.1417964473281987 49.5
496 0.1417559888279629 49.6
497 0.1417155107282274 49.7
498 0.141675007994947 49.8
499 0.1416345739309353 49.90000000000001
500 0.1415942121127071 50
501 0.1415898611678133 50.01
502 0.1415854586595197 50.02
503 0.1415810045411231 50.03
504 0.1415764854490919 50.04
505 0.1415718636445221 50.05
506 0.1415671248838355 50.06
507 0.1415622624069398 50.07
508 0.1415572895191899 50.08
509 0.1415521876063167 50.09
510 0.1415469741733448 50.1
511 0.1415416474575595 50.11
512 0.1415362063029994 50.12
513 0.141530661614059 50.13
514 0.1415250460412047 50.14
515 0.1415193297694936 50.15
516 0.1415135198037187 50.16
517 0.1415075950398857 50.17
518 0.1415015576803773 50.18
519 0.1414953829572314 50.19
520 0.1414890773200328 50.2
521 0.1414825959301081 50.21
522 0.1414759410962561 50.22
523 0.1414691033207126 50.23
524 0.1414620674251116 50.24
525 0.1414548295519491 50.25
526 0.1414473794049971 50.26
527 0.1414397058781827 50.27
528 0.1414317969489135 50.28
529 0.1414236400869404 50.29
530 0.1414152216249966 50.3
531 0.1414065272053794 50.31
532 0.1413975408771266 50.32
533 0.1413882480759391 50.33
534 0.1413786355421191 50.34
535 0.1413687187651442 50.35
536 0.1413584360282004 50.36
537 0.1413477870696224 50.37
538 0.1413367619385115 50.38
539 0.1413263117199704 50.39
540 0.1413187419435385 50.4
541 0.1413145726202969 50.41
542 0.1413078133491267 50.42
543 0.1413025382844864 50.43
544 0.1412986896573289 50.44
545 0.1412919405392892 50.45
546 0.1412881807759722 50.46
547 0.1412873434784808 50.47
548 0.1412815793511383 50.48
549 0.1412681300541532 50.49
550 0.1412447180731644 50.5
551 0.1412173316581996 50.51
552 0.1411878716360852 50.52
553 0.1411647541043785 50.53
554 0.1411288371459288 50.54
555 0.1410836622420917 50.55
556 0.1410159574760085 50.56
557 0.14091108572304 50.57
558 0.1407413543267971 50.58
559 0.1404172958999275 50.59
560 0.1398619924733629 50.6
561 0.1391538777673192 50.61
562 0.1383242931816449 50.62
563 0.1373717523875602 50.63
564 0.1363312660057644 50.64
565 0.1352138682422799 50.65
566 0.1340252086546868 50.66
567 0.1327811493558087 50.67
568 0.1315306531492091 50.68
569 0.1303485324164974 50.69
570 0.1293047442807138 50.7
571 0.1284944407339669 50.71
572 0.127936914369437 50.72
573 0.1276072394026732 50.73
574 0.1274801210083342 50.74
575 0.127536841362183 50.75
576 0.1277621161697742 50.76
577 0.128167103499665 50.77
578 0.1287511120785835 50.78
579 0.1295222244530794 50.79
580 0.1304854771194216 50.8
581 0.1316317753003667 50.81
582 0.1329675339359799 50.82
583 0.1344555791024083 50.83
584 0.1360811561445654 50.84
585 0.1377957069749072 50.85
586 0.1395446753581275 50.86
587 0.1412524174879078 50.87
588 0.1428426089682277 50.88
589 0.1441890586206281 50.89
590 0.1452047051026167 50.9
591 0.1458461388641763 50.91
592 0.1461275069762928 50.92
593 0.1461767755915795 50.93
594 0.1461423023853919 50.94
595 0.1460760980681738 50.95
596 0.1459983414931148 50.96
597 0.1459168629646834 50.97
598 0.1458348756015877 50.98
599 0.1457531242788598 50.99
600 0.1456733092514687 51
601 0.1455815341573913 51.01
602 0.1454857941851133 51.02
603 0.145386087407724 51.03
604 0.1452798771843387 51.04
605 0.1451656406054366 51.05
606 0.1450416326094526 51.06
607 0.1449008349362493 51.07
608 0.1447437726361919 51.08
609 0.1445655274100826 51.09
610 0.1443540478977581 51.1
611 0.1440846191137126 51.11
612 0.1437082016478924 51.12
613 0.1431929588349772 51.13
614 0.1425528207896493 51.14
615 0.1417852666884394 51.15
616 0.1409053475820623 51.16
617 0.1399081773109157 51.17
618 0.1387762751677657 51.18
619 0.1374810254206105 51.19
620 0.1359986233816578 51.2
621 0.1343457505518825 51.21
622 0.1325486091749804 51.22
623 0.1307351191527822 51.23
624 0.1290684686199627 51.24
625 0.1275932007394789 51.25
626 0.1263215049159324 51.26
627 0.125241677906408 51.27
628 0.1243511387643412 51.28
629 0.1236514733652567 51.29
630 0.1231288866877619 51.3
631 0.1227977120428147 51.31
632 0.1226368182459748 51.32
633 0.122657631236855 51.33
634 0.1228549444002075 51.34
635 0.1232266659383217 51.35
636 0.1237727677103055 51.36
637 0.1244934944250406 51.37
638 0.1253880990272303 51.38
639 0.1264501207045571 51.39
640 0.1276719692004818 51.4
641 0.129039025395808 51.41
642 0.1305259010406404 51.42
643 0.1321103266601519 51.43
644 0.1337622415347494 51.44
645 0.1354434408861984 51.45
646 0.1371267945810773 51.46
647 0.1387571951765545 51.47
648 0.1402983610506982 51.48
649 0.14169658205166 51.49
650 0.1429051709954091 51.5
651 0.1438877680668125 51.51
652 0.1446341409296129 51.52
653 0.1451671697358226 51.53
654 0.1454863545585456 51.54
655 0.1455901909500123 51.55
656 0.1454922811945342 51.56
657 0.1452370349319973 51.57
658 0.144877985130372 51.58
659 0.1444136096314093 51.59
660 0.1438303301558364 51.6
661 0.1431317813958071 51.61
662 0.142278457618671 51.62
663 0.1412593795751068 51.63
664 0.1400547391911958 51.64
665 0.1386194824568324 51.65
666 0.1369119961409523 51.66
667 0.1349964477284873 51.67
668 0.1329801770989537 51.68
669 0.1309162629638195 51.69
670 0.1288324992718626 51.7
671 0.126753395801869 51.71
672 0.1247153256926155 51.72
673 0.1227542561832778 51.73
674 0.1208986865669766 51.74
675 0.1191680670309294 51.75
676 0.1175756890261603 51.76
677 0.1161306858202502 51.77
678 0.1148215688725582 51.78
679 0.1136476674469845 51.79
680 0.1126191144489576 51.8
681 0.1117486649507157 51.81
682 0.111036925137024 51.82
683 0.1104812774575049 51.83
684 0.1100783122842179 51.84
685 0.1098282862041823 51.85
686 0.1097152365501241 51.86
687 0.1097475122055995 51.87
688 0.1099315460769352 51.88
689 0.1102694217506514 51.89
690 0.1107680243880008 51.9
691 0.1114585625495856 51.91
692 0.1123307825313215 51.92
693 0.1133906760790886 51.93
694 0.1146149891651629 51.94
695 0.1159810995395232 51.95
696 0.1174612047868773 51.96
697 0.1190238893959243 51.97
698 0.1206355219123476 51.98
699 0.1222620773671365 51.99
700 0.1238702991884338 52
701 0.1254130784848142 52.01
702 0.1268457325944342 52.02
703 0.1281368043543992 52.03
704 0.1292761924317547 52.04
705 0.1302575514123233 52.05
706 0.1310589270269762 52.06
707 0.1317024268120594 52.07
708 0.1321594674962885 52.08
709 0.1324053383248123 52.09
710 0.1324348671348645 52.1
711 0.132224435568766 52.11
712 0.1317810810136182 52.12
713 0.1310846790045869 52.13
714 0.1301385764831672 52.14
715 0.1289251578609513 52.15
716 0.1274837581966941 52.16
717 0.1258068868988205 52.17
718 0.1239419365884257 52.18
719 0.1218894178797408 52.19
720 0.1196836646533808 52.2
721 0.1173384236522619 52.21
722 0.1149116932230523 52.22
723 0.1124227888192597 52.23
724 0.1099084650171803 52.24
725 0.107405957732352 52.25
726 0.104952985541218 52.26
727 0.1025918445073079 52.27
728 0.1003573381434672 52.28
729 0.09827130684480888 52.29
730 0.09634836990174299 52.3
731 0.09459566194583936 52.31
732 0.0930162255940408 52.32
733 0.09161004264416589 52.33
734 0.09037774157389382 52.34
735 0.08931847314055948 52.35
736 0.08843115703849178 52.36
737 0.08771490707609129 52.37
738 0.08716970240874615 52.38
739 0.08679671108684085 52.39
740 0.08659339463710455 52.4
741 0.08655845767210428 52.41
742 0.08669161557525232 52.42
743 0.08699030969283197 52.43
744 0.08745176771457888 52.44
745 0.08807155837995938 52.45
746 0.08884376051625058 52.46
747 0.08976010211065703 52.47
748 0.09080950021650971 52.48
749 0.09197711295039705 52.49
750 0.09324458418484891 52.5
751 0.09459397922315345 52.51
752 0.09600292458594982 52.52
753 0.09745076019339684 52.53
754 0.09891090257999902 52.54
755 0.1003482756076168 52.55
756 0.101722924178022 52.56
757 0.1030064849587393 52.57
758 0.1041790494132548 52.58
759 0.1052339944536987 52.59
760 0.1061614156998573 52.6
761 0.1069516415277867 52.61
762 0.1075923335148801 52.62
763 0.1080689377821995 52.63
764 0.1083674997538118 52.64
765 0.1084747473624186 52.65
766 0.1083781134666498 52.66
767 0.108072620024397 52.67
768 0.1075497374684314 52.68
769 0.106806453275574 52.69
770 0.1058546427941354 52.7
771 0.1046949115401159 52.71
772 0.1033369693846725 52.72
773 0.1017916126077194 52.73
774 0.1000711000192353 52.74
775 0.0981905040696149 52.75
776 0.09616631029661116 52.76
777 0.09401692646090401 52.77
778 0.0917658685511295 52.78
779 0.08943086293335531 52.79
780 0.08703977758861789 52.8
781 0.08462748598350291 52.81
782 0.08223479193509946 52.82
783 0.07990070056339982 52.83
784 0.07766211696180905 52.84
785 0.07554068755420174 52.85
786 0.07354454734168092 52.86
787 0.07167760387013067 52.87
788 0.06994122333760232 52.88
789 0.0683362755027058 52.89
790 0.0668633441135035 52.9
791 0.06552289280982272 52.91
792 0.06431450190864695 52.92
793 0.06323800534421747 52.93
794 0.06229249308253713 52.94
795 0.06147702847235815 52.95
796 0.06079094461880682 52.96
797 0.06023303817005245 52.97
798 0.05980232643274319 52.98
799 0.0594976827371635 52.99
800 0.05931815610573338 53
801 0.05926225141799166 53.01
802 0.0593276050570287 53.02
803 0.05951077864921813 53.03
804 0.05980651821577324 53.04
805 0.06020889796699521 53.05
806 0.06071020768925938 53.06
807 0.06130031520695474 53.07
808 0.0619683758826281 53.08
809 0.06270249148304642 53.09
810 0.0634885694331962 53.1
811 0.06431024894521761 53.11
812 0.06514693759731181 53.12
813 0.06597220530779099 53.13
814 0.06676128651668629 53.14
815 0.06749970300529411 53.15
816 0.06817994053582913 53.16
817 0.06879675199915904 53.17
818 0.06934244254039702 53.18
819 0.0698107551918381 53.19
820 0.07019388464494097 53.2
821 0.07048462721063453 53.21
822 0.07067402053679143 53.22
823 0.07075417819673262 53.23
824 0.07071893633188694 53.24
825 0.07056376095557026 53.25
826 0.0702860156439426 53.26
827 0.06988361291355587 53.27
828 0.0693556528606374 53.28
829 0.06870542308130996 53.29
830 0.06793743343759211 53.3
831 0.06705838037789819 53.31
832 0.06607178236604905 53.32
833 0.06498653556357829 53.33
834 0.06381390455169678 53.34
835 0.06256450167448754 53.35
836 0.06125174270295733 53.36
837 0.05989272340865811 53.37
838 0.05850678093370557 53.38
839 0.05711535284588632 53.39
840 0.05574019376642343 53.4
841 0.05440245306512406 53.41
842 0.05312059251548251 53.42
843 0.05190459172560366 53.43
844 0.05075914316094235 53.44
845 0.04968653909037112 53.45
846 0.04868811004136248 53.46
847 0.04776504669370645 53.47
848 0.04691824292404848 53.48
849 0.04614829725818886 53.49
850 0.04545562083177562 53.5
851 0.04484027871778463 53.51
852 0.04430178604349094 53.52
853 0.04383932630832418 53.53
854 0.04345223364985042 53.54
855 0.04313952334076411 53.55
856 0.0429003183870903 53.56
857 0.0427337091479011 53.57
858 0.04263882627342514 53.58
859 0.04261509407783295 53.59
860 0.04266162504557275 53.6
861 0.04277685386010117 53.61
862 0.04295882054572011 53.62
863 0.04320460354020698 53.63
864 0.04351025711811464 53.64
865 0.04387074441077719 53.65
866 0.04427963758766271 53.66
867 0.04473008266881037 53.67
868 0.04521406040414043 53.68
869 0.04572172849573624 53.69
870 0.04623988992692154 53.7
871 0.0467516635351719 53.71
872 0.04724246013631501 53.72
873 0.04770364982014037 53.73
874 0.04813071194576554 53.74
875 0.04852078794535031 53.75
876 0.04887107990705426 53.76
877 0.04917823237205228 53.77
878 0.04943757410538913 53.78
879 0.04964400540431801 53.79
880 0.04979309028225183 53.8
881 0.04987972522377875 53.81
882 0.0498991817124541 53.82
883 0.0498487143823134 53.83
884 0.0497256985985253 53.84
885 0.04952935220838443 53.85
886 0.0492571650048545 53.86
887 0.0489117371339673 53.87
888 0.04849174592599739 53.88
889 0.04800192228618263 53.89
890 0.04744328811127604 53.9
891 0.04681961613506724 53.91
892 0.04613577521985469 53.92
893 0.04539818122300219 53.93
894 0.04461441177490737 53.94
895 0.04379411008060508 53.95
896 0.0429486288452527 53.96
897 0.04209133778456908 53.97
898 0.0412364925749837 53.98
899 0.04039866509864154 53.99
900 0.03959074111800218 54
901 0.03881998130492311 54.01
902 0.03809065090660017 54.02
903 0.0374052668599365 54.03
904 0.0367655246814444 54.04
905 0.03617275032832546 54.05
906 0.03562833535369127 54.06
907 0.03513303665680086 54.07
908 0.03468736739386121 54.08
909 0.03429148180996797 54.09
910 0.03394498274381121 54.1
911 0.03364730344724518 54.11
912 0.03339793798818871 54.12
913 0.03319623897727895 54.13
914 0.03304131924034612 54.14
915 0.03293252176100075 54.15
916 0.03286925581455741 54.16
917 0.03285066113138976 54.17
918 0.03287590798037056 54.18
919 0.03294406501961646 54.19
920 0.0330538649864763 54.2
921 0.03320391790058561 54.21
922 0.03339230724365977 54.22
923 0.03361641355823507 54.23
924 0.03387278362315122 54.24
925 0.03415704849017719 54.25
926 0.03446434012120113 54.26
927 0.03478814607282398 54.27
928 0.03511946838062722 54.28
929 0.03544726622499356 54.29
930 0.03576281594792517 54.3
931 0.03606115385052081 54.31
932 0.03633955407018222 54.32
933 0.03659580499655328 54.33
934 0.03682796155605594 54.34
935 0.03703335362117861 54.35
936 0.03720896402078558 54.36
937 0.03735195973450129 54.37
938 0.03745887515384251 54.38
939 0.03752670643971909 54.39
940 0.03755269590578969 54.4
941 0.03753430268828268 54.41
942 0.03746949516600333 54.42
943 0.03735708157361092 54.43
944 0.03719622929516666 54.44
945 0.03698672829754425 54.45
946 0.03672903135618809 54.46
947 0.03642403757710438 54.47
948 0.03607337084443853 54.48
949 0.03567932892683399 54.49
950 0.03524501307641201 54.5
951 0.03477454064821707 54.51
952 0.03427323170096886 54.52
953 0.03374729741863663 54.53
954 0.03320445366718206 54.54
955 0.03265428738464028 54.55
956 0.03210696189350389 54.56
957 0.03157178250868949 54.57
958 0.03105592641131062 54.58
959 0.03056343832217272 54.59
960 0.0300970815650945 54.6
961 0.0296589613038711 54.61
962 0.0292508842849109 54.62
963 0.0288743167877237 54.63
964 0.02853042838340023 54.64
965 0.02822002400614758 54.65
966 0.02794338333596808 54.66
967 0.02770072442372236 54.67
968 0.02749211776639393 54.68
969 0.02731729982408762 54.69
970 0.0271757436538747 54.7
971 0.02706691555203793 54.71
972 0.0269903696582422 54.72
973 0.0269456052581045 54.73
974 0.02693199552968233 54.74
975 0.02694898547265289 54.75
976 0.02699581573330212 54.76
977 0.02707163544857282 54.77
978 0.02717542809961723 54.78
979 0.02730601772569589 54.79
980 0.02746180870382332 54.8
981 0.02764070273492216 54.81
982 0.02783994287896579 54.82
983 0.02805575652131573 54.83
984 0.02828326132104188 54.84
985 0.02851557777423859 54.85
986 0.02874566781417881 54.86
987 0.02896827221519111 54.87
988 0.02918022440280575 54.88
989 0.0293793764560126 54.89
990 0.02956357199259856 54.9
991 0.02973071482990305 54.91
992 0.02987858888033042 54.92
993 0.0300049608291915 54.93
994 0.03010761702671121 54.94
995 0.03018425012794342 54.95
996 0.03023275979427492 54.96
997 0.03025126566275365 54.97
998 0.03023806394827428 54.98
999 0.03019183618951094 54.99
1000 0.03011183305415551 55
1001 0.02999742739855938 55.01
1002 0.02984856588835083 55.02
1003 0.02966541446574154 55.03
1004 0.02944896186799923 55.04
1005 0.02920053468980749 55.05
1006 0.02892250218597267 55.06
1007 0.02861737357184753 55.07
1008 0.02828847821623074 55.08
1009 0.02793994245087696 55.09
1010 0.02757713230575681 55.1
1011 0.02720665957711862 55.11
1012 0.02683570854064711 55.12
1013 0.02647093483994178 55.13
1014 0.02611727718883668 55.14
1015 0.02577837892408 55.15
1016 0.02545655113862394 55.16
1017 0.02515364361146399 55.17
1018 0.02487129396341884 55.18
1019 0.02461096139355012 55.19
1020 0.02437357123018749 55.2
1021 0.02416014533937569 55.21
1022 0.02397138396618529 55.22
1023 0.0238075946521421 55.23
1024 0.02366882963188301 55.24
1025 0.02355508880142005 55.25
1026 0.02346622468404185 55.26
1027 0.02340185814808628 55.27
1028 0.02336178844541753 55.28
1029 0.02334564454100954 55.29
1030 0.02335289111428714 55.3
1031 0.02338303209170536 55.31
1032 0.02343542140288404 55.32
1033 0.02350935653820965 55.33
1034 0.02360379872810028 55.34
1035 0.02371750912359501 55.35
1036 0.02384897698968914 55.36
1037 0.02399599810181932 55.37
1038 0.02415574325769467 55.38
1039 0.02432420662385192 55.39
1040 0.02449623391468993 55.4
1041 0.02466709343437216 55.41
1042 0.02483323695741448 55.42
1043 0.02499206827867556 55.43
1044 0.02514158543614623 55.44
1045 0.02527991206620348 55.45
1046 0.02540515159893142 55.46
1047 0.0255152305662997 55.47
1048 0.02560838639804609 55.48
1049 0.02568295131167462 55.49
1050 0.02573724612235178 55.5
1051 0.02576980500477793 55.51
1052 0.02577921847587175 55.52
1053 0.02576455019816941 55.53
1054 0.02572495700364178 55.54
1055 0.02565993069956124 55.55
1056 0.02556937570698333 55.56
1057 0.0254533089737996 55.57
1058 0.02531211964467547 55.58
1059 0.02514694001764537 55.59
1060 0.02495921147079867 55.6
1061 0.02475075599962583 55.61
1062 0.02452405145118258 55.62
1063 0.02428230151155404 55.63
1064 0.02402968655147315 55.64
1065 0.02377101000073864 55.65
1066 0.02351127433646625 55.66
1067 0.02325513389304697 55.67
1068 0.02300628674111177 55.68
1069 0.02276737098294419 55.69
1070 0.02254037588038322 55.7
1071 0.02232689837823717 55.71
1072 0.02212843632550952 55.72
1073 0.02194628973188712 55.73
1074 0.02178142538003297 55.74
1075 0.02163459009679273 55.75
1076 0.02150636721665827 55.76
1077 0.02139712358072912 55.77
1078 0.0213071133231878 55.78
1079 0.02123641548941062 55.79
1080 0.02118492306891957 55.8
1081 0.02115251405799251 55.81
1082 0.02113892844198483 55.82
1083 0.02114377508370499 55.83
1084 0.02116670234764854 55.84
1085 0.02120715605172794 55.85
1086 0.02126442237933041 55.86
1087 0.02133761583899973 55.87
1088 0.02142562047055896 55.88
1089 0.02152701731334697 55.89
1090 0.02163985621455995 55.9
1091 0.02176145166495301 55.91
1092 0.02188836914419243 55.92
1093 0.02201679790051302 55.93
1094 0.02214364893540373 55.94
1095 0.02226638016067822 55.95
1096 0.02238300180709735 55.96
1097 0.02249172860094082 55.97
1098 0.02259074215282088 55.98
1099 0.02267841396644715 55.99
1100 0.02275336020281351 56
1101 0.02281419633243693 56.01
1102 0.02285962447696623 56.02
1103 0.02288841830667289 56.03
1104 0.02289959205746676 56.04
1105 0.02289228956095494 56.05
1106 0.0228659011400399 56.06
1107 0.02282020429251698 56.07
1108 0.02275514790009689 56.08
1109 0.02267085616833787 56.09
1110 0.02256788764005247 56.1
1111 0.02244718511012982 56.11
1112 0.022309818794633 56.12
1113 0.02215745197016039 56.13
1114 0.02199227623098568 56.14
1115 0.02181714852475741 56.15
1116 0.02163533414092439 56.16
1117 0.02145060267244245 56.17
1118 0.02126652354912332 56.18
1119 0.02108603885992351 56.19
1120 0.02091151444570264 56.2
1121 0.02074492659096672 56.21
1122 0.02058774662057708 56.22
1123 0.02044131484203099 56.23
1124 0.02030671779885217 56.24
1125 0.02018498985943253 56.25
1126 0.02007697886376338 56.26
1127 0.01998317478819055 56.27
1128 0.01990396530948853 56.28
1129 0.01983968289730801 56.29
1130 0.01979049259798138 56.3
1131 0.01975640091080971 56.31
1132 0.0197373070186673 56.32
1133 0.01973295656418737 56.33
1134 0.01974308005976591 56.34
1135 0.01976733069980019 56.35
1136 0.01980513093315436 56.36
1137 0.01985575741226459 56.37
1138 0.0199182468154465 56.38
1139 0.01999135477533039 56.39
1140 0.02007346176587713 56.4
1141 0.0201624801415981 56.41
1142 0.02025581589246521 56.42
1143 0.02035073719381492 56.43
1144 0.02044475061243661 56.44
1145 0.02053575518629507 56.45
1146 0.02062195282851808 56.46
1147 0.02070176336441176 56.47
1148 0.02077375370998086 56.48
1149 0.02083666353507275 56.49
1150 0.02088925128349096 56.5
1151 0.02093042075858299 56.51
1152 0.02095919962471461 56.52
1153 0.02097474568502775 56.53
1154 0.02097638946386107 56.54
1155 0.02096363929519584 56.55
1156 0.02093622990392141 56.56
1157 0.02089410459775171 56.57
1158 0.0208374397426133 56.58
1159 0.02076661516872425 56.59
1160 0.02068228175138457 56.6
1161 0.02058541961143963 56.61
1162 0.02047738895670757 56.62
1163 0.02035981467651802 56.63
1164 0.02023485065204162 56.64
1165 0.02010507510658343 56.65
1166 0.01997327941688979 56.66
1167 0.01984197986305895 56.67
1168 0.01971327099789543 56.68
1169 0.01958893004490722 56.69
1170 0.0194704912245319 56.7
1171 0.01935920953993665 56.71
1172 0.01925619154460778 56.72
1173 0.01916239438637604 56.73
1174 0.01907861348421288 56.74
1175 0.01900549254531496 56.75
1176 0.01894354247347494 56.76
1177 0.01889306529888361 56.77
1178 0.01885427330045228 56.78
1179 0.01882726279696543 56.79
1180 0.01881201429860489 56.8
1181 0.01880840814066289 56.81
1182 0.01881619654516008 56.82
1183 0.01883500392529862 56.83
1184 0.01886433042262382 56.84
1185 0.01890345918776846 56.85
1186 0.01895151679384853 56.86
1187 0.01900731955835855 56.87
1188 0.01906941244906847 56.88
1189 0.01913593706306015 56.89
1190 0.01920485253326871 56.9
1191 0.01927411984563517 56.91
1192 0.01934196450054652 56.92
1193 0.01940682195500466 56.93
1194 0.01946731502186569 56.94
1195 0.01952221003185307 56.95
1196 0.01957037396298598 56.96
1197 0.01961079002138512 56.97
1198 0.01964258061599439 56.98
1199 0.01966494702719977 56.99
1200 0.01967722873670611 57
1201 0.01967890716961731 57.01
1202 0.01966971797052531 57.02
1203 0.01964950043706751 57.03
1204 0.01961827084911005 57.04
1205 0.01957620972065916 57.05
1206 0.01952368954285237 57.06
1207 0.0194613680437331 57.07
1208 0.0193901185489936 57.08
1209 0.01931110216442293 57.09
1210 0.01922576745975256 57.1
1211 0.01913589972014885 57.11
1212 0.01904345974554266 57.12
1213 0.0189503541760223 57.13
1214 0.01885829522564645 57.14
1215 0.01876878410673126 57.15
1216 0.01868311033792079 57.16
1217 0.0186023713272808 57.17
1218 0.01852748015237702 57.18
1219 0.01845928861706973 57.19
1220 0.01839852348195826 57.2
1221 0.01834578282940393 57.21
1222 0.01830152502537287 57.22
1223 0.01826610177559892 57.23
1224 0.01823971782466587 57.24
1225 0.01822244986582503 57.25
1226 0.01821428195595072 57.26
1227 0.01821506148454788 57.27
1228 0.01822451652730514 57.28
1229 0.01824228893754868 57.29
1230 0.01826784692273099 57.3
1231 0.01830048071944635 57.31
1232 0.01833930082952317 57.32
1233 0.01838317032110779 57.33
1234 0.01843070639476794 57.34
1235 0.01848039866735903 57.35
1236 0.01853078556854724 57.36
1237 0.01858042696338759 57.37
1238 0.01862799237435731 57.38
1239 0.0186723536845023 57.39
1240 0.01871253329359044 57.4
1241 0.01874759743845674 57.41
1242 0.01877672052755316 57.42
1243 0.01879916558052213 57.43
1244 0.01881440834586588 57.44
1245 0.01882195860245344 57.45
1246 0.01882149960475731 57.46
1247 0.01881286441473869 57.47
1248 0.01879602937867293 57.48
1249 0.01877105993575698 57.49
1250 0.01873818723923534 57.5
1251 0.01869787240238307 57.51
1252 0.01865075765521787 57.52
1253 0.01859764220476437 57.53
1254 0.01853958123119493 57.54
1255 0.01847787085334837 57.55
1256 0.01841388163181419 57.56
1257 0.01834891046162779 57.57
1258 0.01828429691611498 57.58
1259 0.0182212526040918 57.59
1260 0.01816081488434695 57.6
1261 0.0181038873758103 57.61
1262 0.01805125981118108 57.62
1263 0.01800361720640267 57.63
1264 0.01796155669117684 57.64
1265 0.01792554955388675 57.65
1266 0.01789600048171752 57.66
1267 0.01787313058615511 57.67
1268 0.01785707760064199 57.68
1269 0.01784788041020433 57.69
1270 0.01784550169546836 57.7
1271 0.01784977970361717 57.71
1272 0.01786043369930066 57.72
1273 0.01787707001115746 57.73
1274 0.01789913679519988 57.74
1275 0.01792595728968101 57.75
1276 0.01795668081834323 57.76
1277 0.01799030192647779 57.77
1278 0.01802572968163613 57.78
1279 0.01806183222173079 57.79
1280 0.01809750449544219 57.8
1281 0.0181317548682692 57.81
1282 0.01816367610025116 57.82
1283 0.01819247311799819 57.83
1284 0.01821741398209946 57.84
1285 0.0182378664084846 57.85
1286 0.01825332403543159 57.86
1287 0.01826337190761241 57.87
1288 0.01826770310171015 57.88
1289 0.0182661126563635 57.89
1290 0.01825847684708813 57.9
1291 0.0182448296174652 57.91
1292 0.01822534001495166 57.92
1293 0.0182003124863037 57.93
1294 0.01817018255653956 57.94
1295 0.0181355239174205 57.95
1296 0.01809708867401637 57.96
1297 0.01805579471422973 57.97
1298 0.01801256207432127 57.98
1299 0.0179685320199316 57.99
1300 0.01792447525300569 58
1301 0.01788121461242291 58.01
1302 0.01783958563111367 58.02
1303 0.01780033171625556 58.03
1304 0.01776408523925837 58.04
1305 0.01773140827335573 58.05
1306 0.01770277773011946 58.06
1307 0.01767859072363915 58.07
1308 0.01765916418648051 58.08
1309 0.01764467756798169 58.09
1310 0.01763526063582013 58.1
1311 0.01763094744034969 58.11
1312 0.0176316653350389 58.12
1313 0.01763726383792711 58.13
1314 0.01764742942511257 58.14
1315 0.01766180625379337 58.15
1316 0.01767990678182208 58.16
1317 0.01770111749221884 58.17
1318 0.01772471455503826 58.18
1319 0.01774996156848334 58.19
1320 0.01777605091631975 58.2
1321 0.0178021917830986 58.21
1322 0.01782763347491427 58.22
1323 0.01785166916105883 58.23
1324 0.01787366456487341 58.24
1325 0.01789304888341772 58.25
1326 0.01790932871440019 58.26
1327 0.01792208521520215 58.27
1328 0.01793096035636473 58.28
1329 0.01793570440759707 58.29
1330 0.01793614094002265 58.3
1331 0.0179323274034224 58.31
1332 0.0179242810112193 58.32
1333 0.01791211329390258 58.33
1334 0.01789607481631545 58.34
1335 0.01787650340746581 58.35
1336 0.01785385847455054 58.36
1337 0.01782869842717983 58.37
1338 0.01780169017032133 58.38
1339 0.01777346831142206 58.39
1340 0.01774472415651668 58.4
1341 0.01771612977958671 58.41
1342 0.01768830762169374 58.42
1343 0.01766183791820469 58.43
1344 0.01763722719585444 58.44
1345 0.01761492137781331 58.45
1346 0.01759533565057649 58.46
1347 0.01757879913148433 58.47
1348 0.01756556133441857 58.48
1349 0.01755581078559553 58.49
1350 0.0175496898833625 58.5
1351 0.01754727381508332 58.51
1352 0.01754850397864125 58.52
1353 0.01755312625401464 58.53
1354 0.0175610011688358 58.54
1355 0.01757187130480528 58.55
1356 0.01758539487743358 58.56
1357 0.01760114828359419 58.57
1358 0.01761864340596375 58.58
1359 0.01763733617689218 58.59
1360 0.01765665920270879 58.6
1361 0.01767604089290814 58.61
1362 0.01769493563488075 58.62
1363 0.01771280221159702 58.63
1364 0.0177292013457418 58.64
1365 0.01774371856794484 58.65
1366 0.01775599553372875 58.66
1367 0.01776572076377356 58.67
1368 0.01777266268226247 58.68
1369 0.0177766659954432 58.69
1370 0.01777765264228761 58.7
1371 0.017775612670556 58.71
1372 0.01777060829895633 58.72
1373 0.0177627083407061 58.73
1374 0.01775201165769041 58.74
1375 0.01773914826113135 58.75
1376 0.01772438550622981 58.76
1377 0.01770809462544868 58.77
1378 0.01769071033852068 58.78
1379 0.0176726896550301 58.79
1380 0.01765449347984557 58.8
1381 0.01763658118278818 58.81
1382 0.01761938172498935 58.82
1383 0.01760331147234281 58.83
1384 0.01758871499998625 58.84
1385 0.01757590820303715 58.85
1386 0.0175651592992728 58.86
1387 0.01755668270096928 58.87
1388 0.01755062298062165 58.88
1389 0.01754708009047038 58.89
1390 0.01754609137014941 58.9
1391 0.01754763383802347 58.91
1392 0.01755164330059758 58.92
1393 0.01755796220874603 58.93
1394 0.01756639674550669 58.94
1395 0.01757669918906273 58.95
1396 0.0175885642126666 58.96
1397 0.01760164768296257 58.97
1398 0.01761558224459947 58.98
1399 0.01762997578890953 58.99
1400 0.0176444290812452 59
1401 0.01765856459143514 59.01
1402 0.0176720132790071 59.02
1403 0.01768444383137284 59.03
1404 0.0176955586985038 59.04
1405 0.01770510361738998 59.05
1406 0.01771286700201834 59.06
1407 0.01771868745109494 59.07
1408 0.01772246889287238 59.08
1409 0.01772416988875535 59.09
1410 0.01772379044550136 59.1
1411 0.01772139493288131 59.11
1412 0.01771710266504613 59.12
1413 0.01771108052368265 59.13
1414 0.01770354864462258 59.14
1415 0.01769476448053919 59.15
1416 0.01768502221415703 59.16
1417 0.01767461593017972 59.17
1418 0.01766386409352133 59.18
1419 0.01765309005770819 59.19
1420 0.01764262016403493 59.2
1421 0.01763275899699166 59.21
1422 0.01762379167705115 59.22
1423 0.0176159621808596 59.23
1424 0.01760944747672126 59.24
1425 0.0176044233220091 59.25
1426 0.01760103912371679 59.26
1427 0.01759938768367883 59.27
1428 0.0175995061116454 59.28
1429 0.0176013643433241 59.29
1430 0.01760493170777424 59.3
1431 0.0176101317079337 59.31
1432 0.01761682813081746 59.32
1433 0.01762487342348508 59.33
1434 0.01763406647617413 59.34
1435 0.01764418238318904 59.35
1436 0.01765497246495681 59.36
1437 0.01766617170705355 59.37
1438 0.01767749414254752 59.38
1439 0.01768866006360246 59.39
1440 0.01769940563903711 59.4
1441 0.01770947197235322 59.41
1442 0.0177186603425908 59.42
1443 0.0177268097976144 59.43
1444 0.01773374848525624 59.44
1445 0.01773935353779508 59.45
1446 0.01774354086899677 59.46
1447 0.01774625902762079 59.47
1448 0.01774750779128796 59.48
1449 0.0177473141572085 59.49
1450 0.0177457643420336 59.5
1451 0.01774297135223149 59.51
1452 0.01773909205414969 59.52
1453 0.01773429746320517 59.53
1454 0.0177287824932873 59.54
1455 0.01772275837685121 59.55
1456 0.01771645175988562 59.56
1457 0.01771008101274829 59.57
1458 0.0177038738301698 59.58
1459 0.01769803986124289 59.59
1460 0.0176927835376078 59.6
1461 0.01768827140100159 59.61
1462 0.0176846369496946 59.62
1463 0.0176820117250028 59.63
1464 0.0176804887765793 59.64
1465 0.01768014060504915 59.65
1466 0.01768100434323215 59.66
1467 0.01768307965765634 59.67
1468 0.01768634697415527 59.68
1469 0.01769075216955559 59.69
1470 0.0176961847893677 59.7
1471 0.0177025393069124 59.71
1472 0.01770968328559417 59.72
1473 0.01771745272115387 59.73
1474 0.01772567130852105 59.74
1475 0.01773415490027462 59.75
1476 0.01774266944431208 59.76
1477 0.01775109219230849 59.77
1478 0.01775927044961731 59.78
1479 0.01776700328272879 59.79
1480 0.01777413779400017 59.8
1481 0.01778053913730463 59.81
1482 0.01778609711626706 59.82
1483 0.01779073876720446 59.83
1484 0.01779440998155227 59.84
1485 0.01779708944417531 59.85
1486 0.01779878326058458 59.86
1487 0.01779951345086606 59.87
1488 0.01779935555959448 59.88
1489 0.01779837906565141 59.89
1490 0.0177966960072095 59.9
1491 0.01779442808922851 59.91
1492 0.0177917145643032 59.92
1493 0.01778870778797803 59.93
1494 0.01778556725373425 59.94
1495 0.01778244979541434 59.95
1496 0.01777950542176314 59.96
1497 0.01777687993170143 59.97
1498 0.01777470695840676 59.98
1499 0.01777310733536107 59.99
1500 0.01777219026801245 60
