"frac-mass-ch4-rfile"
"Time Step" "frac-mass-ch4 etc.."
("Time Step" "frac-mass-ch4" "flow-time")
0 5.25906031596809e-05 0
1 7.296247281959562e-05 0.1
2 7.919213502401989e-05 0.2
3 5.781701591043238e-05 0.3
4 3.645807379291934e-05 0.4
5 2.377964002289243e-05 0.5
6 1.737260633363616e-05 0.6000000000000001
7 1.474019094690197e-05 0.7000000000000001
8 1.311486785479743e-05 0.8
9 1.172837750314285e-05 0.9
10 1.077716185366959e-05 1
11 1.05924515424241e-05 1.1
12 1.125993932363042e-05 1.2
13 1.274552278075363e-05 1.3
14 1.382547698377276e-05 1.4
15 1.595349014067197e-05 1.5
16 1.733736656396761e-05 1.6
17 1.804482885345025e-05 1.7
18 1.865065884287605e-05 1.8
19 1.903434041477744e-05 1.9
20 1.930776554963765e-05 2
21 1.936221873052892e-05 2.1
22 1.945874294113435e-05 2.2
23 1.923953799140091e-05 2.3
24 1.903398953465617e-05 2.4
25 1.883218970813189e-05 2.5
26 1.852251632662681e-05 2.6
27 1.811226101506375e-05 2.7
28 1.750803476942976e-05 2.8
29 1.679185544704922e-05 2.9
30 1.595418866463971e-05 3
31 1.502122108503901e-05 3.1
32 1.402883563959792e-05 3.2
33 1.299932951988363e-05 3.3
34 1.197388739969277e-05 3.4
35 1.099281836009434e-05 3.5
36 1.005515995974674e-05 3.6
37 9.206867338328688e-06 3.7
38 8.438230185917834e-06 3.8
39 7.78973604162268e-06 3.9
40 7.171838034950025e-06 4
41 6.674704961030267e-06 4.100000000000001
42 6.259945705331713e-06 4.2
43 5.919765108372211e-06 4.3
44 5.64370037506157e-06 4.4
45 5.430671007143453e-06 4.5
46 5.260847832403353e-06 4.600000000000001
47 5.133000391234859e-06 4.7
48 5.038408633441611e-06 4.800000000000001
49 4.976191272058741e-06 4.9
50 4.93771621212431e-06 5
51 4.915476167666804e-06 5.100000000000001
52 4.908013433464742e-06 5.2
53 4.910714089999444e-06 5.300000000000001
54 4.920806448692079e-06 5.4
55 4.936089243690951e-06 5.5
56 4.955080601823718e-06 5.600000000000001
57 4.977026028458561e-06 5.7
58 5.001593424599169e-06 5.800000000000001
59 5.028777338329784e-06 5.9
60 5.058823785966465e-06 6
61 5.093739183024907e-06 6.100000000000001
62 5.134377456184862e-06 6.2
63 5.18190538353621e-06 6.300000000000001
64 5.237569670180515e-06 6.4
65 5.302981368925783e-06 6.5
66 5.376917911798692e-06 6.600000000000001
67 5.466378269239443e-06 6.7
68 5.560330312206913e-06 6.800000000000001
69 5.664929876392383e-06 6.9
70 5.777763264032223e-06 7
71 5.897243202120058e-06 7.100000000000001
72 6.021325183404115e-06 7.2
73 6.147474272197073e-06 7.300000000000001
74 6.273824622908507e-06 7.4
75 6.397352484936156e-06 7.5
76 6.514101432625664e-06 7.600000000000001
77 6.614511540204819e-06 7.7
78 6.708408651818647e-06 7.800000000000001
79 6.78906122416805e-06 7.9
80 6.843139773762804e-06 8
81 6.882141805623582e-06 8.1
82 6.89791788225116e-06 8.200000000000001
83 6.890314622015447e-06 8.300000000000001
84 6.859839285390136e-06 8.4
85 6.808471542313394e-06 8.5
86 6.747603806761488e-06 8.6
87 6.730569456454864e-06 8.700000000000001
88 6.645631173550533e-06 8.800000000000001
89 6.56717826711406e-06 8.9
90 6.544954064529984e-06 9
91 6.429638390975974e-06 9.1
92 6.337888626137765e-06 9.200000000000001
93 6.312402764644165e-06 9.300000000000001
94 6.194804434788771e-06 9.4
95 6.169775242404866e-06 9.5
96 6.063758539391617e-06 9.600000000000001
97 6.043186491291075e-06 9.700000000000001
98 5.941554202904173e-06 9.800000000000001
99 5.91856535665877e-06 9.9
100 5.825060921901512e-06 10
101 5.803348946375102e-06 10.1
102 5.719114618681614e-06 10.2
103 5.704538870423214e-06 10.3
104 5.626445856303964e-06 10.4
105 5.613899335621454e-06 10.5
106 5.545966004113191e-06 10.6
107 5.535433249137839e-06 10.7
108 5.478258614489999e-06 10.8
109 5.470360489631033e-06 10.9
110 5.424563720824789e-06 11
111 5.41918155965787e-06 11.1
112 5.386712183400522e-06 11.2
113 5.383890625456791e-06 11.3
114 5.3629901611999e-06 11.4
115 5.364431108263223e-06 11.5
116 5.357327072729308e-06 11.6
117 5.36246614109419e-06 11.7
118 5.370126603929889e-06 11.8
119 5.366231562612148e-06 11.9
120 5.395851583064433e-06 12
121 5.394467015636236e-06 12.1
122 5.437965038900801e-06 12.2
123 5.438404188989214e-06 12.3
124 5.497886564145371e-06 12.4
125 5.50153217287576e-06 12.5
126 5.57905612465485e-06 12.6
127 5.584592837318411e-06 12.7
128 5.678699825097139e-06 12.8
129 5.686013630581092e-06 12.9
130 5.796733127427842e-06 13
131 5.807641096364456e-06 13.1
132 5.935471449141402e-06 13.2
133 5.969253927807025e-06 13.3
134 6.10416656702479e-06 13.4
135 6.141064547961973e-06 13.5
136 6.293420425157734e-06 13.6
137 6.334434232182943e-06 13.7
138 6.503706761803448e-06 13.8
139 6.547927032850596e-06 13.9
140 6.740224196150144e-06 14
141 6.790223649033942e-06 14.1
142 7.011905173487228e-06 14.2
143 7.066894587555313e-06 14.3
144 7.312053047663296e-06 14.4
145 7.375567603271085e-06 14.5
146 7.656971711655145e-06 14.6
147 7.728477878838476e-06 14.7
148 8.065548213189374e-06 14.8
149 8.149104574795029e-06 14.9
150 8.541296530434075e-06 15
151 8.630721757703949e-06 15.1
152 9.082109419367803e-06 15.2
153 9.197834486173105e-06 15.3
154 9.72423177616706e-06 15.4
155 9.846923474104231e-06 15.5
156 1.050056987118872e-05 15.6
157 1.064745202865335e-05 15.7
158 1.151009043140014e-05 15.8
159 1.159233021559644e-05 15.9
160 1.266114680760462e-05 16
161 1.283568404963748e-05 16.1
162 1.414625449137095e-05 16.2
163 1.439405605125272e-05 16.3
164 1.614056730484106e-05 16.4
165 1.645010339626009e-05 16.5
166 1.897050419783089e-05 16.6
167 1.945535053865069e-05 16.7
168 2.310541627251212e-05 16.8
169 2.377187507610265e-05 16.9
170 2.929165369372109e-05 17
171 3.048185522604279e-05 17.1
172 4.028138893519112e-05 17.2
173 4.23754694081288e-05 17.3
174 5.442315664193885e-05 17.4
175 5.931731500374394e-05 17.5
176 6.410413467000408e-05 17.6
177 8.618707390026372e-05 17.7
178 9.598844199360829e-05 17.8
179 0.0001049335193153893 17.9
180 0.0001481354440258462 18
181 0.0001719575538317953 18.1
182 0.0001887337273685474 18.2
183 0.0002491206817518409 18.3
184 0.000283424720730553 18.4
185 0.0003111864408850826 18.5
186 0.0003936399788408868 18.6
187 0.0004453760689025195 18.7
188 0.0005328949300472917 18.8
189 0.0005839561429704303 18.9
190 0.0008334465744287527 19
191 0.001152323008237711 19.1
192 0.001475028742853318 19.2
193 0.00179756142387934 19.3
194 0.00211983521501544 19.4
195 0.002442310606321183 19.5
196 0.002764853818873504 19.6
197 0.003087337372930159 19.7
198 0.003410197679244368 19.8
199 0.003733982652690625 19.9
200 0.004059218901055765 20
201 0.004385884502681538 20.1
202 0.00471351510934323 20.2
203 0.005041530479377464 20.3
204 0.005369478059552265 20.4
205 0.005672292899099496 20.5
206 0.005975112022251074 20.6
207 0.006301234224022605 20.7
208 0.006600477622673334 20.8
209 0.00692526501607349 20.9
210 0.007223550958032856 21
211 0.007521232273346327 21.1
212 0.007818490304493225 21.2
213 0.008115489586609312 21.3
214 0.008412433433313635 21.4
215 0.008708822454865145 21.5
216 0.009006939541815235 21.6
217 0.009304623635961167 21.7
218 0.009600977723770353 21.8
219 0.009897844448659494 21.9
220 0.01019342410114977 22
221 0.01048940075668429 22.1
222 0.0107865553504012 22.2
223 0.01108280185960461 22.3
224 0.01137802347726735 22.4
225 0.01167326571404801 22.5
226 0.0119691471055463 22.6
227 0.01226552718376039 22.7
228 0.01256132909253002 22.8
229 0.01285712970546251 22.9
230 0.01315293450372242 23
231 0.01344823356491253 23.1
232 0.01374419757403747 23.2
233 0.01403856022574509 23.3
234 0.01433444535873231 23.4
235 0.01462966451426078 23.5
236 0.01492347572489793 23.6
237 0.01521758651640952 23.7
238 0.01551145295560109 23.8
239 0.01580648451751589 23.9
240 0.01610113055057655 24
241 0.01639466309059166 24.1
242 0.01668839964029346 24.2
243 0.01698258091285195 24.3
244 0.01727539658474143 24.4
245 0.01756839719032906 24.5
246 0.01786102904633763 24.6
247 0.01815491987903592 24.7
248 0.01844760062600176 24.8
249 0.01873960845455441 24.9
250 0.01903355844758368 25
251 0.01932572522018266 25.1
252 0.01961756437529166 25.2
253 0.01991036589739164 25.3
254 0.02020223791748503 25.4
255 0.02049401579479275 25.5
256 0.02078650552273442 25.6
257 0.02107919805790448 25.7
258 0.02137227749326549 25.8
259 0.02166417843020124 25.9
260 0.02195477567178832 26
261 0.02224530604284649 26.1
262 0.0225377317736515 26.2
263 0.02282917674648012 26.3
264 0.02312110505314797 26.4
265 0.02341228294840468 26.5
266 0.02370225392062791 26.6
267 0.02399355577064248 26.7
268 0.02428305449235958 26.8
269 0.02457274919701786 26.9
270 0.02486224191055365 27
271 0.02515143202782081 27.1
272 0.02544065351712602 27.2
273 0.02573066390406645 27.3
274 0.02602041910310035 27.4
275 0.02631012972140608 27.5
276 0.0266000659252842 27.6
277 0.0268900054531878 27.7
278 0.0271795706751836 27.8
279 0.02746825834226724 27.9
280 0.02775606215187843 28
281 0.02804368741123075 28.1
282 0.0283316685749802 28.2
283 0.02861945795239354 28.3
284 0.02890788683525621 28.4
285 0.02919514103859647 28.5
286 0.02948314312650327 28.6
287 0.0297718056976539 28.7
288 0.0300600557855398 28.8
289 0.03034690172112405 28.9
290 0.03063473746891268 29
291 0.03092230683642601 29.1
292 0.03120849374233551 29.2
293 0.03149460442210728 29.3
294 0.03178032085791041 29.4
295 0.03206739258457446 29.5
296 0.03235389364276341 29.6
297 0.03264140101971949 29.7
298 0.03292815339377253 29.8
299 0.03321445776446822 29.9
300 0.03350102365357752 30
301 0.03378710510942135 30.1
302 0.03407337788810705 30.2
303 0.03435951359297528 30.3
304 0.03464617340011152 30.4
305 0.03493253841689397 30.5
306 0.03521851213375853 30.6
307 0.03550436846007853 30.7
308 0.03579026565246817 30.8
309 0.03607599827817231 30.9
310 0.03636101625906166 31
311 0.03664643989950762 31.1
312 0.03692976650408804 31.2
313 0.03721481036462952 31.3
314 0.03749905329746047 31.4
315 0.03778374643551837 31.5
316 0.03806860811645755 31.6
317 0.03835346345727114 31.7
318 0.03863726883232586 31.8
319 0.03892096141238946 31.9
320 0.03920482324326811 32
321 0.0394881855645248 32.1
322 0.03977229367052054 32.2
323 0.04005568579483913 32.3
324 0.04033859420879481 32.4
325 0.04062190059226499 32.5
326 0.04090466062576679 32.6
327 0.0411875436896669 32.7
328 0.04147002389678425 32.8
329 0.04175258308011028 32.9
330 0.04203551620612323 33
331 0.04231765622860997 33.1
332 0.04259878438377999 33.2
333 0.04288144332976698 33.3
334 0.04316348314271255 33.4
335 0.04344551697619786 33.5
336 0.04372695945418428 33.6
337 0.04400858758909529 33.7
338 0.04428962007969086 33.8
339 0.04456970537557127 33.9
340 0.04485045669058494 34
341 0.04513156751214444 34.1
342 0.04541202887623781 34.2
343 0.0456927966646322 34.3
344 0.04597180874495552 34.4
345 0.04625110470045088 34.5
346 0.04653161563788138 34.6
347 0.04681193452356903 34.7
348 0.04709264012916656 34.8
349 0.04737288081191112 34.9
350 0.04765265611169534 35
351 0.04793265775092396 35.1
352 0.04821100614513001 35.2
353 0.04849096074330762 35.3
354 0.04876901348751577 35.4
355 0.04904863433260505 35.5
356 0.04932744785230185 35.6
357 0.04960686269355566 35.7
358 0.04988561177563287 35.8
359 0.05016393455812634 35.9
360 0.05044247573529584 36
361 0.05072071833227852 36.1
362 0.05099872615729246 36.2
363 0.05127702012700357 36.3
364 0.05155466051172077 36.4
365 0.05183182678342463 36.5
366 0.05210916483883528 36.6
367 0.0523870760245336 36.7
368 0.05266429854245464 36.8
369 0.05294192691896349 36.9
370 0.05321890103650247 37
371 0.05349593734699715 37.1
372 0.05377320309247573 37.2
373 0.05404977755365552 37.3
374 0.05432642819394028 37.4
375 0.05460287681415021 37.5
376 0.05487756582227128 37.6
377 0.05515321104600428 37.7
378 0.05542991453477814 37.8
379 0.05570638130406615 37.9
380 0.05598117987493054 38
381 0.05625645755678015 38.1
382 0.05653190910371655 38.2
383 0.05680697600740225 38.3
384 0.05708205299498036 38.40000000000001
385 0.05735668917007169 38.5
386 0.05763136754305118 38.6
387 0.05790466630668033 38.7
388 0.05817773162244136 38.8
389 0.05845236558380205 38.90000000000001
390 0.05872645866726784 39
391 0.05900064157704479 39.1
392 0.05927499131955162 39.2
393 0.0595473497894543 39.3
394 0.05982004873035637 39.40000000000001
395 0.06009330704874335 39.5
396 0.06036656710134759 39.6
397 0.06063983514084417 39.7
398 0.06091262588856681 39.8
399 0.06118600895660834 39.90000000000001
400 0.06145976283394199 40
401 0.06173325938719979 40.1
402 0.06200627919078436 40.2
403 0.06227878255851985 40.3
404 0.06255129136571284 40.40000000000001
405 0.06282334921906713 40.5
406 0.06309603681945254 40.6
407 0.06336776185514366 40.7
408 0.06363935075158622 40.8
409 0.06391141026605049 40.90000000000001
410 0.06418296934460592 41
411 0.06445438639961697 41.1
412 0.06472592953331205 41.2
413 0.06499783475246111 41.3
414 0.06526887315057647 41.40000000000001
415 0.06553970682260343 41.5
416 0.06581108729888621 41.6
417 0.06608257483642246 41.7
418 0.06635387253336804 41.8
419 0.06662434329856012 41.90000000000001
420 0.06689501653431076 42
421 0.06716590318379317 42.1
422 0.06743621187503042 42.2
423 0.06770613771851849 42.3
424 0.06797628667769386 42.40000000000001
425 0.06824670823118462 42.5
426 0.06851623650895172 42.6
427 0.06878544481252728 42.7
428 0.0690547326150681 42.8
429 0.06932348378228868 42.90000000000001
430 0.06959274652791132 43
431 0.06986186031855809 43.1
432 0.07013084177178742 43.2
433 0.07039980126944163 43.3
434 0.07066908112214636 43.40000000000001
435 0.07093780735917875 43.5
436 0.0712051226537166 43.6
437 0.07147346144456049 43.7
438 0.07174196705185618 43.8
439 0.07201065287097654 43.90000000000001
440 0.07227871896721744 44
441 0.07254642590051935 44.1
442 0.07281441892916912 44.2
443 0.07308240336234766 44.3
444 0.07335012379486446 44.40000000000001
445 0.07361762275435427 44.5
446 0.07388481575352411 44.6
447 0.07415155228218538 44.7
448 0.07441884854893677 44.8
449 0.07468563927348777 44.90000000000001
450 0.0749519460010295 45
451 0.07521823704734315 45.1
452 0.0754842716173026 45.2
453 0.07575024790566838 45.3
454 0.0760161554854135 45.40000000000001
455 0.07628239628001024 45.5
456 0.07654706826174643 45.6
457 0.07681292965836603 45.7
458 0.07707868203705397 45.8
459 0.07734404866507923 45.90000000000001
460 0.07761008197362479 46
461 0.07787576379685518 46.1
462 0.0781411212682854 46.2
463 0.07840569810336216 46.3
464 0.07867053905755321 46.40000000000001
465 0.07893577290487377 46.5
466 0.07920062717632759 46.6
467 0.0794649526950466 46.7
468 0.07972959599173805 46.8
469 0.07999387167274774 46.90000000000001
470 0.0802584905726227 47
471 0.08052201482212509 47.1
472 0.08078625440346304 47.2
473 0.08104978437152521 47.3
474 0.08131372306672653 47.40000000000001
475 0.08157739188864682 47.5
476 0.08183952568383146 47.6
477 0.08210304863916872 47.7
478 0.08236581928295905 47.8
479 0.08262820393833548 47.90000000000001
480 0.08289149240341998 48
481 0.08315438105248892 48.1
482 0.08341654026006184 48.2
483 0.08367850812447174 48.3
484 0.08394075861697488 48.40000000000001
485 0.08420342383421046 48.5
486 0.08446610568394056 48.6
487 0.08472784733908455 48.7
488 0.08498959498781107 48.8
489 0.08525104412533639 48.90000000000001
490 0.0855123836945629 49
491 0.08577415880969294 49.1
492 0.08603525923685287 49.2
493 0.08629633051912983 49.3
494 0.08655766312005686 49.40000000000001
495 0.08681872716699315 49.5
496 0.08707928330616503 49.6
497 0.08733996578628281 49.7
498 0.08760080676836419 49.8
499 0.08786120569509141 49.90000000000001
500 0.08812113915064004 50
501 0.08814915859449499 50.01
502 0.0881775126802244 50.02
503 0.08820619900849692 50.03
504 0.08823530384151083 50.04
505 0.08826507014031086 50.05
506 0.08829558959902559 50.06
507 0.08832690569459742 50.07
508 0.08835893257740855 50.08
509 0.08839179040616876 50.09
510 0.08842536623760802 50.1
511 0.08845967160694039 50.11
512 0.08849473460585495 50.12
513 0.08853044135503792 50.13
514 0.08856660492893292 50.14
515 0.08860341718156939 50.15
516 0.08864083241727108 50.16
517 0.08867898712177154 50.17
518 0.08871786693807709 50.18
519 0.08875763164389509 50.19
520 0.0887982393174987 50.2
521 0.08883997909952128 50.21
522 0.08888283587717957 50.22
523 0.08892687116468555 50.23
524 0.08897218227035253 50.24
525 0.08901879420019063 50.25
526 0.08906677324431608 50.26
527 0.08911619090450661 50.27
528 0.08916712462500646 50.28
529 0.08921965508868936 50.29
530 0.08927387031255148 50.3
531 0.08932986266172527 50.31
532 0.08938773500342752 50.32
533 0.08944758118837112 50.33
534 0.08950948641130685 50.34
535 0.08957335070660796 50.35
536 0.08963957183195667 50.36
537 0.08970815176882335 50.37
538 0.08977915429718987 50.38
539 0.0898519193352397 50.39
540 0.08992136693786303 50.4
541 0.08998877315580983 50.41
542 0.0900485871418098 50.42
543 0.0900971875273423 50.43
544 0.09012729701809762 50.44
545 0.09013455814763238 50.45
546 0.09010838014116471 50.46
547 0.09003219141262886 50.47
548 0.08989642892433336 50.48
549 0.08968618987347528 50.49
550 0.08937640338375918 50.5
551 0.08896217420331824 50.51
552 0.08842076070935675 50.52
553 0.0877248782912504 50.53
554 0.08684810088040609 50.54
555 0.08574989013379875 50.55
556 0.08439494914677249 50.56
557 0.08273745165782191 50.57
558 0.0807623408081164 50.58
559 0.0784936324129354 50.59
560 0.07597629626488156 50.6
561 0.07323855019313057 50.61
562 0.07030463865811258 50.62
563 0.06726418701545223 50.63
564 0.06419721683378495 50.64
565 0.06117995640582192 50.65
566 0.05830633873621927 50.66
567 0.05566699334928679 50.67
568 0.05329657811883147 50.68
569 0.05120335273253252 50.69
570 0.04933135016558971 50.7
571 0.04760833586493129 50.71
572 0.04597720191825696 50.72
573 0.04441465554735649 50.73
574 0.04290670234311995 50.74
575 0.04145759237538044 50.75
576 0.04008045834079016 50.76
577 0.0387955666988874 50.77
578 0.03762741661702956 50.78
579 0.03659758142691486 50.79
580 0.0357176653025889 50.8
581 0.0350113802542677 50.81
582 0.034462553086915 50.82
583 0.03409338723126615 50.83
584 0.03388995752502915 50.84
585 0.03386269356774711 50.85
586 0.03400535818319766 50.86
587 0.03432793678664724 50.87
588 0.03482156009863711 50.88
589 0.0355148377316277 50.89
590 0.03639678601200949 50.9
591 0.03743897808800774 50.91
592 0.03860576053699247 50.92
593 0.0398066878091887 50.93
594 0.04095638588182707 50.94
595 0.0419987014726815 50.95
596 0.04293093112404575 50.96
597 0.04376188875143626 50.97
598 0.04450430259078282 50.98
599 0.04516824902840572 50.99
600 0.04576045560397052 51
601 0.0462493997563883 51.01
602 0.04665579748039034 51.02
603 0.04698060362580986 51.03
604 0.04722608826090106 51.04
605 0.04738360027882112 51.05
606 0.04745854507957303 51.06
607 0.04744476726085595 51.07
608 0.04732966901599155 51.08
609 0.04710314214139213 51.09
610 0.04675199272605329 51.1
611 0.04626528591983214 51.11
612 0.04563949050561164 51.12
613 0.04486794657969338 51.13
614 0.04394190580504936 51.14
615 0.04286261410126092 51.15
616 0.04163689660804868 51.16
617 0.04026684059458371 51.17
618 0.03879885923892057 51.18
619 0.03728160052139989 51.19
620 0.03577207787910911 51.2
621 0.03432627665090697 51.21
622 0.03298619816156292 51.22
623 0.03173714596207682 51.23
624 0.03053271098594701 51.24
625 0.02934833628030066 51.25
626 0.0281760832008928 51.26
627 0.02702096721058048 51.27
628 0.02589583160349857 51.28
629 0.02481158447511829 51.29
630 0.02378018487024608 51.3
631 0.02281177744840101 51.31
632 0.02191304678636386 51.32
633 0.02108910814264556 51.33
634 0.02034359611865264 51.34
635 0.01967744311100139 51.35
636 0.01909107060340938 51.36
637 0.01858491124758986 51.37
638 0.01815885944092941 51.38
639 0.01781306845770829 51.39
640 0.01754746090680585 51.4
641 0.01736215065681695 51.41
642 0.01725654652416998 51.42
643 0.01723109773345767 51.43
644 0.01728317835925227 51.44
645 0.01741152572077998 51.45
646 0.01761293455879604 51.46
647 0.01788526976798908 51.47
648 0.01822558154325957 51.48
649 0.01863235542127771 51.49
650 0.01910103174254042 51.5
651 0.01962044111560507 51.51
652 0.02016233382148574 51.52
653 0.02069699802760702 51.53
654 0.02120701489186635 51.54
655 0.0216826139013753 51.55
656 0.02210958603053959 51.56
657 0.02245455908969936 51.57
658 0.02270431026607762 51.58
659 0.02283448973411129 51.59
660 0.02284723669949032 51.6
661 0.02273285369716647 51.61
662 0.02249565780594684 51.62
663 0.0221418598521814 51.63
664 0.02168842554865542 51.64
665 0.02116145422795285 51.65
666 0.02059968877806141 51.66
667 0.02001541175145534 51.67
668 0.01939947648903945 51.68
669 0.01874347328196184 51.69
670 0.01804396137689974 51.7
671 0.01730809365787024 51.71
672 0.01654419993588842 51.72
673 0.01576403282127186 51.73
674 0.01497932572787165 51.74
675 0.01420539618249823 51.75
676 0.01345612770483998 51.76
677 0.0127437224051126 51.77
678 0.01207833725536738 51.78
679 0.01146369405750904 51.79
680 0.01089646940323684 51.8
681 0.01037070525527653 51.81
682 0.009884102337909234 51.82
683 0.009436848386455513 51.83
684 0.009030433854418946 51.84
685 0.008667594044646764 51.85
686 0.008352427208096657 51.86
687 0.008084918263388698 51.87
688 0.007863978032861985 51.88
689 0.007689652453635876 51.89
690 0.007559417768396855 51.9
691 0.007465707284197222 51.91
692 0.007400362418418843 51.92
693 0.007360953426206137 51.93
694 0.007345599272850782 51.94
695 0.00735218281635684 51.95
696 0.00737817565326471 51.96
697 0.007421268554750744 51.97
698 0.007478806958694027 51.98
699 0.007548587331043487 51.99
700 0.007627580844982004 52
701 0.007712016429078929 52.01
702 0.007797115508619871 52.02
703 0.007877509251040929 52.03
704 0.0079497236266152 52.04
705 0.008011402247983775 52.05
706 0.008060932940380936 52.06
707 0.008096495302276933 52.07
708 0.008115885179593055 52.08
709 0.00811737646913166 52.09
710 0.008099133452898753 52.1
711 0.008059299460295545 52.11
712 0.007996857785173435 52.12
713 0.007911305032773241 52.13
714 0.007802506405731682 52.14
715 0.007670430887985699 52.15
716 0.007515580382349838 52.16
717 0.007339738869031079 52.17
718 0.007144356188424926 52.18
719 0.00693094870320261 52.19
720 0.006702029627562275 52.2
721 0.006460771711445488 52.21
722 0.006207548166894553 52.22
723 0.00594522750745786 52.23
724 0.005678641341169324 52.24
725 0.005412282949575284 52.25
726 0.005149881515541431 52.26
727 0.004894011332949142 52.27
728 0.004646136763014292 52.28
729 0.00440752547211278 52.29
730 0.004177195218037934 52.3
731 0.003954369927432292 52.31
732 0.003738589928540445 52.32
733 0.003530446802422073 52.33
734 0.003330015576332208 52.34
735 0.003137287891499208 52.35
736 0.002952685911061699 52.36
737 0.002776476689111192 52.37
738 0.002608627418342504 52.38
739 0.002449569894128833 52.39
740 0.002299361454473482 52.4
741 0.002158094994904448 52.41
742 0.002026062981493001 52.42
743 0.00190329527342072 52.43
744 0.001789704779202025 52.44
745 0.001685024089696033 52.45
746 0.001589017070565749 52.46
747 0.001501513578408275 52.47
748 0.00142212558744347 52.48
749 0.00135051759256973 52.49
750 0.001286052736265871 52.5
751 0.00122823126236997 52.51
752 0.001176650688071337 52.52
753 0.001130732296100165 52.53
754 0.001090069796262111 52.54
755 0.001053928835757047 52.55
756 0.001021337895278386 52.56
757 0.0009910317429007187 52.57
758 0.0009619848001540371 52.58
759 0.0009335258632887059 52.59
760 0.0009050795312637144 52.6
761 0.0008760994788182792 52.61
762 0.0008459941137047332 52.62
763 0.0008143251848538313 52.63
764 0.0007808516366785641 52.64
765 0.0007453391623586827 52.65
766 0.0007076526929698901 52.66
767 0.0006678774544111633 52.67
768 0.0006261139543769001 52.68
769 0.0005825107094480672 52.69
770 0.0005372916718432522 52.7
771 0.0004908734766475079 52.71
772 0.0004434384948710435 52.72
773 0.0003952093601634774 52.73
774 0.000346706657990453 52.74
775 0.0002985603837490763 52.75
776 0.0002514940833538633 52.76
777 0.0002068744691277685 52.77
778 0.0001667642647493526 52.78
779 0.0001333580670456232 52.79
780 0.0001083958931154187 52.8
781 9.045289645965492e-05 52.81
782 7.82807538795714e-05 52.82
783 7.102968902489702e-05 52.83
784 6.605756616998365e-05 52.84
785 6.165394591457257e-05 52.85
786 5.755155831242736e-05 52.86
787 5.372226862861054e-05 52.87
788 5.021039978066528e-05 52.88
789 4.701201290470458e-05 52.89
790 4.404431959283458e-05 52.9
791 4.134180367116269e-05 52.91
792 3.898235386733295e-05 52.92
793 3.689724587119745e-05 52.93
794 3.507726244855262e-05 52.94
795 3.344673493707031e-05 52.95
796 3.199959620770495e-05 52.96
797 3.074561009200553e-05 52.97
798 2.969209465766094e-05 52.98
799 2.886634704929637e-05 52.99
800 2.823057242536558e-05 53
801 2.777212264368781e-05 53.01
802 2.750283401750416e-05 53.02
803 2.742331154505123e-05 53.03
804 2.75666429808918e-05 53.04
805 2.794685668570505e-05 53.05
806 2.855605364629269e-05 53.06
807 2.939852224380857e-05 53.07
808 3.05448079362582e-05 53.08
809 3.198064281320205e-05 53.09
810 3.369720085505896e-05 53.1
811 3.571570764722799e-05 53.11
812 3.817965553026722e-05 53.12
813 4.105743283416643e-05 53.13
814 4.429572809408436e-05 53.14
815 4.78620838491185e-05 53.15
816 5.160389567346841e-05 53.16
817 5.536552198533381e-05 53.17
818 5.901908015805881e-05 53.18
819 6.258242169654977e-05 53.19
820 6.600527758315477e-05 53.2
821 6.929980825730683e-05 53.21
822 7.234504428224146e-05 53.22
823 7.506954647116064e-05 53.23
824 7.735206749697969e-05 53.24
825 7.92072957959313e-05 53.25
826 8.066965060118321e-05 53.26
827 8.165861100522974e-05 53.27
828 8.219635537161115e-05 53.28
829 8.225252711244957e-05 53.29
830 8.184552734534888e-05 53.3
831 8.099722459636808e-05 53.31
832 7.974884564458537e-05 53.32
833 7.813135375176368e-05 53.33
834 7.618270059652915e-05 53.34
835 7.39203841018151e-05 53.35
836 7.13497480019341e-05 53.36
837 6.852502379124594e-05 53.37
838 6.555056069533559e-05 53.38
839 6.240977484346906e-05 53.39
840 5.917069993304794e-05 53.4
841 5.59082093076755e-05 53.41
842 5.266834879992765e-05 53.42
843 4.953648300245479e-05 53.43
844 4.65880874469731e-05 53.44
845 4.385421321137254e-05 53.45
846 4.13424792333666e-05 53.46
847 3.903313728846936e-05 53.47
848 3.691241371925371e-05 53.48
849 3.499388478035053e-05 53.49
850 3.323525168878959e-05 53.5
851 3.164327625346984e-05 53.51
852 3.019036109555302e-05 53.52
853 2.891366974338669e-05 53.53
854 2.779987274310946e-05 53.54
855 2.685419819404579e-05 53.55
856 2.607156031421294e-05 53.56
857 2.547626930068162e-05 53.57
858 2.509527734495598e-05 53.58
859 2.490602906840747e-05 53.59
860 2.487750512883904e-05 53.6
861 2.499535153106448e-05 53.61
862 2.525938678949359e-05 53.62
863 2.5680868298396e-05 53.63
864 2.626208453680566e-05 53.64
865 2.701927637363389e-05 53.65
866 2.797552203260205e-05 53.66
867 2.914387615617373e-05 53.67
868 3.052730480932936e-05 53.68
869 3.214249025870362e-05 53.69
870 3.397648615126101e-05 53.7
871 3.6086370102398e-05 53.71
872 3.844392360427636e-05 53.72
873 4.101021865847564e-05 53.73
874 4.368906332770188e-05 53.74
875 4.645314535252658e-05 53.75
876 4.922974502574453e-05 53.76
877 5.190841870631098e-05 53.77
878 5.449240120748291e-05 53.78
879 5.695114930134944e-05 53.79
880 5.923992822730305e-05 53.8
881 6.129925111763669e-05 53.81
882 6.306505825967389e-05 53.82
883 6.447697445849161e-05 53.83
884 6.547985296953009e-05 53.84
885 6.606423636832423e-05 53.85
886 6.623868969537066e-05 53.86
887 6.606955058313709e-05 53.87
888 6.557497152991375e-05 53.88
889 6.479034769948544e-05 53.89
890 6.37635957893529e-05 53.9
891 6.247818520954913e-05 53.91
892 6.093187426181811e-05 53.92
893 5.914995089776935e-05 53.93
894 5.716753846084047e-05 53.94
895 5.502732560499151e-05 53.95
896 5.280641950204962e-05 53.96
897 5.047406964094832e-05 53.97
898 4.804105899066233e-05 53.98
899 4.556880515920432e-05 53.99
900 4.308647183571433e-05 54
901 4.073063715162451e-05 54.01
902 3.855191696452854e-05 54.02
903 3.65187211483377e-05 54.03
904 3.462457345543371e-05 54.04
905 3.289779110598455e-05 54.05
906 3.128838256434715e-05 54.06
907 2.981036048702895e-05 54.07
908 2.842662072841803e-05 54.08
909 2.716044468921099e-05 54.09
910 2.600855128474471e-05 54.1
911 2.503009353620489e-05 54.11
912 2.420330737185791e-05 54.12
913 2.353105560650032e-05 54.13
914 2.3027271929168e-05 54.14
915 2.26782219126606e-05 54.15
916 2.245252533414061e-05 54.16
917 2.235609888991308e-05 54.17
918 2.238625405346049e-05 54.18
919 2.255148622682967e-05 54.19
920 2.284729677436879e-05 54.2
921 2.326560592644105e-05 54.21
922 2.380415629144544e-05 54.22
923 2.447440226192814e-05 54.23
924 2.529376876070809e-05 54.24
925 2.626367893965434e-05 54.25
926 2.74067062808123e-05 54.26
927 2.873217179354294e-05 54.27
928 3.023060914243082e-05 54.28
929 3.188889027622748e-05 54.29
930 3.368094381220024e-05 54.3
931 3.557668284856883e-05 54.31
932 3.750451011079975e-05 54.32
933 3.946293558618917e-05 54.33
934 4.136483768220674e-05 54.34
935 4.32009514869149e-05 54.35
936 4.500991524696292e-05 54.36
937 4.665758639282573e-05 54.37
938 4.815229406710593e-05 54.38
939 4.943612157965741e-05 54.39
940 5.047010712506322e-05 54.4
941 5.124872304441613e-05 54.41
942 5.17679601987898e-05 54.42
943 5.202531647705357e-05 54.43
944 5.204100781932457e-05 54.44
945 5.18681695954071e-05 54.45
946 5.147746423458188e-05 54.46
947 5.088151005747719e-05 54.47
948 5.007108960288811e-05 54.48
949 4.907538221886056e-05 54.49
950 4.792086177887768e-05 54.5
951 4.662251591407548e-05 54.51
952 4.516168703606771e-05 54.52
953 4.357769304036891e-05 54.53
954 4.194457491132705e-05 54.54
955 4.023728185482559e-05 54.55
956 3.848175913748925e-05 54.56
957 3.668401273771626e-05 54.57
958 3.491907103257692e-05 54.58
959 3.324946384527363e-05 54.59
960 3.168151096682873e-05 54.6
961 3.023978331777964e-05 54.61
962 2.889893615615882e-05 54.62
963 2.763715042963088e-05 54.63
964 2.646043569960108e-05 54.64
965 2.53736674107127e-05 54.65
966 2.439856598068651e-05 54.66
967 2.353110426056983e-05 54.67
968 2.275884244295822e-05 54.68
969 2.209765910747016e-05 54.69
970 2.156332463687534e-05 54.7
971 2.115115685961102e-05 54.71
972 2.084842809310748e-05 54.72
973 2.06562101451899e-05 54.73
974 2.060118147854184e-05 54.74
975 2.064880643031987e-05 54.75
976 2.078504741049737e-05 54.76
977 2.101498364072986e-05 54.77
978 2.135101346955606e-05 54.78
979 2.178942513534129e-05 54.79
980 2.233798196369757e-05 54.8
981 2.3006092294103e-05 54.81
982 2.380902212295396e-05 54.82
983 2.473639525751505e-05 54.83
984 2.579074807770495e-05 54.84
985 2.697062394354699e-05 54.85
986 2.82374890176431e-05 54.86
987 2.956484985341294e-05 54.87
988 3.091952226083212e-05 54.88
989 3.226629936864566e-05 54.89
990 3.362575892687149e-05 54.9
991 3.493034226639077e-05 54.91
992 3.618912528241663e-05 54.92
993 3.736621434773631e-05 54.93
994 3.84310206200297e-05 54.94
995 3.934755286779052e-05 54.95
996 4.012304682684203e-05 54.96
997 4.076196983388819e-05 54.97
998 4.129727832205801e-05 54.98
999 4.169039412862537e-05 54.99
1000 4.1884204898592e-05 55
1001 4.188633218690071e-05 55.01
1002 4.169702261585728e-05 55.02
1003 4.135838117904895e-05 55.03
1004 4.086579890637509e-05 55.04
1005 4.024220552589047e-05 55.05
1006 3.946675866638588e-05 55.06
1007 3.857419704354102e-05 55.07
1008 3.753796952176611e-05 55.08
1009 3.640487023859895e-05 55.09
1010 3.52016162355384e-05 55.1
1011 3.394240488600247e-05 55.11
1012 3.264618261970165e-05 55.12
1013 3.13398667067142e-05 55.13
1014 3.007839186950288e-05 55.14
1015 2.888207323761028e-05 55.15
1016 2.773496792387481e-05 55.16
1017 2.667131317486867e-05 55.17
1018 2.566799205782738e-05 55.18
1019 2.471703211553179e-05 55.19
1020 2.387350587243621e-05 55.2
1021 2.311569785882252e-05 55.21
1022 2.242474904178392e-05 55.22
1023 2.180960344729787e-05 55.23
1024 2.127734506491627e-05 55.24
1025 2.083800077089716e-05 55.25
1026 2.046908571647979e-05 55.26
1027 2.019953340023148e-05 55.27
1028 2.002249531361881e-05 55.28
1029 1.993372813302992e-05 55.29
1030 1.993986244046111e-05 55.3
1031 2.003750988397972e-05 55.31
1032 2.021765181413516e-05 55.32
1033 2.04743184862761e-05 55.33
1034 2.080700148620575e-05 55.34
1035 2.121808639094336e-05 55.35
1036 2.170331102595304e-05 55.36
1037 2.228002331502998e-05 55.37
1038 2.295890273851431e-05 55.38
1039 2.372061103298196e-05 55.39
1040 2.456559611588928e-05 55.4
1041 2.546626910513833e-05 55.41
1042 2.639441991245201e-05 55.42
1043 2.736091644034166e-05 55.43
1044 2.831636279057458e-05 55.44
1045 2.923419035640569e-05 55.45
1046 3.010591440417039e-05 55.46
1047 3.096357088232734e-05 55.47
1048 3.178333910094835e-05 55.48
1049 3.251041781581328e-05 55.49
1050 3.312410222537181e-05 55.5
1051 3.361191013689615e-05 55.51
1052 3.403601302107524e-05 55.52
1053 3.430135767761619e-05 55.53
1054 3.445369708813508e-05 55.54
1055 3.450191713850988e-05 55.55
1056 3.44184282605587e-05 55.56
1057 3.421879280958469e-05 55.57
1058 3.393098337604275e-05 55.58
1059 3.352999402766358e-05 55.59
1060 3.302116173198601e-05 55.6
1061 3.241594022860166e-05 55.61
1062 3.172063244792123e-05 55.62
1063 3.094653697744811e-05 55.63
1064 3.00996271906879e-05 55.64
1065 2.918420659006235e-05 55.65
1066 2.825716612757261e-05 55.66
1067 2.733693087455643e-05 55.67
1068 2.641766261559774e-05 55.68
1069 2.552622643038084e-05 55.69
1070 2.470543764190478e-05 55.7
1071 2.394385172207876e-05 55.71
1072 2.324147569115725e-05 55.72
1073 2.259630282121352e-05 55.73
1074 2.199364273731153e-05 55.74
1075 2.14438731865052e-05 55.75
1076 2.095042171271574e-05 55.76
1077 2.052977190408169e-05 55.77
1078 2.017940876333239e-05 55.78
1079 1.98897450766219e-05 55.79
1080 1.967257325224186e-05 55.8
1081 1.952731555868886e-05 55.81
1082 1.945958525355166e-05 55.82
1083 1.945249895760192e-05 55.83
1084 1.951058271661474e-05 55.84
1085 1.963228421105192e-05 55.85
1086 1.982270538657058e-05 55.86
1087 2.00821066493757e-05 55.87
1088 2.040859097149685e-05 55.88
1089 2.079400804067681e-05 55.89
1090 2.123929758606274e-05 55.9
1091 2.173966435209406e-05 55.91
1092 2.228955769605813e-05 55.92
1093 2.289294285510538e-05 55.93
1094 2.352986972875915e-05 55.94
1095 2.418228641357883e-05 55.95
1096 2.481990463375224e-05 55.96
1097 2.543099064645117e-05 55.97
1098 2.603312609321684e-05 55.98
1099 2.661564842777475e-05 55.99
1100 2.715580384193199e-05 56
1101 2.764226896182493e-05 56.01
1102 2.803994173488878e-05 56.02
1103 2.834763452105838e-05 56.03
1104 2.857816166290506e-05 56.04
1105 2.873497958867225e-05 56.05
1106 2.883922941802083e-05 56.06
1107 2.887089576068653e-05 56.07
1108 2.881509042577685e-05 56.08
1109 2.866372171910495e-05 56.09
1110 2.843611757834106e-05 56.1
1111 2.815005118893577e-05 56.11
1112 2.776032472448103e-05 56.12
1113 2.731256418432711e-05 56.13
1114 2.680333803562941e-05 56.14
1115 2.626452091682352e-05 56.15
1116 2.567952232645293e-05 56.16
1117 2.504580086838276e-05 56.17
1118 2.438994200314772e-05 56.18
1119 2.375275556377471e-05 56.19
1120 2.311503013396395e-05 56.2
1121 2.25359547784043e-05 56.21
1122 2.197208032223609e-05 56.22
1123 2.143158290224934e-05 56.23
1124 2.092816163126856e-05 56.24
1125 2.047116323523237e-05 56.25
1126 2.005253684219282e-05 56.26
1127 1.968625752940207e-05 56.27
1128 1.937823578577678e-05 56.28
1129 1.9121155076948e-05 56.29
1130 1.89227207202574e-05 56.3
1131 1.877407275568543e-05 56.31
1132 1.8679179223036e-05 56.32
1133 1.86528659081622e-05 56.33
1134 1.868290385602437e-05 56.34
1135 1.875800776228494e-05 56.35
1136 1.888037742162847e-05 56.36
1137 1.905297772426798e-05 56.37
1138 1.927590812839835e-05 56.38
1139 1.95437448433495e-05 56.39
1140 1.985630269595361e-05 56.4
1141 2.021216711063645e-05 56.41
1142 2.060241827890332e-05 56.42
1143 2.102372969855782e-05 56.43
1144 2.144043216998007e-05 56.44
1145 2.186495452951934e-05 56.45
1146 2.228369219191155e-05 56.46
1147 2.270426318021859e-05 56.47
1148 2.312255982703258e-05 56.48
1149 2.351071400425207e-05 56.49
1150 2.386517193755792e-05 56.5
1151 2.417283008172193e-05 56.51
1152 2.442854613523302e-05 56.52
1153 2.463723758084292e-05 56.53
1154 2.47897351696079e-05 56.54
1155 2.489822965126279e-05 56.55
1156 2.496214842342952e-05 56.56
1157 2.497163763713644e-05 56.57
1158 2.492664807134118e-05 56.58
1159 2.481828057841806e-05 56.59
1160 2.464778067308144e-05 56.6
1161 2.441843928914149e-05 56.61
1162 2.413035679558224e-05 56.62
1163 2.379303759536079e-05 56.63
1164 2.342012973860404e-05 56.64
1165 2.301348583395334e-05 56.65
1166 2.257691041719414e-05 56.66
1167 2.212160691444448e-05 56.67
1168 2.166274352035898e-05 56.68
1169 2.121499920668831e-05 56.69
1170 2.078074814232875e-05 56.7
1171 2.036878207401473e-05 56.71
1172 1.998402999100641e-05 56.72
1173 1.962536918227499e-05 56.73
1174 1.929851772026394e-05 56.74
1175 1.9006147228113e-05 56.75
1176 1.874829985011459e-05 56.76
1177 1.853153718161696e-05 56.77
1178 1.835995811879333e-05 56.78
1179 1.822806821313758e-05 56.79
1180 1.813673153741783e-05 56.8
1181 1.808633190817669e-05 56.81
1182 1.807735391611169e-05 56.82
1183 1.811054241502525e-05 56.83
1184 1.818680397525447e-05 56.84
1185 1.830779052916345e-05 56.85
1186 1.847174036222986e-05 56.86
1187 1.867362354224916e-05 56.87
1188 1.891080178591824e-05 56.88
1189 1.917697853327028e-05 56.89
1190 1.946813699144711e-05 56.9
1191 1.978074805711587e-05 56.91
1192 2.010452877200589e-05 56.92
1193 2.042914980068188e-05 56.93
1194 2.074442124179122e-05 56.94
1195 2.104237006052283e-05 56.95
1196 2.13217165608366e-05 56.96
1197 2.157193313793098e-05 56.97
1198 2.178859227256719e-05 56.98
1199 2.196973255147154e-05 56.99
1200 2.211559959541616e-05 57
1201 2.222655841970717e-05 57.01
1202 2.229648932977377e-05 57.02
1203 2.231993522660173e-05 57.03
1204 2.229564693348029e-05 57.04
1205 2.222521819680282e-05 57.05
1206 2.211405763083602e-05 57.06
1207 2.196102035757521e-05 57.07
1208 2.177011048525136e-05 57.08
1209 2.154194680699642e-05 57.09
1210 2.128789676746175e-05 57.1
1211 2.100568735309645e-05 57.11
1212 2.069900732780061e-05 57.12
1213 2.037490146570023e-05 57.13
1214 2.004025407269683e-05 57.14
1215 1.97030098276483e-05 57.15
1216 1.937018707258762e-05 57.16
1217 1.904804393211463e-05 57.17
1218 1.874789324349793e-05 57.18
1219 1.847240158125976e-05 57.19
1220 1.822549822616715e-05 57.2
1221 1.799841808521597e-05 57.21
1222 1.780604932321809e-05 57.22
1223 1.764833634885802e-05 57.23
1224 1.752193323803711e-05 57.24
1225 1.74275379400564e-05 57.25
1226 1.736637228230553e-05 57.26
1227 1.733860457081787e-05 57.27
1228 1.734722318123689e-05 57.28
1229 1.739076045706917e-05 57.29
1230 1.746592734662732e-05 57.3
1231 1.757140538070237e-05 57.31
1232 1.770618806431066e-05 57.32
1233 1.78660640606674e-05 57.33
1234 1.804723764518614e-05 57.34
1235 1.825225536255381e-05 57.35
1236 1.847753625830102e-05 57.36
1237 1.870834017084595e-05 57.37
1238 1.893308195931253e-05 57.38
1239 1.915330348286884e-05 57.39
1240 1.936130490319407e-05 57.4
1241 1.955024865420143e-05 57.41
1242 1.971491359553781e-05 57.42
1243 1.986839256357914e-05 57.43
1244 1.999700789709022e-05 57.44
1245 2.009881720318088e-05 57.45
1246 2.016533605682615e-05 57.46
1247 2.019648498085211e-05 57.47
1248 2.019137376293871e-05 57.48
1249 2.014738605144474e-05 57.49
1250 2.006522900452029e-05 57.5
1251 1.995223453967368e-05 57.51
1252 1.980844351230835e-05 57.52
1253 1.96323670610794e-05 57.53
1254 1.942833596843885e-05 57.54
1255 1.919881948794789e-05 57.55
1256 1.894502563191892e-05 57.56
1257 1.867815281021511e-05 57.57
1258 1.842462622661157e-05 57.58
1259 1.817754300622593e-05 57.59
1260 1.793898085541289e-05 57.6
1261 1.771105802317127e-05 57.61
1262 1.749709580172445e-05 57.62
1263 1.729837126470598e-05 57.63
1264 1.711660164449616e-05 57.64
1265 1.695902102228742e-05 57.65
1266 1.682418980192526e-05 57.66
1267 1.67153748154511e-05 57.67
1268 1.66301647788748e-05 57.68
1269 1.656899635374743e-05 57.69
1270 1.653261855845043e-05 57.7
1271 1.652096685073886e-05 57.71
1272 1.65333026449085e-05 57.72
1273 1.656855444351274e-05 57.73
1274 1.662695277367019e-05 57.74
1275 1.670746847155266e-05 57.75
1276 1.680804113866205e-05 57.76
1277 1.692643370242755e-05 57.77
1278 1.705937871743812e-05 57.78
1279 1.720188810558912e-05 57.79
1280 1.734912678976433e-05 57.8
1281 1.749636368602661e-05 57.81
1282 1.763892835151989e-05 57.82
1283 1.777259720150792e-05 57.83
1284 1.789517036941948e-05 57.84
1285 1.800774434785454e-05 57.85
1286 1.810306942689988e-05 57.86
1287 1.817689239023224e-05 57.87
1288 1.822618085305591e-05 57.88
1289 1.825091909155449e-05 57.89
1290 1.824976430521664e-05 57.9
1291 1.822336644932157e-05 57.91
1292 1.817224717334189e-05 57.92
1293 1.809594006844853e-05 57.93
1294 1.799671584825215e-05 57.94
1295 1.78754711842898e-05 57.95
1296 1.773276534536745e-05 57.96
1297 1.757669040548491e-05 57.97
1298 1.741132838049993e-05 57.98
1299 1.724090012086836e-05 57.99
1300 1.705869429078586e-05 58
1301 1.68817773258417e-05 58.01
1302 1.671957654035052e-05 58.02
1303 1.656441448545293e-05 58.03
1304 1.641783031683864e-05 58.04
1305 1.62834437494824e-05 58.05
1306 1.616595622325936e-05 58.06
1307 1.606367419350427e-05 58.07
1308 1.597617987658248e-05 58.08
1309 1.590469377633803e-05 58.09
1310 1.585011363602551e-05 58.1
1311 1.581217071340131e-05 58.11
1312 1.579081931955194e-05 58.12
1313 1.578679010591919e-05 58.13
1314 1.579954651751735e-05 58.14
1315 1.582835962114779e-05 58.15
1316 1.587206501522779e-05 58.16
1317 1.592949637307206e-05 58.17
1318 1.599878020699174e-05 58.18
1319 1.607745906482384e-05 58.19
1320 1.616696693465096e-05 58.2
1321 1.626383365043266e-05 58.21
1322 1.636241589869036e-05 58.22
1323 1.645896397813372e-05 58.23
1324 1.655064166852756e-05 58.24
1325 1.663476412525764e-05 58.25
1326 1.670935930874684e-05 58.26
1327 1.67731470909197e-05 58.27
1328 1.682472509688544e-05 58.28
1329 1.685885128167604e-05 58.29
1330 1.68737639096949e-05 58.3
1331 1.687351395622415e-05 58.31
1332 1.685640270125086e-05 58.32
1333 1.682438247271066e-05 58.33
1334 1.677777520915807e-05 58.34
1335 1.671929963822873e-05 58.35
1336 1.664930516479113e-05 58.36
1337 1.656616812599336e-05 58.37
1338 1.647330444337457e-05 58.38
1339 1.637133974923071e-05 58.39
1340 1.626449547697327e-05 58.4
1341 1.615547064212121e-05 58.41
1342 1.604543335809276e-05 58.42
1343 1.593720638178151e-05 58.43
1344 1.583449940750599e-05 58.44
1345 1.573736822346877e-05 58.45
1346 1.564910548721596e-05 58.46
1347 1.55719530747052e-05 58.47
1348 1.550458829526107e-05 58.48
1349 1.54478607695373e-05 58.49
1350 1.540316883558487e-05 58.5
1351 1.536905183674448e-05 58.51
1352 1.534334960262014e-05 58.52
1353 1.53329270909047e-05 58.53
1354 1.533577709199157e-05 58.54
1355 1.53507005615786e-05 58.55
1356 1.53768281200627e-05 58.56
1357 1.541296698422432e-05 58.57
1358 1.54578721618273e-05 58.58
1359 1.550973279916927e-05 58.59
1360 1.556665994023528e-05 58.6
1361 1.562671009627527e-05 58.61
1362 1.568793013303084e-05 58.62
1363 1.574782511134346e-05 58.63
1364 1.580527389413664e-05 58.64
1365 1.585766459020814e-05 58.65
1366 1.59028752680858e-05 58.66
1367 1.593967883075215e-05 58.67
1368 1.596616415192894e-05 58.68
1369 1.598123929284581e-05 58.69
1370 1.598485645419407e-05 58.7
1371 1.59778197278259e-05 58.71
1372 1.595998440134911e-05 58.72
1373 1.593005676705805e-05 58.73
1374 1.588317775400881e-05 58.74
1375 1.583344961865829e-05 58.75
1376 1.577497757030334e-05 58.76
1377 1.570871584566596e-05 58.77
1378 1.563725342792941e-05 58.78
1379 1.556211659068807e-05 58.79
1380 1.548475005242619e-05 58.8
1381 1.54063254642531e-05 58.81
1382 1.532984716013193e-05 58.82
1383 1.525541089140357e-05 58.83
1384 1.518415863385494e-05 58.84
1385 1.511736778432496e-05 58.85
1386 1.50563280338628e-05 58.86
1387 1.500211678007081e-05 58.87
1388 1.495526564565593e-05 58.88
1389 1.491617003339306e-05 58.89
1390 1.488303503004605e-05 58.9
1391 1.485997662967398e-05 58.91
1392 1.484688738220143e-05 58.92
1393 1.484246127434441e-05 58.93
1394 1.484605939930484e-05 58.94
1395 1.485682365736666e-05 58.95
1396 1.48739568925988e-05 58.96
1397 1.489650629588101e-05 58.97
1398 1.492341178829227e-05 58.98
1399 1.495320973120296e-05 58.99
1400 1.498427560140224e-05 59
1401 1.501501771138062e-05 59.01
1402 1.504482658258123e-05 59.02
1403 1.507258327591634e-05 59.03
1404 1.509555796334869e-05 59.04
1405 1.511377508953714e-05 59.05
1406 1.512573519256611e-05 59.06
1407 1.513180290520628e-05 59.07
1408 1.513097506950364e-05 59.08
1409 1.512138273833242e-05 59.09
1410 1.51033463699642e-05 59.1
1411 1.507746275283332e-05 59.11
1412 1.504384247651132e-05 59.12
1413 1.500287338587961e-05 59.13
1414 1.495541826548725e-05 59.14
1415 1.490242415380763e-05 59.15
1416 1.484482907968994e-05 59.16
1417 1.478380804752894e-05 59.17
1418 1.472069738327495e-05 59.18
1419 1.46561432916483e-05 59.19
1420 1.459200822610236e-05 59.2
1421 1.452929422297659e-05 59.21
1422 1.446895994777476e-05 59.22
1423 1.441155688120023e-05 59.23
1424 1.435804903281556e-05 59.24
1425 1.430970972142544e-05 59.25
1426 1.426678917790794e-05 59.26
1427 1.422945791637166e-05 59.27
1428 1.419794241770541e-05 59.28
1429 1.417236066861572e-05 59.29
1430 1.415295926487216e-05 59.3
1431 1.413942053163893e-05 59.31
1432 1.413159856167534e-05 59.32
1433 1.41292827011321e-05 59.33
1434 1.413299005597612e-05 59.34
1435 1.414264753139423e-05 59.35
1436 1.415669337781506e-05 59.36
1437 1.417150846625526e-05 59.37
1438 1.418755351174019e-05 59.38
1439 1.420168669273387e-05 59.39
1440 1.421595370634524e-05 59.4
1441 1.422866729369095e-05 59.41
1442 1.424107918605027e-05 59.42
1443 1.425038292604172e-05 59.43
1444 1.425542220161314e-05 59.44
1445 1.42553221492871e-05 59.45
1446 1.424983496862275e-05 59.46
1447 1.423886498861476e-05 59.47
1448 1.422244365875601e-05 59.48
1449 1.420305522575231e-05 59.49
1450 1.418058111762416e-05 59.5
1451 1.415338968106192e-05 59.51
1452 1.412167465614952e-05 59.52
1453 1.408639580796764e-05 59.53
1454 1.404824206723723e-05 59.54
1455 1.400713760696895e-05 59.55
1456 1.396405946235962e-05 59.56
1457 1.392057584640538e-05 59.57
1458 1.387773987855873e-05 59.58
1459 1.383544776667816e-05 59.59
1460 1.379446525450071e-05 59.6
1461 1.375521252859331e-05 59.61
1462 1.371815298143342e-05 59.62
1463 1.368513095812731e-05 59.63
1464 1.365505451541087e-05 59.64
1465 1.363008751238762e-05 59.65
1466 1.361087083675105e-05 59.66
1467 1.359893304200645e-05 59.67
1468 1.359310055593126e-05 59.68
1469 1.359238443649403e-05 59.69
1470 1.359776890510501e-05 59.7
1471 1.360493889761999e-05 59.71
1472 1.361307483553052e-05 59.72
1473 1.36230714584208e-05 59.73
1474 1.363499116635277e-05 59.74
1475 1.364818195570459e-05 59.75
1476 1.366158499745876e-05 59.76
1477 1.367235311858707e-05 59.77
1478 1.368494074149572e-05 59.78
1479 1.369626593990635e-05 59.79
1480 1.370526541965523e-05 59.8
1481 1.371147582473415e-05 59.81
1482 1.37159648660312e-05 59.82
1483 1.371914249057813e-05 59.83
1484 1.372083542177601e-05 59.84
1485 1.371941895821529e-05 59.85
1486 1.371442375594441e-05 59.86
1487 1.370605252837488e-05 59.87
1488 1.369502564930541e-05 59.88
1489 1.368029524869079e-05 59.89
1490 1.366196672594919e-05 59.9
1491 1.364067535508788e-05 59.91
1492 1.361697284706488e-05 59.92
1493 1.359139671284791e-05 59.93
1494 1.356442969322473e-05 59.94
1495 1.353413900954643e-05 59.95
1496 1.350219998832734e-05 59.96
1497 1.346946677199868e-05 59.97
1498 1.343842556533757e-05 59.98
1499 1.340852694250702e-05 59.99
1500 1.33802650517415e-05 60
