"pressao-porta-rfile"
"Time Step" "pressao-porta etc.."
("Time Step" "pressao-porta" "flow-time")
0 -1811.544936547018 0
1 159766.3778851163 0.1
2 122055.1906023288 0.2
3 25705.70072395427 0.3
4 -27519.33786150296 0.4
5 -47100.13383397819 0.5
6 -56430.30900652735 0.6000000000000001
7 -61383.24545523713 0.7000000000000001
8 -61477.25197174073 0.8
9 -54798.75105445307 0.9
10 -40379.68423456851 1
11 -21167.48494428363 1.1
12 -2151.508245691914 1.2
13 12726.10414632065 1.3
14 25996.34341728907 1.4
15 31326.83942661367 1.5
16 29723.57988087837 1.6
17 24340.23468833188 1.7
18 19599.23374598548 1.8
19 14967.80112798879 1.9
20 10907.46235595614 2
21 8674.54504077919 2.1
22 6453.246064390404 2.2
23 6686.395943243186 2.3
24 7136.314201798905 2.4
25 8129.282791660451 2.5
26 9601.860386189275 2.6
27 11530.90540743665 2.7
28 13872.45808500526 2.8
29 16546.14854372762 2.9
30 19454.11976257326 3
31 22477.29017338131 3.1
32 25490.90788955291 3.2
33 28364.58316268918 3.3
34 31000.01532798327 3.4
35 33312.09795808607 3.5
36 35246.2438609436 3.6
37 36778.4966197821 3.7
38 37917.40060312276 3.8
39 38697.51988475565 3.9
40 39151.17802605181 4
41 39352.93182276753 4.100000000000001
42 39362.92429263184 4.2
43 39246.03857763223 4.3
44 39061.88749641602 4.4
45 38866.73117055195 4.5
46 38704.23178451873 4.600000000000001
47 38608.06253354541 4.7
48 38603.53720661419 4.800000000000001
49 38704.61156772888 4.9
50 38917.8386197815 5
51 39245.49748848053 5.100000000000001
52 39682.8015906093 5.2
53 40227.78377577897 5.300000000000001
54 40868.93606492746 5.4
55 41597.35734416165 5.5
56 42403.6591453269 5.600000000000001
57 43277.93883843101 5.7
58 44214.41877650627 5.800000000000001
59 45203.75457393064 5.9
60 46241.25626693523 6
61 47320.75843743541 6.100000000000001
62 48437.89548940955 6.2
63 49586.90520471118 6.300000000000001
64 50761.24602234357 6.4
65 51953.45081144344 6.5
66 53157.08160836968 6.600000000000001
67 54363.87347575841 6.7
68 55568.27731077196 6.800000000000001
69 56761.22725627275 6.9
70 57933.9847091349 7
71 59079.9018606548 7.100000000000001
72 60193.6461737591 7.2
73 61266.2154693924 7.300000000000001
74 62295.28397905813 7.4
75 63278.48565609675 7.5
76 64213.3780522322 7.600000000000001
77 65100.25470673751 7.7
78 65938.97760398388 7.800000000000001
79 66732.24600961916 7.9
80 67480.72069195773 8
81 68187.4077139479 8.1
82 68855.3902000699 8.200000000000001
83 69486.68175264521 8.300000000000001
84 70085.33425292575 8.4
85 70652.66981427807 8.5
86 71174.74235920348 8.6
87 71150.78176195621 8.700000000000001
88 71654.72693029713 8.800000000000001
89 72117.79093286202 8.9
90 72079.33136718757 9
91 72543.16158373984 9.1
92 72969.6494046906 9.200000000000001
93 72916.75502039939 9.300000000000001
94 73318.22288644027 9.4
95 73272.77995927243 9.5
96 73658.93558531876 9.600000000000001
97 73616.24577873609 9.700000000000001
98 73991.32723810885 9.800000000000001
99 73948.61001814702 9.9
100 74305.62263657856 10
101 74246.39001731432 10.1
102 74572.4379745981 10.2
103 74498.58504667711 10.3
104 74794.81713001258 10.4
105 74703.54254705801 10.5
106 74980.88600928405 10.6
107 74881.9599246935 10.7
108 75152.55508412734 10.8
109 75053.39046218735 10.9
110 75332.96093338825 11
111 75243.0021121125 11.1
112 75544.19288123783 11.2
113 75474.73610423789 11.3
114 75799.00087253422 11.4
115 75749.3113892488 11.5
116 76102.94786535457 11.6
117 76078.10226814561 11.7
118 76465.53553834831 11.8
119 76465.0291512449 11.9
120 76873.09792459485 12
121 76895.79340199663 12.1
122 77328.96006073381 12.2
123 77370.68722145011 12.3
124 77817.3954299458 12.4
125 77877.34470504338 12.5
126 78338.98248966389 12.6
127 78415.9521113603 12.7
128 78895.88769290173 12.8
129 78990.22414664795 12.9
130 79482.80989590223 13
131 79592.86837848798 13.1
132 80099.69709354905 13.2
133 80224.1466085292 13.3
134 80746.50960017658 13.4
135 80886.18784728058 13.5
136 81420.54969002942 13.6
137 81574.76380411394 13.7
138 82123.38701662768 13.8
139 82290.47883774295 13.9
140 82849.96268755192 14
141 83027.00607950723 14.1
142 83589.18147805295 14.2
143 83773.70296025831 14.3
144 84338.92514288038 14.4
145 84526.4477252932 14.5
146 85090.15244276338 14.6
147 85281.15446463713 14.7
148 85842.01598234581 14.8
149 86036.76650557682 14.9
150 86590.57797868873 15
151 86786.44510343678 15.1
152 87331.30160965679 15.2
153 87522.7875861902 15.3
154 88058.49696511516 15.4
155 88245.63769206427 15.5
156 88766.35057515181 15.6
157 88947.44473200029 15.7
158 89455.02517604864 15.8
159 89630.24784935561 15.9
160 90132.44449834418 16
161 90299.28205882668 16.1
162 90780.58565379868 16.2
163 90943.78011287381 16.3
164 91411.75214506681 16.4
165 91566.24998863247 16.5
166 91979.43534554834 16.6
167 92120.60849813909 16.7
168 92488.6636621025 16.8
169 92612.05389885377 16.9
170 92908.48696711659 17
171 93008.84338695112 17.1
172 93227.86248133674 17.2
173 93299.03816909931 17.3
174 93367.90188941134 17.4
175 93396.77840352348 17.5
176 93438.96938001958 17.6
177 93409.61753552308 17.7
178 93401.58048769941 17.8
179 93414.52981458967 17.9
180 93362.04761282461 18
181 93339.40085527615 18.1
182 93341.63001076871 18.2
183 93383.9488951019 18.3
184 93366.50974180544 18.4
185 93373.38872818573 18.5
186 93454.9053807638 18.6
187 93437.75879804556 18.7
188 93348.24543361049 18.8
189 93266.84987053362 18.9
190 92369.53266146363 19
191 91677.19220452127 19.1
192 91217.99840727972 19.2
193 90979.37693584993 19.3
194 90867.95894062051 19.4
195 90817.99690146167 19.5
196 90798.19005590625 19.6
197 90833.00990306263 19.7
198 90906.56754427138 19.8
199 91141.78319160634 19.9
200 91609.48440976645 20
201 92263.49018929842 20.1
202 92995.04768788516 20.2
203 93695.70660514972 20.3
204 94294.96826052861 20.4
205 94616.17362652536 20.5
206 94903.64177746628 20.6
207 95111.38491674747 20.7
208 95240.873711804 20.8
209 95315.65962646814 20.9
210 95344.53781956957 21
211 95349.32868014736 21.1
212 95322.10126485412 21.2
213 95288.14273003431 21.3
214 95256.31218934948 21.4
215 95232.43904737155 21.5
216 95218.95465326468 21.6
217 95225.08332662674 21.7
218 95255.21824069483 21.8
219 95307.82529060717 21.9
220 95385.48232894628 22
221 95484.01360596198 22.1
222 95599.76575525376 22.2
223 95733.44111061889 22.3
224 95880.6350593776 22.4
225 96040.03690031321 22.5
226 96207.87349783865 22.6
227 96378.35863999488 22.7
228 96553.23820101852 22.8
229 96727.99696314607 22.9
230 96900.93411736381 23
231 97071.63277734126 23.1
232 97236.21771701713 23.2
233 97397.18104469538 23.3
234 97551.72484489213 23.4
235 97698.93139467741 23.5
236 97838.25787462982 23.6
237 97971.5354039032 23.7
238 98098.18827494993 23.8
239 98217.90618126177 23.9
240 98331.82873622184 24
241 98438.71319406197 24.1
242 98540.80105020606 24.2
243 98637.27181537477 24.3
244 98730.01575559116 24.4
245 98819.5511695918 24.5
246 98906.45992255112 24.6
247 98990.86665217787 24.7
248 99073.51611786216 24.8
249 99155.15919757535 24.9
250 99235.59948696759 25
251 99315.06803861415 25.1
252 99394.92885466928 25.2
253 99474.8001167046 25.3
254 99554.59301363335 25.4
255 99634.20129072077 25.5
256 99713.72178709197 25.6
257 99794.806793779 25.7
258 99876.06530850565 25.8
259 99957.79884127474 25.9
260 100040.0992065736 26
261 100122.9936241838 26.1
262 100205.9860817663 26.2
263 100289.277960485 26.3
264 100372.7713048191 26.4
265 100456.2812646653 26.5
266 100539.897600688 26.6
267 100623.1343628121 26.7
268 100706.7739956701 26.8
269 100789.9717360288 26.9
270 100873.9976387879 27
271 100956.2426416124 27.1
272 101038.1583575653 27.2
273 101119.6342555897 27.3
274 101200.4297506651 27.4
275 101280.5917149425 27.5
276 101360.8150041785 27.6
277 101440.1446678291 27.7
278 101519.7830386779 27.8
279 101597.7921960876 27.9
280 101676.0548777376 28
281 101753.4139430936 28.1
282 101830.67758985 28.2
283 101907.5610074122 28.3
284 101983.8677335639 28.4
285 102059.9761720264 28.5
286 102135.3596363265 28.6
287 102210.6636260787 28.7
288 102286.2802880299 28.8
289 102361.6234319037 28.9
290 102436.0749249438 29
291 102510.8269758559 29.1
292 102585.5910910779 29.2
293 102660.5619149926 29.3
294 102735.4915096994 29.4
295 102810.6339104722 29.5
296 102885.7604391112 29.6
297 102961.1835578317 29.7
298 103036.6432448171 29.8
299 103112.0707797259 29.9
300 103187.7681693844 30
301 103263.6942480962 30.1
302 103340.0627270714 30.2
303 103416.5052737068 30.3
304 103493.1029669428 30.4
305 103570.2346228229 30.5
306 103647.6035753267 30.6
307 103725.2132034038 30.7
308 103802.2517866893 30.8
309 103879.9259770651 30.9
310 103958.0732165388 31
311 104036.3475458527 31.1
312 104114.9981058347 31.2
313 104193.8035957571 31.3
314 104273.4608307311 31.4
315 104352.1599179929 31.5
316 104431.6629267964 31.6
317 104511.0203304679 31.7
318 104590.4659474212 31.8
319 104670.3313261832 31.9
320 104751.1644366207 32
321 104832.0624717946 32.1
322 104913.2542339857 32.2
323 104994.1084851122 32.3
324 105075.5749355088 32.4
325 105157.1074596784 32.5
326 105238.5947310611 32.6
327 105320.3418922925 32.7
328 105402.2250016837 32.8
329 105484.5125438299 32.9
330 105567.7149774739 33
331 105650.611044005 33.1
332 105733.8610777879 33.2
333 105816.9430400047 33.3
334 105900.3970233065 33.4
335 105984.8190375865 33.5
336 106069.2953405151 33.6
337 106153.9740068903 33.7
338 106238.3369039423 33.8
339 106323.2481976607 33.9
340 106409.1162004688 34
341 106494.8746028376 34.1
342 106580.9876258401 34.2
343 106667.5729026659 34.3
344 106754.968990227 34.4
345 106842.5356241684 34.5
346 106930.214020577 34.6
347 107018.3886084832 34.7
348 107106.4909222942 34.8
349 107195.4898483367 34.9
350 107285.0793241242 35
351 107375.1070109687 35.1
352 107465.1595543251 35.2
353 107555.5424883364 35.3
354 107646.3374174772 35.4
355 107737.6913338964 35.5
356 107829.3538621989 35.6
357 107921.2245930437 35.7
358 108013.7726454583 35.8
359 108106.6836210566 35.9
360 108199.6866410634 36
361 108293.4582658025 36.1
362 108387.4213772238 36.2
363 108481.7630451109 36.3
364 108576.2659956627 36.4
365 108671.1018673372 36.5
366 108766.5334139651 36.6
367 108862.1161349393 36.7
368 108958.0695336516 36.8
369 109054.592428233 36.9
370 109151.3636375538 37
371 109248.3048027631 37.1
372 109345.6750354256 37.2
373 109443.0351626109 37.3
374 109541.405723627 37.4
375 109639.42745751 37.5
376 109737.8466641985 37.6
377 109836.6453642725 37.7
378 109935.632193661 37.8
379 110035.0394330846 37.9
380 110134.8600506644 38
381 110234.8206057294 38.1
382 110335.0318710655 38.2
383 110435.7136272435 38.3
384 110536.6440641959 38.40000000000001
385 110637.4461183385 38.5
386 110738.7943928785 38.6
387 110840.8420426629 38.7
388 110942.6172209685 38.8
389 111045.0420420299 38.90000000000001
390 111146.9890819099 39
391 111249.291123207 39.1
392 111352.3008626191 39.2
393 111455.17522868 39.3
394 111558.328445322 39.40000000000001
395 111661.6451644468 39.5
396 111765.2842050296 39.6
397 111868.7572031051 39.7
398 111972.8375638075 39.8
399 112077.2148639763 39.90000000000001
400 112181.5164586684 40
401 112286.0229802985 40.1
402 112390.139545419 40.2
403 112494.7368637815 40.3
404 112599.6456985037 40.40000000000001
405 112704.8846366462 40.5
406 112810.0722369026 40.6
407 112915.2061329065 40.7
408 113020.297657906 40.8
409 113125.5500077741 40.90000000000001
410 113230.9119474533 41
411 113336.7160203255 41.1
412 113442.2581887819 41.2
413 113547.8408402766 41.3
414 113653.4579898408 41.40000000000001
415 113759.549684032 41.5
416 113865.4522289965 41.6
417 113971.473445402 41.7
418 114077.4776702159 41.8
419 114183.3065648167 41.90000000000001
420 114289.1280241764 42
421 114394.7890745476 42.1
422 114500.4951172432 42.2
423 114606.1125952002 42.3
424 114712.6121595537 42.40000000000001
425 114818.826373472 42.5
426 114924.7238874755 42.6
427 115030.9960760984 42.7
428 115136.9189520265 42.8
429 115242.7526526371 42.90000000000001
430 115348.2277855605 43
431 115453.6824419614 43.1
432 115559.3082469713 43.2
433 115664.8357626739 43.3
434 115770.1293916803 43.40000000000001
435 115875.3096596048 43.5
436 115980.3148835974 43.6
437 116085.6571023774 43.7
438 116190.3682885136 43.8
439 116295.1492366327 43.90000000000001
440 116399.7827388253 44
441 116504.684767551 44.1
442 116609.1595541879 44.2
443 116713.6445224624 44.3
444 116818.1394525293 44.40000000000001
445 116922.0006711869 44.5
446 117025.8189109431 44.6
447 117130.3625744733 44.7
448 117234.1417652234 44.8
449 117337.6169797519 44.90000000000001
450 117440.7883433845 45
451 117543.9182711941 45.1
452 117647.3691739334 45.2
453 117749.9580127606 45.3
454 117852.5724523032 45.40000000000001
455 117954.8130132216 45.5
456 118056.9693148226 45.6
457 118159.5708403363 45.7
458 118261.7165328196 45.8
459 118363.6553773428 45.90000000000001
460 118465.4810161764 46
461 118567.0435852988 46.1
462 118668.1258488434 46.2
463 118769.1606410474 46.3
464 118869.6511417292 46.40000000000001
465 118970.2861398353 46.5
466 119070.6698974576 46.6
467 119171.1012191516 46.7
468 119270.9006837167 46.8
469 119370.7712173641 46.90000000000001
470 119470.5884045927 47
471 119569.6947193484 47.1
472 119668.7882441234 47.2
473 119767.904029212 47.3
474 119866.7822049689 47.40000000000001
475 119965.5624042069 47.5
476 120064.3235755989 47.6
477 120162.6173828663 47.7
478 120260.7702325857 47.8
479 120358.3098585573 47.90000000000001
480 120455.857808195 48
481 120552.9704905059 48.1
482 120650.1344077847 48.2
483 120747.0920023872 48.3
484 120843.7627493732 48.40000000000001
485 120940.0070925836 48.5
486 121036.2799060807 48.6
487 121132.0272453407 48.7
488 121227.8824284581 48.8
489 121323.3132987196 48.90000000000001
490 121418.8397752764 49
491 121514.3731966979 49.1
492 121608.7818019792 49.2
493 121703.2326464757 49.3
494 121798.0522372797 49.40000000000001
495 121892.5974565993 49.5
496 121986.4011207727 49.6
497 122080.2124304482 49.7
498 122174.3713229294 49.8
499 122268.4054353878 49.90000000000001
500 122362.214070777 50
501 -561.5954901466538 50.01
502 -540.7413476605495 50.02
503 -529.0185301232405 50.03
504 -516.687510350282 50.04
505 -494.7444990491637 50.05
506 -475.7682958913594 50.06
507 -456.4032859407706 50.07
508 -437.9180461573995 50.08
509 -421.2467758693542 50.09
510 -405.4237837623554 50.1
511 -390.4993036937128 50.11
512 -376.4844881446434 50.12
513 -366.4913138472121 50.13
514 -363.7360211466247 50.14
515 -362.872123373808 50.15
516 -361.4632622825102 50.16
517 -360.8892539182748 50.17
518 -359.9368033534378 50.18
519 -359.51846896029 50.19
520 -358.5188581088237 50.2
521 -356.6245432656312 50.21
522 -354.4979829854502 50.22
523 -352.4425972260347 50.23
524 -350.5555834112897 50.24
525 -348.8825786461543 50.25
526 -347.440511583896 50.26
527 -346.2506990028035 50.27
528 -345.3279385186171 50.28
529 -344.7381801541337 50.29
530 -344.4440104424543 50.3
531 -344.321941509686 50.31
532 -345.3247946935925 50.32
533 -345.7007169872648 50.33
534 -346.2463715422321 50.34
535 -346.8079103847364 50.35
536 -347.8480297563752 50.36
537 -348.7893676076935 50.37
538 -349.8854700726494 50.38
539 -353.1216021188058 50.39
540 -359.0523623474562 50.4
541 -362.0876856875372 50.41
542 -366.8849882825619 50.42
543 -370.9383883960455 50.43
544 -377.0827784546661 50.44
545 -382.0579228810621 50.45
546 -390.0731858703214 50.46
547 -397.5105752376152 50.47
548 -404.1103318764922 50.48
549 -411.3414576376906 50.49
550 -422.8847430618246 50.5
551 -427.5650169920906 50.51
552 -432.5995245252477 50.52
553 -438.0182428720551 50.53
554 -442.7267435572885 50.54
555 -448.2706904389674 50.55
556 -454.2488795611065 50.56
557 -460.2234563397211 50.57
558 -466.1599604435364 50.58
559 -472.93130822602 50.59
560 -481.2094038453 50.6
561 -487.7791250762829 50.61
562 -494.3319100291116 50.62
563 -500.7271219682554 50.63
564 -506.7709375232091 50.64
565 -512.2889546675817 50.65
566 -517.039007832867 50.66
567 -520.5592742230357 50.67
568 -522.8147942489114 50.68
569 -522.3754832235809 50.69
570 -519.5102670841846 50.7
571 -514.2921813989012 50.71
572 -505.286835462604 50.72
573 -495.7849190398364 50.73
574 -484.421268044261 50.74
575 -471.9088682360872 50.75
576 -459.5909879202807 50.76
577 -446.2551497611524 50.77
578 -433.1281508617806 50.78
579 -419.955972377764 50.79
580 -406.916645179548 50.8
581 -393.2759148478424 50.81
582 -380.2277567174762 50.82
583 -367.6594078396769 50.83
584 -355.8098424500276 50.84
585 -343.8396604756637 50.85
586 -331.7262246442158 50.86
587 -320.6517091012029 50.87
588 -309.9717503603395 50.88
589 -300.6354421883634 50.89
590 -292.2662681363567 50.9
591 -284.805819753389 50.91
592 -277.2817596942997 50.92
593 -271.7307175678455 50.93
594 -265.8538040657566 50.94
595 -262.808882533644 50.95
596 -260.694289997015 50.96
597 -259.0778183151432 50.97
598 -258.1257853213878 50.98
599 -257.7428186206852 50.99
600 -257.6324990228256 51
601 -259.155818985881 51.01
602 -260.5783256719144 51.02
603 -262.6113498506302 51.03
604 -265.6396925007258 51.04
605 -269.1790091629949 51.05
606 -273.0840641599005 51.06
607 -276.0565039873924 51.07
608 -279.1227389762295 51.08
609 -282.5030638365107 51.09
610 -286.3570787013947 51.1
611 -290.1916797725839 51.11
612 -296.3734252413652 51.12
613 -301.5158955643536 51.13
614 -306.3120673685814 51.14
615 -311.9051238141627 51.15
616 -317.1046888826557 51.16
617 -327.5538246722376 51.17
618 -333.0329602356249 51.18
619 -338.1734083029372 51.19
620 -342.6310764323403 51.2
621 -346.2337322586016 51.21
622 -345.8069509868844 51.22
623 -346.9823105309302 51.23
624 -345.7731106176172 51.24
625 -343.2313124650261 51.25
626 -339.8096319224732 51.26
627 -334.2709163846299 51.27
628 -328.5023153044656 51.28
629 -322.1654901120306 51.29
630 -315.2094476092597 51.3
631 -308.2744851812221 51.31
632 -300.6963514150125 51.32
633 -293.1590364541786 51.33
634 -284.3699245022411 51.34
635 -276.2894588413288 51.35
636 -268.2950764063083 51.36
637 -260.1298955781571 51.37
638 -252.2202504852227 51.38
639 -243.7618940333901 51.39
640 -236.2592413679712 51.4
641 -228.5302989579702 51.41
642 -221.5149768117021 51.42
643 -215.0406909139786 51.43
644 -208.7097371660617 51.44
645 -203.2767972241286 51.45
646 -197.8049892453861 51.46
647 -193.8333987354728 51.47
648 -190.3920379069418 51.48
649 -186.4127984207011 51.49
650 -184.5583119161878 51.5
651 -185.2526143136408 51.51
652 -185.6097149934736 51.52
653 -187.7737323633862 51.53
654 -189.6246451228758 51.54
655 -191.2286972677221 51.55
656 -193.776929647935 51.56
657 -196.7038811701568 51.57
658 -199.5857232230558 51.58
659 -202.7138771734865 51.59
660 -206.1627381181992 51.6
661 -209.4964574122441 51.61
662 -212.9687905133019 51.62
663 -216.6688230148116 51.63
664 -220.8210044711556 51.64
665 -226.4430270199908 51.65
666 -231.2739837569013 51.66
667 -237.0241345414994 51.67
668 -241.4762478595941 51.68
669 -245.8354699150846 51.69
670 -250.0225451601039 51.7
671 -253.9712430700265 51.71
672 -256.8962976487335 51.72
673 -257.85910009931 51.73
674 -257.0849141408478 51.74
675 -254.0236082299929 51.75
676 -249.8482889847485 51.76
677 -245.3375983636234 51.77
678 -240.9218299704841 51.78
679 -235.8914085684056 51.79
680 -230.0687197837941 51.8
681 -224.3517969592135 51.81
682 -218.0742004881989 51.82
683 -211.8646369804634 51.83
684 -205.3376658079472 51.84
685 -198.4413710152188 51.85
686 -191.7578336120958 51.86
687 -185.0910302776027 51.87
688 -178.3580498566838 51.88
689 -171.5967041938316 51.89
690 -165.4112579251534 51.9
691 -159.3493791301742 51.91
692 -153.7530346101571 51.92
693 -148.7509499586957 51.93
694 -143.5919032006802 51.94
695 -139.6642753848564 51.95
696 -136.0251253767214 51.96
697 -133.0037778589266 51.97
698 -130.5033037755706 51.98
699 -128.0311830760749 51.99
700 -126.7511140454762 52
701 -126.5243005282676 52.01
702 -127.0050135173955 52.02
703 -127.8506727710491 52.03
704 -129.0409075133212 52.04
705 -130.5657774689178 52.05
706 -133.2132827061042 52.06
707 -135.7099834064975 52.07
708 -138.3285249967208 52.08
709 -140.9857516236283 52.09
710 -144.5645027005873 52.1
711 -148.2345131868392 52.11
712 -151.609293144547 52.12
713 -154.9943741109995 52.13
714 -159.0888379160787 52.14
715 -163.0456928320789 52.15
716 -168.7126780186968 52.16
717 -173.0205071106067 52.17
718 -178.2394184629021 52.18
719 -186.4000221703772 52.19
720 -190.8600065334815 52.2
721 -195.6092345661972 52.21
722 -199.7320847412739 52.22
723 -203.4173094473543 52.23
724 -206.3742080346916 52.24
725 -207.8893986536529 52.25
726 -207.8337065393709 52.26
727 -204.3487513417759 52.27
728 -200.3562240413011 52.28
729 -196.5727367056971 52.29
730 -193.0908732017304 52.3
731 -188.2582836557283 52.31
732 -183.9339257605358 52.32
733 -179.0312951350704 52.33
734 -173.5183933403951 52.34
735 -168.2624297018148 52.35
736 -162.4301845656447 52.36
737 -156.8138465263929 52.37
738 -151.3233284685335 52.38
739 -145.2790299265587 52.39
740 -139.6997957112943 52.4
741 -133.3948999166986 52.41
742 -128.2403652010936 52.42
743 -122.6005126473031 52.43
744 -117.8211231476761 52.44
745 -113.2567021142448 52.45
746 -107.9756424783725 52.46
747 -103.6279657006495 52.47
748 -99.93302159149111 52.48
749 -95.84533243473265 52.49
750 -92.97553451888206 52.5
751 -90.47033952521622 52.51
752 -88.38865438715709 52.52
753 -86.65159680963617 52.53
754 -85.61253783914549 52.54
755 -85.39515690380783 52.55
756 -85.77472435183546 52.56
757 -86.55892991610708 52.57
758 -88.59597842972741 52.58
759 -89.95089878767195 52.59
760 -91.79161848138327 52.6
761 -93.69610144949041 52.61
762 -95.84126108377882 52.62
763 -99.12334394238655 52.63
764 -102.1828231371652 52.64
765 -105.847279771245 52.65
766 -108.9796004187241 52.66
767 -112.9839319999069 52.67
768 -116.9489069771076 52.68
769 -122.2413603313457 52.69
770 -127.1471987543929 52.7
771 -131.3876330586733 52.71
772 -139.2790408232207 52.72
773 -148.9294451873039 52.73
774 -153.7038817332926 52.74
775 -158.5243290891089 52.75
776 -163.6792500037809 52.76
777 -168.9696838664015 52.77
778 -173.6787665277183 52.78
779 -181.1558861073888 52.79
780 -184.4277804418238 52.8
781 -185.3272636479583 52.81
782 -184.4023877243309 52.82
783 -182.9643215409638 52.83
784 -180.8393456593573 52.84
785 -173.7021389256327 52.85
786 -170.6895729869618 52.86
787 -165.4665609349321 52.87
788 -160.7080520159821 52.88
789 -156.5131484326575 52.89
790 -150.9159497485387 52.9
791 -145.8232256187458 52.91
792 -140.6223135692979 52.92
793 -135.2588111957583 52.93
794 -130.3678842932703 52.94
795 -125.1885650089542 52.95
796 -119.0293039107449 52.96
797 -113.8219657627198 52.97
798 -108.8234789393475 52.98
799 -104.080380740387 52.99
800 -99.2208902088169 53
801 -94.84783281781725 53.01
802 -90.41203269368921 53.02
803 -86.08275395337076 53.03
804 -81.56726728430111 53.04
805 -78.20236992401195 53.05
806 -75.30185446244647 53.06
807 -72.73118385727412 53.07
808 -70.45802639304073 53.08
809 -68.583746185602 53.09
810 -67.10257880046974 53.1
811 -66.00519062951643 53.11
812 -65.62267430060167 53.12
813 -65.77144770077004 53.13
814 -66.36083592433012 53.14
815 -67.28539261867343 53.15
816 -68.59793361015348 53.16
817 -70.60448761790617 53.17
818 -72.44536088932641 53.18
819 -74.59433517010922 53.19
820 -76.75996187007603 53.2
821 -79.56578125769633 53.21
822 -82.52409166207076 53.22
823 -85.70613921062838 53.23
824 -89.02024729314645 53.24
825 -92.37784310794706 53.25
826 -96.0280743203066 53.26
827 -101.6346805147356 53.27
828 -106.3027180503591 53.28
829 -114.6426670606463 53.29
830 -120.9538236640878 53.3
831 -126.7783345966404 53.31
832 -133.0840858796846 53.32
833 -137.7417242707279 53.33
834 -142.8743099892486 53.34
835 -147.6205038816694 53.35
836 -154.885812543597 53.36
837 -163.6738065455154 53.37
838 -167.5674897349203 53.38
839 -166.8791038179436 53.39
840 -164.5568031324819 53.4
841 -163.7713113310246 53.41
842 -162.302593832467 53.42
843 -158.1079481545101 53.43
844 -153.5225412900154 53.44
845 -146.6043409312254 53.45
846 -142.933624553476 53.46
847 -139.0633174160987 53.47
848 -134.9043369883834 53.48
849 -128.8668948546033 53.49
850 -124.3299967694237 53.5
851 -119.4363343895504 53.51
852 -115.0090126389168 53.52
853 -110.3429649772287 53.53
854 -105.1258278217947 53.54
855 -99.76296471032384 53.55
856 -95.41657758678807 53.56
857 -91.02621395879039 53.57
858 -86.79904978935848 53.58
859 -82.73646055106596 53.59
860 -78.63721715214092 53.6
861 -75.18569404918617 53.61
862 -71.5631057442346 53.62
863 -67.99078355105927 53.63
864 -65.36375196997756 53.64
865 -62.91305212953255 53.65
866 -60.89193249709577 53.66
867 -59.2077451403169 53.67
868 -57.79669086992567 53.68
869 -56.9344810230313 53.69
870 -56.5781171081837 53.7
871 -56.7420503868758 53.71
872 -57.34416783415923 53.72
873 -58.47053014229961 53.73
874 -59.69628437577008 53.74
875 -61.6933937989759 53.75
876 -63.37876119534202 53.76
877 -65.26956627117558 53.77
878 -67.46613582302847 53.78
879 -69.94381386850571 53.79
880 -72.50461438637264 53.8
881 -75.55370816429375 53.81
882 -78.80711204198096 53.82
883 -82.34301787472984 53.83
884 -86.0816363808712 53.84
885 -91.45815313562375 53.85
886 -95.95409627258358 53.86
887 -103.5828168761049 53.87
888 -107.7420760032543 53.88
889 -112.0007904406632 53.89
890 -119.4367025230555 53.9
891 -125.5441476554534 53.91
892 -133.8293403757062 53.92
893 -138.3060329662927 53.93
894 -142.8269463054387 53.94
895 -147.280215960185 53.95
896 -151.0161662769964 53.96
897 -153.677391624296 53.97
898 -154.3599918011917 53.98
899 -150.3475958353812 53.99
900 -147.2028963801489 54
901 -143.5282494381535 54.01
902 -140.3064714376639 54.02
903 -134.3974168818484 54.03
904 -131.0220712397559 54.04
905 -127.0072730320418 54.05
906 -123.245583060405 54.06
907 -117.8136672207386 54.07
908 -113.5294160182527 54.08
909 -109.1506192695559 54.09
910 -104.9352205783692 54.1
911 -100.8560366532001 54.11
912 -96.26133833062727 54.12
913 -91.31202507773986 54.13
914 -87.29922552496167 54.14
915 -83.28896579274888 54.15
916 -79.36694099455939 54.16
917 -75.12997247008002 54.17
918 -71.69103057722528 54.18
919 -68.50211327825056 54.19
920 -65.48554184965472 54.2
921 -62.64865793468603 54.21
922 -59.55680381591689 54.22
923 -57.3684190993832 54.23
924 -55.50802044037166 54.24
925 -50.8674561522948 54.25
926 -49.59111237116875 54.26
927 -48.83300804304297 54.27
928 -48.5772397842447 54.28
929 -51.71604484421213 54.29
930 -52.66189069482618 54.3
931 -53.93221166762613 54.31
932 -55.36273414063348 54.32
933 -57.06206161289592 54.33
934 -58.67859181627892 54.34
935 -60.46146683647312 54.35
936 -62.51392959333679 54.36
937 -64.85989790198823 54.37
938 -67.51422353690847 54.38
939 -70.69845446474486 54.39
940 -73.995122141469 54.4
941 -77.08404289444051 54.41
942 -80.33884744911369 54.42
943 -85.25955732339273 54.43
944 -89.5651538757908 54.44
945 -93.26663318552328 54.45
946 -99.93805818228029 54.46
947 -104.391788055076 54.47
948 -108.5129026622093 54.48
949 -113.1888617697058 54.49
950 -120.2404444147825 54.5
951 -128.6683574984012 54.51
952 -132.3395235850016 54.52
953 -135.5445557225103 54.53
954 -137.9463354694097 54.54
955 -135.4830074243322 54.55
956 -133.22890867443 54.56
957 -131.5186832829438 54.57
958 -126.5049573634643 54.58
959 -124.0810696659934 54.59
960 -121.546201139184 54.6
961 -118.0922425759425 54.61
962 -114.940296536209 54.62
963 -109.9136427165287 54.63
964 -106.5045919118455 54.64
965 -102.9006262085783 54.65
966 -99.1184405915498 54.66
967 -95.3574704445583 54.67
968 -91.66684696147254 54.68
969 -87.84071877366836 54.69
970 -83.72157859296237 54.7
971 -79.91994440044108 54.71
972 -76.42009910945359 54.72
973 -73.16318994462576 54.73
974 -69.65453401754151 54.74
975 -65.85230873364343 54.75
976 -63.02749939497437 54.76
977 -57.59986066876339 54.77
978 -55.00816360466266 54.78
979 -52.82497231293749 54.79
980 -50.75264002416022 54.8
981 -48.63398055690785 54.81
982 -47.24495616794859 54.82
983 -46.21370455413529 54.83
984 -45.62331916373991 54.84
985 -45.51296458138891 54.85
986 -46.0574396534936 54.86
987 -47.02012273860971 54.87
988 -48.0761047555719 54.88
989 -49.25971290372938 54.89
990 -50.89778051272015 54.9
991 -52.98388420492018 54.91
992 -57.50492202694164 54.92
993 -59.48504416373205 54.93
994 -61.6260699167312 54.94
995 -64.34160337362533 54.95
996 -66.8669849725829 54.96
997 -69.44077471025905 54.97
998 -72.27739671683622 54.98
999 -75.69472648836746 54.99
1000 -79.20105250742536 55
1001 -82.53091932845876 55.01
1002 -86.91123666275561 55.02
1003 -90.43591504545931 55.03
1004 -94.19514230516927 55.04
1005 -98.18988442714985 55.05
1006 -104.6007395269575 55.06
1007 -107.9501286825417 55.07
1008 -110.8008781516258 55.08
1009 -113.1939576767795 55.09
1010 -115.2355040728208 55.1
1011 -113.2020250486211 55.11
1012 -112.6318976544895 55.12
1013 -111.5977213537865 55.13
1014 -109.3672699894044 55.14
1015 -106.131556394038 55.15
1016 -103.7263438486949 55.16
1017 -100.9027084407941 55.17
1018 -98.18886586013895 55.18
1019 -95.16593275927795 55.19
1020 -91.96992250571093 55.2
1021 -88.68628160552564 55.21
1022 -85.5665291975984 55.22
1023 -82.24686917747601 55.23
1024 -79.05686788310456 55.24
1025 -75.84621333988844 55.25
1026 -72.45110255962238 55.26
1027 -69.51392670060439 55.27
1028 -64.04652977950978 55.28
1029 -60.94333337996392 55.29
1030 -58.10941617278507 55.3
1031 -55.57555162194718 55.31
1032 -53.20615823107052 55.32
1033 -51.03018194466073 55.33
1034 -49.06090486659269 55.34
1035 -47.36757336771925 55.35
1036 -45.84873016087335 55.36
1037 -42.77660690296091 55.37
1038 -41.8684665260124 55.38
1039 -41.44368873486555 55.39
1040 -41.43039812452469 55.4
1041 -41.87746624982172 55.41
1042 -42.56424731054602 55.42
1043 -45.30412372553116 55.43
1044 -46.44608832871275 55.44
1045 -47.87921873622166 55.45
1046 -49.31213885278655 55.46
1047 -51.02578128238478 55.47
1048 -53.10873057422362 55.48
1049 -55.16952786037493 55.49
1050 -57.63520697907835 55.5
1051 -59.9444661631254 55.51
1052 -64.38779252847092 55.52
1053 -66.95247750318163 55.53
1054 -69.62951480456468 55.54
1055 -72.44898585244427 55.55
1056 -75.43233860276978 55.56
1057 -78.28783493815024 55.57
1058 -81.16957542589957 55.58
1059 -83.93618248331475 55.59
1060 -87.63778748990366 55.6
1061 -91.27962049013394 55.61
1062 -93.4368741194465 55.62
1063 -95.20053375516888 55.63
1064 -95.99363034571577 55.64
1065 -95.41019478382202 55.65
1066 -94.14264338721622 55.66
1067 -92.9233827010184 55.67
1068 -91.36320542260553 55.68
1069 -89.37097959876918 55.69
1070 -87.34715896186046 55.7
1071 -85.17344576384448 55.71
1072 -82.6747107301909 55.72
1073 -80.06044380951589 55.73
1074 -77.4537310666114 55.74
1075 -72.80029988120803 55.75
1076 -70.12318978654076 55.76
1077 -67.47665362199996 55.77
1078 -64.60507855206694 55.78
1079 -61.92877554034003 55.79
1080 -59.44129932480336 55.8
1081 -55.45209440499559 55.81
1082 -53.06353509652848 55.82
1083 -50.48871941355942 55.83
1084 -48.32159469096526 55.84
1085 -46.30092244234384 55.85
1086 -44.41104148685247 55.86
1087 -42.81375107122086 55.87
1088 -41.40435936818966 55.88
1089 -40.18152147085143 55.89
1090 -39.27663401622389 55.9
1091 -38.70550934207123 55.91
1092 -38.50984254338174 55.92
1093 -38.71057322980731 55.93
1094 -39.18203610811762 55.94
1095 -39.89955439266523 55.95
1096 -40.90920944538695 55.96
1097 -42.11680567982165 55.97
1098 -43.38792124566069 55.98
1099 -44.76185496071714 55.99
1100 -46.57925595621336 56
1101 -48.36417430064787 56.01
1102 -50.14109250782084 56.02
1103 -52.07345871319912 56.03
1104 -54.13921018228013 56.04
1105 -57.71757625040515 56.05
1106 -59.92027936840827 56.06
1107 -62.33898311725775 56.07
1108 -64.53602869151143 56.08
1109 -67.06976523442586 56.09
1110 -69.19396818180803 56.1
1111 -71.62701459648592 56.11
1112 -74.89184013421091 56.12
1113 -76.99513905921927 56.13
1114 -78.61656994693875 56.14
1115 -79.47648612967667 56.15
1116 -79.76715791706732 56.16
1117 -77.82478541136405 56.17
1118 -76.79648123059653 56.18
1119 -75.61911066121544 56.19
1120 -74.2227787092849 56.2
1121 -72.5685567804088 56.21
1122 -70.58549129514168 56.22
1123 -68.40758877587285 56.23
1124 -65.10428587689816 56.24
1125 -62.78722537814901 56.25
1126 -60.63840064089281 56.26
1127 -58.48326988572968 56.27
1128 -56.1626845308564 56.28
1129 -53.74908665132119 56.29
1130 -51.68620965170908 56.3
1131 -49.60553714105755 56.31
1132 -47.67119239524153 56.32
1133 -45.81724311610671 56.33
1134 -44.08430376663539 56.34
1135 -41.92412435364661 56.35
1136 -40.35960158236329 56.36
1137 -39.01549823832037 56.37
1138 -37.84045948261478 56.38
1139 -36.86196375488321 56.39
1140 -36.10915880142839 56.4
1141 -35.64930521003775 56.41
1142 -35.49404802388157 56.42
1143 -35.6375462984638 56.43
1144 -36.02005683026039 56.44
1145 -36.61162199266216 56.45
1146 -37.41566963029695 56.46
1147 -38.75215018012509 56.47
1148 -39.92845244798992 56.48
1149 -41.17616664435887 56.49
1150 -42.45395716773473 56.5
1151 -43.82961318935873 56.51
1152 -45.29182686981176 56.52
1153 -46.83556905826079 56.53
1154 -48.68456256612833 56.54
1155 -50.47128481614592 56.55
1156 -52.52526027101587 56.56
1157 -54.50318086868465 56.57
1158 -56.20754347938254 56.58
1159 -57.8663309026581 56.59
1160 -59.93696618575511 56.6
1161 -61.30202014311406 56.61
1162 -63.68458602824952 56.62
1163 -64.59135215781407 56.63
1164 -65.09697466590322 56.64
1165 -63.92193027704415 56.65
1166 -63.50204523199933 56.66
1167 -62.83466433703131 56.67
1168 -61.8935236556385 56.68
1169 -60.61294360235383 56.69
1170 -59.04203110940326 56.7
1171 -57.3384117835051 56.71
1172 -55.80177998393442 56.72
1173 -54.11645551158544 56.73
1174 -52.45083566938572 56.74
1175 -50.56204116821395 56.75
1176 -48.86431925818196 56.76
1177 -46.71596219255194 56.77
1178 -44.92097896749001 56.78
1179 -43.23584503130897 56.79
1180 -41.69657226189574 56.8
1181 -40.12275576679995 56.81
1182 -38.74837185858436 56.82
1183 -37.43485968306416 56.83
1184 -36.22067046160706 56.84
1185 -35.17916808029381 56.85
1186 -34.26416993618961 56.86
1187 -33.5532915042002 56.87
1188 -33.0715013807166 56.88
1189 -32.82967770637674 56.89
1190 -32.83147059432492 56.9
1191 -33.06931550668892 56.91
1192 -33.45657859851092 56.92
1193 -34.00657311795768 56.93
1194 -34.73645002684058 56.94
1195 -35.57853471188613 56.95
1196 -36.47890434077367 56.96
1197 -37.78985263567543 56.97
1198 -38.8562052466598 56.98
1199 -40.1526075450822 56.99
1200 -41.3391467036535 57
1201 -43.1457212733409 57.01
1202 -44.65540509138535 57.02
1203 -45.92591611490159 57.03
1204 -47.17276653723528 57.04
1205 -48.36793728982857 57.05
1206 -49.65034658620757 57.06
1207 -50.78920822317364 57.07
1208 -51.71646860094218 57.08
1209 -52.372246380972 57.09
1210 -52.77157095181651 57.1
1211 -52.87875669272994 57.11
1212 -52.69772850305195 57.12
1213 -52.26316219341702 57.13
1214 -51.4928963357876 57.14
1215 -50.60408306149233 57.15
1216 -49.54727581050447 57.16
1217 -48.32722938331267 57.17
1218 -47.14773150268961 57.18
1219 -45.91034730477861 57.19
1220 -44.60355075524874 57.2
1221 -43.30792673619749 57.21
1222 -42.00976637627045 57.22
1223 -40.72466590807656 57.23
1224 -39.30411093979872 57.24
1225 -37.85860333201438 57.25
1226 -36.65643686596847 57.26
1227 -35.18195240974094 57.27
1228 -34.05040180670819 57.28
1229 -33.11372381164951 57.29
1230 -32.12474440476759 57.3
1231 -31.41181464639085 57.31
1232 -30.84191046282162 57.32
1233 -30.4246091420913 57.33
1234 -29.80050096589152 57.34
1235 -29.89149266255282 57.35
1236 -30.43357145253441 57.36
1237 -30.6822460062399 57.37
1238 -31.48603908448526 57.38
1239 -31.98924676667686 57.39
1240 -32.57699267808606 57.4
1241 -33.27057345633713 57.41
1242 -34.0736040425375 57.42
1243 -35.12419680613822 57.43
1244 -35.99894156843818 57.44
1245 -37.05812564803874 57.45
1246 -37.96271016139429 57.46
1247 -38.86952327695985 57.47
1248 -39.87638520674458 57.48
1249 -40.76431352753821 57.49
1250 -41.67723857730886 57.5
1251 -42.40617894138432 57.51
1252 -43.01004452946722 57.52
1253 -43.50147366606251 57.53
1254 -43.80999699282387 57.54
1255 -43.89010455141759 57.55
1256 -43.77432295264481 57.56
1257 -43.45070661840455 57.57
1258 -42.95316137304818 57.58
1259 -42.24826543679073 57.59
1260 -41.52486455507285 57.6
1261 -40.71021822112242 57.61
1262 -39.83041152132981 57.62
1263 -38.67429488890143 57.63
1264 -37.71583981992788 57.64
1265 -36.74383095687469 57.65
1266 -35.666880894169 57.66
1267 -34.70755047336211 57.67
1268 -33.72327682736398 57.68
1269 -32.38966727800237 57.69
1270 -31.5200925240725 57.7
1271 -30.70773960753987 57.71
1272 -29.96412205693268 57.72
1273 -29.1560925279472 57.73
1274 -28.56517798463024 57.74
1275 -28.11021988967724 57.75
1276 -27.78425208427362 57.76
1277 -27.59403486612542 57.77
1278 -27.53147158767104 57.78
1279 -27.70546119992583 57.79
1280 -27.88245191716561 57.8
1281 -28.14652776934775 57.81
1282 -28.5271978151316 57.82
1283 -28.96277724113448 57.83
1284 -29.45699704800648 57.84
1285 -30.10621664218144 57.85
1286 -30.69674483204577 57.86
1287 -31.83652765679322 57.87
1288 -32.52165348674098 57.88
1289 -33.24309092120955 57.89
1290 -33.86773938692374 57.9
1291 -34.59881877998141 57.91
1292 -35.1847526085253 57.92
1293 -35.68073936747208 57.93
1294 -36.09568514811704 57.94
1295 -36.40968166473014 57.95
1296 -36.63649913994105 57.96
1297 -36.7067207765527 57.97
1298 -36.64930856333453 57.98
1299 -36.46882457672925 57.99
1300 -36.14419649477068 58
1301 -35.73976977695673 58.01
1302 -35.24326430869565 58.02
1303 -34.66887284346536 58.03
1304 -34.04337521870247 58.04
1305 -32.7232670063236 58.05
1306 -31.945506745299 58.06
1307 -31.21424084453071 58.07
1308 -30.49603331277548 58.08
1309 -29.78838065754247 58.09
1310 -29.10131066394695 58.1
1311 -28.08467484387323 58.11
1312 -27.4536533798215 58.12
1313 -26.86988456807767 58.13
1314 -26.3448574882227 58.14
1315 -25.8897468718389 58.15
1316 -24.96929791061072 58.16
1317 -24.67086243166716 58.17
1318 -24.46717176361125 58.18
1319 -24.3576135798813 58.19
1320 -24.33415746312575 58.2
1321 -24.39305268369419 58.21
1322 -24.52909639947861 58.22
1323 -25.33415517660693 58.23
1324 -25.61734609054905 58.24
1325 -25.94136933169929 58.25
1326 -26.42044892127657 58.26
1327 -26.82715504587076 58.27
1328 -27.24620073891144 58.28
1329 -27.8278331958348 58.29
1330 -28.33621966813537 58.3
1331 -28.75579212149209 58.31
1332 -29.15206203303701 58.32
1333 -29.5775415772119 58.33
1334 -29.88960353180185 58.34
1335 -30.81284501347135 58.35
1336 -31.00700576707522 58.36
1337 -31.09988803079079 58.37
1338 -30.73365647259758 58.38
1339 -30.40881677720395 58.39
1340 -30.25505989702686 58.4
1341 -30.02201413409636 58.41
1342 -29.62517182092111 58.42
1343 -28.60800716143661 58.43
1344 -28.14582885038363 58.44
1345 -27.60886172219499 58.45
1346 -27.10713191782994 58.46
1347 -26.58725883429632 58.47
1348 -26.06023123185668 58.48
1349 -25.53607209726038 58.49
1350 -24.91438261471722 58.5
1351 -24.41670886184358 58.51
1352 -23.94668685697571 58.52
1353 -23.51253852217564 58.53
1354 -23.12236856816361 58.54
1355 -22.77139596120768 58.55
1356 -22.49288665225917 58.56
1357 -22.27972494026692 58.57
1358 -22.13730413041563 58.58
1359 -22.02061852582307 58.59
1360 -21.9947535332259 58.6
1361 -22.09686028316697 58.61
1362 -22.18071857403956 58.62
1363 -22.31315033230522 58.63
1364 -22.48900190396508 58.64
1365 -22.70147357988419 58.65
1366 -22.96303704632063 58.66
1367 -23.22584950544361 58.67
1368 -23.50312296588535 58.68
1369 -23.78542162066969 58.69
1370 -24.17490112435263 58.7
1371 -24.50355424114684 58.71
1372 -24.74907714185936 58.72
1373 -24.90292811357884 58.73
1374 -25.10234823775495 58.74
1375 -25.3116283113058 58.75
1376 -25.33835750924531 58.76
1377 -25.36732676639449 58.77
1378 -25.34064727797741 58.78
1379 -25.31834869909021 58.79
1380 -25.18058511134043 58.8
1381 -24.97196717968782 58.81
1382 -24.73740830117919 58.82
1383 -24.43953091248475 58.83
1384 -24.13073742275069 58.84
1385 -23.74047437662597 58.85
1386 -23.44569620105681 58.86
1387 -23.02991146460397 58.87
1388 -22.66179453189373 58.88
1389 -22.30006383344036 58.89
1390 -21.83011161365094 58.9
1391 -21.33685906173384 58.91
1392 -20.95356776357882 58.92
1393 -20.70153075797633 58.93
1394 -20.46563888842888 58.94
1395 -20.2183324092566 58.95
1396 -20.06907768000523 58.96
1397 -19.96250998633089 58.97
1398 -20.01935043003644 58.98
1399 -19.96478706409604 58.99
1400 -19.98008801283424 59
1401 -20.06963789915673 59.01
1402 -20.22546282668167 59.02
1403 -20.33812897631226 59.03
1404 -20.4751715876228 59.04
1405 -20.71801408037861 59.05
1406 -20.88693500171008 59.06
1407 -21.06438034500049 59.07
1408 -21.26194284796298 59.08
1409 -21.32249644543074 59.09
1410 -21.54860023615421 59.1
1411 -21.71760874019967 59.11
1412 -21.84068420102783 59.12
1413 -21.93847647563734 59.13
1414 -22.00718179913311 59.14
1415 -22.04423048120941 59.15
1416 -22.04774627781796 59.16
1417 -21.67824728763807 59.17
1418 -21.50444836939684 59.18
1419 -21.38855972774684 59.19
1420 -21.17821051629396 59.2
1421 -21.0033133184644 59.21
1422 -20.80368680633273 59.22
1423 -20.55539482301388 59.23
1424 -19.69532538957681 59.24
1425 -19.43943298576723 59.25
1426 -19.17813220537951 59.26
1427 -18.8628739895666 59.27
1428 -18.58496918188891 59.28
1429 -18.25563264642793 59.29
1430 -18.10580406574675 59.3
1431 -17.86047770303206 59.31
1432 -17.72906602451993 59.32
1433 -17.53485172164716 59.33
1434 -17.43723999217024 59.34
1435 -17.50722869419632 59.35
1436 -17.68631005348674 59.36
1437 -17.20812488037976 59.37
1438 -17.18572451780808 59.38
1439 -17.62425509647486 59.39
1440 -17.65311730244889 59.4
1441 -17.89951682147722 59.41
1442 -17.97393454832285 59.42
1443 -18.00562692172018 59.43
1444 -18.30154854748868 59.44
1445 -18.21738606828273 59.45
1446 -18.47805097074264 59.46
1447 -18.61066087935288 59.47
1448 -18.72267705006104 59.48
1449 -18.4802475273126 59.49
1450 -18.89723927762756 59.5
1451 -18.91521748803043 59.51
1452 -18.60611474200366 59.52
1453 -19.01696552438155 59.53
1454 -18.47329553160318 59.54
1455 -18.82853200523802 59.55
1456 -18.25361454864567 59.56
1457 -18.2131402983598 59.57
1458 -18.64874540876372 59.58
1459 -18.27346780204506 59.59
1460 -18.09809758463998 59.6
1461 -17.97245718921168 59.61
1462 -17.51720075815484 59.62
1463 -17.70657747321177 59.63
1464 -17.06735469925405 59.64
1465 -16.92132403455462 59.65
1466 -17.07412635838133 59.66
1467 -16.54103688347654 59.67
1468 -16.2930852545649 59.68
1469 -16.46213894647116 59.69
1470 -15.99472757041423 59.7
1471 -16.35529178055162 59.71
1472 -16.2557527625795 59.72
1473 -16.23374230379703 59.73
1474 -16.07765471786268 59.74
1475 -16.33198364414598 59.75
1476 -16.04745917541791 59.76
1477 -16.20826271104302 59.77
1478 -16.11828539971471 59.78
1479 -16.55678108793386 59.79
1480 -15.99805274618957 59.8
1481 -16.17561589310528 59.81
1482 -16.85352981847577 59.82
1483 -16.94481501205866 59.83
1484 -16.95659109858001 59.84
1485 -16.85378286492363 59.85
1486 -16.48791053342544 59.86
1487 -17.16508339434601 59.87
1488 -16.55302611784121 59.88
1489 -16.981162176139 59.89
1490 -17.18573213642444 59.9
1491 -17.12052241424966 59.91
1492 -17.03799838696893 59.92
1493 -16.48700100126005 59.93
1494 -16.99445639280704 59.94
1495 -16.35555368161183 59.95
1496 -16.78088595778866 59.96
1497 -16.68287123486651 59.97
1498 -16.00381870834939 59.98
1499 -16.22025392344537 59.99
1500 -15.98247654713845 60
