"temperatura-rfile"
"Time Step" "temperatura etc.."
("Time Step" "temperatura" "flow-time")
0 325.6225761136157 0
1 315.7061063053772 0.1
2 321.4039984878467 0.2
3 335.2157632133677 0.3
4 350.1831283280714 0.4
5 366.4837703593487 0.5
6 384.7233790676805 0.6000000000000001
7 403.7517657482181 0.7000000000000001
8 422.2779094925413 0.8
9 439.4033839174281 0.9
10 455.2935497985207 1
11 470.7331706452991 1.1
12 485.9052224861848 1.2
13 500.9158277616614 1.3
14 513.7709298849504 1.4
15 527.576638188369 1.5
16 540.8708936149612 1.6
17 553.3523228252892 1.7
18 563.8051557403913 1.8
19 574.5389627073 1.9
20 583.3154279172787 2
21 592.6805494083445 2.1
22 600.312961973876 2.2
23 608.270742051618 2.3
24 615.0048660574945 2.4
25 620.8865739718689 2.5
26 626.0695362221605 2.6
27 630.6717125580205 2.7
28 634.8375379976761 2.8
29 638.5962090222923 2.9
30 642.035146953488 3
31 645.2051219504496 3.1
32 648.1904899038036 3.2
33 651.0087646468235 3.3
34 653.7156369296151 3.4
35 656.3050501349381 3.5
36 658.8240433149228 3.6
37 661.3036231387748 3.7
38 663.7624404628822 3.8
39 666.0980692297771 3.9
40 668.5775359726215 4
41 671.0480695416486 4.100000000000001
42 673.5102815642025 4.2
43 675.9678756948745 4.3
44 678.4216202841104 4.4
45 680.9016768381922 4.5
46 683.3818455379228 4.600000000000001
47 685.8672332692202 4.7
48 688.3574175709714 4.800000000000001
49 690.853843635487 4.9
50 693.350631089418 5
51 695.8503992910205 5.100000000000001
52 698.3478105254046 5.2
53 700.8414691506408 5.300000000000001
54 703.3249250512843 5.4
55 705.7946736300443 5.5
56 708.2482724842406 5.600000000000001
57 710.6837332645198 5.7
58 713.0997683086033 5.800000000000001
59 715.4940909261288 5.9
60 717.8645042401927 6
61 720.2117964209333 6.100000000000001
62 722.5348067226005 6.2
63 724.8340000467966 6.300000000000001
64 727.1076363956981 6.4
65 729.3589245919204 6.5
66 731.5874557309444 6.600000000000001
67 733.764027619913 6.7
68 735.9265843176977 6.800000000000001
69 738.0692413491875 6.9
70 740.1934166493028 7
71 742.2980539141554 7.100000000000001
72 744.3851661494017 7.2
73 746.4546528344035 7.300000000000001
74 748.5015477362596 7.4
75 750.5290091737198 7.5
76 752.5362836043645 7.600000000000001
77 754.5512317150109 7.7
78 756.5300232629377 7.800000000000001
79 758.4587673245463 7.9
80 760.3873445789491 8
81 762.28570971958 8.1
82 764.155336747495 8.200000000000001
83 765.9955116971266 8.300000000000001
84 767.8083963664629 8.4
85 769.5931765091256 8.5
86 771.3559842840758 8.6
87 772.5904901328707 8.700000000000001
88 773.9952731936465 8.800000000000001
89 775.520458444162 8.9
90 776.6142496923883 9
91 777.8453278767582 9.1
92 779.2445515833521 9.200000000000001
93 780.2784452611448 9.300000000000001
94 781.4347519327428 9.4
95 782.3590460870706 9.5
96 783.4178439169148 9.600000000000001
97 784.2632969459137 9.700000000000001
98 785.2548949670403 9.800000000000001
99 786.0746920900245 9.9
100 787.0225971869975 10
101 787.8185585695359 10.1
102 788.7438351092521 10.2
103 789.500468833688 10.3
104 790.4152819636791 10.4
105 791.162230436911 10.5
106 792.069415741295 10.6
107 792.810083877616 10.7
108 793.711931678865 10.8
109 794.4454010706903 10.9
110 795.3464757642934 11
111 796.072027955796 11.1
112 796.9710180006301 11.2
113 797.6901191754338 11.3
114 798.5892843521751 11.4
115 799.3010164285855 11.5
116 800.1995873557304 11.6
117 800.8993085226788 11.7
118 801.8276415522578 11.8
119 802.5754970324272 11.9
120 803.4662882617471 12
121 804.2033265330268 12.1
122 805.1180053886325 12.2
123 805.8467420674855 12.3
124 806.7338415951612 12.4
125 807.4568697554746 12.5
126 808.348211927978 12.6
127 809.0672209460647 12.7
128 809.9585863440594 12.8
129 810.6731976645183 12.9
130 811.5542014419451 13
131 812.2606289063763 13.1
132 813.1548745995212 13.2
133 813.7439376083137 13.3
134 814.693020045584 13.4
135 815.2848477285958 13.5
136 816.2212469005634 13.6
137 816.8092685526135 13.7
138 817.7609878920347 13.8
139 818.3456939808577 13.9
140 819.2965367375296 14
141 819.8670270517202 14.1
142 820.7867190028923 14.2
143 821.3510260365525 14.3
144 822.2950957693652 14.4
145 822.8367017648834 14.5
146 823.7782424900694 14.6
147 824.3032376051704 14.7
148 825.232408060891 14.8
149 825.7288569862482 14.9
150 826.6225988396131 15
151 827.1171801508946 15.1
152 828.0365191533743 15.2
153 828.5069629338207 15.3
154 829.3685082777585 15.4
155 829.8214076457469 15.5
156 830.6647735723834 15.6
157 831.0865922291003 15.7
158 831.6119382007358 15.8
159 832.3674076870376 15.9
160 832.8264518123613 16
161 833.3129640739221 16.1
162 833.7496079149787 16.2
163 834.1894452327303 16.3
164 834.537932240589 16.4
165 834.9601970951717 16.5
166 835.1385672723984 16.6
167 835.438201606151 16.7
168 835.470209047768 16.8
169 835.64627865769 16.9
170 835.3018860733605 17
171 835.3131127314796 17.1
172 834.6877436680342 17.2
173 834.4961066380415 17.3
174 834.0895583297682 17.4
175 833.5921477771458 17.5
176 832.9614167211564 17.6
177 832.354182956004 17.7
178 831.6669197107313 17.8
179 830.8927695066127 17.9
180 829.5118081620401 18
181 828.9611908301171 18.1
182 828.4275020355524 18.2
183 827.5947164636618 18.3
184 827.4128060904463 18.4
185 827.0662887801533 18.5
186 826.3220750245146 18.6
187 826.1901082501748 18.7
188 825.0887195773938 18.8
189 824.6594799150668 18.9
190 822.6154460140586 19
191 819.5698346904495 19.1
192 817.288165012279 19.2
193 815.7150015115866 19.3
194 814.6162039585287 19.4
195 813.8508683770692 19.5
196 813.3097186421486 19.6
197 812.9271397374914 19.7
198 812.6477384529437 19.8
199 812.4363579027614 19.9
200 812.2717392583061 20
201 812.1385978580606 20.1
202 812.0199917933519 20.2
203 811.9124949836479 20.3
204 811.8126714171411 20.4
205 811.9053701094776 20.5
206 811.9769814645086 20.6
207 812.032275522223 20.7
208 812.0734749832088 20.8
209 812.1043538562546 20.9
210 812.1275331349216 21
211 812.1442200692426 21.1
212 812.1541870580393 21.2
213 812.1609993954373 21.3
214 812.1649988302923 21.4
215 812.1676207247696 21.5
216 812.1684935963677 21.6
217 812.1662643767911 21.7
218 812.1634688997209 21.8
219 812.1603167695123 21.9
220 812.1573116899422 22
221 812.154576347544 22.1
222 812.1498868950549 22.2
223 812.1455189081588 22.3
224 812.1416415854741 22.4
225 812.138699564748 22.5
226 812.1361347301196 22.6
227 812.131953317485 22.7
228 812.1285425140145 22.8
229 812.1259179203778 22.9
230 812.1238565092647 23
231 812.1223887139581 23.1
232 812.1213328570915 23.2
233 812.1185889898969 23.3
234 812.1165803618336 23.4
235 812.1149874560356 23.5
236 812.1139407079279 23.6
237 812.1133285276567 23.7
238 812.1128375810904 23.8
239 812.1105483717612 23.9
240 812.1087368847304 24
241 812.1074111052634 24.1
242 812.1064396999124 24.2
243 812.105717294632 24.3
244 812.1052007355713 24.4
245 812.1027485468617 24.5
246 812.1006739002709 24.6
247 812.0990408240117 24.7
248 812.097749295952 24.8
249 812.0966784003116 24.9
250 812.0958602239035 25
251 812.093080523189 25.1
252 812.0907352738541 25.2
253 812.0886932221159 25.3
254 812.0871684979834 25.4
255 812.0859386481874 25.5
256 812.0849305376526 25.6
257 812.0819904996143 25.7
258 812.0794257151167 25.8
259 812.0773184838439 25.9
260 812.0756640948642 26
261 812.0742515966988 26.1
262 812.073102427668 26.2
263 812.0700571158136 26.3
264 812.0675022316277 26.4
265 812.0654254246526 26.5
266 812.0637893543582 26.6
267 812.0624538758077 26.7
268 812.061379144203 26.8
269 812.0583684025116 26.9
270 812.0558548947636 27
271 812.0538304912604 27.1
272 812.0522204298176 27.2
273 812.050902123597 27.3
274 812.0498851854742 27.4
275 812.0469570379997 27.5
276 812.0445816783973 27.6
277 812.0426113295476 27.7
278 812.0410836441156 27.8
279 812.0398456957591 27.9
280 812.0388700640434 28
281 812.0359715253492 28.1
282 812.0335555218971 28.2
283 812.0316112609413 28.3
284 812.0301193216277 28.4
285 812.0288674646296 28.5
286 812.0278916153987 28.6
287 812.0249477439465 28.7
288 812.0224807075421 28.8
289 812.0204790416022 28.9
290 812.0189012540794 29
291 812.0176224663899 29.1
292 812.016591699659 29.2
293 812.0136262875302 29.3
294 812.0111910837895 29.4
295 812.0092167610161 29.5
296 812.0076142442365 29.6
297 812.006352570978 29.7
298 812.005346266841 29.8
299 812.0024243914752 29.9
300 811.9999654629521 30
301 811.9979179583743 30.1
302 811.9963139331509 30.2
303 811.9950257382454 30.3
304 811.9939535882514 30.4
305 811.990989319448 30.5
306 811.9885248687632 30.6
307 811.9865168281177 30.7
308 811.9849093909434 30.8
309 811.983626303701 30.9
310 811.982586233501 31
311 811.9796383818863 31.1
312 811.9771069975923 31.2
313 811.9750417841043 31.3
314 811.9733796684146 31.4
315 811.9721415034503 31.5
316 811.9711559725793 31.6
317 811.9682374301573 31.7
318 811.9657471934288 31.8
319 811.9637495453051 31.9
320 811.9620842202048 32
321 811.9607804555538 32.1
322 811.9596873427712 32.2
323 811.9567205905905 32.3
324 811.9543053987428 32.4
325 811.9522449456973 32.5
326 811.9505521737707 32.6
327 811.9492399572727 32.7
328 811.9481853015367 32.8
329 811.9452298200476 32.9
330 811.942734640258 33
331 811.9407142562583 33.1
332 811.9390908271531 33.2
333 811.9377868706815 33.3
334 811.9367211330613 33.4
335 811.933750203904 33.5
336 811.9312267583377 33.6
337 811.9291629307965 33.7
338 811.92757880188 33.8
339 811.9263051652511 33.9
340 811.9252884870705 34
341 811.9223268812661 34.1
342 811.9197973056043 34.2
343 811.9177736323599 34.3
344 811.9161129446126 34.4
345 811.9147796465794 34.5
346 811.9136719695562 34.6
347 811.9106949093035 34.7
348 811.9081820835302 34.8
349 811.9061383353135 34.9
350 811.9044808088881 35
351 811.9031914650004 35.1
352 811.9021076909609 35.2
353 811.8991441977814 35.3
354 811.8965742155983 35.4
355 811.8944671113898 35.5
356 811.8927698796366 35.6
357 811.8914550515883 35.7
358 811.8903648195588 35.8
359 811.887381288806 35.9
360 811.8848454314135 36
361 811.8827630177024 36.1
362 811.8810693554001 36.2
363 811.8797143451457 36.3
364 811.8785897693805 36.4
365 811.8756099000253 36.5
366 811.8730528631726 36.6
367 811.8710029279642 36.7
368 811.8693106557691 36.8
369 811.8679920078814 36.9
370 811.8668593638231 37
371 811.8638669429438 37.1
372 811.8612765632973 37.2
373 811.8591832577696 37.3
374 811.8574655749284 37.4
375 811.856132270259 37.5
376 811.8549994450434 37.6
377 811.8519976992161 37.7
378 811.8493700192745 37.8
379 811.8472793718378 37.9
380 811.8455595881535 38
381 811.8442021806226 38.1
382 811.8430555498776 38.2
383 811.8400334792386 38.3
384 811.8374414590224 38.40000000000001
385 811.8353207479909 38.5
386 811.8335366397174 38.6
387 811.8321905350477 38.7
388 811.8310403331235 38.8
389 811.8280197093493 38.90000000000001
390 811.8253960194445 39
391 811.8232903595571 39.1
392 811.8215307950995 39.2
393 811.8201509365674 39.3
394 811.819004754505 39.40000000000001
395 811.8159572301087 39.5
396 811.813319734431 39.6
397 811.8111846285129 39.7
398 811.8094006103164 39.8
399 811.8080439247874 39.90000000000001
400 811.8068570447201 40
401 811.8038117323031 40.1
402 811.8011843139957 40.2
403 811.7990213792011 40.3
404 811.7972191146677 40.40000000000001
405 811.7958130094311 40.5
406 811.7945918082661 40.6
407 811.7915428835115 40.7
408 811.788872175217 40.8
409 811.7866757390756 40.90000000000001
410 811.7848665069814 41
411 811.7835037307597 41.1
412 811.7822970325557 41.2
413 811.7792138510472 41.3
414 811.7765392847372 41.40000000000001
415 811.7743577616451 41.5
416 811.7725210030956 41.6
417 811.7710953935848 41.7
418 811.7698614154336 41.8
419 811.7667506560858 41.90000000000001
420 811.7640202471318 42
421 811.7618014044768 42.1
422 811.7599808346318 42.2
423 811.7585399306083 42.3
424 811.7573258634272 42.40000000000001
425 811.7542309840044 42.5
426 811.7515221800417 42.6
427 811.7493035248909 42.7
428 811.747475983751 42.8
429 811.746024428754 42.90000000000001
430 811.7447736985911 43
431 811.7416136022958 43.1
432 811.7389038162277 43.2
433 811.7366578718718 43.3
434 811.7348327339008 43.40000000000001
435 811.7333647938805 43.5
436 811.7321099965737 43.6
437 811.7289506235134 43.7
438 811.7262422992245 43.8
439 811.7239973803438 43.90000000000001
440 811.7221175530959 44
441 811.720652018452 44.1
442 811.7194390835624 44.2
443 811.7162670575292 44.3
444 811.7135350400689 44.40000000000001
445 811.711246868788 44.5
446 811.7094113814803 44.6
447 811.7079113822771 44.7
448 811.7066577647046 44.8
449 811.703508516164 44.90000000000001
450 811.7007011365981 45
451 811.6984200385701 45.1
452 811.696568923373 45.2
453 811.6950864078535 45.3
454 811.6938368800267 45.40000000000001
455 811.6906758407818 45.5
456 811.6879542460136 45.6
457 811.6856789942392 45.7
458 811.683792388441 45.8
459 811.6822653578106 45.90000000000001
460 811.6809846405207 46
461 811.6778166634798 46.1
462 811.6750889712156 46.2
463 811.6727947269401 46.3
464 811.6708887982453 46.40000000000001
465 811.6693688356465 46.5
466 811.6681205411936 46.6
467 811.6649735399222 46.7
468 811.6622290025399 46.8
469 811.6599790469646 46.90000000000001
470 811.6580664312779 47
471 811.6565550986616 47.1
472 811.6552748932672 47.2
473 811.6521246702067 47.3
474 811.6493881979993 47.40000000000001
475 811.6471098258623 47.5
476 811.64519578872 47.6
477 811.6436923515731 47.7
478 811.6424087363143 47.8
479 811.6392545336554 47.90000000000001
480 811.6364903634259 48
481 811.6342096991966 48.1
482 811.6323403963937 48.2
483 811.6308272129675 48.3
484 811.6295369528798 48.40000000000001
485 811.6263513600148 48.5
486 811.6235922475503 48.6
487 811.6213212307925 48.7
488 811.6194379638499 48.8
489 811.6178850304968 48.90000000000001
490 811.6166180961141 49
491 811.6134046084751 49.1
492 811.6106345427939 49.2
493 811.6083260760328 49.3
494 811.6064511127671 49.40000000000001
495 811.6049553430407 49.5
496 811.603664367154 49.6
497 811.6005130814364 49.7
498 811.5977550120843 49.8
499 811.595451953996 49.90000000000001
500 811.5935742581671 50
501 810.4026834259546 50.01
502 809.1500654777132 50.02
503 807.8232911934645 50.03
504 806.3755929676953 50.04
505 804.6719122768749 50.05
506 802.6955912797461 50.06
507 800.4487096807572 50.07
508 797.9249606288255 50.08
509 795.1120394493444 50.09
510 792.0171205573993 50.1
511 788.631452149287 50.11
512 784.9309163122505 50.12
513 781.0253207457998 50.13
514 777.072497733514 50.14
515 773.1750019516925 50.15
516 769.2561481362492 50.16
517 765.414814960778 50.17
518 761.5615524211867 50.18
519 757.80136207677 50.19
520 754.0193532100392 50.2
521 750.210234251509 50.21
522 746.378030108497 50.22
523 742.5264145393301 50.23
524 738.6588550601936 50.24
525 734.7788066781559 50.25
526 730.8904977719001 50.26
527 726.99784736089 50.27
528 723.1060330927028 50.28
529 719.2195134138964 50.29
530 715.3447224876104 50.3
531 711.4871933059433 50.31
532 707.6524442178085 50.32
533 703.8468591163316 50.33
534 700.0754038613427 50.34
535 696.346648042492 50.35
536 692.6711658294192 50.36
537 689.0530772373248 50.37
538 685.5024440530522 50.38
539 681.8255102959016 50.39
540 678.0224762056537 50.4
541 674.2725540210433 50.41
542 670.5753393363061 50.42
543 667.0807821498568 50.43
544 663.8971751522873 50.44
545 661.1305578864865 50.45
546 658.8090101656207 50.46
547 657.3117354909997 50.47
548 656.6149981316656 50.48
549 657.1520600890226 50.49
550 659.1835225694302 50.5
551 663.1056091354767 50.51
552 668.7993993720286 50.52
553 676.816467135152 50.53
554 687.4231114113987 50.54
555 700.7779399032999 50.55
556 717.2952040224028 50.56
557 737.7042182782894 50.57
558 761.5700438581421 50.58
559 787.5082520846479 50.59
560 813.9410555419722 50.6
561 841.5239750610278 50.61
562 869.9752767239688 50.62
563 898.3475549541677 50.63
564 926.2956210328134 50.64
565 952.9990589739184 50.65
566 977.4464342961471 50.66
567 998.8475167267954 50.67
568 1016.919875804753 50.68
569 1032.228057834314 50.69
570 1046.041649801273 50.7
571 1059.907021788078 50.71
572 1074.491875111348 50.72
573 1089.814762437476 50.73
574 1105.550527546703 50.74
575 1121.408514472415 50.75
576 1137.277641585276 50.76
577 1152.740693109651 50.77
578 1167.609396625914 50.78
579 1181.817392341111 50.79
580 1195.08093241557 50.8
581 1207.253966734947 50.81
582 1218.242857657261 50.82
583 1227.647569775884 50.83
584 1235.119861322774 50.84
585 1240.478471764464 50.85
586 1243.182268347135 50.86
587 1242.750710830318 50.87
588 1238.834217359837 50.88
589 1230.401099480448 50.89
590 1217.128533431274 50.9
591 1199.668182621689 50.91
592 1179.19813076015 50.92
593 1157.874470614236 50.93
594 1137.783502384159 50.94
595 1119.635967122098 50.95
596 1103.440626260664 50.96
597 1089.073961120299 50.97
598 1076.340522699282 50.98
599 1065.075674478296 50.99
600 1055.174490285797 51
601 1046.739478344547 51.01
602 1039.933165034076 51.02
603 1034.624273944911 51.03
604 1030.829326933641 51.04
605 1028.590853369185 51.05
606 1027.958032025268 51.06
607 1028.946946392795 51.07
608 1031.756738291832 51.08
609 1036.395430463638 51.09
610 1042.93819844531 51.1
611 1051.237378272349 51.11
612 1060.768059802123 51.12
613 1071.158590369487 51.13
614 1082.614483791482 51.14
615 1094.938920274062 51.15
616 1108.243615159614 51.16
617 1122.379594791382 51.17
618 1136.655734262466 51.18
619 1150.168898605256 51.19
620 1161.89505380862 51.2
621 1171.013293496426 51.21
622 1177.048937075683 51.22
623 1181.381355710461 51.23
624 1186.004885063231 51.24
625 1191.654431615175 51.25
626 1198.370814410853 51.26
627 1205.894097216145 51.27
628 1214.033019950609 51.28
629 1222.651955475803 51.29
630 1231.60158505855 51.3
631 1240.786654957669 51.31
632 1250.026574536259 51.32
633 1259.204347773828 51.33
634 1268.27119975922 51.34
635 1277.093851797434 51.35
636 1285.563012783095 51.36
637 1293.635789217232 51.37
638 1301.175976756991 51.38
639 1308.041544257072 51.39
640 1314.159238939292 51.4
641 1319.31052647538 51.41
642 1323.33368911308 51.42
643 1326.033449073437 51.43
644 1327.255383344504 51.44
645 1326.827857491277 51.45
646 1324.656379726274 51.46
647 1320.591489222935 51.47
648 1314.57791952623 51.48
649 1306.613256502863 51.49
650 1296.708916943009 51.5
651 1285.093397337423 51.51
652 1272.675278944187 51.52
653 1260.164618627401 51.53
654 1247.884411745793 51.54
655 1235.920755956731 51.55
656 1224.675085556056 51.56
657 1214.945030260553 51.57
658 1207.245794402317 51.58
659 1201.68766626202 51.59
660 1198.111259904731 51.6
661 1196.377155451919 51.61
662 1196.199559731211 51.62
663 1197.225129272623 51.63
664 1199.029829212002 51.64
665 1200.710385698562 51.65
666 1201.272747278964 51.66
667 1201.060820820345 51.67
668 1200.838087879587 51.68
669 1201.03235406159 51.69
670 1201.822599220934 51.7
671 1203.033910960407 51.71
672 1204.704450191258 51.72
673 1206.889831407551 51.73
674 1209.693189383463 51.74
675 1213.079077714745 51.75
676 1216.873927914613 51.76
677 1220.843108190553 51.77
678 1224.73224692534 51.78
679 1228.453077430886 51.79
680 1232.117607946245 51.8
681 1235.894461524731 51.81
682 1239.775973923356 51.82
683 1243.730142370849 51.83
684 1247.666225556935 51.84
685 1251.466514014896 51.85
686 1254.942574700772 51.86
687 1258.099612714736 51.87
688 1260.977624190976 51.88
689 1263.534295407393 51.89
690 1265.808481465217 51.9
691 1267.9967400156 51.91
692 1270.315715330922 51.92
693 1272.663059750568 51.93
694 1274.876539969854 51.94
695 1276.789281619735 51.95
696 1278.309752979039 51.96
697 1279.304118093294 51.97
698 1279.707776518921 51.98
699 1279.498627709616 51.99
700 1278.66528145927 52
701 1277.213281732755 52.01
702 1275.199985766278 52.02
703 1272.76841365083 52.03
704 1270.093348323296 52.04
705 1267.331689559963 52.05
706 1264.570620274333 52.06
707 1261.827063931453 52.07
708 1259.124690869502 52.08
709 1256.373581103007 52.09
710 1253.475486974381 52.1
711 1250.358347329965 52.11
712 1246.929030570395 52.12
713 1243.083223948426 52.13
714 1238.756321196225 52.14
715 1233.948192976296 52.15
716 1228.670236550087 52.16
717 1222.901001483585 52.17
718 1216.681008053791 52.18
719 1210.066916190669 52.19
720 1203.108374216773 52.2
721 1195.83271823361 52.21
722 1188.431506146765 52.22
723 1181.032566392825 52.23
724 1173.700855041994 52.24
725 1166.513616562461 52.25
726 1159.627959884895 52.26
727 1153.23821491477 52.27
728 1147.48968604195 52.28
729 1142.476276955929 52.29
730 1138.285636414077 52.3
731 1134.920105860639 52.31
732 1132.382817624713 52.32
733 1130.634378539473 52.33
734 1129.624801402695 52.34
735 1129.354910676378 52.35
736 1129.786746246072 52.36
737 1130.849763159814 52.37
738 1132.516825304281 52.38
739 1134.743596529596 52.39
740 1137.449607154611 52.4
741 1140.586896234988 52.41
742 1144.083227197819 52.42
743 1147.835008904309 52.43
744 1151.773074871517 52.44
745 1155.785012636517 52.45
746 1159.759751166832 52.46
747 1163.58391046265 52.47
748 1167.141509377717 52.48
749 1170.317445958399 52.49
750 1173.016866782079 52.5
751 1175.159027285737 52.51
752 1176.682354953642 52.52
753 1177.556968174919 52.53
754 1177.780668656037 52.54
755 1177.399858070773 52.55
756 1176.497601703744 52.56
757 1175.211268969363 52.57
758 1173.688227189917 52.58
759 1172.069858969114 52.59
760 1170.435388291502 52.6
761 1168.844366697623 52.61
762 1167.321758438929 52.62
763 1165.817995165002 52.63
764 1164.285923615557 52.64
765 1162.625873384952 52.65
766 1160.744581166356 52.66
767 1158.513329110079 52.67
768 1155.830231927226 52.68
769 1152.599166606686 52.69
770 1148.727799211809 52.7
771 1144.168772145541 52.71
772 1138.904375554961 52.72
773 1132.916709990571 52.73
774 1126.2181471975 52.74
775 1118.841287198458 52.75
776 1110.815717310508 52.76
777 1102.189061825052 52.77
778 1092.996798034269 52.78
779 1083.254169528516 52.79
780 1073.036353878148 52.8
781 1062.589178299554 52.81
782 1052.114668005943 52.82
783 1041.866742084285 52.83
784 1032.145232041213 52.84
785 1023.083940582223 52.85
786 1014.749478920889 52.86
787 1007.166549537956 52.87
788 1000.2898850304 52.88
789 994.1348746911285 52.89
790 988.7001285665142 52.9
791 983.9294853861081 52.91
792 979.8224812066859 52.92
793 976.371850389831 52.93
794 973.5129852879729 52.94
795 971.2405721074058 52.95
796 969.538166107813 52.96
797 968.3302541421073 52.97
798 967.5997189754373 52.98
799 967.3191153296594 52.99
800 967.4095841534962 53
801 967.8386847422842 53.01
802 968.5441981046096 53.02
803 969.4245143949721 53.03
804 970.4155073754094 53.04
805 971.4363835041985 53.05
806 972.3812215672415 53.06
807 973.1800943549111 53.07
808 973.7684175916261 53.08
809 974.0672428099422 53.09
810 974.0466956949792 53.1
811 973.6896496060493 53.11
812 972.995584391756 53.12
813 972.0353030765402 53.13
814 970.9004295789443 53.14
815 969.6847672923245 53.15
816 968.5096282865272 53.16
817 967.4640248392541 53.17
818 966.5681356983791 53.18
819 965.8738839536639 53.19
820 965.3507906760076 53.2
821 964.9533787533553 53.21
822 964.6405464242331 53.22
823 964.3371441082189 53.23
824 963.9382727164594 53.24
825 963.3541333581046 53.25
826 962.488768771506 53.26
827 961.2466998373247 53.27
828 959.5616255330365 53.28
829 957.380215813599 53.29
830 954.6536906442292 53.3
831 951.3671488753828 53.31
832 947.5246071989615 53.32
833 943.1199244785174 53.33
834 938.1980386971557 53.34
835 932.8087172305191 53.35
836 926.9983091813776 53.36
837 920.8616700322582 53.37
838 914.4983085128583 53.38
839 907.9885444293984 53.39
840 901.4560876197842 53.4
841 895.0371621273856 53.41
842 888.8340687773366 53.42
843 882.9454378430689 53.43
844 877.4261401198172 53.44
845 872.2681071589957 53.45
846 867.5013108707999 53.46
847 863.1495247281885 53.47
848 859.1835666088515 53.48
849 855.6224063139438 53.49
850 852.4771922980353 53.5
851 849.7099326186591 53.51
852 847.3274508396181 53.52
853 845.3255754093797 53.53
854 843.6604992583323 53.54
855 842.3288728996133 53.55
856 841.3210477313704 53.56
857 840.5848924618214 53.57
858 840.1090781392832 53.58
859 839.8779506265982 53.59
860 839.8364537337339 53.6
861 839.9569307121543 53.61
862 840.2036786236388 53.62
863 840.5037143095389 53.63
864 840.8117812371527 53.64
865 841.0788332982128 53.65
866 841.2328447397961 53.66
867 841.2394581451399 53.67
868 841.0687178914279 53.68
869 840.6919436942939 53.69
870 840.1209300966036 53.7
871 839.3916708996585 53.71
872 838.5539047713999 53.72
873 837.6898494808072 53.73
874 836.8757483429747 53.74
875 836.1601473646986 53.75
876 835.5908863376703 53.76
877 835.1865880443896 53.77
878 834.9316299623338 53.78
879 834.8138657969572 53.79
880 834.7955146926009 53.8
881 834.8184704303345 53.81
882 834.8262156729213 53.82
883 834.7539496127921 53.83
884 834.5277517541309 53.84
885 834.0877479127877 53.85
886 833.3777944978755 53.86
887 832.3426117235457 53.87
888 830.9489899424469 53.88
889 829.1770858151801 53.89
890 826.9997151418443 53.9
891 824.4215784458272 53.91
892 821.4551515110059 53.92
893 818.1121002661801 53.93
894 814.4262055062721 53.94
895 810.4451850188547 53.95
896 806.2110321194067 53.96
897 801.8002675342631 53.97
898 797.2899346692441 53.98
899 792.7593485485601 53.99
900 788.3122729946989 54
901 784.0171514909409 54.01
902 779.8972204779369 54.02
903 775.9894375585095 54.03
904 772.3199334335457 54.04
905 768.8829169874573 54.05
906 765.7028751663847 54.06
907 762.7942982191798 54.07
908 760.1442648766954 54.08
909 757.7625760696495 54.09
910 755.6501273120507 54.1
911 753.7818051833365 54.11
912 752.1589201219711 54.12
913 750.7792739788226 54.13
914 749.6134826559135 54.14
915 748.6580293546742 54.15
916 747.9056670211521 54.16
917 747.3239944523135 54.17
918 746.9005612253209 54.18
919 746.6183466379431 54.19
920 746.4419279822414 54.2
921 746.3484338321814 54.21
922 746.3110950299905 54.22
923 746.2893696372583 54.23
924 746.251816276044 54.24
925 746.169239773238 54.25
926 746.0126746961944 54.26
927 745.7719213438526 54.27
928 745.4513614094107 54.28
929 745.0637011369953 54.29
930 744.6432360379617 54.3
931 744.2356572231733 54.31
932 743.8849097088312 54.32
933 743.6254057114081 54.33
934 743.4833790583953 54.34
935 743.4632198206497 54.35
936 743.5568431983032 54.36
937 743.7522524420443 54.37
938 744.0176074810668 54.38
939 744.3174315076634 54.39
940 744.6115267665209 54.4
941 744.8492337885547 54.41
942 744.9853060457779 54.42
943 744.9778792434446 54.43
944 744.783624170467 54.44
945 744.3685387943177 54.45
946 743.7092511253129 54.46
947 742.7829304535768 54.47
948 741.5766418603106 54.48
949 740.0868994587099 54.49
950 738.3112175254305 54.5
951 736.2616515443166 54.51
952 733.9614784400057 54.52
953 731.4288839487187 54.53
954 728.7015286263985 54.54
955 725.829688234487 54.55
956 722.8647802647218 54.56
957 719.8773905419382 54.57
958 716.9292370044805 54.58
959 714.043947267364 54.59
960 711.2530973983429 54.6
961 708.583446242077 54.61
962 706.0448496672085 54.62
963 703.6576437268595 54.63
964 701.4385335480542 54.64
965 699.3863782732956 54.65
966 697.5089438383832 54.66
967 695.8129156550899 54.67
968 694.2901898735398 54.68
969 692.9421867709209 54.69
970 691.7648929519848 54.7
971 690.7434009554162 54.71
972 689.8753356142463 54.72
973 689.156297018936 54.73
974 688.5677327379452 54.74
975 688.1043163355523 54.75
976 687.7551905436486 54.76
977 687.4984410082897 54.77
978 687.3225261715653 54.78
979 687.2117704135353 54.79
980 687.1421686335632 54.8
981 687.0983540129524 54.81
982 687.0626862579277 54.82
983 687.0171463295595 54.83
984 686.9575015692102 54.84
985 686.8861780590578 54.85
986 686.8100504441176 54.86
987 686.7494539126178 54.87
988 686.7297577366529 54.88
989 686.7742830498381 54.89
990 686.8965014448021 54.9
991 687.1044303754876 54.91
992 687.3924302847014 54.92
993 687.7524803968563 54.93
994 688.1667389176038 54.94
995 688.6121854753052 54.95
996 689.0618649173284 54.96
997 689.4843462114238 54.97
998 689.8464844971413 54.98
999 690.1169155727864 54.99
1000 690.2676726396887 55
1001 690.271133188305 55.01
1002 690.106326804643 55.02
1003 689.7503312055303 55.03
1004 689.1924239354737 55.04
1005 688.4249863199767 55.05
1006 687.4519843866852 55.06
1007 686.2721261006043 55.07
1008 684.8959854180051 55.08
1009 683.3376734996759 55.09
1010 681.6125209004645 55.1
1011 679.7547556321401 55.11
1012 677.8030347697182 55.12
1013 675.7982884247451 55.13
1014 673.7849564724984 55.14
1015 671.7944906692987 55.15
1016 669.8416734657709 55.16
1017 667.9513089888067 55.17
1018 666.1399688275013 55.18
1019 664.4144565829321 55.19
1020 662.7921115042074 55.2
1021 661.2847808136726 55.21
1022 659.8916249437207 55.22
1023 658.6232393279754 55.23
1024 657.4801718035706 55.24
1025 656.4546678950776 55.25
1026 655.552752594708 55.26
1027 654.7692746065663 55.27
1028 654.0943112085165 55.28
1029 653.5296865196319 55.29
1030 653.0688158331325 55.3
1031 652.6992837591324 55.31
1032 652.4187425709914 55.32
1033 652.217315208991 55.33
1034 652.0815514616203 55.34
1035 652.0052447861123 55.35
1036 651.9763817765472 55.36
1037 651.9815633099117 55.37
1038 652.0165914285345 55.38
1039 652.0753156509497 55.39
1040 652.1544206651567 55.4
1041 652.2595060663242 55.41
1042 652.3990885374241 55.42
1043 652.5827177734536 55.43
1044 652.8203339495404 55.44
1045 653.1139761877633 55.45
1046 653.4630274302046 55.46
1047 653.8567991652828 55.47
1048 654.2853105361226 55.48
1049 654.7355052562132 55.49
1050 655.1881294233543 55.5
1051 655.6232901634963 55.51
1052 656.0166433171752 55.52
1053 656.349138003489 55.53
1054 656.5981387133957 55.54
1055 656.7434318953774 55.55
1056 656.769946569195 55.56
1057 656.6613848603754 55.57
1058 656.4044132281768 55.58
1059 655.9940099689053 55.59
1060 655.4284893863669 55.6
1061 654.7073761355117 55.61
1062 653.8352838411971 55.62
1063 652.8208152037835 55.63
1064 651.6802604138962 55.64
1065 650.4309366539956 55.65
1066 649.0958201441482 55.66
1067 647.7082900378205 55.67
1068 646.2980829888191 55.68
1069 644.8846568710488 55.69
1070 643.4863550207234 55.7
1071 642.1192425231091 55.71
1072 640.7955656372276 55.72
1073 639.5299278641918 55.73
1074 638.3334731148421 55.74
1075 637.2107115024276 55.75
1076 636.1692184322924 55.76
1077 635.2144123090935 55.77
1078 634.3455001932919 55.78
1079 633.5655808138862 55.79
1080 632.8751549659795 55.8
1081 632.2699828296809 55.81
1082 631.7506465035873 55.82
1083 631.3153164107656 55.83
1084 630.9582013101881 55.84
1085 630.6761766583082 55.85
1086 630.4653366967117 55.86
1087 630.3182014533236 55.87
1088 630.2293749172379 55.88
1089 630.1946566278832 55.89
1090 630.2074026789693 55.9
1091 630.2621115261129 55.91
1092 630.3568659210092 55.92
1093 630.4871199788663 55.93
1094 630.6551248571334 55.94
1095 630.8626157225534 55.95
1096 631.1116185665786 55.96
1097 631.4017961272669 55.97
1098 631.7270468936724 55.98
1099 632.0800610836402 55.99
1100 632.4534294580588 56
1101 632.8363688642596 56.01
1102 633.2156705947147 56.02
1103 633.5763263189916 56.03
1104 633.9021403655981 56.04
1105 634.1779654535854 56.05
1106 634.3882418536489 56.06
1107 634.5199092780109 56.07
1108 634.5627190379207 56.08
1109 634.5049331474424 56.09
1110 634.3391802295936 56.1
1111 634.0617059994767 56.11
1112 633.6677234224737 56.12
1113 633.1574374788929 56.13
1114 632.5357615984788 56.14
1115 631.8118781953335 56.15
1116 630.9924417784166 56.16
1117 630.0946045573952 56.17
1118 629.1397850063876 56.18
1119 628.1453630611991 56.19
1120 627.1308906121199 56.2
1121 626.1138676463306 56.21
1122 625.1035910277925 56.22
1123 624.1144116649888 56.23
1124 623.1564483020619 56.24
1125 622.2369226793994 56.25
1126 621.367761059175 56.26
1127 620.5529967162408 56.27
1128 619.7938790879541 56.28
1129 619.09823226806 56.29
1130 618.4692004317557 56.3
1131 617.9042009736233 56.31
1132 617.4074822317183 56.32
1133 616.9773481845557 56.33
1134 616.6102199284483 56.34
1135 616.3087978767088 56.35
1136 616.0694285912247 56.36
1137 615.8873466092432 56.37
1138 615.7623994748993 56.38
1139 615.6905893725072 56.39
1140 615.6662853456298 56.4
1141 615.6889012853053 56.41
1142 615.754313381951 56.42
1143 615.8582643976896 56.43
1144 616.0006514439917 56.44
1145 616.1786156207573 56.45
1146 616.3888077243734 56.46
1147 616.6271987663202 56.47
1148 616.8881172407121 56.48
1149 617.1660141350109 56.49
1150 617.4525763098392 56.5
1151 617.7381358072972 56.51
1152 618.0118164432714 56.52
1153 618.2625152753166 56.53
1154 618.4796849032201 56.54
1155 618.652674278881 56.55
1156 618.7720274007058 56.56
1157 618.8289733925501 56.57
1158 618.8154876305222 56.58
1159 618.7268096509732 56.59
1160 618.5577720743587 56.6
1161 618.3052441604158 56.61
1162 617.9697353861438 56.62
1163 617.5528776338482 56.63
1164 617.0590231519267 56.64
1165 616.4938271523653 56.65
1166 615.8708255938584 56.66
1167 615.2034111735849 56.67
1168 614.5023693839871 56.68
1169 613.7807175413518 56.69
1170 613.0501551785703 56.7
1171 612.3184119086218 56.71
1172 611.597794108459 56.72
1173 610.8965420411253 56.73
1174 610.2203097351839 56.74
1175 609.5782137924195 56.75
1176 608.976004627759 56.76
1177 608.4148971974283 56.77
1178 607.9003710765669 56.78
1179 607.4348714725602 56.79
1180 607.0175459678505 56.8
1181 606.652058516186 56.81
1182 606.3383786201151 56.82
1183 606.0738465636621 56.83
1184 605.8599561787191 56.84
1185 605.6948115302226 56.85
1186 605.575201236697 56.86
1187 605.500644869029 56.87
1188 605.4697360333948 56.88
1189 605.4779297176591 56.89
1190 605.5239374070965 56.9
1191 605.6035023579702 56.91
1192 605.714572417884 56.92
1193 605.854480025819 56.93
1194 606.0191318977705 56.94
1195 606.2034918034948 56.95
1196 606.4016148271943 56.96
1197 606.6059819972504 56.97
1198 606.81067635446 56.98
1199 607.0074824573899 56.99
1200 607.1884240322373 57
1201 607.3454520702719 57.01
1202 607.4716777337422 57.02
1203 607.5602385361171 57.03
1204 607.60471843893 57.04
1205 607.5996701230024 57.05
1206 607.5404164501473 57.06
1207 607.4238101576912 57.07
1208 607.2482114050861 57.08
1209 607.0125460226715 57.09
1210 606.7195724729928 57.1
1211 606.3724603428184 57.11
1212 605.9772340188874 57.12
1213 605.541827768408 57.13
1214 605.0740500915452 57.14
1215 604.583230851003 57.15
1216 604.0765462460587 57.16
1217 603.5631400224429 57.17
1218 603.0504219926742 57.18
1219 602.5441768934571 57.19
1220 602.0524633349137 57.2
1221 601.5812874699211 57.21
1222 601.1333994467706 57.22
1223 600.7146495999432 57.23
1224 600.3283280345805 57.24
1225 599.9750170522069 57.25
1226 599.6583384714172 57.26
1227 599.3796596712459 57.27
1228 599.1374777749326 57.28
1229 598.9342716757607 57.29
1230 598.7693992112576 57.3
1231 598.64128011257 57.31
1232 598.5496799413465 57.32
1233 598.4931849941862 57.33
1234 598.4709553129946 57.34
1235 598.4792883747078 57.35
1236 598.5168820259526 57.36
1237 598.5804861099487 57.37
1238 598.6652303695257 57.38
1239 598.7707258998873 57.39
1240 598.8928486845438 57.4
1241 599.026869521047 57.41
1242 599.1663890781649 57.42
1243 599.3066150813329 57.43
1244 599.4421930248583 57.44
1245 599.5662700226366 57.45
1246 599.6741054774152 57.46
1247 599.7608404143257 57.47
1248 599.821654553843 57.48
1249 599.8515152222644 57.49
1250 599.8457944226832 57.5
1251 599.8021014196079 57.51
1252 599.7181632289552 57.52
1253 599.5925753419506 57.53
1254 599.4258491001012 57.54
1255 599.2197932298175 57.55
1256 598.9773143470157 57.56
1257 598.7011849850105 57.57
1258 598.3975342291276 57.58
1259 598.0728946740676 57.59
1260 597.7328521984628 57.6
1261 597.3833716799425 57.61
1262 597.0305682196811 57.62
1263 596.6797187228735 57.63
1264 596.3352626928413 57.64
1265 596.0022443914326 57.65
1266 595.6843574760321 57.66
1267 595.3854050703709 57.67
1268 595.1098257646165 57.68
1269 594.8572239750659 57.69
1270 594.6300281195764 57.7
1271 594.4299311163733 57.71
1272 594.2565187037023 57.72
1273 594.111363418919 57.73
1274 593.993871692235 57.74
1275 593.903491043213 57.75
1276 593.8409166578803 57.76
1277 593.8038134883286 57.77
1278 593.7908983185195 57.78
1279 593.8008568255966 57.79
1280 593.831817645139 57.8
1281 593.8813589897421 57.81
1282 593.9461755349104 57.82
1283 594.024957673274 57.83
1284 594.1133818467723 57.84
1285 594.2072789513243 57.85
1286 594.3028003375873 57.86
1287 594.3956174013891 57.87
1288 594.4812260245325 57.88
1289 594.5542307769481 57.89
1290 594.6126207177263 57.9
1291 594.652767503286 57.91
1292 594.6715628603761 57.92
1293 594.6665974499139 57.93
1294 594.6355562596506 57.94
1295 594.5772363900933 57.95
1296 594.4909467789089 57.96
1297 594.3784670540408 57.97
1298 594.2413462078708 57.98
1299 594.081324326211 57.99
1300 593.8986696504468 58
1301 593.6988032089719 58.01
1302 593.4855538209998 58.02
1303 593.2643766865323 58.03
1304 593.037599128344 58.04
1305 592.8092156601026 58.05
1306 592.5822089059478 58.06
1307 592.3611426182831 58.07
1308 592.1494381905759 58.08
1309 591.9490265224472 58.09
1310 591.7629516734733 58.1
1311 591.5938247965407 58.11
1312 591.4422378360887 58.12
1313 591.3086938644103 58.13
1314 591.1946908593173 58.14
1315 591.1001622145878 58.15
1316 591.0259945729691 58.16
1317 590.9746308958559 58.17
1318 590.9414770392175 58.18
1319 590.926799017917 58.19
1320 590.929427109417 58.2
1321 590.947907116477 58.21
1322 590.9814488235672 58.22
1323 591.0282861751676 58.23
1324 591.0861640181002 58.24
1325 591.1530526475663 58.25
1326 591.226360999766 58.26
1327 591.3031401577352 58.27
1328 591.3804366440033 58.28
1329 591.4549930379709 58.29
1330 591.5235068182824 58.3
1331 591.5847790126599 58.31
1332 591.635438527486 58.32
1333 591.6729625617708 58.33
1334 591.6962453623993 58.34
1335 591.7023029479913 58.35
1336 591.6909539392495 58.36
1337 591.6611435257668 58.37
1338 591.6141949134694 58.38
1339 591.5506681742531 58.39
1340 591.4717228784724 58.4
1341 591.3788975544738 58.41
1342 591.2745339723144 58.42
1343 591.1610999664534 58.43
1344 591.0415583688272 58.44
1345 590.9170117838054 58.45
1346 590.7916338451922 58.46
1347 590.6662510110356 58.47
1348 590.5444730482922 58.48
1349 590.4280525130326 58.49
1350 590.3198975212324 58.5
1351 590.2214769794857 58.51
1352 590.1320160677969 58.52
1353 590.0533672492982 58.53
1354 589.9869963607215 58.54
1355 589.9335316844275 58.55
1356 589.8929971647068 58.56
1357 589.8661232836376 58.57
1358 589.8528984491959 58.58
1359 589.8526510667036 58.59
1360 589.8651276115004 58.6
1361 589.8894443721659 58.61
1362 589.924300451491 58.62
1363 589.9683080872589 58.63
1364 590.020457705633 58.64
1365 590.0791737628862 58.65
1366 590.1435402480384 58.66
1367 590.2109816039962 58.67
1368 590.2792778465243 58.68
1369 590.346454461553 58.69
1370 590.4106059566874 58.7
1371 590.4698228728632 58.71
1372 590.5223268065492 58.72
1373 590.5663948534523 58.73
1374 590.5985131982263 58.74
1375 590.6214881036444 58.75
1376 590.634039543115 58.76
1377 590.6353713948004 58.77
1378 590.6255081536044 58.78
1379 590.6048243670178 58.79
1380 590.5739933923343 58.8
1381 590.5340735413847 58.81
1382 590.4862182428491 58.82
1383 590.4321958666237 58.83
1384 590.3735426045441 58.84
1385 590.3117608478333 58.85
1386 590.2487997680462 58.86
1387 590.1863019433896 58.87
1388 590.1255585817561 58.88
1389 590.0683040369587 58.89
1390 590.0154277064543 58.9
1391 589.9678635655464 58.91
1392 589.9278780064033 58.92
1393 589.8951257322152 58.93
1394 589.8712246123054 58.94
1395 589.8557593753385 58.95
1396 589.8492828720744 58.96
1397 589.8518768918265 58.97
1398 589.8637379993052 58.98
1399 589.884474622853 58.99
1400 589.9132799636009 59
1401 589.9495991133228 59.01
1402 589.9927471664115 59.02
1403 590.0417874643883 59.03
1404 590.0956636846545 59.04
1405 590.1531473329321 59.05
1406 590.2130182125741 59.06
1407 590.273962277376 59.07
1408 590.3346841406953 59.08
1409 590.3939500585092 59.09
1410 590.4495916688098 59.1
1411 590.5018279395049 59.11
1412 590.5493752903756 59.12
1413 590.5914338753438 59.13
1414 590.6272756350694 59.14
1415 590.6564336885198 59.15
1416 590.6788845023024 59.16
1417 590.6959050070951 59.17
1418 590.7059701758966 59.18
1419 590.7104919889431 59.19
1420 590.7089713597342 59.2
1421 590.7025188980132 59.21
1422 590.6921953128232 59.22
1423 590.6811675900182 59.23
1424 590.6690370545574 59.24
1425 590.6555581462266 59.25
1426 590.6419115873874 59.26
1427 590.6292185555305 59.27
1428 590.6207588589726 59.28
1429 590.615256441651 59.29
1430 590.6125475622187 59.3
1431 590.6143340620783 59.31
1432 590.6198228340974 59.32
1433 590.629731053865 59.33
1434 590.6445837251642 59.34
1435 590.6650096277305 59.35
1436 590.6910988708757 59.36
1437 590.7228520317955 59.37
1438 590.760014287576 59.38
1439 590.8020694165851 59.39
1440 590.8488503405621 59.4
1441 590.8999722037769 59.41
1442 590.9545924511775 59.42
1443 591.0121650076894 59.43
1444 591.0719458621072 59.44
1445 591.1331273813729 59.45
1446 591.1946728601663 59.46
1447 591.2558539010076 59.47
1448 591.3156832667768 59.48
1449 591.3734022400665 59.49
1450 591.4283228176082 59.5
1451 591.4798510279752 59.51
1452 591.5268071464657 59.52
1453 591.5698614377 59.53
1454 591.6085984160073 59.54
1455 591.6430987487252 59.55
1456 591.6733321715086 59.56
1457 591.6993251003656 59.57
1458 591.7216118326587 59.58
1459 591.7405416790912 59.59
1460 591.7566176947898 59.6
1461 591.7711563878659 59.61
1462 591.7831085018792 59.62
1463 591.7942010672269 59.63
1464 591.8037708246711 59.64
1465 591.8126434999658 59.65
1466 591.8215609429985 59.66
1467 591.8312225176574 59.67
1468 591.8424083592412 59.68
1469 591.8558116674711 59.69
1470 591.8715382471889 59.7
1471 591.8900044654036 59.71
1472 591.9118603496738 59.72
1473 591.9372799765847 59.73
1474 591.9665157937683 59.74
1475 591.9996672245361 59.75
1476 592.0366680991963 59.76
1477 592.0763801966744 59.77
1478 592.1201318556207 59.78
1479 592.1670279906702 59.79
1480 592.2167170197547 59.8
1481 592.2686689583287 59.81
1482 592.3223021156118 59.82
1483 592.37711833318 59.83
1484 592.4325407811299 59.84
1485 592.4880705471965 59.85
1486 592.5433092538332 59.86
1487 592.5974582829717 59.87
1488 592.6500245468176 59.88
1489 592.7010679995317 59.89
1490 592.7501628890823 59.9
1491 592.7970627013889 59.91
1492 592.8416883654011 59.92
1493 592.883873946904 59.93
1494 592.923562016951 59.94
1495 592.9611973634239 59.95
1496 592.9966382569469 59.96
1497 593.0300606640353 59.97
1498 593.0617018284537 59.98
1499 593.0919097609362 59.99
1500 593.1211372162456 60
