"vazao-mass-porta-rfile"
"Time Step" "vazao-mass-porta etc.."
("Time Step" "vazao-mass-porta" "flow-time")
0 0.12101110362131 0
1 0 0.1
2 0 0.2
3 0 0.3
4 0 0.4
5 0 0.5
6 0 0.6000000000000001
7 0 0.7000000000000001
8 0 0.8
9 0 0.9
10 0 1
11 0 1.1
12 0 1.2
13 0 1.3
14 0 1.4
15 0 1.5
16 0 1.6
17 0 1.7
18 0 1.8
19 0 1.9
20 0 2
21 0 2.1
22 0 2.2
23 0 2.3
24 0 2.4
25 0 2.5
26 0 2.6
27 0 2.7
28 0 2.8
29 0 2.9
30 0 3
31 0 3.1
32 0 3.2
33 0 3.3
34 0 3.4
35 0 3.5
36 0 3.6
37 0 3.7
38 0 3.8
39 0 3.9
40 0 4
41 0 4.100000000000001
42 0 4.2
43 0 4.3
44 0 4.4
45 0 4.5
46 0 4.600000000000001
47 0 4.7
48 0 4.800000000000001
49 0 4.9
50 0 5
51 0 5.100000000000001
52 0 5.2
53 0 5.300000000000001
54 0 5.4
55 0 5.5
56 0 5.600000000000001
57 0 5.7
58 0 5.800000000000001
59 0 5.9
60 0 6
61 0 6.100000000000001
62 0 6.2
63 0 6.300000000000001
64 0 6.4
65 0 6.5
66 0 6.600000000000001
67 0 6.7
68 0 6.800000000000001
69 0 6.9
70 0 7
71 0 7.100000000000001
72 0 7.2
73 0 7.300000000000001
74 0 7.4
75 0 7.5
76 0 7.600000000000001
77 0 7.7
78 0 7.800000000000001
79 0 7.9
80 0 8
81 0 8.1
82 0 8.200000000000001
83 0 8.300000000000001
84 0 8.4
85 0 8.5
86 0 8.6
87 0 8.700000000000001
88 0 8.800000000000001
89 0 8.9
90 0 9
91 0 9.1
92 0 9.200000000000001
93 0 9.300000000000001
94 0 9.4
95 0 9.5
96 0 9.600000000000001
97 0 9.700000000000001
98 0 9.800000000000001
99 0 9.9
100 0 10
101 0 10.1
102 0 10.2
103 0 10.3
104 0 10.4
105 0 10.5
106 0 10.6
107 0 10.7
108 0 10.8
109 0 10.9
110 0 11
111 0 11.1
112 0 11.2
113 0 11.3
114 0 11.4
115 0 11.5
116 0 11.6
117 0 11.7
118 0 11.8
119 0 11.9
120 0 12
121 0 12.1
122 0 12.2
123 0 12.3
124 0 12.4
125 0 12.5
126 0 12.6
127 0 12.7
128 0 12.8
129 0 12.9
130 0 13
131 0 13.1
132 0 13.2
133 0 13.3
134 0 13.4
135 0 13.5
136 0 13.6
137 0 13.7
138 0 13.8
139 0 13.9
140 0 14
141 0 14.1
142 0 14.2
143 0 14.3
144 0 14.4
145 0 14.5
146 0 14.6
147 0 14.7
148 0 14.8
149 0 14.9
150 0 15
151 0 15.1
152 0 15.2
153 0 15.3
154 0 15.4
155 0 15.5
156 0 15.6
157 0 15.7
158 0 15.8
159 0 15.9
160 0 16
161 0 16.1
162 0 16.2
163 0 16.3
164 0 16.4
165 0 16.5
166 0 16.6
167 0 16.7
168 0 16.8
169 0 16.9
170 0 17
171 0 17.1
172 0 17.2
173 0 17.3
174 0 17.4
175 0 17.5
176 0 17.6
177 0 17.7
178 0 17.8
179 0 17.9
180 0 18
181 0 18.1
182 0 18.2
183 0 18.3
184 0 18.4
185 0 18.5
186 0 18.6
187 0 18.7
188 0 18.8
189 0 18.9
190 0 19
191 0 19.1
192 0 19.2
193 0 19.3
194 0 19.4
195 0 19.5
196 0 19.6
197 0 19.7
198 0 19.8
199 0 19.9
200 0 20
201 0 20.1
202 0 20.2
203 0 20.3
204 0 20.4
205 0 20.5
206 0 20.6
207 0 20.7
208 0 20.8
209 0 20.9
210 0 21
211 0 21.1
212 0 21.2
213 0 21.3
214 0 21.4
215 0 21.5
216 0 21.6
217 0 21.7
218 0 21.8
219 0 21.9
220 0 22
221 0 22.1
222 0 22.2
223 0 22.3
224 0 22.4
225 0 22.5
226 0 22.6
227 0 22.7
228 0 22.8
229 0 22.9
230 0 23
231 0 23.1
232 0 23.2
233 0 23.3
234 0 23.4
235 0 23.5
236 0 23.6
237 0 23.7
238 0 23.8
239 0 23.9
240 0 24
241 0 24.1
242 0 24.2
243 0 24.3
244 0 24.4
245 0 24.5
246 0 24.6
247 0 24.7
248 0 24.8
249 0 24.9
250 0 25
251 0 25.1
252 0 25.2
253 0 25.3
254 0 25.4
255 0 25.5
256 0 25.6
257 0 25.7
258 0 25.8
259 0 25.9
260 0 26
261 0 26.1
262 0 26.2
263 0 26.3
264 0 26.4
265 0 26.5
266 0 26.6
267 0 26.7
268 0 26.8
269 0 26.9
270 0 27
271 0 27.1
272 0 27.2
273 0 27.3
274 0 27.4
275 0 27.5
276 0 27.6
277 0 27.7
278 0 27.8
279 0 27.9
280 0 28
281 0 28.1
282 0 28.2
283 0 28.3
284 0 28.4
285 0 28.5
286 0 28.6
287 0 28.7
288 0 28.8
289 0 28.9
290 0 29
291 0 29.1
292 0 29.2
293 0 29.3
294 0 29.4
295 0 29.5
296 0 29.6
297 0 29.7
298 0 29.8
299 0 29.9
300 0 30
301 0 30.1
302 0 30.2
303 0 30.3
304 0 30.4
305 0 30.5
306 0 30.6
307 0 30.7
308 0 30.8
309 0 30.9
310 0 31
311 0 31.1
312 0 31.2
313 0 31.3
314 0 31.4
315 0 31.5
316 0 31.6
317 0 31.7
318 0 31.8
319 0 31.9
320 0 32
321 0 32.1
322 0 32.2
323 0 32.3
324 0 32.4
325 0 32.5
326 0 32.6
327 0 32.7
328 0 32.8
329 0 32.9
330 0 33
331 0 33.1
332 0 33.2
333 0 33.3
334 0 33.4
335 0 33.5
336 0 33.6
337 0 33.7
338 0 33.8
339 0 33.9
340 0 34
341 0 34.1
342 0 34.2
343 0 34.3
344 0 34.4
345 0 34.5
346 0 34.6
347 0 34.7
348 0 34.8
349 0 34.9
350 0 35
351 0 35.1
352 0 35.2
353 0 35.3
354 0 35.4
355 0 35.5
356 0 35.6
357 0 35.7
358 0 35.8
359 0 35.9
360 0 36
361 0 36.1
362 0 36.2
363 0 36.3
364 0 36.4
365 0 36.5
366 0 36.6
367 0 36.7
368 0 36.8
369 0 36.9
370 0 37
371 0 37.1
372 0 37.2
373 0 37.3
374 0 37.4
375 0 37.5
376 0 37.6
377 0 37.7
378 0 37.8
379 0 37.9
380 0 38
381 0 38.1
382 0 38.2
383 0 38.3
384 0 38.40000000000001
385 0 38.5
386 0 38.6
387 0 38.7
388 0 38.8
389 0 38.90000000000001
390 0 39
391 0 39.1
392 0 39.2
393 0 39.3
394 0 39.40000000000001
395 0 39.5
396 0 39.6
397 0 39.7
398 0 39.8
399 0 39.90000000000001
400 0 40
401 0 40.1
402 0 40.2
403 0 40.3
404 0 40.40000000000001
405 0 40.5
406 0 40.6
407 0 40.7
408 0 40.8
409 0 40.90000000000001
410 0 41
411 0 41.1
412 0 41.2
413 0 41.3
414 0 41.40000000000001
415 0 41.5
416 0 41.6
417 0 41.7
418 0 41.8
419 0 41.90000000000001
420 0 42
421 0 42.1
422 0 42.2
423 0 42.3
424 0 42.40000000000001
425 0 42.5
426 0 42.6
427 0 42.7
428 0 42.8
429 0 42.90000000000001
430 0 43
431 0 43.1
432 0 43.2
433 0 43.3
434 0 43.40000000000001
435 0 43.5
436 0 43.6
437 0 43.7
438 0 43.8
439 0 43.90000000000001
440 0 44
441 0 44.1
442 0 44.2
443 0 44.3
444 0 44.40000000000001
445 0 44.5
446 0 44.6
447 0 44.7
448 0 44.8
449 0 44.90000000000001
450 0 45
451 0 45.1
452 0 45.2
453 0 45.3
454 0 45.40000000000001
455 0 45.5
456 0 45.6
457 0 45.7
458 0 45.8
459 0 45.90000000000001
460 0 46
461 0 46.1
462 0 46.2
463 0 46.3
464 0 46.40000000000001
465 0 46.5
466 0 46.6
467 0 46.7
468 0 46.8
469 0 46.90000000000001
470 0 47
471 0 47.1
472 0 47.2
473 0 47.3
474 0 47.40000000000001
475 0 47.5
476 0 47.6
477 0 47.7
478 0 47.8
479 0 47.90000000000001
480 0 48
481 0 48.1
482 0 48.2
483 0 48.3
484 0 48.40000000000001
485 0 48.5
486 0 48.6
487 0 48.7
488 0 48.8
489 0 48.90000000000001
490 0 49
491 0 49.1
492 0 49.2
493 0 49.3
494 0 49.40000000000001
495 0 49.5
496 0 49.6
497 0 49.7
498 0 49.8
499 0 49.90000000000001
500 0 50
501 -0.02622504209931036 50.01
502 -0.02880759370495362 50.02
503 -0.0310345678831543 50.03
504 -0.03439118482970167 50.04
505 -0.04097409859046418 50.05
506 -0.04766470695668316 50.06
507 -0.05438218630621193 50.07
508 -0.06104652067962097 50.08
509 -0.06760991346612846 50.09
510 -0.07402063438042519 50.1
511 -0.08022164238813004 50.11
512 -0.08616645128378779 50.12
513 -0.0897741846736225 50.13
514 -0.09015012616713408 50.14
515 -0.08936584609360734 50.15
516 -0.08907205391017969 50.16
517 -0.08809817277732782 50.17
518 -0.08757830077361607 50.18
519 -0.0864931231784815 50.19
520 -0.08601233247151813 50.2
521 -0.08573602916571731 50.21
522 -0.0853994981897739 50.22
523 -0.08496406762178101 50.23
524 -0.08442673118206161 50.24
525 -0.08379056886640689 50.25
526 -0.08305805165508097 50.26
527 -0.08223166585808533 50.27
528 -0.08131623170686597 50.28
529 -0.0803162150596959 50.29
530 -0.07923336663989407 50.3
531 -0.07807200226605089 50.31
532 -0.07683261507728788 50.32
533 -0.07551880249827905 50.33
534 -0.07408857808221438 50.34
535 -0.07275033867253645 50.35
536 -0.07111924816899849 50.36
537 -0.06957240172608789 50.37
538 -0.06793928443708323 50.38
539 -0.06443305213125754 50.39
540 -0.06112132463794487 50.4
541 -0.05791376443668816 50.41
542 -0.05451320245341136 50.42
543 -0.05098336043875293 50.43
544 -0.0471825647891268 50.44
545 -0.04333180123704684 50.45
546 -0.03912996757219409 50.46
547 -0.03504505293910244 50.47
548 -0.03078674026141237 50.48
549 -0.0266373352151038 50.49
550 -0.02234984759193668 50.5
551 -0.01836527951922951 50.51
552 -0.01379004530060191 50.52
553 -0.009137053871104223 50.53
554 -0.004350510950041608 50.54
555 0.0007663109762159268 50.55
556 0.00597161175922556 50.56
557 0.01122091685466058 50.57
558 0.01681756360471161 50.58
559 0.02277434230793694 50.59
560 0.02899888445543832 50.6
561 0.03471026694312765 50.61
562 0.04029036851097482 50.62
563 0.0454157414711366 50.63
564 0.05011222883228049 50.64
565 0.05416576751092454 50.65
566 0.05748871673546917 50.66
567 0.05989293837040848 50.67
568 0.06134519097622955 50.68
569 0.06146204830568353 50.69
570 0.06008245480511692 50.7
571 0.05744216285928911 50.71
572 0.05342095978166655 50.72
573 0.04831440070998501 50.73
574 0.04234363244696296 50.74
575 0.03537979898144296 50.75
576 0.02780535955079567 50.76
577 0.01976058714650452 50.77
578 0.01149090338233306 50.78
579 0.003208496626133253 50.79
580 -0.005071606393985798 50.8
581 -0.01301845022876736 50.81
582 -0.02049367963019187 50.82
583 -0.02755960051131764 50.83
584 -0.03403096039739987 50.84
585 -0.03970080568589981 50.85
586 -0.04453063412232073 50.86
587 -0.04829598941693844 50.87
588 -0.0508217749392718 50.88
589 -0.05254060344669961 50.89
590 -0.05320868310158219 50.9
591 -0.05330853106753485 50.91
592 -0.05285564447857104 50.92
593 -0.05237668166764435 50.93
594 -0.05277364843927478 50.94
595 -0.05276876189241438 50.95
596 -0.05242701879961584 50.96
597 -0.05175419011468566 50.97
598 -0.05070218340786056 50.98
599 -0.04946366237025834 50.99
600 -0.04785239188376533 51
601 -0.04455017463213488 51.01
602 -0.04125429489647246 51.02
603 -0.03757618077882386 51.03
604 -0.03367775040465627 51.04
605 -0.02943458905650557 51.05
606 -0.02517834727080116 51.06
607 -0.02076889400570783 51.07
608 -0.01640513078410476 51.08
609 -0.01192986303958718 51.09
610 -0.007321764806094786 51.1
611 -0.002441974987047853 51.11
612 0.002681030619221425 51.12
613 0.008203678860582393 51.13
614 0.01354630882751602 51.14
615 0.01903889310454623 51.15
616 0.02435069134919551 51.16
617 0.02957910062398409 51.17
618 0.03453700069382119 51.18
619 0.03904600649104623 51.19
620 0.04311405808413057 51.2
621 0.04652801998849163 51.21
622 0.04906712923055118 51.22
623 0.05051736221935604 51.23
624 0.05072288576044087 51.24
625 0.04971587242286087 51.25
626 0.0476564072232794 51.26
627 0.04465941918867009 51.27
628 0.04089321856878318 51.28
629 0.03644799486796767 51.29
630 0.03149421314672801 51.3
631 0.02603737555555252 51.31
632 0.02018679584983618 51.32
633 0.01402792365880158 51.33
634 0.007570166551332475 51.34
635 0.0008191801072027147 51.35
636 -0.005892786736528048 51.36
637 -0.01254116687065684 51.37
638 -0.01893158632732832 51.38
639 -0.02489215482666619 51.39
640 -0.03033547280753818 51.4
641 -0.03518679896619648 51.41
642 -0.0393489277930393 51.42
643 -0.04281538943458239 51.43
644 -0.04551243553926981 51.44
645 -0.04760524213303897 51.45
646 -0.04870503026565898 51.46
647 -0.04917038581389871 51.47
648 -0.04889408671644417 51.48
649 -0.04785637076173342 51.49
650 -0.04579289307008442 51.5
651 -0.0426690310924721 51.51
652 -0.0389043149317554 51.52
653 -0.03485048607970792 51.53
654 -0.03049398335073948 51.54
655 -0.02596103308005124 51.55
656 -0.02132419298166997 51.56
657 -0.01652782939291008 51.57
658 -0.01160703193043687 51.58
659 -0.006598323737420157 51.59
660 -0.001418053888355303 51.6
661 0.003869746577124923 51.61
662 0.009354230774450557 51.62
663 0.01498462376462957 51.63
664 0.02051842491826095 51.64
665 0.02603158485293252 51.65
666 0.03146049548916824 51.66
667 0.03666817573470023 51.67
668 0.04169522945612113 51.68
669 0.04623908382795496 51.69
670 0.05026846026383987 51.7
671 0.05356327777451546 51.71
672 0.05576541161026918 51.72
673 0.0564931258077554 51.73
674 0.05581753097460983 51.74
675 0.05402760363534605 51.75
676 0.05141360489004813 51.76
677 0.04801143411869246 51.77
678 0.0439018206977624 51.78
679 0.03913418918747748 51.79
680 0.03381295300271538 51.8
681 0.02795689670883263 51.81
682 0.021687351258123 51.82
683 0.01506663742291564 51.83
684 0.008180167401744633 51.84
685 0.001152072590448359 51.85
686 -0.005820658748553666 51.86
687 -0.01269922269659766 51.87
688 -0.019305378455248 51.88
689 -0.02545894482807751 51.89
690 -0.03111419155227316 51.9
691 -0.03622762344685722 51.91
692 -0.04066897296716213 51.92
693 -0.0444017924056197 51.93
694 -0.04741900002211163 51.94
695 -0.04965698549012471 51.95
696 -0.05129045656236234 51.96
697 -0.05214518657694266 51.97
698 -0.05229108822160713 51.98
699 -0.05154201817347356 51.99
700 -0.04974823787130504 52
701 -0.04690792432834372 52.01
702 -0.04329964278772545 52.02
703 -0.0392656885238899 52.03
704 -0.03493402969293768 52.04
705 -0.03025735909115967 52.05
706 -0.02537739006761126 52.06
707 -0.02031198244907505 52.07
708 -0.01521435524203004 52.08
709 -0.009952462675801299 52.09
710 -0.004547877649001306 52.1
711 0.001041847791945948 52.11
712 0.006735915967654127 52.12
713 0.01258011936105142 52.13
714 0.01839558787162682 52.14
715 0.02412846025863787 52.15
716 0.02977067095569157 52.16
717 0.03529343606795336 52.17
718 0.0406275221707415 52.18
719 0.04574551380129648 52.19
720 0.05063698073477833 52.2
721 0.05522005943540084 52.21
722 0.0593467267750075 52.22
723 0.06283903769989749 52.23
724 0.06539474924226252 52.24
725 0.0665560692212305 52.25
726 0.06618983195969967 52.26
727 0.06466504803086999 52.27
728 0.06223372876020952 52.28
729 0.05902181214262623 52.29
730 0.05506942479723405 52.3
731 0.0504959153867296 52.31
732 0.0453043733941982 52.32
733 0.03958342942627086 52.33
734 0.03337094362529807 52.34
735 0.02672804242667272 52.35
736 0.01974459782309699 52.36
737 0.01248607221253572 52.37
738 0.005055655400070139 52.38
739 -0.002452602995588232 52.39
740 -0.009951181372331652 52.4
741 -0.01729832267289214 52.41
742 -0.02432306133679534 52.42
743 -0.0309457067000865 52.43
744 -0.03712028498162212 52.44
745 -0.04266500888672723 52.45
746 -0.04765001818068355 52.46
747 -0.05187816513549412 52.47
748 -0.05540637507299538 52.48
749 -0.058249890578658 52.49
750 -0.06039940968642683 52.5
751 -0.06177183769897011 52.51
752 -0.06231801181339908 52.52
753 -0.0619168481029115 52.53
754 -0.0603013224131773 52.54
755 -0.05740020429755113 52.55
756 -0.05354708016457185 52.56
757 -0.04911053077471678 52.57
758 -0.04428604599724189 52.58
759 -0.03921497825821697 52.59
760 -0.03385972506478648 52.6
761 -0.0283511385741434 52.61
762 -0.0228001849705199 52.62
763 -0.01700986685665599 52.63
764 -0.01120301806815955 52.64
765 -0.005262727752267053 52.65
766 0.0008399868175989634 52.66
767 0.007104358585443855 52.67
768 0.01338071087342313 52.68
769 0.01969483532439027 52.69
770 0.02590509389280975 52.7
771 0.03203778924108504 52.71
772 0.03802167194350731 52.72
773 0.04388105739423712 52.73
774 0.04960654651280767 52.74
775 0.05514996666475463 52.75
776 0.06043116690519622 52.76
777 0.06540359562677574 52.77
778 0.06995720789556477 52.78
779 0.07390895620151577 52.79
780 0.07693789567970807 52.8
781 0.07851046621046061 52.81
782 0.07833889647979535 52.82
783 0.07692917789828269 52.83
784 0.0745926974475303 52.84
785 0.07146528425190043 52.85
786 0.06762300275159239 52.86
787 0.06311481707856603 52.87
788 0.05798865476486356 52.88
789 0.05228680064235049 52.89
790 0.04610231497516373 52.9
791 0.03949462907894739 52.91
792 0.03250551663071613 52.92
793 0.02519286162140552 52.93
794 0.01763459301146707 52.94
795 0.009897215649003839 52.95
796 0.002080747411523082 52.96
797 -0.005736992789746088 52.97
798 -0.01344080903106183 52.98
799 -0.02095886037499412 52.99
800 -0.02815525731202934 53
801 -0.03494562542147796 53.01
802 -0.04119254005142135 53.02
803 -0.04686502359001762 53.03
804 -0.05192318939674526 53.04
805 -0.05621957317760428 53.05
806 -0.05983727197817609 53.06
807 -0.06276378787857705 53.07
808 -0.06491826575990273 53.08
809 -0.06625493074532496 53.09
810 -0.0666922971359929 53.1
811 -0.06602929957810141 53.11
812 -0.06400537528933239 53.12
813 -0.06068931688399601 53.13
814 -0.05659196608831873 53.14
815 -0.05194542107314258 53.15
816 -0.04693898982055072 53.16
817 -0.04166938948605385 53.17
818 -0.0361062885743464 53.18
819 -0.03053897071206029 53.19
820 -0.02477628066592621 53.2
821 -0.01887390185294951 53.21
822 -0.01292447179770835 53.22
823 -0.006867657220283766 53.23
824 -0.0006960991669159606 53.24
825 0.00556815121300556 53.25
826 0.01186830055458669 53.26
827 0.01816517507919843 53.27
828 0.02438494388195613 53.28
829 0.03053961580653698 53.29
830 0.03658884645052267 53.3
831 0.04251561831515971 53.31
832 0.04828318238371831 53.32
833 0.05389815998885261 53.33
834 0.05927509320335071 53.34
835 0.06436444378615579 53.35
836 0.06906854868072265 53.36
837 0.07323720168843481 53.37
838 0.07658813650539216 53.38
839 0.0786392682489023 53.39
840 0.07882958236371317 53.4
841 0.07756759829744833 53.41
842 0.07529361681342106 53.42
843 0.07220164126183017 53.43
844 0.06839210338576024 53.44
845 0.06394063244029349 53.45
846 0.05891229934065804 53.46
847 0.05334712176878754 53.47
848 0.04734987280751481 53.48
849 0.04094485989913298 53.49
850 0.03420173822901632 53.5
851 0.02717688109599697 53.51
852 0.01992783252387307 53.52
853 0.01252059652727636 53.53
854 0.005013596307232084 53.54
855 -0.002514717549006626 53.55
856 -0.01000632113629405 53.56
857 -0.01736491446126671 53.57
858 -0.02452688702896259 53.58
859 -0.03140320870829286 53.59
860 -0.03787881082221398 53.6
861 -0.04386410832490795 53.61
862 -0.04931603117179287 53.62
863 -0.05412535656660278 53.63
864 -0.05826758070270755 53.64
865 -0.06168737841034926 53.65
866 -0.06433110774548713 53.66
867 -0.06613975278995242 53.67
868 -0.06701201333091687 53.68
869 -0.0667418611573298 53.69
870 -0.06505731088354177 53.7
871 -0.06201672216021236 53.71
872 -0.05808428635156161 53.72
873 -0.05356751351761047 53.73
874 -0.04863177951337476 53.74
875 -0.04341722391811702 53.75
876 -0.03800111661382888 53.76
877 -0.03241502463050437 53.77
878 -0.02667465939639808 53.78
879 -0.02086380549043387 53.79
880 -0.01493851637158468 53.8
881 -0.008922849198284387 53.81
882 -0.002859461692544618 53.82
883 0.003261329600391112 53.83
884 0.009423306870310915 53.84
885 0.01557530158686875 53.85
886 0.02168664121318445 53.86
887 0.02772183519815255 53.87
888 0.03365980865059859 53.88
889 0.03947480867855561 53.89
890 0.04514797123235913 53.9
891 0.05065280598540499 53.91
892 0.05594269187586287 53.92
893 0.0609319450185884 53.93
894 0.06553797456000918 53.94
895 0.06962221658282441 53.95
896 0.0729434310161666 53.96
897 0.07507470602801287 53.97
898 0.07545345356359544 53.98
899 0.07437403500160315 53.99
900 0.07228294108718614 54
901 0.06937917409413245 54.01
902 0.06577626846430354 54.02
903 0.06156350024394656 54.03
904 0.05680771808152396 54.04
905 0.05159080778734599 54.05
906 0.04596356587933351 54.06
907 0.03997786964502882 54.07
908 0.03368639815897281 54.08
909 0.02715535070149504 54.09
910 0.02042567288015415 54.1
911 0.01354904551015935 54.11
912 0.006586658563975381 54.12
913 -0.0004088047538922859 54.13
914 -0.007376338368100814 54.14
915 -0.0142608957388997 54.15
916 -0.02099605181235846 54.16
917 -0.02749060326703483 54.17
918 -0.03370232854673568 54.18
919 -0.03954800474919665 54.19
920 -0.04497764054543212 54.2
921 -0.04986601064653428 54.21
922 -0.05417342942894693 54.22
923 -0.05783495670167912 54.23
924 -0.06072752700243276 54.24
925 -0.06282266823576949 54.25
926 -0.0639406327884338 54.26
927 -0.06385714367237759 54.27
928 -0.06232121247707752 54.28
929 -0.05946670542700642 54.29
930 -0.05575434093085491 54.3
931 -0.05144746119890348 54.31
932 -0.04674025102240936 54.32
933 -0.04173061103428623 54.33
934 -0.03650660607928444 54.34
935 -0.03113378327130117 54.35
936 -0.02561833552639676 54.36
937 -0.01998067144382499 54.37
938 -0.01427079128060645 54.38
939 -0.008492566365354294 54.39
940 -0.002669879552488751 54.4
941 0.003187790480759704 54.41
942 0.009036700115881955 54.42
943 0.01486733461487535 54.43
944 0.02065217972795138 54.44
945 0.02635827745098629 54.45
946 0.03195492594422335 54.46
947 0.03741945110229127 54.47
948 0.04271553467210509 54.48
949 0.04779570487712933 54.49
950 0.05260670217769423 54.5
951 0.05707357373418692 54.51
952 0.06107982839458029 54.52
953 0.06445916618214612 54.53
954 0.06687950624759284 54.54
955 0.06787253253656937 54.55
956 0.06732718760780093 54.56
957 0.06571270148810224 54.57
958 0.06324352496613878 54.58
959 0.06009898312966022 54.59
960 0.05636055756765208 54.6
961 0.05211103173401994 54.61
962 0.04741990040428479 54.62
963 0.04235161566617554 54.63
964 0.03696047593209685 54.64
965 0.03129487139546895 54.65
966 0.02540291122004401 54.66
967 0.01933721341216577 54.67
968 0.01313890229669237 54.68
969 0.00685993487468068 54.69
970 0.0005498382100559696 54.7
971 -0.005742932786590716 54.71
972 -0.01195583720252512 54.72
973 -0.01804550920286564 54.73
974 -0.02395130779557211 54.74
975 -0.02961511841172053 54.75
976 -0.03496544531822975 54.76
977 -0.03994289051464914 54.77
978 -0.04450337206390716 54.78
979 -0.04856306644479499 54.79
980 -0.05202917158777826 54.8
981 -0.05483156767716777 54.81
982 -0.05683157678040547 54.82
983 -0.05787574239216406 54.83
984 -0.05769496545309334 54.84
985 -0.05608239873254311 54.85
986 -0.05331508245662951 54.86
987 -0.04981740426105109 54.87
988 -0.04578880036052223 54.88
989 -0.0413972065289819 54.89
990 -0.03671204561570509 54.9
991 -0.03182992889155033 54.91
992 -0.02677856561807705 54.92
993 -0.02160799188593992 54.93
994 -0.01633812174607456 54.94
995 -0.01099778602582191 54.95
996 -0.005609590647371508 54.96
997 -0.0001895397110032466 54.97
998 0.005222592347467908 54.98
999 0.0106133988273435 54.99
1000 0.01595551501653349 55
1001 0.02122596759347185 55.01
1002 0.02638286012082754 55.02
1003 0.03140666040345338 55.03
1004 0.03625696141649962 55.04
1005 0.04088537135537295 55.05
1006 0.04523360552056298 55.06
1007 0.04922088853181916 55.07
1008 0.05273412697221283 55.08
1009 0.05560219087365736 55.09
1010 0.0575498884613775 55.1
1011 0.05817864338224892 55.11
1012 0.05751184444097968 55.12
1013 0.05590779591942252 55.13
1014 0.05355015221162002 55.14
1015 0.05057498820644905 55.15
1016 0.0470807596410564 55.16
1017 0.04314319587484299 55.17
1018 0.03882937070224774 55.18
1019 0.03419772896874095 55.19
1020 0.02929914305439675 55.2
1021 0.02418231924926758 55.21
1022 0.01889048985958877 55.22
1023 0.01347389091820882 55.23
1024 0.007969761015755708 55.24
1025 0.002423684773301823 55.25
1026 -0.00311925384890339 55.26
1027 -0.008612706728953513 55.27
1028 -0.01399757581239762 55.28
1029 -0.01923698313257349 55.29
1030 -0.02427772046291756 55.3
1031 -0.02906263671134716 55.31
1032 -0.03354181913830542 55.32
1033 -0.03763231095438323 55.33
1034 -0.0412846448249925 55.34
1035 -0.04443922744928352 55.35
1036 -0.04697477549912331 55.36
1037 -0.0487790722954522 55.37
1038 -0.04967982404717187 55.38
1039 -0.04943828635493427 55.39
1040 -0.04794611917560387 55.4
1041 -0.0454930966465896 55.41
1042 -0.04238513574218709 55.42
1043 -0.03879988186738184 55.43
1044 -0.03485480037558467 55.44
1045 -0.0306343340342799 55.45
1046 -0.02623776886216597 55.46
1047 -0.02167409695848365 55.47
1048 -0.01699061570745715 55.48
1049 -0.01222374791971533 55.49
1050 -0.007393864577674475 55.5
1051 -0.002543008687891072 55.51
1052 0.002318904451221611 55.52
1053 0.007161597371107966 55.53
1054 0.01195791987817518 55.54
1055 0.01668508694489834 55.55
1056 0.02129589803128043 55.56
1057 0.0257703025668736 55.57
1058 0.03006441909605949 55.58
1059 0.0341312819490838 55.59
1060 0.03790815804394414 55.6
1061 0.04131292697742297 55.61
1062 0.04423181477738551 55.62
1063 0.04650063734363395 55.63
1064 0.04787379453935992 55.64
1065 0.04808050765515332 55.65
1066 0.04725442688370652 55.66
1067 0.04564682382900275 55.67
1068 0.0433981509933349 55.68
1069 0.04061873053252655 55.69
1070 0.03739835432227367 55.7
1071 0.03380904093136176 55.71
1072 0.02990850658449757 55.72
1073 0.02575106630509334 55.73
1074 0.021384279074018 55.74
1075 0.01685443557708123 55.75
1076 0.0122061233592823 55.76
1077 0.007475246172865773 55.77
1078 0.002702252139732004 55.78
1079 -0.002067668762336687 55.79
1080 -0.006793748616659779 55.8
1081 -0.01142646763279099 55.81
1082 -0.01593144847970548 55.82
1083 -0.02024798987066438 55.83
1084 -0.02433255360231319 55.84
1085 -0.02813334765841462 55.85
1086 -0.03159572196882243 55.86
1087 -0.0346591815928815 55.87
1088 -0.0372278927176817 55.88
1089 -0.03921464074377395 55.89
1090 -0.04050034058890835 55.9
1091 -0.04088926916118898 55.91
1092 -0.04023671347081668 55.92
1093 -0.03862575122549539 55.93
1094 -0.03631392687456876 55.94
1095 -0.03347411227285783 55.95
1096 -0.03025442064590846 55.96
1097 -0.02672690196843445 55.97
1098 -0.02297904614539545 55.98
1099 -0.01905502723682077 55.99
1100 -0.01499482190080505 56
1101 -0.01084698995642003 56.01
1102 -0.006636119126594228 56.02
1103 -0.002389596086142703 56.03
1104 0.001859579593892537 56.04
1105 0.006088195201059283 56.05
1106 0.01026473876966661 56.06
1107 0.0143673836920536 56.07
1108 0.01834168508772277 56.08
1109 0.02216004295370987 56.09
1110 0.02577847535424672 56.1
1111 0.02914313588540658 56.11
1112 0.0321839194214233 56.12
1113 0.03480901691911933 56.13
1114 0.0368984182208112 56.14
1115 0.03828144178140964 56.15
1116 0.03874759127272825 56.16
1117 0.03828996977479783 56.17
1118 0.03710457307743302 56.18
1119 0.03532159972321001 56.19
1120 0.03304430817719396 56.2
1121 0.03035784676475929 56.21
1122 0.02733484585838365 56.22
1123 0.02403204766876857 56.23
1124 0.02050151132249306 56.24
1125 0.01678721263183995 56.25
1126 0.01292609027129423 56.26
1127 0.008975678501130711 56.27
1128 0.004963833229170291 56.28
1129 0.0009303493094939977 56.29
1130 -0.003085038775622928 56.3
1131 -0.007041575005601545 56.31
1132 -0.01089498248750474 56.32
1133 -0.01460527905832666 56.33
1134 -0.01813036604641113 56.34
1135 -0.0214230665441939 56.35
1136 -0.02441601347452221 56.36
1137 -0.02706310622264427 56.37
1138 -0.02929404592185413 56.38
1139 -0.03102282243251735 56.39
1140 -0.03213151273784744 56.4
1141 -0.03250617750172577 56.41
1142 -0.03202323183984209 56.42
1143 -0.03075352140912983 56.43
1144 -0.02889662101031799 56.44
1145 -0.02656877545029895 56.45
1146 -0.0238749785038303 56.46
1147 -0.02089463108358369 56.47
1148 -0.01769840141872605 56.48
1149 -0.01434926712707074 56.49
1150 -0.01088012554584048 56.5
1151 -0.007326292999172404 56.51
1152 -0.003720955398463123 56.52
1153 -0.0001000728614382806 56.53
1154 0.003510854047060714 56.54
1155 0.00708142472721543 56.55
1156 0.01057642511614076 56.56
1157 0.01396459584214856 56.57
1158 0.01721605647154887 56.58
1159 0.02025637474286024 56.59
1160 0.02305074503470454 56.6
1161 0.02553700122242801 56.61
1162 0.02763112045078851 56.62
1163 0.02922638189993726 56.63
1164 0.03018720688169724 56.64
1165 0.03039177685118888 56.65
1166 0.02987817581078679 56.66
1167 0.0287794453406068 56.67
1168 0.02718901867090191 56.68
1169 0.02518887369244907 56.69
1170 0.02285156018568342 56.7
1171 0.02023807601087187 56.71
1172 0.01739062207137814 56.72
1173 0.01437792476527551 56.73
1174 0.0112254638222407 56.74
1175 0.007972394494438713 56.75
1176 0.004660222135111551 56.76
1177 0.00132299813460252 56.77
1178 -0.00200206993748219 56.78
1179 -0.005277743815304645 56.79
1180 -0.00846446195541539 56.8
1181 -0.01152230544343609 56.81
1182 -0.01440415905870624 56.82
1183 -0.0170704482394097 56.83
1184 -0.01946942710868702 56.84
1185 -0.02154540276378426 56.85
1186 -0.02322727356119854 56.86
1187 -0.02444080798142241 56.87
1188 -0.0251021914233601 56.88
1189 -0.02511383887775233 56.89
1190 -0.02446531804788651 56.9
1191 -0.02323765189165294 56.91
1192 -0.02157301907244091 56.92
1193 -0.01953678309600114 56.93
1194 -0.0172115221645088 56.94
1195 -0.01466176288335274 56.95
1196 -0.01193825415531526 56.96
1197 -0.009081110854343709 56.97
1198 -0.006153217126122862 56.98
1199 -0.003167089082942713 56.99
1200 -0.0001604988556244846 57
1201 0.002833850074295661 57.01
1202 0.005783417261045226 57.02
1203 0.008655391582457768 57.03
1204 0.01141377336235701 57.04
1205 0.01401835730403756 57.05
1206 0.01642426762440279 57.06
1207 0.01857607130492105 57.07
1208 0.02041494068328696 57.08
1209 0.02187061792802306 57.09
1210 0.02282523900218904 57.1
1211 0.02321523997092841 57.11
1212 0.0230260543681667 57.12
1213 0.02232029006110142 57.13
1214 0.02119439152744636 57.14
1215 0.01969250169537894 57.15
1216 0.01787770138378316 57.16
1217 0.01580946421530344 57.17
1218 0.01353788356987741 57.18
1219 0.011103641935846 57.19
1220 0.00854723411511525 57.2
1221 0.005905742398883365 57.21
1222 0.003215829159165557 57.22
1223 0.0005123292129028895 57.23
1224 -0.002170536593117838 57.24
1225 -0.004796994311411387 57.25
1226 -0.007329673301404677 57.26
1227 -0.009738247345269365 57.27
1228 -0.01196607651313466 57.28
1229 -0.01398644525012667 57.29
1230 -0.01574740404625065 57.3
1231 -0.0172037056787011 57.31
1232 -0.01827685896404765 57.32
1233 -0.01891366996474721 57.33
1234 -0.01907201990426257 57.34
1235 -0.01870152177115204 57.35
1236 -0.01786664868410555 57.36
1237 -0.01663841331247069 57.37
1238 -0.01506997736922258 57.38
1239 -0.01326001371074386 57.39
1240 -0.01124047181270384 57.4
1241 -0.009062150066060062 57.41
1242 -0.006760129340544136 57.42
1243 -0.00439337545279787 57.43
1244 -0.001976552290156376 57.44
1245 0.0004611682739617817 57.45
1246 0.002861696455107825 57.46
1247 0.0052118192567533 57.47
1248 0.007475581876215127 57.48
1249 0.009615090220009804 57.49
1250 0.01159297441110927 57.5
1251 0.01336256730407293 57.51
1252 0.01487226335192123 57.52
1253 0.0160608307212457 57.53
1254 0.01687163913571581 57.54
1255 0.01725524042934081 57.55
1256 0.01719839683539523 57.56
1257 0.0167363659861858 57.57
1258 0.01591412532079716 57.58
1259 0.01477798720108599 57.59
1260 0.01337565127028878 57.6
1261 0.01175714961068067 57.61
1262 0.009964245620670836 57.62
1263 0.008027277992382828 57.63
1264 0.006006235225982086 57.64
1265 0.003914744195559598 57.65
1266 0.001787569659001473 57.66
1267 -0.0003409868370026093 57.67
1268 -0.002442907271704351 57.68
1269 -0.004473728078010823 57.69
1270 -0.006410820690299156 57.7
1271 -0.008216246294635781 57.71
1272 -0.009855154960122049 57.72
1273 -0.0112969338953865 57.73
1274 -0.01247702700984601 57.74
1275 -0.01336918981680165 57.75
1276 -0.01393744077615899 57.76
1277 -0.01411800102748302 57.77
1278 -0.01392171825262588 57.78
1279 -0.01336574452916581 57.79
1280 -0.01249000181487328 57.8
1281 -0.01133813864096678 57.81
1282 -0.009949389191347947 57.82
1283 -0.008394829019568811 57.83
1284 -0.006701599301330205 57.84
1285 -0.004905613927869867 57.85
1286 -0.003043386281432502 57.86
1287 -0.001148476046926804 57.87
1288 0.0007559677411528663 57.88
1289 0.002622707955828496 57.89
1290 0.004431653323745617 57.9
1291 0.006147877174430584 57.91
1292 0.007736197298600789 57.92
1293 0.009160175266016321 57.93
1294 0.01038557615846676 57.94
1295 0.01136274395140215 57.95
1296 0.01205863044476803 57.96
1297 0.01244088665341282 57.97
1298 0.01249858587203106 57.98
1299 0.01224424047688591 57.99
1300 0.01170273089541051 58
1301 0.01090485987352988 58.01
1302 0.009885963187976465 58.02
1303 0.008676000254568455 58.03
1304 0.007321424187569365 58.04
1305 0.005856602807922535 58.05
1306 0.004304277389065848 58.06
1307 0.002695772008867664 58.07
1308 0.001061967068994644 58.08
1309 -0.000568911088656642 58.09
1310 -0.002167871499507637 58.1
1311 -0.003714912879942953 58.11
1312 -0.005159101891162587 58.12
1313 -0.006491529599819211 58.13
1314 -0.007669823691427285 58.14
1315 -0.008670405064705979 58.15
1316 -0.009457082322438387 58.16
1317 -0.0100078463767025 58.17
1318 -0.01028550457472708 58.18
1319 -0.01027948206060561 58.19
1320 -0.01000147290188765 58.2
1321 -0.009470292059241988 58.21
1322 -0.008713255277945066 58.22
1323 -0.007762640642751712 58.23
1324 -0.006650478822799385 58.24
1325 -0.005410630044093811 58.25
1326 -0.004076267568830861 58.26
1327 -0.002678690501075144 58.27
1328 -0.001247848130012199 58.28
1329 0.0001917251276602446 58.29
1330 0.001616418307180516 58.3
1331 0.002969943027580451 58.31
1332 0.004255347127163992 58.32
1333 0.005432098325375978 58.33
1334 0.006461495744105459 58.34
1335 0.007329383762727598 58.35
1336 0.008003210044232455 58.36
1337 0.008460161114734719 58.37
1338 0.008686631370665486 58.38
1339 0.008679460859478218 58.39
1340 0.008450349706118142 58.4
1341 0.008012473186751856 58.41
1342 0.007386410523678486 58.42
1343 0.006597341740633261 58.43
1344 0.005660709774253183 58.44
1345 0.004634072418643794 58.45
1346 0.003511021300930971 58.46
1347 0.002336663086554405 58.47
1348 0.001128496916632473 58.48
1349 -8.742705194476029e-05 58.49
1350 -0.00129075430007426 58.5
1351 -0.002446087577350415 58.51
1352 -0.003538939461387131 58.52
1353 -0.004542726844841341 58.53
1354 -0.005432263299551476 58.54
1355 -0.006183055082138646 58.55
1356 -0.006773182964688454 58.56
1357 -0.007183216811665243 58.57
1358 -0.007399104910542093 58.58
1359 -0.007416883908144994 58.59
1360 -0.007238796264162795 58.6
1361 -0.006876009731939674 58.61
1362 -0.006343585019510321 58.62
1363 -0.005663018875137024 58.63
1364 -0.004857609045621709 58.64
1365 -0.00395296096406998 58.65
1366 -0.002970538681579997 58.66
1367 -0.001948793895539376 58.67
1368 -0.0008970855846646992 58.68
1369 0.0001552447464285532 58.69
1370 0.001183134700662562 58.7
1371 0.002162793407089867 58.71
1372 0.003072108738776078 58.72
1373 0.003888563350552488 58.73
1374 0.00459048899844411 58.74
1375 0.005158876080936014 58.75
1376 0.005577650965286935 58.76
1377 0.00583560568727309 58.77
1378 0.00592919092815238 58.78
1379 0.005858978677433838 58.79
1380 0.005631236559298929 58.8
1381 0.005258548314605532 58.81
1382 0.004755527248093224 58.82
1383 0.004138083235087983 58.83
1384 0.003426897535164503 58.84
1385 0.002641960358830445 58.85
1386 0.001802520727412592 58.86
1387 0.0009306616879543785 58.87
1388 4.711565428040798e-05 58.88
1389 -0.0008284029075919068 58.89
1390 -0.001676473174188921 58.9
1391 -0.002475815126878195 58.91
1392 -0.003216303680160838 58.92
1393 -0.003858802765287416 58.93
1394 -0.004411741995220196 58.94
1395 -0.004834713126798831 58.95
1396 -0.005131111833673952 58.96
1397 -0.005294033235167164 58.97
1398 -0.005319657662839695 58.98
1399 -0.005206757311740692 58.99
1400 -0.00496270160568231 59
1401 -0.004598025868804837 59.01
1402 -0.004125614372561179 59.02
1403 -0.003561350723460166 59.03
1404 -0.002923188183091596 59.04
1405 -0.002230294132284828 59.05
1406 -0.001500382629973719 59.06
1407 -0.0007528084175991712 59.07
1408 -7.545912758101167e-06 59.08
1409 0.0007171911138923962 59.09
1410 0.001413771018301689 59.1
1411 0.002040795499500257 59.11
1412 0.002596294812737496 59.12
1413 0.003067553597733899 59.13
1414 0.00344126110580927 59.14
1415 0.003707902543458173 59.15
1416 0.003861197738944199 59.16
1417 0.003893264442911906 59.17
1418 0.003819883800645785 59.18
1419 0.003627939184879057 59.19
1420 0.003349841234127997 59.2
1421 0.002978138132075911 59.21
1422 0.002525980318823855 59.22
1423 0.002006379126142557 59.23
1424 0.001430791573387753 59.24
1425 0.0008269941888333805 59.25
1426 0.0002046585316010704 59.26
1427 -0.0004213179388190685 59.27
1428 -0.001042251247671483 59.28
1429 -0.001631448679522373 59.29
1430 -0.002175738940156153 59.3
1431 -0.002671673596453204 59.31
1432 -0.003091280398556913 59.32
1433 -0.003430154707561452 59.33
1434 -0.003682500608330688 59.34
1435 -0.003842273581480401 59.35
1436 -0.003904914115668829 59.36
1437 -0.003870023715818596 59.37
1438 -0.00373989461334848 59.38
1439 -0.003520316389165909 59.39
1440 -0.003219896194498723 59.4
1441 -0.002848458388687618 59.41
1442 -0.002417859836655416 59.42
1443 -0.001941560064919742 59.43
1444 -0.001433410837525077 59.44
1445 -0.0009065984169614114 59.45
1446 -0.0003730316081029077 59.46
1447 0.0001475139598765673 59.47
1448 0.0006452615997873563 59.48
1449 0.001104724630620819 59.49
1450 0.001516271513964277 59.5
1451 0.001868644738213552 59.51
1452 0.002160527755442773 59.52
1453 0.002368916351695305 59.53
1454 0.00249907171765611 59.54
1455 0.002548762248482252 59.55
1456 0.00251801186089892 59.56
1457 0.002409886648798494 59.57
1458 0.002228289406453898 59.58
1459 0.001979013855698333 59.59
1460 0.001670964955210616 59.6
1461 0.001305799654475319 59.61
1462 0.0009152064260306032 59.62
1463 0.0004884385544603742 59.63
1464 5.547930300164525e-05 59.64
1465 -0.0003833034363228665 59.65
1466 -0.0008155945431800246 59.66
1467 -0.001230040316250701 59.67
1468 -0.001615141097456144 59.68
1469 -0.001960734554457891 59.69
1470 -0.002258184244039667 59.7
1471 -0.002498784680755817 59.71
1472 -0.002677392206960753 59.72
1473 -0.002790450626107029 59.73
1474 -0.002835224999006495 59.74
1475 -0.002812204772125683 59.75
1476 -0.002723223317553855 59.76
1477 -0.002572241231644472 59.77
1478 -0.002364819294855615 59.78
1479 -0.002107974316864809 59.79
1480 -0.001809886348476446 59.8
1481 -0.001479659372933534 59.81
1482 -0.001127723039166289 59.82
1483 -0.0007632183138057882 59.83
1484 -0.0003965646733353635 59.84
1485 -3.805063878836203e-05 59.85
1486 0.0003025434452820705 59.86
1487 0.0006185236462935839 59.87
1488 0.0008956889665598933 59.88
1489 0.001135960055088698 59.89
1490 0.001322629317757821 59.9
1491 0.001459393936517273 59.91
1492 0.001540967399538568 59.92
1493 0.001565711051480515 59.93
1494 0.001534527241460505 59.94
1495 0.001448340380471357 59.95
1496 0.001312798779421431 59.96
1497 0.001131252032121581 59.97
1498 0.0009098011103633348 59.98
1499 0.0006554635141530138 59.99
1500 0.0003753379459201858 60
